CRITICAL - 2022-05-03 14:47:24 --> Statement could not be executed (HY000 - 1364 - Field 'persona_id' doesn't have a default value)
#0 /home/garmaser/www/html/medicina_archivo_docente/app/Libraries/GroceryCrudEnterprise/grocerycrud/enterprise/src/GroceryCrud/Core/Model.php(517): Zend\Db\Adapter\Driver\Pdo\Statement->execute()
#1 /home/garmaser/www/html/medicina_archivo_docente/app/Libraries/GroceryCrudEnterprise/grocerycrud/enterprise/src/GroceryCrud/Core/State/InsertState.php(85): GroceryCrud\Core\Model->insert()
#2 /home/garmaser/www/html/medicina_archivo_docente/app/Libraries/GroceryCrudEnterprise/grocerycrud/enterprise/src/GroceryCrud/Core/State/StateAbstract.php(1009): GroceryCrud\Core\State\InsertState->GroceryCrud\Core\State\{closure}()
#3 /home/garmaser/www/html/medicina_archivo_docente/app/Libraries/GroceryCrudEnterprise/grocerycrud/enterprise/src/GroceryCrud/Core/State/StateAbstract.php(334): GroceryCrud\Core\State\StateAbstract->stateOperation()
#4 /home/garmaser/www/html/medicina_archivo_docente/app/Libraries/GroceryCrudEnterprise/grocerycrud/enterprise/src/GroceryCrud/Core/State/InsertState.php(95): GroceryCrud\Core\State\StateAbstract->stateOperationWithCallbacks()
#5 /home/garmaser/www/html/medicina_archivo_docente/app/Libraries/GroceryCrudEnterprise/grocerycrud/enterprise/src/GroceryCrud/Core/GroceryCrud.php(2642): GroceryCrud\Core\State\InsertState->render()
#6 /home/garmaser/www/html/medicina_archivo_docente/app/Controllers/ArchivoDocente/Titulo.php(49): GroceryCrud\Core\GroceryCrud->render()
#7 /home/garmaser/www/html/medicina_archivo_docente/vendor/codeigniter4/framework/system/CodeIgniter.php(802): App\Controllers\ArchivoDocente\Titulo->index()
#8 /home/garmaser/www/html/medicina_archivo_docente/vendor/codeigniter4/framework/system/CodeIgniter.php(399): CodeIgniter\CodeIgniter->runController()
#9 /home/garmaser/www/html/medicina_archivo_docente/vendor/codeigniter4/framework/system/CodeIgniter.php(317): CodeIgniter\CodeIgniter->handleRequest()
#10 /home/garmaser/www/html/medicina_archivo_docente/public/index.php(37): CodeIgniter\CodeIgniter->run()
#11 {main}
CRITICAL - 2022-05-03 14:51:55 --> Statement could not be executed (HY000 - 1364 - Field 'persona_id' doesn't have a default value)
#0 /home/garmaser/www/html/medicina_archivo_docente/app/Libraries/GroceryCrudEnterprise/grocerycrud/enterprise/src/GroceryCrud/Core/Model.php(517): Zend\Db\Adapter\Driver\Pdo\Statement->execute()
#1 /home/garmaser/www/html/medicina_archivo_docente/app/Libraries/GroceryCrudEnterprise/grocerycrud/enterprise/src/GroceryCrud/Core/State/InsertState.php(85): GroceryCrud\Core\Model->insert()
#2 /home/garmaser/www/html/medicina_archivo_docente/app/Libraries/GroceryCrudEnterprise/grocerycrud/enterprise/src/GroceryCrud/Core/State/StateAbstract.php(1009): GroceryCrud\Core\State\InsertState->GroceryCrud\Core\State\{closure}()
#3 /home/garmaser/www/html/medicina_archivo_docente/app/Libraries/GroceryCrudEnterprise/grocerycrud/enterprise/src/GroceryCrud/Core/State/StateAbstract.php(334): GroceryCrud\Core\State\StateAbstract->stateOperation()
#4 /home/garmaser/www/html/medicina_archivo_docente/app/Libraries/GroceryCrudEnterprise/grocerycrud/enterprise/src/GroceryCrud/Core/State/InsertState.php(95): GroceryCrud\Core\State\StateAbstract->stateOperationWithCallbacks()
#5 /home/garmaser/www/html/medicina_archivo_docente/app/Libraries/GroceryCrudEnterprise/grocerycrud/enterprise/src/GroceryCrud/Core/GroceryCrud.php(2642): GroceryCrud\Core\State\InsertState->render()
#6 /home/garmaser/www/html/medicina_archivo_docente/app/Controllers/ArchivoDocente/Titulo.php(49): GroceryCrud\Core\GroceryCrud->render()
#7 /home/garmaser/www/html/medicina_archivo_docente/vendor/codeigniter4/framework/system/CodeIgniter.php(802): App\Controllers\ArchivoDocente\Titulo->index()
#8 /home/garmaser/www/html/medicina_archivo_docente/vendor/codeigniter4/framework/system/CodeIgniter.php(399): CodeIgniter\CodeIgniter->runController()
#9 /home/garmaser/www/html/medicina_archivo_docente/vendor/codeigniter4/framework/system/CodeIgniter.php(317): CodeIgniter\CodeIgniter->handleRequest()
#10 /home/garmaser/www/html/medicina_archivo_docente/public/index.php(37): CodeIgniter\CodeIgniter->run()
#11 {main}
CRITICAL - 2022-05-03 14:55:29 --> Undefined variable: id_docente
#0 /home/garmaser/www/html/medicina_archivo_docente/app/Controllers/ArchivoDocente/Titulo.php(27): CodeIgniter\Debug\Exceptions->errorHandler()
#1 /home/garmaser/www/html/medicina_archivo_docente/vendor/codeigniter4/framework/system/CodeIgniter.php(802): App\Controllers\ArchivoDocente\Titulo->index()
#2 /home/garmaser/www/html/medicina_archivo_docente/vendor/codeigniter4/framework/system/CodeIgniter.php(399): CodeIgniter\CodeIgniter->runController()
#3 /home/garmaser/www/html/medicina_archivo_docente/vendor/codeigniter4/framework/system/CodeIgniter.php(317): CodeIgniter\CodeIgniter->handleRequest()
#4 /home/garmaser/www/html/medicina_archivo_docente/public/index.php(37): CodeIgniter\CodeIgniter->run()
#5 {main}
CRITICAL - 2022-05-03 14:56:27 --> There are no data for upload. There is probably a system error or warning already shown above
#0 /home/garmaser/www/html/medicina_archivo_docente/app/Libraries/GroceryCrudEnterprise/grocerycrud/enterprise/src/GroceryCrud/Core/State/UploadState.php(28): GroceryCrud\Core\State\UploadState->getStateParameters()
#1 /home/garmaser/www/html/medicina_archivo_docente/app/Libraries/GroceryCrudEnterprise/grocerycrud/enterprise/src/GroceryCrud/Core/GroceryCrud.php(2642): GroceryCrud\Core\State\UploadState->render()
#2 /home/garmaser/www/html/medicina_archivo_docente/app/Controllers/ArchivoDocente/Titulo.php(49): GroceryCrud\Core\GroceryCrud->render()
#3 /home/garmaser/www/html/medicina_archivo_docente/vendor/codeigniter4/framework/system/CodeIgniter.php(802): App\Controllers\ArchivoDocente\Titulo->index()
#4 /home/garmaser/www/html/medicina_archivo_docente/vendor/codeigniter4/framework/system/CodeIgniter.php(399): CodeIgniter\CodeIgniter->runController()
#5 /home/garmaser/www/html/medicina_archivo_docente/vendor/codeigniter4/framework/system/CodeIgniter.php(317): CodeIgniter\CodeIgniter->handleRequest()
#6 /home/garmaser/www/html/medicina_archivo_docente/public/index.php(37): CodeIgniter\CodeIgniter->run()
#7 {main}
CRITICAL - 2022-05-03 15:19:16 --> Statement could not be executed (22001 - 1406 - Data too long for column 'evaluacion_archivo_digital' at row 1)
#0 /home/garmaser/www/html/medicina_archivo_docente/app/Libraries/GroceryCrudEnterprise/grocerycrud/enterprise/src/GroceryCrud/Core/Model.php(573): Zend\Db\Adapter\Driver\Pdo\Statement->execute()
#1 /home/garmaser/www/html/medicina_archivo_docente/app/Libraries/GroceryCrudEnterprise/grocerycrud/enterprise/src/GroceryCrud/Core/State/UpdateState.php(91): GroceryCrud\Core\Model->update()
#2 /home/garmaser/www/html/medicina_archivo_docente/app/Libraries/GroceryCrudEnterprise/grocerycrud/enterprise/src/GroceryCrud/Core/State/StateAbstract.php(1009): GroceryCrud\Core\State\UpdateState->GroceryCrud\Core\State\{closure}()
#3 /home/garmaser/www/html/medicina_archivo_docente/app/Libraries/GroceryCrudEnterprise/grocerycrud/enterprise/src/GroceryCrud/Core/State/StateAbstract.php(334): GroceryCrud\Core\State\StateAbstract->stateOperation()
#4 /home/garmaser/www/html/medicina_archivo_docente/app/Libraries/GroceryCrudEnterprise/grocerycrud/enterprise/src/GroceryCrud/Core/State/UpdateState.php(98): GroceryCrud\Core\State\StateAbstract->stateOperationWithCallbacks()
#5 /home/garmaser/www/html/medicina_archivo_docente/app/Libraries/GroceryCrudEnterprise/grocerycrud/enterprise/src/GroceryCrud/Core/GroceryCrud.php(2642): GroceryCrud\Core\State\UpdateState->render()
#6 /home/garmaser/www/html/medicina_archivo_docente/app/Controllers/ArchivoDocente/Evaluacion.php(88): GroceryCrud\Core\GroceryCrud->render()
#7 /home/garmaser/www/html/medicina_archivo_docente/vendor/codeigniter4/framework/system/CodeIgniter.php(802): App\Controllers\ArchivoDocente\Evaluacion->index()
#8 /home/garmaser/www/html/medicina_archivo_docente/vendor/codeigniter4/framework/system/CodeIgniter.php(399): CodeIgniter\CodeIgniter->runController()
#9 /home/garmaser/www/html/medicina_archivo_docente/vendor/codeigniter4/framework/system/CodeIgniter.php(317): CodeIgniter\CodeIgniter->handleRequest()
#10 /home/garmaser/www/html/medicina_archivo_docente/public/index.php(37): CodeIgniter\CodeIgniter->run()
#11 {main}
CRITICAL - 2022-05-03 15:19:33 --> Statement could not be executed (22001 - 1406 - Data too long for column 'evaluacion_archivo_digital' at row 1)
#0 /home/garmaser/www/html/medicina_archivo_docente/app/Libraries/GroceryCrudEnterprise/grocerycrud/enterprise/src/GroceryCrud/Core/Model.php(573): Zend\Db\Adapter\Driver\Pdo\Statement->execute()
#1 /home/garmaser/www/html/medicina_archivo_docente/app/Libraries/GroceryCrudEnterprise/grocerycrud/enterprise/src/GroceryCrud/Core/State/UpdateState.php(91): GroceryCrud\Core\Model->update()
#2 /home/garmaser/www/html/medicina_archivo_docente/app/Libraries/GroceryCrudEnterprise/grocerycrud/enterprise/src/GroceryCrud/Core/State/StateAbstract.php(1009): GroceryCrud\Core\State\UpdateState->GroceryCrud\Core\State\{closure}()
#3 /home/garmaser/www/html/medicina_archivo_docente/app/Libraries/GroceryCrudEnterprise/grocerycrud/enterprise/src/GroceryCrud/Core/State/StateAbstract.php(334): GroceryCrud\Core\State\StateAbstract->stateOperation()
#4 /home/garmaser/www/html/medicina_archivo_docente/app/Libraries/GroceryCrudEnterprise/grocerycrud/enterprise/src/GroceryCrud/Core/State/UpdateState.php(98): GroceryCrud\Core\State\StateAbstract->stateOperationWithCallbacks()
#5 /home/garmaser/www/html/medicina_archivo_docente/app/Libraries/GroceryCrudEnterprise/grocerycrud/enterprise/src/GroceryCrud/Core/GroceryCrud.php(2642): GroceryCrud\Core\State\UpdateState->render()
#6 /home/garmaser/www/html/medicina_archivo_docente/app/Controllers/ArchivoDocente/Evaluacion.php(88): GroceryCrud\Core\GroceryCrud->render()
#7 /home/garmaser/www/html/medicina_archivo_docente/vendor/codeigniter4/framework/system/CodeIgniter.php(802): App\Controllers\ArchivoDocente\Evaluacion->index()
#8 /home/garmaser/www/html/medicina_archivo_docente/vendor/codeigniter4/framework/system/CodeIgniter.php(399): CodeIgniter\CodeIgniter->runController()
#9 /home/garmaser/www/html/medicina_archivo_docente/vendor/codeigniter4/framework/system/CodeIgniter.php(317): CodeIgniter\CodeIgniter->handleRequest()
#10 /home/garmaser/www/html/medicina_archivo_docente/public/index.php(37): CodeIgniter\CodeIgniter->run()
#11 {main}
