CRITICAL - 2021-10-14 22:48:15 --> Undefined property: App\Controllers\Inscripcion::$load
#0 /home/garmaser/www/html/sac-prusuf/app/Controllers/Inscripcion.php(28): CodeIgniter\Debug\Exceptions->errorHandler()
#1 /home/garmaser/www/html/sac-prusuf/vendor/codeigniter4/framework/system/CodeIgniter.php(802): App\Controllers\Inscripcion->index()
#2 /home/garmaser/www/html/sac-prusuf/vendor/codeigniter4/framework/system/CodeIgniter.php(399): CodeIgniter\CodeIgniter->runController()
#3 /home/garmaser/www/html/sac-prusuf/vendor/codeigniter4/framework/system/CodeIgniter.php(317): CodeIgniter\CodeIgniter->handleRequest()
#4 /home/garmaser/www/html/sac-prusuf/public/index.php(37): CodeIgniter\CodeIgniter->run()
#5 {main}
CRITICAL - 2021-10-14 22:53:57 --> syntax error, unexpected '=', expecting variable (T_VARIABLE)
#0 /home/garmaser/www/html/sac-prusuf/vendor/codeigniter4/framework/system/Autoloader/Autoloader.php(241): CodeIgniter\Autoloader\Autoloader->includeFile()
#1 /home/garmaser/www/html/sac-prusuf/vendor/codeigniter4/framework/system/Autoloader/Autoloader.php(219): CodeIgniter\Autoloader\Autoloader->loadInNamespace()
#2 [internal function]: CodeIgniter\Autoloader\Autoloader->loadClass()
#3 /home/garmaser/www/html/sac-prusuf/app/Controllers/Inscripcion.php(29): spl_autoload_call()
#4 /home/garmaser/www/html/sac-prusuf/vendor/codeigniter4/framework/system/CodeIgniter.php(802): App\Controllers\Inscripcion->index()
#5 /home/garmaser/www/html/sac-prusuf/vendor/codeigniter4/framework/system/CodeIgniter.php(399): CodeIgniter\CodeIgniter->runController()
#6 /home/garmaser/www/html/sac-prusuf/vendor/codeigniter4/framework/system/CodeIgniter.php(317): CodeIgniter\CodeIgniter->handleRequest()
#7 /home/garmaser/www/html/sac-prusuf/public/index.php(37): CodeIgniter\CodeIgniter->run()
#8 {main}
CRITICAL - 2021-10-14 22:54:47 --> syntax error, unexpected ';', expecting ']'
#0 /home/garmaser/www/html/sac-prusuf/vendor/codeigniter4/framework/system/Autoloader/Autoloader.php(241): CodeIgniter\Autoloader\Autoloader->includeFile()
#1 /home/garmaser/www/html/sac-prusuf/vendor/codeigniter4/framework/system/Autoloader/Autoloader.php(219): CodeIgniter\Autoloader\Autoloader->loadInNamespace()
#2 [internal function]: CodeIgniter\Autoloader\Autoloader->loadClass()
#3 /home/garmaser/www/html/sac-prusuf/app/Controllers/Inscripcion.php(29): spl_autoload_call()
#4 /home/garmaser/www/html/sac-prusuf/vendor/codeigniter4/framework/system/CodeIgniter.php(802): App\Controllers\Inscripcion->index()
#5 /home/garmaser/www/html/sac-prusuf/vendor/codeigniter4/framework/system/CodeIgniter.php(399): CodeIgniter\CodeIgniter->runController()
#6 /home/garmaser/www/html/sac-prusuf/vendor/codeigniter4/framework/system/CodeIgniter.php(317): CodeIgniter\CodeIgniter->handleRequest()
#7 /home/garmaser/www/html/sac-prusuf/public/index.php(37): CodeIgniter\CodeIgniter->run()
#8 {main}
CRITICAL - 2021-10-14 23:03:42 --> syntax error, unexpected ';'
#0 /home/garmaser/www/html/sac-prusuf/vendor/codeigniter4/framework/system/Router/Router.php(160): CodeIgniter\Router\Router->autoRoute()
#1 /home/garmaser/www/html/sac-prusuf/vendor/codeigniter4/framework/system/CodeIgniter.php(702): CodeIgniter\Router\Router->handle()
#2 /home/garmaser/www/html/sac-prusuf/vendor/codeigniter4/framework/system/CodeIgniter.php(358): CodeIgniter\CodeIgniter->tryToRouteIt()
#3 /home/garmaser/www/html/sac-prusuf/vendor/codeigniter4/framework/system/CodeIgniter.php(317): CodeIgniter\CodeIgniter->handleRequest()
#4 /home/garmaser/www/html/sac-prusuf/public/index.php(37): CodeIgniter\CodeIgniter->run()
#5 {main}
CRITICAL - 2021-10-14 23:04:06 --> syntax error, unexpected ''-'' (T_CONSTANT_ENCAPSED_STRING)
#0 /home/garmaser/www/html/sac-prusuf/vendor/codeigniter4/framework/system/Router/Router.php(160): CodeIgniter\Router\Router->autoRoute()
#1 /home/garmaser/www/html/sac-prusuf/vendor/codeigniter4/framework/system/CodeIgniter.php(702): CodeIgniter\Router\Router->handle()
#2 /home/garmaser/www/html/sac-prusuf/vendor/codeigniter4/framework/system/CodeIgniter.php(358): CodeIgniter\CodeIgniter->tryToRouteIt()
#3 /home/garmaser/www/html/sac-prusuf/vendor/codeigniter4/framework/system/CodeIgniter.php(317): CodeIgniter\CodeIgniter->handleRequest()
#4 /home/garmaser/www/html/sac-prusuf/public/index.php(37): CodeIgniter\CodeIgniter->run()
#5 {main}
CRITICAL - 2021-10-14 23:05:26 --> 22 : The requested URL returned error: 404 Not Found
#0 /home/garmaser/www/html/sac-prusuf/vendor/codeigniter4/framework/system/HTTP/CURLRequest.php(621): CodeIgniter\HTTP\Exceptions\HTTPException::forCurlError()
#1 /home/garmaser/www/html/sac-prusuf/vendor/codeigniter4/framework/system/HTTP/CURLRequest.php(319): CodeIgniter\HTTP\CURLRequest->sendRequest()
#2 /home/garmaser/www/html/sac-prusuf/vendor/codeigniter4/framework/system/HTTP/CURLRequest.php(115): CodeIgniter\HTTP\CURLRequest->send()
#3 /home/garmaser/www/html/sac-prusuf/app/Libraries/Api_prefas.php(40): CodeIgniter\HTTP\CURLRequest->request()
#4 /home/garmaser/www/html/sac-prusuf/app/Controllers/Inscripcion.php(31): App\Libraries\Api_prefas->postulante()
#5 /home/garmaser/www/html/sac-prusuf/vendor/codeigniter4/framework/system/CodeIgniter.php(802): App\Controllers\Inscripcion->index()
#6 /home/garmaser/www/html/sac-prusuf/vendor/codeigniter4/framework/system/CodeIgniter.php(399): CodeIgniter\CodeIgniter->runController()
#7 /home/garmaser/www/html/sac-prusuf/vendor/codeigniter4/framework/system/CodeIgniter.php(317): CodeIgniter\CodeIgniter->handleRequest()
#8 /home/garmaser/www/html/sac-prusuf/public/index.php(37): CodeIgniter\CodeIgniter->run()
#9 {main}
CRITICAL - 2021-10-14 23:06:14 --> 22 : The requested URL returned error: 404 Not Found
#0 /home/garmaser/www/html/sac-prusuf/vendor/codeigniter4/framework/system/HTTP/CURLRequest.php(621): CodeIgniter\HTTP\Exceptions\HTTPException::forCurlError()
#1 /home/garmaser/www/html/sac-prusuf/vendor/codeigniter4/framework/system/HTTP/CURLRequest.php(319): CodeIgniter\HTTP\CURLRequest->sendRequest()
#2 /home/garmaser/www/html/sac-prusuf/vendor/codeigniter4/framework/system/HTTP/CURLRequest.php(115): CodeIgniter\HTTP\CURLRequest->send()
#3 /home/garmaser/www/html/sac-prusuf/app/Libraries/Api_prefas.php(40): CodeIgniter\HTTP\CURLRequest->request()
#4 /home/garmaser/www/html/sac-prusuf/app/Controllers/Inscripcion.php(31): App\Libraries\Api_prefas->postulante()
#5 /home/garmaser/www/html/sac-prusuf/vendor/codeigniter4/framework/system/CodeIgniter.php(802): App\Controllers\Inscripcion->index()
#6 /home/garmaser/www/html/sac-prusuf/vendor/codeigniter4/framework/system/CodeIgniter.php(399): CodeIgniter\CodeIgniter->runController()
#7 /home/garmaser/www/html/sac-prusuf/vendor/codeigniter4/framework/system/CodeIgniter.php(317): CodeIgniter\CodeIgniter->handleRequest()
#8 /home/garmaser/www/html/sac-prusuf/public/index.php(37): CodeIgniter\CodeIgniter->run()
#9 {main}
CRITICAL - 2021-10-14 23:09:12 --> 22 : The requested URL returned error: 500 Internal Server Error
#0 /home/garmaser/www/html/sac-prusuf/vendor/codeigniter4/framework/system/HTTP/CURLRequest.php(621): CodeIgniter\HTTP\Exceptions\HTTPException::forCurlError()
#1 /home/garmaser/www/html/sac-prusuf/vendor/codeigniter4/framework/system/HTTP/CURLRequest.php(319): CodeIgniter\HTTP\CURLRequest->sendRequest()
#2 /home/garmaser/www/html/sac-prusuf/vendor/codeigniter4/framework/system/HTTP/CURLRequest.php(115): CodeIgniter\HTTP\CURLRequest->send()
#3 /home/garmaser/www/html/sac-prusuf/app/Libraries/Api_prefas.php(40): CodeIgniter\HTTP\CURLRequest->request()
#4 /home/garmaser/www/html/sac-prusuf/app/Controllers/Inscripcion.php(31): App\Libraries\Api_prefas->postulante()
#5 /home/garmaser/www/html/sac-prusuf/vendor/codeigniter4/framework/system/CodeIgniter.php(802): App\Controllers\Inscripcion->index()
#6 /home/garmaser/www/html/sac-prusuf/vendor/codeigniter4/framework/system/CodeIgniter.php(399): CodeIgniter\CodeIgniter->runController()
#7 /home/garmaser/www/html/sac-prusuf/vendor/codeigniter4/framework/system/CodeIgniter.php(317): CodeIgniter\CodeIgniter->handleRequest()
#8 /home/garmaser/www/html/sac-prusuf/public/index.php(37): CodeIgniter\CodeIgniter->run()
#9 {main}
CRITICAL - 2021-10-14 23:09:20 --> 22 : The requested URL returned error: 500 Internal Server Error
#0 /home/garmaser/www/html/sac-prusuf/vendor/codeigniter4/framework/system/HTTP/CURLRequest.php(621): CodeIgniter\HTTP\Exceptions\HTTPException::forCurlError()
#1 /home/garmaser/www/html/sac-prusuf/vendor/codeigniter4/framework/system/HTTP/CURLRequest.php(319): CodeIgniter\HTTP\CURLRequest->sendRequest()
#2 /home/garmaser/www/html/sac-prusuf/vendor/codeigniter4/framework/system/HTTP/CURLRequest.php(115): CodeIgniter\HTTP\CURLRequest->send()
#3 /home/garmaser/www/html/sac-prusuf/app/Libraries/Api_prefas.php(40): CodeIgniter\HTTP\CURLRequest->request()
#4 /home/garmaser/www/html/sac-prusuf/app/Controllers/Inscripcion.php(31): App\Libraries\Api_prefas->postulante()
#5 /home/garmaser/www/html/sac-prusuf/vendor/codeigniter4/framework/system/CodeIgniter.php(802): App\Controllers\Inscripcion->index()
#6 /home/garmaser/www/html/sac-prusuf/vendor/codeigniter4/framework/system/CodeIgniter.php(399): CodeIgniter\CodeIgniter->runController()
#7 /home/garmaser/www/html/sac-prusuf/vendor/codeigniter4/framework/system/CodeIgniter.php(317): CodeIgniter\CodeIgniter->handleRequest()
#8 /home/garmaser/www/html/sac-prusuf/public/index.php(37): CodeIgniter\CodeIgniter->run()
#9 {main}
CRITICAL - 2021-10-14 23:10:35 --> 22 : The requested URL returned error: 500 Internal Server Error
#0 /home/garmaser/www/html/sac-prusuf/vendor/codeigniter4/framework/system/HTTP/CURLRequest.php(621): CodeIgniter\HTTP\Exceptions\HTTPException::forCurlError()
#1 /home/garmaser/www/html/sac-prusuf/vendor/codeigniter4/framework/system/HTTP/CURLRequest.php(319): CodeIgniter\HTTP\CURLRequest->sendRequest()
#2 /home/garmaser/www/html/sac-prusuf/vendor/codeigniter4/framework/system/HTTP/CURLRequest.php(115): CodeIgniter\HTTP\CURLRequest->send()
#3 /home/garmaser/www/html/sac-prusuf/app/Libraries/Api_prefas.php(40): CodeIgniter\HTTP\CURLRequest->request()
#4 /home/garmaser/www/html/sac-prusuf/app/Controllers/Inscripcion.php(31): App\Libraries\Api_prefas->postulante()
#5 /home/garmaser/www/html/sac-prusuf/vendor/codeigniter4/framework/system/CodeIgniter.php(802): App\Controllers\Inscripcion->index()
#6 /home/garmaser/www/html/sac-prusuf/vendor/codeigniter4/framework/system/CodeIgniter.php(399): CodeIgniter\CodeIgniter->runController()
#7 /home/garmaser/www/html/sac-prusuf/vendor/codeigniter4/framework/system/CodeIgniter.php(317): CodeIgniter\CodeIgniter->handleRequest()
#8 /home/garmaser/www/html/sac-prusuf/public/index.php(37): CodeIgniter\CodeIgniter->run()
#9 {main}
CRITICAL - 2021-10-14 23:12:06 --> 22 : The requested URL returned error: 500 Internal Server Error
#0 /home/garmaser/www/html/sac-prusuf/vendor/codeigniter4/framework/system/HTTP/CURLRequest.php(621): CodeIgniter\HTTP\Exceptions\HTTPException::forCurlError()
#1 /home/garmaser/www/html/sac-prusuf/vendor/codeigniter4/framework/system/HTTP/CURLRequest.php(319): CodeIgniter\HTTP\CURLRequest->sendRequest()
#2 /home/garmaser/www/html/sac-prusuf/vendor/codeigniter4/framework/system/HTTP/CURLRequest.php(115): CodeIgniter\HTTP\CURLRequest->send()
#3 /home/garmaser/www/html/sac-prusuf/app/Libraries/Api_prefas.php(40): CodeIgniter\HTTP\CURLRequest->request()
#4 /home/garmaser/www/html/sac-prusuf/app/Controllers/Inscripcion.php(31): App\Libraries\Api_prefas->postulante()
#5 /home/garmaser/www/html/sac-prusuf/vendor/codeigniter4/framework/system/CodeIgniter.php(802): App\Controllers\Inscripcion->index()
#6 /home/garmaser/www/html/sac-prusuf/vendor/codeigniter4/framework/system/CodeIgniter.php(399): CodeIgniter\CodeIgniter->runController()
#7 /home/garmaser/www/html/sac-prusuf/vendor/codeigniter4/framework/system/CodeIgniter.php(317): CodeIgniter\CodeIgniter->handleRequest()
#8 /home/garmaser/www/html/sac-prusuf/public/index.php(37): CodeIgniter\CodeIgniter->run()
#9 {main}
CRITICAL - 2021-10-14 23:14:29 --> 22 : The requested URL returned error: 500 Internal Server Error
#0 /home/garmaser/www/html/sac-prusuf/vendor/codeigniter4/framework/system/HTTP/CURLRequest.php(621): CodeIgniter\HTTP\Exceptions\HTTPException::forCurlError()
#1 /home/garmaser/www/html/sac-prusuf/vendor/codeigniter4/framework/system/HTTP/CURLRequest.php(319): CodeIgniter\HTTP\CURLRequest->sendRequest()
#2 /home/garmaser/www/html/sac-prusuf/vendor/codeigniter4/framework/system/HTTP/CURLRequest.php(115): CodeIgniter\HTTP\CURLRequest->send()
#3 /home/garmaser/www/html/sac-prusuf/app/Libraries/Api_prefas.php(40): CodeIgniter\HTTP\CURLRequest->request()
#4 /home/garmaser/www/html/sac-prusuf/app/Controllers/Inscripcion.php(31): App\Libraries\Api_prefas->postulante()
#5 /home/garmaser/www/html/sac-prusuf/vendor/codeigniter4/framework/system/CodeIgniter.php(802): App\Controllers\Inscripcion->index()
#6 /home/garmaser/www/html/sac-prusuf/vendor/codeigniter4/framework/system/CodeIgniter.php(399): CodeIgniter\CodeIgniter->runController()
#7 /home/garmaser/www/html/sac-prusuf/vendor/codeigniter4/framework/system/CodeIgniter.php(317): CodeIgniter\CodeIgniter->handleRequest()
#8 /home/garmaser/www/html/sac-prusuf/public/index.php(37): CodeIgniter\CodeIgniter->run()
#9 {main}
CRITICAL - 2021-10-14 23:15:11 --> 22 : The requested URL returned error: 404 Not Found
#0 /home/garmaser/www/html/sac-prusuf/vendor/codeigniter4/framework/system/HTTP/CURLRequest.php(621): CodeIgniter\HTTP\Exceptions\HTTPException::forCurlError()
#1 /home/garmaser/www/html/sac-prusuf/vendor/codeigniter4/framework/system/HTTP/CURLRequest.php(319): CodeIgniter\HTTP\CURLRequest->sendRequest()
#2 /home/garmaser/www/html/sac-prusuf/vendor/codeigniter4/framework/system/HTTP/CURLRequest.php(115): CodeIgniter\HTTP\CURLRequest->send()
#3 /home/garmaser/www/html/sac-prusuf/app/Libraries/Api_prefas.php(40): CodeIgniter\HTTP\CURLRequest->request()
#4 /home/garmaser/www/html/sac-prusuf/app/Controllers/Inscripcion.php(31): App\Libraries\Api_prefas->postulante()
#5 /home/garmaser/www/html/sac-prusuf/vendor/codeigniter4/framework/system/CodeIgniter.php(802): App\Controllers\Inscripcion->index()
#6 /home/garmaser/www/html/sac-prusuf/vendor/codeigniter4/framework/system/CodeIgniter.php(399): CodeIgniter\CodeIgniter->runController()
#7 /home/garmaser/www/html/sac-prusuf/vendor/codeigniter4/framework/system/CodeIgniter.php(317): CodeIgniter\CodeIgniter->handleRequest()
#8 /home/garmaser/www/html/sac-prusuf/public/index.php(37): CodeIgniter\CodeIgniter->run()
#9 {main}
CRITICAL - 2021-10-14 23:16:21 --> 22 : The requested URL returned error: 404 Not Found
#0 /home/garmaser/www/html/sac-prusuf/vendor/codeigniter4/framework/system/HTTP/CURLRequest.php(621): CodeIgniter\HTTP\Exceptions\HTTPException::forCurlError()
#1 /home/garmaser/www/html/sac-prusuf/vendor/codeigniter4/framework/system/HTTP/CURLRequest.php(319): CodeIgniter\HTTP\CURLRequest->sendRequest()
#2 /home/garmaser/www/html/sac-prusuf/vendor/codeigniter4/framework/system/HTTP/CURLRequest.php(115): CodeIgniter\HTTP\CURLRequest->send()
#3 /home/garmaser/www/html/sac-prusuf/app/Libraries/Api_prefas.php(40): CodeIgniter\HTTP\CURLRequest->request()
#4 /home/garmaser/www/html/sac-prusuf/app/Controllers/Inscripcion.php(31): App\Libraries\Api_prefas->postulante()
#5 /home/garmaser/www/html/sac-prusuf/vendor/codeigniter4/framework/system/CodeIgniter.php(802): App\Controllers\Inscripcion->index()
#6 /home/garmaser/www/html/sac-prusuf/vendor/codeigniter4/framework/system/CodeIgniter.php(399): CodeIgniter\CodeIgniter->runController()
#7 /home/garmaser/www/html/sac-prusuf/vendor/codeigniter4/framework/system/CodeIgniter.php(317): CodeIgniter\CodeIgniter->handleRequest()
#8 /home/garmaser/www/html/sac-prusuf/public/index.php(37): CodeIgniter\CodeIgniter->run()
#9 {main}
CRITICAL - 2021-10-14 23:20:05 --> 22 : The requested URL returned error: 404 Not Found
#0 /home/garmaser/www/html/sac-prusuf/vendor/codeigniter4/framework/system/HTTP/CURLRequest.php(621): CodeIgniter\HTTP\Exceptions\HTTPException::forCurlError()
#1 /home/garmaser/www/html/sac-prusuf/vendor/codeigniter4/framework/system/HTTP/CURLRequest.php(319): CodeIgniter\HTTP\CURLRequest->sendRequest()
#2 /home/garmaser/www/html/sac-prusuf/vendor/codeigniter4/framework/system/HTTP/CURLRequest.php(115): CodeIgniter\HTTP\CURLRequest->send()
#3 /home/garmaser/www/html/sac-prusuf/app/Libraries/Api_prefas.php(40): CodeIgniter\HTTP\CURLRequest->request()
#4 /home/garmaser/www/html/sac-prusuf/app/Controllers/Inscripcion.php(31): App\Libraries\Api_prefas->postulante()
#5 /home/garmaser/www/html/sac-prusuf/vendor/codeigniter4/framework/system/CodeIgniter.php(802): App\Controllers\Inscripcion->index()
#6 /home/garmaser/www/html/sac-prusuf/vendor/codeigniter4/framework/system/CodeIgniter.php(399): CodeIgniter\CodeIgniter->runController()
#7 /home/garmaser/www/html/sac-prusuf/vendor/codeigniter4/framework/system/CodeIgniter.php(317): CodeIgniter\CodeIgniter->handleRequest()
#8 /home/garmaser/www/html/sac-prusuf/public/index.php(37): CodeIgniter\CodeIgniter->run()
#9 {main}
CRITICAL - 2021-10-14 23:26:09 --> 22 : The requested URL returned error: 404 Not Found
#0 /home/garmaser/www/html/sac-prusuf/vendor/codeigniter4/framework/system/HTTP/CURLRequest.php(621): CodeIgniter\HTTP\Exceptions\HTTPException::forCurlError()
#1 /home/garmaser/www/html/sac-prusuf/vendor/codeigniter4/framework/system/HTTP/CURLRequest.php(319): CodeIgniter\HTTP\CURLRequest->sendRequest()
#2 /home/garmaser/www/html/sac-prusuf/vendor/codeigniter4/framework/system/HTTP/CURLRequest.php(115): CodeIgniter\HTTP\CURLRequest->send()
#3 /home/garmaser/www/html/sac-prusuf/vendor/codeigniter4/framework/system/HTTP/CURLRequest.php(125): CodeIgniter\HTTP\CURLRequest->request()
#4 /home/garmaser/www/html/sac-prusuf/app/Libraries/Api_prefas.php(47): CodeIgniter\HTTP\CURLRequest->get()
#5 /home/garmaser/www/html/sac-prusuf/app/Controllers/Inscripcion.php(31): App\Libraries\Api_prefas->postulante()
#6 /home/garmaser/www/html/sac-prusuf/vendor/codeigniter4/framework/system/CodeIgniter.php(802): App\Controllers\Inscripcion->index()
#7 /home/garmaser/www/html/sac-prusuf/vendor/codeigniter4/framework/system/CodeIgniter.php(399): CodeIgniter\CodeIgniter->runController()
#8 /home/garmaser/www/html/sac-prusuf/vendor/codeigniter4/framework/system/CodeIgniter.php(317): CodeIgniter\CodeIgniter->handleRequest()
#9 /home/garmaser/www/html/sac-prusuf/public/index.php(37): CodeIgniter\CodeIgniter->run()
#10 {main}
CRITICAL - 2021-10-14 23:27:16 --> 22 : The requested URL returned error: 404 Not Found
#0 /home/garmaser/www/html/sac-prusuf/vendor/codeigniter4/framework/system/HTTP/CURLRequest.php(621): CodeIgniter\HTTP\Exceptions\HTTPException::forCurlError()
#1 /home/garmaser/www/html/sac-prusuf/vendor/codeigniter4/framework/system/HTTP/CURLRequest.php(319): CodeIgniter\HTTP\CURLRequest->sendRequest()
#2 /home/garmaser/www/html/sac-prusuf/vendor/codeigniter4/framework/system/HTTP/CURLRequest.php(115): CodeIgniter\HTTP\CURLRequest->send()
#3 /home/garmaser/www/html/sac-prusuf/vendor/codeigniter4/framework/system/HTTP/CURLRequest.php(125): CodeIgniter\HTTP\CURLRequest->request()
#4 /home/garmaser/www/html/sac-prusuf/app/Libraries/Api_prefas.php(47): CodeIgniter\HTTP\CURLRequest->get()
#5 /home/garmaser/www/html/sac-prusuf/app/Controllers/Inscripcion.php(31): App\Libraries\Api_prefas->postulante()
#6 /home/garmaser/www/html/sac-prusuf/vendor/codeigniter4/framework/system/CodeIgniter.php(802): App\Controllers\Inscripcion->index()
#7 /home/garmaser/www/html/sac-prusuf/vendor/codeigniter4/framework/system/CodeIgniter.php(399): CodeIgniter\CodeIgniter->runController()
#8 /home/garmaser/www/html/sac-prusuf/vendor/codeigniter4/framework/system/CodeIgniter.php(317): CodeIgniter\CodeIgniter->handleRequest()
#9 /home/garmaser/www/html/sac-prusuf/public/index.php(37): CodeIgniter\CodeIgniter->run()
#10 {main}
CRITICAL - 2021-10-14 23:40:01 --> 22 : The requested URL returned error: 404 Not Found
#0 /home/garmaser/www/html/sac-prusuf/vendor/codeigniter4/framework/system/HTTP/CURLRequest.php(621): CodeIgniter\HTTP\Exceptions\HTTPException::forCurlError()
#1 /home/garmaser/www/html/sac-prusuf/vendor/codeigniter4/framework/system/HTTP/CURLRequest.php(319): CodeIgniter\HTTP\CURLRequest->sendRequest()
#2 /home/garmaser/www/html/sac-prusuf/vendor/codeigniter4/framework/system/HTTP/CURLRequest.php(115): CodeIgniter\HTTP\CURLRequest->send()
#3 /home/garmaser/www/html/sac-prusuf/vendor/codeigniter4/framework/system/HTTP/CURLRequest.php(125): CodeIgniter\HTTP\CURLRequest->request()
#4 /home/garmaser/www/html/sac-prusuf/app/Libraries/Api_prefas.php(47): CodeIgniter\HTTP\CURLRequest->get()
#5 /home/garmaser/www/html/sac-prusuf/app/Controllers/Inscripcion.php(31): App\Libraries\Api_prefas->postulante()
#6 /home/garmaser/www/html/sac-prusuf/vendor/codeigniter4/framework/system/CodeIgniter.php(802): App\Controllers\Inscripcion->index()
#7 /home/garmaser/www/html/sac-prusuf/vendor/codeigniter4/framework/system/CodeIgniter.php(399): CodeIgniter\CodeIgniter->runController()
#8 /home/garmaser/www/html/sac-prusuf/vendor/codeigniter4/framework/system/CodeIgniter.php(317): CodeIgniter\CodeIgniter->handleRequest()
#9 /home/garmaser/www/html/sac-prusuf/public/index.php(37): CodeIgniter\CodeIgniter->run()
#10 {main}
CRITICAL - 2021-10-14 23:42:08 --> 22 : The requested URL returned error: 404 Not Found
#0 /home/garmaser/www/html/sac-prusuf/vendor/codeigniter4/framework/system/HTTP/CURLRequest.php(621): CodeIgniter\HTTP\Exceptions\HTTPException::forCurlError()
#1 /home/garmaser/www/html/sac-prusuf/vendor/codeigniter4/framework/system/HTTP/CURLRequest.php(319): CodeIgniter\HTTP\CURLRequest->sendRequest()
#2 /home/garmaser/www/html/sac-prusuf/vendor/codeigniter4/framework/system/HTTP/CURLRequest.php(115): CodeIgniter\HTTP\CURLRequest->send()
#3 /home/garmaser/www/html/sac-prusuf/app/Libraries/Api_prefas.php(45): CodeIgniter\HTTP\CURLRequest->request()
#4 /home/garmaser/www/html/sac-prusuf/app/Controllers/Inscripcion.php(31): App\Libraries\Api_prefas->postulante()
#5 /home/garmaser/www/html/sac-prusuf/vendor/codeigniter4/framework/system/CodeIgniter.php(802): App\Controllers\Inscripcion->index()
#6 /home/garmaser/www/html/sac-prusuf/vendor/codeigniter4/framework/system/CodeIgniter.php(399): CodeIgniter\CodeIgniter->runController()
#7 /home/garmaser/www/html/sac-prusuf/vendor/codeigniter4/framework/system/CodeIgniter.php(317): CodeIgniter\CodeIgniter->handleRequest()
#8 /home/garmaser/www/html/sac-prusuf/public/index.php(37): CodeIgniter\CodeIgniter->run()
#9 {main}
