CRITICAL - 2022-05-12 21:47:05 --> Statement could not be executed (42S02 - 1146 - Table 'medicina_archivo_docente.asigna2cion' doesn't exist)
#0 /home/garmaser/www/html/medicina_archivo_docente/app/Libraries/GroceryCrudEnterprise/grocerycrud/enterprise/src/GroceryCrud/Core/Model.php(313): Zend\Db\Adapter\Driver\Pdo\Statement->execute()
#1 /home/garmaser/www/html/medicina_archivo_docente/app/Libraries/GroceryCrudEnterprise/grocerycrud/enterprise/src/GroceryCrud/Core/Model.php(292): GroceryCrud\Core\Model->_getPrimaryKey()
#2 /home/garmaser/www/html/medicina_archivo_docente/app/Libraries/GroceryCrudEnterprise/grocerycrud/enterprise/src/GroceryCrud/Core/State/StateAbstract.php(1076): GroceryCrud\Core\Model->getPrimaryKeyField()
#3 /home/garmaser/www/html/medicina_archivo_docente/app/Libraries/GroceryCrudEnterprise/grocerycrud/enterprise/src/GroceryCrud/Core/State/StateAbstract.php(1180): GroceryCrud\Core\State\StateAbstract->getPrimaryKeyName()
#4 /home/garmaser/www/html/medicina_archivo_docente/app/Libraries/GroceryCrudEnterprise/grocerycrud/enterprise/src/GroceryCrud/Core/State/StateAbstract.php(1292): GroceryCrud\Core\State\StateAbstract->getRelationalData()
#5 /home/garmaser/www/html/medicina_archivo_docente/app/Libraries/GroceryCrudEnterprise/grocerycrud/enterprise/src/GroceryCrud/Core/State/InitialState.php(89): GroceryCrud\Core\State\StateAbstract->getFieldTypes()
#6 /home/garmaser/www/html/medicina_archivo_docente/app/Libraries/GroceryCrudEnterprise/grocerycrud/enterprise/src/GroceryCrud/Core/State/InitialState.php(29): GroceryCrud\Core\State\InitialState->showInitData()
#7 /home/garmaser/www/html/medicina_archivo_docente/app/Libraries/GroceryCrudEnterprise/grocerycrud/enterprise/src/GroceryCrud/Core/GroceryCrud.php(2642): GroceryCrud\Core\State\InitialState->render()
#8 /home/garmaser/www/html/medicina_archivo_docente/app/Controllers/ArchivoDocente/Inicio.php(39): GroceryCrud\Core\GroceryCrud->render()
#9 /home/garmaser/www/html/medicina_archivo_docente/vendor/codeigniter4/framework/system/CodeIgniter.php(802): App\Controllers\ArchivoDocente\Inicio->index()
#10 /home/garmaser/www/html/medicina_archivo_docente/vendor/codeigniter4/framework/system/CodeIgniter.php(399): CodeIgniter\CodeIgniter->runController()
#11 /home/garmaser/www/html/medicina_archivo_docente/vendor/codeigniter4/framework/system/CodeIgniter.php(317): CodeIgniter\CodeIgniter->handleRequest()
#12 /home/garmaser/www/html/medicina_archivo_docente/public/index.php(37): CodeIgniter\CodeIgniter->run()
#13 {main}
CRITICAL - 2022-05-12 21:50:39 --> SQLSTATE[42000]: Syntax error or access violation: 1064 You have an error in your SQL syntax; check the manual that corresponds to your MariaDB server version for the right syntax to use near 'ASC' at line 1
#0 /home/garmaser/www/html/medicina_archivo_docente/app/Libraries/GroceryCrudEnterprise/zendframework/zend-db/src/Adapter/Driver/Pdo/Connection.php(360): PDO->query()
#1 /home/garmaser/www/html/medicina_archivo_docente/app/Libraries/GroceryCrudEnterprise/zendframework/zend-db/src/Adapter/Adapter.php(190): Zend\Db\Adapter\Driver\Pdo\Connection->execute()
#2 /home/garmaser/www/html/medicina_archivo_docente/app/Libraries/GroceryCrudEnterprise/grocerycrud/enterprise/src/GroceryCrud/Core/Model.php(257): Zend\Db\Adapter\Adapter->query()
#3 /home/garmaser/www/html/medicina_archivo_docente/app/Libraries/GroceryCrudEnterprise/grocerycrud/enterprise/src/GroceryCrud/Core/State/StateAbstract.php(1195): GroceryCrud\Core\Model->getRelationData()
#4 /home/garmaser/www/html/medicina_archivo_docente/app/Libraries/GroceryCrudEnterprise/grocerycrud/enterprise/src/GroceryCrud/Core/State/StateAbstract.php(1292): GroceryCrud\Core\State\StateAbstract->getRelationalData()
#5 /home/garmaser/www/html/medicina_archivo_docente/app/Libraries/GroceryCrudEnterprise/grocerycrud/enterprise/src/GroceryCrud/Core/State/InitialState.php(89): GroceryCrud\Core\State\StateAbstract->getFieldTypes()
#6 /home/garmaser/www/html/medicina_archivo_docente/app/Libraries/GroceryCrudEnterprise/grocerycrud/enterprise/src/GroceryCrud/Core/State/InitialState.php(29): GroceryCrud\Core\State\InitialState->showInitData()
#7 /home/garmaser/www/html/medicina_archivo_docente/app/Libraries/GroceryCrudEnterprise/grocerycrud/enterprise/src/GroceryCrud/Core/GroceryCrud.php(2642): GroceryCrud\Core\State\InitialState->render()
#8 /home/garmaser/www/html/medicina_archivo_docente/app/Controllers/ArchivoDocente/Inicio.php(39): GroceryCrud\Core\GroceryCrud->render()
#9 /home/garmaser/www/html/medicina_archivo_docente/vendor/codeigniter4/framework/system/CodeIgniter.php(802): App\Controllers\ArchivoDocente\Inicio->index()
#10 /home/garmaser/www/html/medicina_archivo_docente/vendor/codeigniter4/framework/system/CodeIgniter.php(399): CodeIgniter\CodeIgniter->runController()
#11 /home/garmaser/www/html/medicina_archivo_docente/vendor/codeigniter4/framework/system/CodeIgniter.php(317): CodeIgniter\CodeIgniter->handleRequest()
#12 /home/garmaser/www/html/medicina_archivo_docente/public/index.php(37): CodeIgniter\CodeIgniter->run()
#13 {main}
CRITICAL - 2022-05-12 21:57:02 --> syntax error, unexpected '$crud' (T_VARIABLE)
#0 /home/garmaser/www/html/medicina_archivo_docente/vendor/codeigniter4/framework/system/Autoloader/Autoloader.php(241): CodeIgniter\Autoloader\Autoloader->includeFile()
#1 /home/garmaser/www/html/medicina_archivo_docente/vendor/codeigniter4/framework/system/Autoloader/Autoloader.php(219): CodeIgniter\Autoloader\Autoloader->loadInNamespace()
#2 [internal function]: CodeIgniter\Autoloader\Autoloader->loadClass()
#3 [internal function]: spl_autoload_call()
#4 /home/garmaser/www/html/medicina_archivo_docente/vendor/codeigniter4/framework/system/CodeIgniter.php(767): class_exists()
#5 /home/garmaser/www/html/medicina_archivo_docente/vendor/codeigniter4/framework/system/CodeIgniter.php(386): CodeIgniter\CodeIgniter->startController()
#6 /home/garmaser/www/html/medicina_archivo_docente/vendor/codeigniter4/framework/system/CodeIgniter.php(317): CodeIgniter\CodeIgniter->handleRequest()
#7 /home/garmaser/www/html/medicina_archivo_docente/public/index.php(37): CodeIgniter\CodeIgniter->run()
#8 {main}
CRITICAL - 2022-05-12 22:15:04 --> syntax error, unexpected '$crud' (T_VARIABLE)
#0 /home/garmaser/www/html/medicina_archivo_docente/vendor/codeigniter4/framework/system/Autoloader/Autoloader.php(241): CodeIgniter\Autoloader\Autoloader->includeFile()
#1 /home/garmaser/www/html/medicina_archivo_docente/vendor/codeigniter4/framework/system/Autoloader/Autoloader.php(219): CodeIgniter\Autoloader\Autoloader->loadInNamespace()
#2 [internal function]: CodeIgniter\Autoloader\Autoloader->loadClass()
#3 [internal function]: spl_autoload_call()
#4 /home/garmaser/www/html/medicina_archivo_docente/vendor/codeigniter4/framework/system/CodeIgniter.php(767): class_exists()
#5 /home/garmaser/www/html/medicina_archivo_docente/vendor/codeigniter4/framework/system/CodeIgniter.php(386): CodeIgniter\CodeIgniter->startController()
#6 /home/garmaser/www/html/medicina_archivo_docente/vendor/codeigniter4/framework/system/CodeIgniter.php(317): CodeIgniter\CodeIgniter->handleRequest()
#7 /home/garmaser/www/html/medicina_archivo_docente/public/index.php(37): CodeIgniter\CodeIgniter->run()
#8 {main}
CRITICAL - 2022-05-12 22:58:26 --> Call to a member function getResult() on array
#0 /home/garmaser/www/html/medicina_archivo_docente/vendor/codeigniter4/framework/system/CodeIgniter.php(802): App\Controllers\Administrador->crear_accesos_docente()
#1 /home/garmaser/www/html/medicina_archivo_docente/vendor/codeigniter4/framework/system/CodeIgniter.php(399): CodeIgniter\CodeIgniter->runController()
#2 /home/garmaser/www/html/medicina_archivo_docente/vendor/codeigniter4/framework/system/CodeIgniter.php(317): CodeIgniter\CodeIgniter->handleRequest()
#3 /home/garmaser/www/html/medicina_archivo_docente/public/index.php(37): CodeIgniter\CodeIgniter->run()
#4 {main}
CRITICAL - 2022-05-12 23:00:11 --> Undefined method Ion_auth::createUser() called
#0 /home/garmaser/www/html/medicina_archivo_docente/app/Controllers/Administrador.php(186): IonAuth\Libraries\IonAuth->__call()
#1 /home/garmaser/www/html/medicina_archivo_docente/vendor/codeigniter4/framework/system/CodeIgniter.php(802): App\Controllers\Administrador->crear_accesos_docente()
#2 /home/garmaser/www/html/medicina_archivo_docente/vendor/codeigniter4/framework/system/CodeIgniter.php(399): CodeIgniter\CodeIgniter->runController()
#3 /home/garmaser/www/html/medicina_archivo_docente/vendor/codeigniter4/framework/system/CodeIgniter.php(317): CodeIgniter\CodeIgniter->handleRequest()
#4 /home/garmaser/www/html/medicina_archivo_docente/public/index.php(37): CodeIgniter\CodeIgniter->run()
#5 {main}
