CRITICAL - 2021-11-28 12:05:43 --> syntax error, unexpected ',', expecting variable (T_VARIABLE)
#0 /home/garmaser/www/html/sac-prusuf/vendor/codeigniter4/framework/system/Router/Router.php(160): CodeIgniter\Router\Router->autoRoute()
#1 /home/garmaser/www/html/sac-prusuf/vendor/codeigniter4/framework/system/CodeIgniter.php(702): CodeIgniter\Router\Router->handle()
#2 /home/garmaser/www/html/sac-prusuf/vendor/codeigniter4/framework/system/CodeIgniter.php(358): CodeIgniter\CodeIgniter->tryToRouteIt()
#3 /home/garmaser/www/html/sac-prusuf/vendor/codeigniter4/framework/system/CodeIgniter.php(317): CodeIgniter\CodeIgniter->handleRequest()
#4 /home/garmaser/www/html/sac-prusuf/public/index.php(37): CodeIgniter\CodeIgniter->run()
#5 {main}
CRITICAL - 2021-11-28 12:08:09 --> fopen(/home/garmaser/www/html/sac-prusuf/app/Libraries/reportes/membretaoo/membrete_carta.pdf): failed to open stream: No such file or directory
#0 [internal function]: CodeIgniter\Debug\Exceptions->errorHandler()
#1 /home/garmaser/www/html/sac-prusuf/vendor/setasign/fpdi/src/PdfParser/StreamReader.php(42): fopen()
#2 /home/garmaser/www/html/sac-prusuf/vendor/setasign/fpdi/src/FpdiTrait.php(174): setasign\Fpdi\PdfParser\StreamReader::createByFile()
#3 /home/garmaser/www/html/sac-prusuf/vendor/setasign/fpdi/src/FpdiTrait.php(213): setasign\Fpdi\Fpdi->getPdfReaderId()
#4 /home/garmaser/www/html/sac-prusuf/app/Libraries/reportes/ResultadoExamen.php(20): setasign\Fpdi\Fpdi->setSourceFile()
#5 /home/garmaser/www/html/sac-prusuf/vendor/setasign/fpdf/fpdf.php(334): App\Libraries\reportes\ResultadoExamen->Header()
#6 /home/garmaser/www/html/sac-prusuf/vendor/setasign/fpdi/src/FpdfTplTrait.php(329): FPDF->AddPage()
#7 /home/garmaser/www/html/sac-prusuf/app/Libraries/reportes/ResultadoExamen.php(35): setasign\Fpdi\FpdfTpl->AddPage()
#8 /home/garmaser/www/html/sac-prusuf/app/Controllers/Administrador.php(124): App\Libraries\reportes\ResultadoExamen->reporte()
#9 /home/garmaser/www/html/sac-prusuf/vendor/codeigniter4/framework/system/CodeIgniter.php(802): App\Controllers\Administrador->pdf_aprobados()
#10 /home/garmaser/www/html/sac-prusuf/vendor/codeigniter4/framework/system/CodeIgniter.php(399): CodeIgniter\CodeIgniter->runController()
#11 /home/garmaser/www/html/sac-prusuf/vendor/codeigniter4/framework/system/CodeIgniter.php(317): CodeIgniter\CodeIgniter->handleRequest()
#12 /home/garmaser/www/html/sac-prusuf/public/index.php(37): CodeIgniter\CodeIgniter->run()
#13 {main}
CRITICAL - 2021-11-28 12:08:36 --> Undefined variable: datosInscripcion
#0 /home/garmaser/www/html/sac-prusuf/app/Libraries/reportes/ResultadoExamen.php(45): CodeIgniter\Debug\Exceptions->errorHandler()
#1 /home/garmaser/www/html/sac-prusuf/app/Controllers/Administrador.php(124): App\Libraries\reportes\ResultadoExamen->reporte()
#2 /home/garmaser/www/html/sac-prusuf/vendor/codeigniter4/framework/system/CodeIgniter.php(802): App\Controllers\Administrador->pdf_aprobados()
#3 /home/garmaser/www/html/sac-prusuf/vendor/codeigniter4/framework/system/CodeIgniter.php(399): CodeIgniter\CodeIgniter->runController()
#4 /home/garmaser/www/html/sac-prusuf/vendor/codeigniter4/framework/system/CodeIgniter.php(317): CodeIgniter\CodeIgniter->handleRequest()
#5 /home/garmaser/www/html/sac-prusuf/public/index.php(37): CodeIgniter\CodeIgniter->run()
#6 {main}
CRITICAL - 2021-11-28 12:15:20 --> syntax error, unexpected '$table2' (T_VARIABLE)
#0 /home/garmaser/www/html/sac-prusuf/vendor/codeigniter4/framework/system/Autoloader/Autoloader.php(241): CodeIgniter\Autoloader\Autoloader->includeFile()
#1 /home/garmaser/www/html/sac-prusuf/vendor/codeigniter4/framework/system/Autoloader/Autoloader.php(219): CodeIgniter\Autoloader\Autoloader->loadInNamespace()
#2 [internal function]: CodeIgniter\Autoloader\Autoloader->loadClass()
#3 /home/garmaser/www/html/sac-prusuf/app/Controllers/Administrador.php(123): spl_autoload_call()
#4 /home/garmaser/www/html/sac-prusuf/vendor/codeigniter4/framework/system/CodeIgniter.php(802): App\Controllers\Administrador->pdf_aprobados()
#5 /home/garmaser/www/html/sac-prusuf/vendor/codeigniter4/framework/system/CodeIgniter.php(399): CodeIgniter\CodeIgniter->runController()
#6 /home/garmaser/www/html/sac-prusuf/vendor/codeigniter4/framework/system/CodeIgniter.php(317): CodeIgniter\CodeIgniter->handleRequest()
#7 /home/garmaser/www/html/sac-prusuf/public/index.php(37): CodeIgniter\CodeIgniter->run()
#8 {main}
CRITICAL - 2021-11-28 13:01:00 --> Call to undefined method App\Models\VistaInscripcionModel::reprobados
#0 /home/garmaser/www/html/sac-prusuf/app/Libraries/reportes/ResultadoExamen.php(49): CodeIgniter\Model->__call()
#1 /home/garmaser/www/html/sac-prusuf/app/Controllers/Administrador.php(132): App\Libraries\reportes\ResultadoExamen->reporte()
#2 /home/garmaser/www/html/sac-prusuf/vendor/codeigniter4/framework/system/CodeIgniter.php(802): App\Controllers\Administrador->pdf_reprobados()
#3 /home/garmaser/www/html/sac-prusuf/vendor/codeigniter4/framework/system/CodeIgniter.php(399): CodeIgniter\CodeIgniter->runController()
#4 /home/garmaser/www/html/sac-prusuf/vendor/codeigniter4/framework/system/CodeIgniter.php(317): CodeIgniter\CodeIgniter->handleRequest()
#5 /home/garmaser/www/html/sac-prusuf/public/index.php(37): CodeIgniter\CodeIgniter->run()
#6 {main}
CRITICAL - 2021-11-28 13:01:32 --> Call to undefined method App\Models\VistaInscripcionModel::reprobados
#0 /home/garmaser/www/html/sac-prusuf/app/Libraries/reportes/ResultadoExamen.php(49): CodeIgniter\Model->__call()
#1 /home/garmaser/www/html/sac-prusuf/app/Controllers/Administrador.php(132): App\Libraries\reportes\ResultadoExamen->reporte()
#2 /home/garmaser/www/html/sac-prusuf/vendor/codeigniter4/framework/system/CodeIgniter.php(802): App\Controllers\Administrador->pdf_reprobados()
#3 /home/garmaser/www/html/sac-prusuf/vendor/codeigniter4/framework/system/CodeIgniter.php(399): CodeIgniter\CodeIgniter->runController()
#4 /home/garmaser/www/html/sac-prusuf/vendor/codeigniter4/framework/system/CodeIgniter.php(317): CodeIgniter\CodeIgniter->handleRequest()
#5 /home/garmaser/www/html/sac-prusuf/public/index.php(37): CodeIgniter\CodeIgniter->run()
#6 {main}
CRITICAL - 2021-11-28 13:01:43 --> Undefined variable: table2
#0 /home/garmaser/www/html/sac-prusuf/app/Libraries/reportes/ResultadoExamen.php(97): CodeIgniter\Debug\Exceptions->errorHandler()
#1 /home/garmaser/www/html/sac-prusuf/app/Controllers/Administrador.php(124): App\Libraries\reportes\ResultadoExamen->reporte()
#2 /home/garmaser/www/html/sac-prusuf/vendor/codeigniter4/framework/system/CodeIgniter.php(802): App\Controllers\Administrador->pdf_aprobados()
#3 /home/garmaser/www/html/sac-prusuf/vendor/codeigniter4/framework/system/CodeIgniter.php(399): CodeIgniter\CodeIgniter->runController()
#4 /home/garmaser/www/html/sac-prusuf/vendor/codeigniter4/framework/system/CodeIgniter.php(317): CodeIgniter\CodeIgniter->handleRequest()
#5 /home/garmaser/www/html/sac-prusuf/public/index.php(37): CodeIgniter\CodeIgniter->run()
#6 {main}
CRITICAL - 2021-11-28 13:02:25 --> Undefined variable: table2
#0 /home/garmaser/www/html/sac-prusuf/app/Libraries/reportes/ResultadoExamen.php(97): CodeIgniter\Debug\Exceptions->errorHandler()
#1 /home/garmaser/www/html/sac-prusuf/app/Controllers/Administrador.php(124): App\Libraries\reportes\ResultadoExamen->reporte()
#2 /home/garmaser/www/html/sac-prusuf/vendor/codeigniter4/framework/system/CodeIgniter.php(802): App\Controllers\Administrador->pdf_aprobados()
#3 /home/garmaser/www/html/sac-prusuf/vendor/codeigniter4/framework/system/CodeIgniter.php(399): CodeIgniter\CodeIgniter->runController()
#4 /home/garmaser/www/html/sac-prusuf/vendor/codeigniter4/framework/system/CodeIgniter.php(317): CodeIgniter\CodeIgniter->handleRequest()
#5 /home/garmaser/www/html/sac-prusuf/public/index.php(37): CodeIgniter\CodeIgniter->run()
#6 {main}
CRITICAL - 2021-11-28 13:02:27 --> Undefined variable: table2
#0 /home/garmaser/www/html/sac-prusuf/app/Libraries/reportes/ResultadoExamen.php(97): CodeIgniter\Debug\Exceptions->errorHandler()
#1 /home/garmaser/www/html/sac-prusuf/app/Controllers/Administrador.php(124): App\Libraries\reportes\ResultadoExamen->reporte()
#2 /home/garmaser/www/html/sac-prusuf/vendor/codeigniter4/framework/system/CodeIgniter.php(802): App\Controllers\Administrador->pdf_aprobados()
#3 /home/garmaser/www/html/sac-prusuf/vendor/codeigniter4/framework/system/CodeIgniter.php(399): CodeIgniter\CodeIgniter->runController()
#4 /home/garmaser/www/html/sac-prusuf/vendor/codeigniter4/framework/system/CodeIgniter.php(317): CodeIgniter\CodeIgniter->handleRequest()
#5 /home/garmaser/www/html/sac-prusuf/public/index.php(37): CodeIgniter\CodeIgniter->run()
#6 {main}
CRITICAL - 2021-11-28 13:02:27 --> Undefined variable: table2
#0 /home/garmaser/www/html/sac-prusuf/app/Libraries/reportes/ResultadoExamen.php(97): CodeIgniter\Debug\Exceptions->errorHandler()
#1 /home/garmaser/www/html/sac-prusuf/app/Controllers/Administrador.php(124): App\Libraries\reportes\ResultadoExamen->reporte()
#2 /home/garmaser/www/html/sac-prusuf/vendor/codeigniter4/framework/system/CodeIgniter.php(802): App\Controllers\Administrador->pdf_aprobados()
#3 /home/garmaser/www/html/sac-prusuf/vendor/codeigniter4/framework/system/CodeIgniter.php(399): CodeIgniter\CodeIgniter->runController()
#4 /home/garmaser/www/html/sac-prusuf/vendor/codeigniter4/framework/system/CodeIgniter.php(317): CodeIgniter\CodeIgniter->handleRequest()
#5 /home/garmaser/www/html/sac-prusuf/public/index.php(37): CodeIgniter\CodeIgniter->run()
#6 {main}
CRITICAL - 2021-11-28 13:25:00 --> FPDF error: No font has been set
#0 /home/garmaser/www/html/sac-prusuf/vendor/setasign/fpdf/fpdf.php(625): FPDF->Error()
#1 /home/garmaser/www/html/sac-prusuf/app/Libraries/reportes/ResultadoExamen.php(98): FPDF->Cell()
#2 /home/garmaser/www/html/sac-prusuf/app/Controllers/Administrador.php(124): App\Libraries\reportes\ResultadoExamen->reporte()
#3 /home/garmaser/www/html/sac-prusuf/vendor/codeigniter4/framework/system/CodeIgniter.php(802): App\Controllers\Administrador->pdf_aprobados()
#4 /home/garmaser/www/html/sac-prusuf/vendor/codeigniter4/framework/system/CodeIgniter.php(399): CodeIgniter\CodeIgniter->runController()
#5 /home/garmaser/www/html/sac-prusuf/vendor/codeigniter4/framework/system/CodeIgniter.php(317): CodeIgniter\CodeIgniter->handleRequest()
#6 /home/garmaser/www/html/sac-prusuf/public/index.php(37): CodeIgniter\CodeIgniter->run()
#7 {main}
CRITICAL - 2021-11-28 13:25:42 --> FPDF error: No font has been set
#0 /home/garmaser/www/html/sac-prusuf/vendor/setasign/fpdf/fpdf.php(625): FPDF->Error()
#1 /home/garmaser/www/html/sac-prusuf/app/Libraries/reportes/ResultadoExamen.php(98): FPDF->Cell()
#2 /home/garmaser/www/html/sac-prusuf/app/Controllers/Administrador.php(124): App\Libraries\reportes\ResultadoExamen->reporte()
#3 /home/garmaser/www/html/sac-prusuf/vendor/codeigniter4/framework/system/CodeIgniter.php(802): App\Controllers\Administrador->pdf_aprobados()
#4 /home/garmaser/www/html/sac-prusuf/vendor/codeigniter4/framework/system/CodeIgniter.php(399): CodeIgniter\CodeIgniter->runController()
#5 /home/garmaser/www/html/sac-prusuf/vendor/codeigniter4/framework/system/CodeIgniter.php(317): CodeIgniter\CodeIgniter->handleRequest()
#6 /home/garmaser/www/html/sac-prusuf/public/index.php(37): CodeIgniter\CodeIgniter->run()
#7 {main}
CRITICAL - 2021-11-28 13:28:44 --> FPDF error: No font has been set
#0 /home/garmaser/www/html/sac-prusuf/vendor/setasign/fpdf/fpdf.php(625): FPDF->Error()
#1 /home/garmaser/www/html/sac-prusuf/app/Libraries/reportes/ResultadoExamen.php(99): FPDF->Cell()
#2 /home/garmaser/www/html/sac-prusuf/app/Controllers/Administrador.php(124): App\Libraries\reportes\ResultadoExamen->reporte()
#3 /home/garmaser/www/html/sac-prusuf/vendor/codeigniter4/framework/system/CodeIgniter.php(802): App\Controllers\Administrador->pdf_aprobados()
#4 /home/garmaser/www/html/sac-prusuf/vendor/codeigniter4/framework/system/CodeIgniter.php(399): CodeIgniter\CodeIgniter->runController()
#5 /home/garmaser/www/html/sac-prusuf/vendor/codeigniter4/framework/system/CodeIgniter.php(317): CodeIgniter\CodeIgniter->handleRequest()
#6 /home/garmaser/www/html/sac-prusuf/public/index.php(37): CodeIgniter\CodeIgniter->run()
#7 {main}
CRITICAL - 2021-11-28 17:25:51 --> Undefined property: App\Controllers\Postulante::$idInscripcionPreuniversitario
#0 /home/garmaser/www/html/sac-prusuf/app/Controllers/Postulante.php(82): CodeIgniter\Debug\Exceptions->errorHandler()
#1 /home/garmaser/www/html/sac-prusuf/vendor/codeigniter4/framework/system/CodeIgniter.php(802): App\Controllers\Postulante->imagen()
#2 /home/garmaser/www/html/sac-prusuf/vendor/codeigniter4/framework/system/CodeIgniter.php(399): CodeIgniter\CodeIgniter->runController()
#3 /home/garmaser/www/html/sac-prusuf/vendor/codeigniter4/framework/system/CodeIgniter.php(317): CodeIgniter\CodeIgniter->handleRequest()
#4 /home/garmaser/www/html/sac-prusuf/public/index.php(37): CodeIgniter\CodeIgniter->run()
#5 {main}
CRITICAL - 2021-11-28 17:26:23 --> FPDF error: No page has been added yet
#0 /home/garmaser/www/html/sac-prusuf/vendor/setasign/fpdf/fpdf.php(1447): FPDF->Error()
#1 /home/garmaser/www/html/sac-prusuf/vendor/setasign/fpdi/src/FpdfTplTrait.php(467): FPDF->_out()
#2 /home/garmaser/www/html/sac-prusuf/vendor/setasign/fpdf/fpdf.php(924): setasign\Fpdi\FpdfTpl->_out()
#3 /home/garmaser/www/html/sac-prusuf/app/Libraries/reportes/VerImagen.php(40): FPDF->Image()
#4 /home/garmaser/www/html/sac-prusuf/app/Controllers/Postulante.php(82): App\Libraries\reportes\VerImagen->reporte()
#5 /home/garmaser/www/html/sac-prusuf/vendor/codeigniter4/framework/system/CodeIgniter.php(802): App\Controllers\Postulante->imagen()
#6 /home/garmaser/www/html/sac-prusuf/vendor/codeigniter4/framework/system/CodeIgniter.php(399): CodeIgniter\CodeIgniter->runController()
#7 /home/garmaser/www/html/sac-prusuf/vendor/codeigniter4/framework/system/CodeIgniter.php(317): CodeIgniter\CodeIgniter->handleRequest()
#8 /home/garmaser/www/html/sac-prusuf/public/index.php(37): CodeIgniter\CodeIgniter->run()
#9 {main}
CRITICAL - 2021-11-28 17:27:18 --> FPDF error: No page has been added yet
#0 /home/garmaser/www/html/sac-prusuf/vendor/setasign/fpdf/fpdf.php(1447): FPDF->Error()
#1 /home/garmaser/www/html/sac-prusuf/vendor/setasign/fpdi/src/FpdfTplTrait.php(467): FPDF->_out()
#2 /home/garmaser/www/html/sac-prusuf/vendor/setasign/fpdf/fpdf.php(924): setasign\Fpdi\FpdfTpl->_out()
#3 /home/garmaser/www/html/sac-prusuf/app/Libraries/reportes/VerImagen.php(40): FPDF->Image()
#4 /home/garmaser/www/html/sac-prusuf/app/Controllers/Postulante.php(82): App\Libraries\reportes\VerImagen->reporte()
#5 /home/garmaser/www/html/sac-prusuf/vendor/codeigniter4/framework/system/CodeIgniter.php(802): App\Controllers\Postulante->imagen()
#6 /home/garmaser/www/html/sac-prusuf/vendor/codeigniter4/framework/system/CodeIgniter.php(399): CodeIgniter\CodeIgniter->runController()
#7 /home/garmaser/www/html/sac-prusuf/vendor/codeigniter4/framework/system/CodeIgniter.php(317): CodeIgniter\CodeIgniter->handleRequest()
#8 /home/garmaser/www/html/sac-prusuf/public/index.php(37): CodeIgniter\CodeIgniter->run()
#9 {main}
CRITICAL - 2021-11-28 17:30:04 --> FPDF error: No page has been added yet
#0 /home/garmaser/www/html/sac-prusuf/vendor/setasign/fpdf/fpdf.php(1447): FPDF->Error()
#1 /home/garmaser/www/html/sac-prusuf/vendor/setasign/fpdi/src/FpdfTplTrait.php(467): FPDF->_out()
#2 /home/garmaser/www/html/sac-prusuf/vendor/setasign/fpdf/fpdf.php(924): setasign\Fpdi\FpdfTpl->_out()
#3 /home/garmaser/www/html/sac-prusuf/app/Libraries/reportes/VerImagen.php(40): FPDF->Image()
#4 /home/garmaser/www/html/sac-prusuf/app/Controllers/Postulante.php(82): App\Libraries\reportes\VerImagen->reporte()
#5 /home/garmaser/www/html/sac-prusuf/vendor/codeigniter4/framework/system/CodeIgniter.php(802): App\Controllers\Postulante->imagen()
#6 /home/garmaser/www/html/sac-prusuf/vendor/codeigniter4/framework/system/CodeIgniter.php(399): CodeIgniter\CodeIgniter->runController()
#7 /home/garmaser/www/html/sac-prusuf/vendor/codeigniter4/framework/system/CodeIgniter.php(317): CodeIgniter\CodeIgniter->handleRequest()
#8 /home/garmaser/www/html/sac-prusuf/public/index.php(37): CodeIgniter\CodeIgniter->run()
#9 {main}
CRITICAL - 2021-11-28 17:30:23 --> FPDF error: No page has been added yet
#0 /home/garmaser/www/html/sac-prusuf/vendor/setasign/fpdf/fpdf.php(1447): FPDF->Error()
#1 /home/garmaser/www/html/sac-prusuf/vendor/setasign/fpdi/src/FpdfTplTrait.php(467): FPDF->_out()
#2 /home/garmaser/www/html/sac-prusuf/vendor/setasign/fpdf/fpdf.php(924): setasign\Fpdi\FpdfTpl->_out()
#3 /home/garmaser/www/html/sac-prusuf/app/Libraries/reportes/VerImagen.php(40): FPDF->Image()
#4 /home/garmaser/www/html/sac-prusuf/app/Controllers/Postulante.php(82): App\Libraries\reportes\VerImagen->reporte()
#5 /home/garmaser/www/html/sac-prusuf/vendor/codeigniter4/framework/system/CodeIgniter.php(802): App\Controllers\Postulante->imagen()
#6 /home/garmaser/www/html/sac-prusuf/vendor/codeigniter4/framework/system/CodeIgniter.php(399): CodeIgniter\CodeIgniter->runController()
#7 /home/garmaser/www/html/sac-prusuf/vendor/codeigniter4/framework/system/CodeIgniter.php(317): CodeIgniter\CodeIgniter->handleRequest()
#8 /home/garmaser/www/html/sac-prusuf/public/index.php(37): CodeIgniter\CodeIgniter->run()
#9 {main}
CRITICAL - 2021-11-28 17:33:34 --> FPDF error: No page has been added yet
#0 /home/garmaser/www/html/sac-prusuf/vendor/setasign/fpdf/fpdf.php(1447): FPDF->Error()
#1 /home/garmaser/www/html/sac-prusuf/vendor/setasign/fpdi/src/FpdfTplTrait.php(467): FPDF->_out()
#2 /home/garmaser/www/html/sac-prusuf/vendor/setasign/fpdf/fpdf.php(924): setasign\Fpdi\FpdfTpl->_out()
#3 /home/garmaser/www/html/sac-prusuf/app/Libraries/reportes/VerImagen.php(40): FPDF->Image()
#4 /home/garmaser/www/html/sac-prusuf/app/Controllers/Postulante.php(82): App\Libraries\reportes\VerImagen->reporte()
#5 /home/garmaser/www/html/sac-prusuf/vendor/codeigniter4/framework/system/CodeIgniter.php(802): App\Controllers\Postulante->imagen()
#6 /home/garmaser/www/html/sac-prusuf/vendor/codeigniter4/framework/system/CodeIgniter.php(399): CodeIgniter\CodeIgniter->runController()
#7 /home/garmaser/www/html/sac-prusuf/vendor/codeigniter4/framework/system/CodeIgniter.php(317): CodeIgniter\CodeIgniter->handleRequest()
#8 /home/garmaser/www/html/sac-prusuf/public/index.php(37): CodeIgniter\CodeIgniter->run()
#9 {main}
CRITICAL - 2021-11-28 17:33:36 --> FPDF error: No page has been added yet
#0 /home/garmaser/www/html/sac-prusuf/vendor/setasign/fpdf/fpdf.php(1447): FPDF->Error()
#1 /home/garmaser/www/html/sac-prusuf/vendor/setasign/fpdi/src/FpdfTplTrait.php(467): FPDF->_out()
#2 /home/garmaser/www/html/sac-prusuf/vendor/setasign/fpdf/fpdf.php(924): setasign\Fpdi\FpdfTpl->_out()
#3 /home/garmaser/www/html/sac-prusuf/app/Libraries/reportes/VerImagen.php(40): FPDF->Image()
#4 /home/garmaser/www/html/sac-prusuf/app/Controllers/Postulante.php(82): App\Libraries\reportes\VerImagen->reporte()
#5 /home/garmaser/www/html/sac-prusuf/vendor/codeigniter4/framework/system/CodeIgniter.php(802): App\Controllers\Postulante->imagen()
#6 /home/garmaser/www/html/sac-prusuf/vendor/codeigniter4/framework/system/CodeIgniter.php(399): CodeIgniter\CodeIgniter->runController()
#7 /home/garmaser/www/html/sac-prusuf/vendor/codeigniter4/framework/system/CodeIgniter.php(317): CodeIgniter\CodeIgniter->handleRequest()
#8 /home/garmaser/www/html/sac-prusuf/public/index.php(37): CodeIgniter\CodeIgniter->run()
#9 {main}
