CRITICAL - 2021-10-08 19:24:15 --> Undefined variable: mensaje
#0 /home/garmaser/www/html/sac-prusuf/app/Views/blank.php(29): CodeIgniter\Debug\Exceptions->errorHandler()
#1 /home/garmaser/www/html/sac-prusuf/vendor/codeigniter4/framework/system/View/View.php(214): include('/home/garmaser/...')
#2 /home/garmaser/www/html/sac-prusuf/vendor/codeigniter4/framework/system/View/View.php(217): CodeIgniter\View\View->CodeIgniter\View\{closure}()
#3 /home/garmaser/www/html/sac-prusuf/vendor/codeigniter4/framework/system/Common.php(1092): CodeIgniter\View\View->render()
#4 /home/garmaser/www/html/sac-prusuf/app/Controllers/Inscripcion.php(32): view()
#5 /home/garmaser/www/html/sac-prusuf/vendor/codeigniter4/framework/system/CodeIgniter.php(802): App\Controllers\Inscripcion->inicio()
#6 /home/garmaser/www/html/sac-prusuf/vendor/codeigniter4/framework/system/CodeIgniter.php(399): CodeIgniter\CodeIgniter->runController()
#7 /home/garmaser/www/html/sac-prusuf/vendor/codeigniter4/framework/system/CodeIgniter.php(317): CodeIgniter\CodeIgniter->handleRequest()
#8 /home/garmaser/www/html/sac-prusuf/public/index.php(37): CodeIgniter\CodeIgniter->run()
#9 {main}
CRITICAL - 2021-10-08 19:29:42 --> Call to undefined function App\Models\finAll()
#0 /home/garmaser/www/html/sac-prusuf/app/Controllers/Inscripcion.php(26): App\Models\PreuniversitarioModel->estado_activo()
#1 /home/garmaser/www/html/sac-prusuf/vendor/codeigniter4/framework/system/CodeIgniter.php(802): App\Controllers\Inscripcion->inicio()
#2 /home/garmaser/www/html/sac-prusuf/vendor/codeigniter4/framework/system/CodeIgniter.php(399): CodeIgniter\CodeIgniter->runController()
#3 /home/garmaser/www/html/sac-prusuf/vendor/codeigniter4/framework/system/CodeIgniter.php(317): CodeIgniter\CodeIgniter->handleRequest()
#4 /home/garmaser/www/html/sac-prusuf/public/index.php(37): CodeIgniter\CodeIgniter->run()
#5 {main}
CRITICAL - 2021-10-08 19:29:52 --> Call to undefined method App\Models\PreuniversitarioModel::finAll
#0 /home/garmaser/www/html/sac-prusuf/app/Models/PreuniversitarioModel.php(44): CodeIgniter\Model->__call()
#1 /home/garmaser/www/html/sac-prusuf/app/Controllers/Inscripcion.php(26): App\Models\PreuniversitarioModel->estado_activo()
#2 /home/garmaser/www/html/sac-prusuf/vendor/codeigniter4/framework/system/CodeIgniter.php(802): App\Controllers\Inscripcion->inicio()
#3 /home/garmaser/www/html/sac-prusuf/vendor/codeigniter4/framework/system/CodeIgniter.php(399): CodeIgniter\CodeIgniter->runController()
#4 /home/garmaser/www/html/sac-prusuf/vendor/codeigniter4/framework/system/CodeIgniter.php(317): CodeIgniter\CodeIgniter->handleRequest()
#5 /home/garmaser/www/html/sac-prusuf/public/index.php(37): CodeIgniter\CodeIgniter->run()
#6 {main}
CRITICAL - 2021-10-08 19:30:22 --> Call to a member function countAll() on array
#0 /home/garmaser/www/html/sac-prusuf/app/Controllers/Inscripcion.php(26): App\Models\PreuniversitarioModel->estado_activo()
#1 /home/garmaser/www/html/sac-prusuf/vendor/codeigniter4/framework/system/CodeIgniter.php(802): App\Controllers\Inscripcion->inicio()
#2 /home/garmaser/www/html/sac-prusuf/vendor/codeigniter4/framework/system/CodeIgniter.php(399): CodeIgniter\CodeIgniter->runController()
#3 /home/garmaser/www/html/sac-prusuf/vendor/codeigniter4/framework/system/CodeIgniter.php(317): CodeIgniter\CodeIgniter->handleRequest()
#4 /home/garmaser/www/html/sac-prusuf/public/index.php(37): CodeIgniter\CodeIgniter->run()
#5 {main}
CRITICAL - 2021-10-08 19:35:03 --> Undefined variable: resultado
#0 /home/garmaser/www/html/sac-prusuf/app/Models/PreuniversitarioModel.php(49): CodeIgniter\Debug\Exceptions->errorHandler()
#1 /home/garmaser/www/html/sac-prusuf/app/Controllers/Inscripcion.php(26): App\Models\PreuniversitarioModel->estado_activo()
#2 /home/garmaser/www/html/sac-prusuf/vendor/codeigniter4/framework/system/CodeIgniter.php(802): App\Controllers\Inscripcion->inicio()
#3 /home/garmaser/www/html/sac-prusuf/vendor/codeigniter4/framework/system/CodeIgniter.php(399): CodeIgniter\CodeIgniter->runController()
#4 /home/garmaser/www/html/sac-prusuf/vendor/codeigniter4/framework/system/CodeIgniter.php(317): CodeIgniter\CodeIgniter->handleRequest()
#5 /home/garmaser/www/html/sac-prusuf/public/index.php(37): CodeIgniter\CodeIgniter->run()
#6 {main}
