CRITICAL - 2022-04-29 15:34:02 --> Undefined index: Categoria
#0 /home/garmaser/www/html/medicina_archivo_docente/app/Controllers/ArchivoDocente/Evaluacion.php(49): CodeIgniter\Debug\Exceptions->errorHandler()
#1 /home/garmaser/www/html/medicina_archivo_docente/app/Libraries/GroceryCrudEnterprise/grocerycrud/enterprise/src/GroceryCrud/Core/State/EditFormState.php(50): App\Controllers\ArchivoDocente\Evaluacion->App\Controllers\ArchivoDocente\{closure}()
#2 /home/garmaser/www/html/medicina_archivo_docente/app/Libraries/GroceryCrudEnterprise/grocerycrud/enterprise/src/GroceryCrud/Core/State/EditFormState.php(92): GroceryCrud\Core\State\EditFormState->setCallbackFields()
#3 /home/garmaser/www/html/medicina_archivo_docente/app/Libraries/GroceryCrudEnterprise/grocerycrud/enterprise/src/GroceryCrud/Core/GroceryCrud.php(2642): GroceryCrud\Core\State\EditFormState->render()
#4 /home/garmaser/www/html/medicina_archivo_docente/app/Controllers/ArchivoDocente/Evaluacion.php(71): GroceryCrud\Core\GroceryCrud->render()
#5 /home/garmaser/www/html/medicina_archivo_docente/vendor/codeigniter4/framework/system/CodeIgniter.php(802): App\Controllers\ArchivoDocente\Evaluacion->index()
#6 /home/garmaser/www/html/medicina_archivo_docente/vendor/codeigniter4/framework/system/CodeIgniter.php(399): CodeIgniter\CodeIgniter->runController()
#7 /home/garmaser/www/html/medicina_archivo_docente/vendor/codeigniter4/framework/system/CodeIgniter.php(317): CodeIgniter\CodeIgniter->handleRequest()
#8 /home/garmaser/www/html/medicina_archivo_docente/public/index.php(37): CodeIgniter\CodeIgniter->run()
#9 {main}
CRITICAL - 2022-04-29 15:34:31 --> Undefined index: Categoria
#0 /home/garmaser/www/html/medicina_archivo_docente/app/Controllers/ArchivoDocente/Evaluacion.php(49): CodeIgniter\Debug\Exceptions->errorHandler()
#1 /home/garmaser/www/html/medicina_archivo_docente/app/Libraries/GroceryCrudEnterprise/grocerycrud/enterprise/src/GroceryCrud/Core/State/EditFormState.php(50): App\Controllers\ArchivoDocente\Evaluacion->App\Controllers\ArchivoDocente\{closure}()
#2 /home/garmaser/www/html/medicina_archivo_docente/app/Libraries/GroceryCrudEnterprise/grocerycrud/enterprise/src/GroceryCrud/Core/State/EditFormState.php(92): GroceryCrud\Core\State\EditFormState->setCallbackFields()
#3 /home/garmaser/www/html/medicina_archivo_docente/app/Libraries/GroceryCrudEnterprise/grocerycrud/enterprise/src/GroceryCrud/Core/GroceryCrud.php(2642): GroceryCrud\Core\State\EditFormState->render()
#4 /home/garmaser/www/html/medicina_archivo_docente/app/Controllers/ArchivoDocente/Evaluacion.php(71): GroceryCrud\Core\GroceryCrud->render()
#5 /home/garmaser/www/html/medicina_archivo_docente/vendor/codeigniter4/framework/system/CodeIgniter.php(802): App\Controllers\ArchivoDocente\Evaluacion->index()
#6 /home/garmaser/www/html/medicina_archivo_docente/vendor/codeigniter4/framework/system/CodeIgniter.php(399): CodeIgniter\CodeIgniter->runController()
#7 /home/garmaser/www/html/medicina_archivo_docente/vendor/codeigniter4/framework/system/CodeIgniter.php(317): CodeIgniter\CodeIgniter->handleRequest()
#8 /home/garmaser/www/html/medicina_archivo_docente/public/index.php(37): CodeIgniter\CodeIgniter->run()
#9 {main}
CRITICAL - 2022-04-29 15:34:35 --> Undefined index: Categoria
#0 /home/garmaser/www/html/medicina_archivo_docente/app/Controllers/ArchivoDocente/Evaluacion.php(49): CodeIgniter\Debug\Exceptions->errorHandler()
#1 /home/garmaser/www/html/medicina_archivo_docente/app/Libraries/GroceryCrudEnterprise/grocerycrud/enterprise/src/GroceryCrud/Core/State/EditFormState.php(50): App\Controllers\ArchivoDocente\Evaluacion->App\Controllers\ArchivoDocente\{closure}()
#2 /home/garmaser/www/html/medicina_archivo_docente/app/Libraries/GroceryCrudEnterprise/grocerycrud/enterprise/src/GroceryCrud/Core/State/EditFormState.php(92): GroceryCrud\Core\State\EditFormState->setCallbackFields()
#3 /home/garmaser/www/html/medicina_archivo_docente/app/Libraries/GroceryCrudEnterprise/grocerycrud/enterprise/src/GroceryCrud/Core/GroceryCrud.php(2642): GroceryCrud\Core\State\EditFormState->render()
#4 /home/garmaser/www/html/medicina_archivo_docente/app/Controllers/ArchivoDocente/Evaluacion.php(71): GroceryCrud\Core\GroceryCrud->render()
#5 /home/garmaser/www/html/medicina_archivo_docente/vendor/codeigniter4/framework/system/CodeIgniter.php(802): App\Controllers\ArchivoDocente\Evaluacion->index()
#6 /home/garmaser/www/html/medicina_archivo_docente/vendor/codeigniter4/framework/system/CodeIgniter.php(399): CodeIgniter\CodeIgniter->runController()
#7 /home/garmaser/www/html/medicina_archivo_docente/vendor/codeigniter4/framework/system/CodeIgniter.php(317): CodeIgniter\CodeIgniter->handleRequest()
#8 /home/garmaser/www/html/medicina_archivo_docente/public/index.php(37): CodeIgniter\CodeIgniter->run()
#9 {main}
CRITICAL - 2022-04-29 15:42:21 --> Undefined property: stdClass::$evaluacion_nota
#0 /home/garmaser/www/html/medicina_archivo_docente/app/Controllers/ArchivoDocente/Kardex.php(117): CodeIgniter\Debug\Exceptions->errorHandler()
#1 /home/garmaser/www/html/medicina_archivo_docente/app/Controllers/ArchivoDocente/Kardex.php(28): App\Controllers\ArchivoDocente\Kardex->set_evaluacion()
#2 /home/garmaser/www/html/medicina_archivo_docente/vendor/codeigniter4/framework/system/CodeIgniter.php(802): App\Controllers\ArchivoDocente\Kardex->index()
#3 /home/garmaser/www/html/medicina_archivo_docente/vendor/codeigniter4/framework/system/CodeIgniter.php(399): CodeIgniter\CodeIgniter->runController()
#4 /home/garmaser/www/html/medicina_archivo_docente/vendor/codeigniter4/framework/system/CodeIgniter.php(317): CodeIgniter\CodeIgniter->handleRequest()
#5 /home/garmaser/www/html/medicina_archivo_docente/public/index.php(37): CodeIgniter\CodeIgniter->run()
#6 {main}
CRITICAL - 2022-04-29 18:26:16 --> syntax error, unexpected ')', expecting ']'
#0 /home/garmaser/www/html/medicina_archivo_docente/vendor/codeigniter4/framework/system/Autoloader/Autoloader.php(241): CodeIgniter\Autoloader\Autoloader->includeFile()
#1 /home/garmaser/www/html/medicina_archivo_docente/vendor/codeigniter4/framework/system/Autoloader/Autoloader.php(219): CodeIgniter\Autoloader\Autoloader->loadInNamespace()
#2 [internal function]: CodeIgniter\Autoloader\Autoloader->loadClass()
#3 [internal function]: spl_autoload_call()
#4 /home/garmaser/www/html/medicina_archivo_docente/vendor/codeigniter4/framework/system/Config/Factories.php(136): class_exists()
#5 /home/garmaser/www/html/medicina_archivo_docente/vendor/codeigniter4/framework/system/Config/Factories.php(106): CodeIgniter\Config\Factories::locateClass()
#6 /home/garmaser/www/html/medicina_archivo_docente/vendor/codeigniter4/framework/system/Common.php(776): CodeIgniter\Config\Factories::__callStatic()
#7 /home/garmaser/www/html/medicina_archivo_docente/app/Controllers/ArchivoDocente/Kardex.php(105): model()
#8 /home/garmaser/www/html/medicina_archivo_docente/app/Controllers/ArchivoDocente/Kardex.php(28): App\Controllers\ArchivoDocente\Kardex->set_evaluacion()
#9 /home/garmaser/www/html/medicina_archivo_docente/vendor/codeigniter4/framework/system/CodeIgniter.php(802): App\Controllers\ArchivoDocente\Kardex->index()
#10 /home/garmaser/www/html/medicina_archivo_docente/vendor/codeigniter4/framework/system/CodeIgniter.php(399): CodeIgniter\CodeIgniter->runController()
#11 /home/garmaser/www/html/medicina_archivo_docente/vendor/codeigniter4/framework/system/CodeIgniter.php(317): CodeIgniter\CodeIgniter->handleRequest()
#12 /home/garmaser/www/html/medicina_archivo_docente/public/index.php(37): CodeIgniter\CodeIgniter->run()
#13 {main}
CRITICAL - 2022-04-29 19:09:22 --> Call to undefined method GroceryCrud\Core\GroceryCrud::orderBy()
#0 /home/garmaser/www/html/medicina_archivo_docente/vendor/codeigniter4/framework/system/CodeIgniter.php(802): App\Controllers\ArchivoDocente\Evaluacion->index()
#1 /home/garmaser/www/html/medicina_archivo_docente/vendor/codeigniter4/framework/system/CodeIgniter.php(399): CodeIgniter\CodeIgniter->runController()
#2 /home/garmaser/www/html/medicina_archivo_docente/vendor/codeigniter4/framework/system/CodeIgniter.php(317): CodeIgniter\CodeIgniter->handleRequest()
#3 /home/garmaser/www/html/medicina_archivo_docente/public/index.php(37): CodeIgniter\CodeIgniter->run()
#4 {main}
CRITICAL - 2022-04-29 19:13:19 --> SQLSTATE[42S22]: Column not found: 1054 Unknown column 'gestion' in 'order clause'
#0 /home/garmaser/www/html/medicina_archivo_docente/app/Libraries/GroceryCrudEnterprise/zendframework/zend-db/src/Adapter/Driver/Pdo/Connection.php(360): PDO->query()
#1 /home/garmaser/www/html/medicina_archivo_docente/app/Libraries/GroceryCrudEnterprise/zendframework/zend-db/src/Adapter/Adapter.php(190): Zend\Db\Adapter\Driver\Pdo\Connection->execute()
#2 /home/garmaser/www/html/medicina_archivo_docente/app/Libraries/GroceryCrudEnterprise/grocerycrud/enterprise/src/GroceryCrud/Core/Model.php(1131): Zend\Db\Adapter\Adapter->query()
#3 /home/garmaser/www/html/medicina_archivo_docente/app/Libraries/GroceryCrudEnterprise/grocerycrud/enterprise/src/GroceryCrud/Core/Model.php(1393): GroceryCrud\Core\Model->getResultsFromSelect()
#4 /home/garmaser/www/html/medicina_archivo_docente/app/Libraries/GroceryCrudEnterprise/grocerycrud/enterprise/src/GroceryCrud/Core/State/DatagridState.php(355): GroceryCrud\Core\Model->getList()
#5 /home/garmaser/www/html/medicina_archivo_docente/app/Libraries/GroceryCrudEnterprise/grocerycrud/enterprise/src/GroceryCrud/Core/State/DatagridState.php(366): GroceryCrud\Core\State\DatagridState->getData()
#6 /home/garmaser/www/html/medicina_archivo_docente/app/Libraries/GroceryCrudEnterprise/grocerycrud/enterprise/src/GroceryCrud/Core/GroceryCrud.php(2642): GroceryCrud\Core\State\DatagridState->render()
#7 /home/garmaser/www/html/medicina_archivo_docente/app/Controllers/ArchivoDocente/Evaluacion.php(81): GroceryCrud\Core\GroceryCrud->render()
#8 /home/garmaser/www/html/medicina_archivo_docente/vendor/codeigniter4/framework/system/CodeIgniter.php(802): App\Controllers\ArchivoDocente\Evaluacion->index()
#9 /home/garmaser/www/html/medicina_archivo_docente/vendor/codeigniter4/framework/system/CodeIgniter.php(399): CodeIgniter\CodeIgniter->runController()
#10 /home/garmaser/www/html/medicina_archivo_docente/vendor/codeigniter4/framework/system/CodeIgniter.php(317): CodeIgniter\CodeIgniter->handleRequest()
#11 /home/garmaser/www/html/medicina_archivo_docente/public/index.php(37): CodeIgniter\CodeIgniter->run()
#12 {main}
CRITICAL - 2022-04-29 19:13:47 --> SQLSTATE[42S22]: Column not found: 1054 Unknown column 'gestion.gestion' in 'order clause'
#0 /home/garmaser/www/html/medicina_archivo_docente/app/Libraries/GroceryCrudEnterprise/zendframework/zend-db/src/Adapter/Driver/Pdo/Connection.php(360): PDO->query()
#1 /home/garmaser/www/html/medicina_archivo_docente/app/Libraries/GroceryCrudEnterprise/zendframework/zend-db/src/Adapter/Adapter.php(190): Zend\Db\Adapter\Driver\Pdo\Connection->execute()
#2 /home/garmaser/www/html/medicina_archivo_docente/app/Libraries/GroceryCrudEnterprise/grocerycrud/enterprise/src/GroceryCrud/Core/Model.php(1131): Zend\Db\Adapter\Adapter->query()
#3 /home/garmaser/www/html/medicina_archivo_docente/app/Libraries/GroceryCrudEnterprise/grocerycrud/enterprise/src/GroceryCrud/Core/Model.php(1393): GroceryCrud\Core\Model->getResultsFromSelect()
#4 /home/garmaser/www/html/medicina_archivo_docente/app/Libraries/GroceryCrudEnterprise/grocerycrud/enterprise/src/GroceryCrud/Core/State/DatagridState.php(355): GroceryCrud\Core\Model->getList()
#5 /home/garmaser/www/html/medicina_archivo_docente/app/Libraries/GroceryCrudEnterprise/grocerycrud/enterprise/src/GroceryCrud/Core/State/DatagridState.php(366): GroceryCrud\Core\State\DatagridState->getData()
#6 /home/garmaser/www/html/medicina_archivo_docente/app/Libraries/GroceryCrudEnterprise/grocerycrud/enterprise/src/GroceryCrud/Core/GroceryCrud.php(2642): GroceryCrud\Core\State\DatagridState->render()
#7 /home/garmaser/www/html/medicina_archivo_docente/app/Controllers/ArchivoDocente/Evaluacion.php(81): GroceryCrud\Core\GroceryCrud->render()
#8 /home/garmaser/www/html/medicina_archivo_docente/vendor/codeigniter4/framework/system/CodeIgniter.php(802): App\Controllers\ArchivoDocente\Evaluacion->index()
#9 /home/garmaser/www/html/medicina_archivo_docente/vendor/codeigniter4/framework/system/CodeIgniter.php(399): CodeIgniter\CodeIgniter->runController()
#10 /home/garmaser/www/html/medicina_archivo_docente/vendor/codeigniter4/framework/system/CodeIgniter.php(317): CodeIgniter\CodeIgniter->handleRequest()
#11 /home/garmaser/www/html/medicina_archivo_docente/public/index.php(37): CodeIgniter\CodeIgniter->run()
#12 {main}
CRITICAL - 2022-04-29 19:16:58 --> SQLSTATE[42000]: Syntax error or access violation: 1064 You have an error in your SQL syntax; check the manual that corresponds to your MariaDB server version for the right syntax to use near '`IN` = '(2017,2018,2019,2020)' ORDER BY `gestion` ASC' at line 1
#0 /home/garmaser/www/html/medicina_archivo_docente/app/Libraries/GroceryCrudEnterprise/zendframework/zend-db/src/Adapter/Driver/Pdo/Connection.php(360): PDO->query()
#1 /home/garmaser/www/html/medicina_archivo_docente/app/Libraries/GroceryCrudEnterprise/zendframework/zend-db/src/Adapter/Adapter.php(190): Zend\Db\Adapter\Driver\Pdo\Connection->execute()
#2 /home/garmaser/www/html/medicina_archivo_docente/app/Libraries/GroceryCrudEnterprise/grocerycrud/enterprise/src/GroceryCrud/Core/Model.php(257): Zend\Db\Adapter\Adapter->query()
#3 /home/garmaser/www/html/medicina_archivo_docente/app/Libraries/GroceryCrudEnterprise/grocerycrud/enterprise/src/GroceryCrud/Core/State/StateAbstract.php(1195): GroceryCrud\Core\Model->getRelationData()
#4 /home/garmaser/www/html/medicina_archivo_docente/app/Libraries/GroceryCrudEnterprise/grocerycrud/enterprise/src/GroceryCrud/Core/State/StateAbstract.php(1292): GroceryCrud\Core\State\StateAbstract->getRelationalData()
#5 /home/garmaser/www/html/medicina_archivo_docente/app/Libraries/GroceryCrudEnterprise/grocerycrud/enterprise/src/GroceryCrud/Core/State/InitialState.php(89): GroceryCrud\Core\State\StateAbstract->getFieldTypes()
#6 /home/garmaser/www/html/medicina_archivo_docente/app/Libraries/GroceryCrudEnterprise/grocerycrud/enterprise/src/GroceryCrud/Core/State/InitialState.php(29): GroceryCrud\Core\State\InitialState->showInitData()
#7 /home/garmaser/www/html/medicina_archivo_docente/app/Libraries/GroceryCrudEnterprise/grocerycrud/enterprise/src/GroceryCrud/Core/GroceryCrud.php(2642): GroceryCrud\Core\State\InitialState->render()
#8 /home/garmaser/www/html/medicina_archivo_docente/app/Controllers/ArchivoDocente/Evaluacion.php(81): GroceryCrud\Core\GroceryCrud->render()
#9 /home/garmaser/www/html/medicina_archivo_docente/vendor/codeigniter4/framework/system/CodeIgniter.php(802): App\Controllers\ArchivoDocente\Evaluacion->index()
#10 /home/garmaser/www/html/medicina_archivo_docente/vendor/codeigniter4/framework/system/CodeIgniter.php(399): CodeIgniter\CodeIgniter->runController()
#11 /home/garmaser/www/html/medicina_archivo_docente/vendor/codeigniter4/framework/system/CodeIgniter.php(317): CodeIgniter\CodeIgniter->handleRequest()
#12 /home/garmaser/www/html/medicina_archivo_docente/public/index.php(37): CodeIgniter\CodeIgniter->run()
#13 {main}
CRITICAL - 2022-04-29 19:26:28 --> SQLSTATE[42000]: Syntax error or access violation: 1064 You have an error in your SQL syntax; check the manual that corresponds to your MariaDB server version for the right syntax to use near '`IN` = '(2017,2018,2019,2020)' ORDER BY `gestion` ASC' at line 1
#0 /home/garmaser/www/html/medicina_archivo_docente/app/Libraries/GroceryCrudEnterprise/zendframework/zend-db/src/Adapter/Driver/Pdo/Connection.php(360): PDO->query()
#1 /home/garmaser/www/html/medicina_archivo_docente/app/Libraries/GroceryCrudEnterprise/zendframework/zend-db/src/Adapter/Adapter.php(190): Zend\Db\Adapter\Driver\Pdo\Connection->execute()
#2 /home/garmaser/www/html/medicina_archivo_docente/app/Libraries/GroceryCrudEnterprise/grocerycrud/enterprise/src/GroceryCrud/Core/Model.php(257): Zend\Db\Adapter\Adapter->query()
#3 /home/garmaser/www/html/medicina_archivo_docente/app/Libraries/GroceryCrudEnterprise/grocerycrud/enterprise/src/GroceryCrud/Core/State/StateAbstract.php(1195): GroceryCrud\Core\Model->getRelationData()
#4 /home/garmaser/www/html/medicina_archivo_docente/app/Libraries/GroceryCrudEnterprise/grocerycrud/enterprise/src/GroceryCrud/Core/State/StateAbstract.php(1292): GroceryCrud\Core\State\StateAbstract->getRelationalData()
#5 /home/garmaser/www/html/medicina_archivo_docente/app/Libraries/GroceryCrudEnterprise/grocerycrud/enterprise/src/GroceryCrud/Core/State/InitialState.php(89): GroceryCrud\Core\State\StateAbstract->getFieldTypes()
#6 /home/garmaser/www/html/medicina_archivo_docente/app/Libraries/GroceryCrudEnterprise/grocerycrud/enterprise/src/GroceryCrud/Core/State/InitialState.php(29): GroceryCrud\Core\State\InitialState->showInitData()
#7 /home/garmaser/www/html/medicina_archivo_docente/app/Libraries/GroceryCrudEnterprise/grocerycrud/enterprise/src/GroceryCrud/Core/GroceryCrud.php(2642): GroceryCrud\Core\State\InitialState->render()
#8 /home/garmaser/www/html/medicina_archivo_docente/app/Controllers/ArchivoDocente/Evaluacion.php(81): GroceryCrud\Core\GroceryCrud->render()
#9 /home/garmaser/www/html/medicina_archivo_docente/vendor/codeigniter4/framework/system/CodeIgniter.php(802): App\Controllers\ArchivoDocente\Evaluacion->index()
#10 /home/garmaser/www/html/medicina_archivo_docente/vendor/codeigniter4/framework/system/CodeIgniter.php(399): CodeIgniter\CodeIgniter->runController()
#11 /home/garmaser/www/html/medicina_archivo_docente/vendor/codeigniter4/framework/system/CodeIgniter.php(317): CodeIgniter\CodeIgniter->handleRequest()
#12 /home/garmaser/www/html/medicina_archivo_docente/public/index.php(37): CodeIgniter\CodeIgniter->run()
#13 {main}
CRITICAL - 2022-04-29 19:29:57 --> SQLSTATE[42000]: Syntax error or access violation: 1064 You have an error in your SQL syntax; check the manual that corresponds to your MariaDB server version for the right syntax to use near '`IN``(` = '2017,2018,2019,2020)' ORDER BY `gestion` ASC' at line 1
#0 /home/garmaser/www/html/medicina_archivo_docente/app/Libraries/GroceryCrudEnterprise/zendframework/zend-db/src/Adapter/Driver/Pdo/Connection.php(360): PDO->query()
#1 /home/garmaser/www/html/medicina_archivo_docente/app/Libraries/GroceryCrudEnterprise/zendframework/zend-db/src/Adapter/Adapter.php(190): Zend\Db\Adapter\Driver\Pdo\Connection->execute()
#2 /home/garmaser/www/html/medicina_archivo_docente/app/Libraries/GroceryCrudEnterprise/grocerycrud/enterprise/src/GroceryCrud/Core/Model.php(257): Zend\Db\Adapter\Adapter->query()
#3 /home/garmaser/www/html/medicina_archivo_docente/app/Libraries/GroceryCrudEnterprise/grocerycrud/enterprise/src/GroceryCrud/Core/State/StateAbstract.php(1195): GroceryCrud\Core\Model->getRelationData()
#4 /home/garmaser/www/html/medicina_archivo_docente/app/Libraries/GroceryCrudEnterprise/grocerycrud/enterprise/src/GroceryCrud/Core/State/StateAbstract.php(1292): GroceryCrud\Core\State\StateAbstract->getRelationalData()
#5 /home/garmaser/www/html/medicina_archivo_docente/app/Libraries/GroceryCrudEnterprise/grocerycrud/enterprise/src/GroceryCrud/Core/State/InitialState.php(89): GroceryCrud\Core\State\StateAbstract->getFieldTypes()
#6 /home/garmaser/www/html/medicina_archivo_docente/app/Libraries/GroceryCrudEnterprise/grocerycrud/enterprise/src/GroceryCrud/Core/State/InitialState.php(29): GroceryCrud\Core\State\InitialState->showInitData()
#7 /home/garmaser/www/html/medicina_archivo_docente/app/Libraries/GroceryCrudEnterprise/grocerycrud/enterprise/src/GroceryCrud/Core/GroceryCrud.php(2642): GroceryCrud\Core\State\InitialState->render()
#8 /home/garmaser/www/html/medicina_archivo_docente/app/Controllers/ArchivoDocente/Evaluacion.php(81): GroceryCrud\Core\GroceryCrud->render()
#9 /home/garmaser/www/html/medicina_archivo_docente/vendor/codeigniter4/framework/system/CodeIgniter.php(802): App\Controllers\ArchivoDocente\Evaluacion->index()
#10 /home/garmaser/www/html/medicina_archivo_docente/vendor/codeigniter4/framework/system/CodeIgniter.php(399): CodeIgniter\CodeIgniter->runController()
#11 /home/garmaser/www/html/medicina_archivo_docente/vendor/codeigniter4/framework/system/CodeIgniter.php(317): CodeIgniter\CodeIgniter->handleRequest()
#12 /home/garmaser/www/html/medicina_archivo_docente/public/index.php(37): CodeIgniter\CodeIgniter->run()
#13 {main}
CRITICAL - 2022-04-29 19:32:57 --> syntax error, unexpected ']', expecting ')'
#0 /home/garmaser/www/html/medicina_archivo_docente/vendor/codeigniter4/framework/system/Autoloader/Autoloader.php(241): CodeIgniter\Autoloader\Autoloader->includeFile()
#1 /home/garmaser/www/html/medicina_archivo_docente/vendor/codeigniter4/framework/system/Autoloader/Autoloader.php(219): CodeIgniter\Autoloader\Autoloader->loadInNamespace()
#2 [internal function]: CodeIgniter\Autoloader\Autoloader->loadClass()
#3 [internal function]: spl_autoload_call()
#4 /home/garmaser/www/html/medicina_archivo_docente/vendor/codeigniter4/framework/system/CodeIgniter.php(767): class_exists()
#5 /home/garmaser/www/html/medicina_archivo_docente/vendor/codeigniter4/framework/system/CodeIgniter.php(386): CodeIgniter\CodeIgniter->startController()
#6 /home/garmaser/www/html/medicina_archivo_docente/vendor/codeigniter4/framework/system/CodeIgniter.php(317): CodeIgniter\CodeIgniter->handleRequest()
#7 /home/garmaser/www/html/medicina_archivo_docente/public/index.php(37): CodeIgniter\CodeIgniter->run()
#8 {main}
CRITICAL - 2022-04-29 20:20:07 --> Statement could not be executed (22001 - 1406 - Data too long for column 'evaluacion_archivo_digital' at row 1)
#0 /home/garmaser/www/html/medicina_archivo_docente/app/Libraries/GroceryCrudEnterprise/grocerycrud/enterprise/src/GroceryCrud/Core/Model.php(573): Zend\Db\Adapter\Driver\Pdo\Statement->execute()
#1 /home/garmaser/www/html/medicina_archivo_docente/app/Libraries/GroceryCrudEnterprise/grocerycrud/enterprise/src/GroceryCrud/Core/State/UpdateState.php(91): GroceryCrud\Core\Model->update()
#2 /home/garmaser/www/html/medicina_archivo_docente/app/Libraries/GroceryCrudEnterprise/grocerycrud/enterprise/src/GroceryCrud/Core/State/StateAbstract.php(1009): GroceryCrud\Core\State\UpdateState->GroceryCrud\Core\State\{closure}()
#3 /home/garmaser/www/html/medicina_archivo_docente/app/Libraries/GroceryCrudEnterprise/grocerycrud/enterprise/src/GroceryCrud/Core/State/StateAbstract.php(334): GroceryCrud\Core\State\StateAbstract->stateOperation()
#4 /home/garmaser/www/html/medicina_archivo_docente/app/Libraries/GroceryCrudEnterprise/grocerycrud/enterprise/src/GroceryCrud/Core/State/UpdateState.php(98): GroceryCrud\Core\State\StateAbstract->stateOperationWithCallbacks()
#5 /home/garmaser/www/html/medicina_archivo_docente/app/Libraries/GroceryCrudEnterprise/grocerycrud/enterprise/src/GroceryCrud/Core/GroceryCrud.php(2642): GroceryCrud\Core\State\UpdateState->render()
#6 /home/garmaser/www/html/medicina_archivo_docente/app/Controllers/ArchivoDocente/Evaluacion.php(81): GroceryCrud\Core\GroceryCrud->render()
#7 /home/garmaser/www/html/medicina_archivo_docente/vendor/codeigniter4/framework/system/CodeIgniter.php(802): App\Controllers\ArchivoDocente\Evaluacion->index()
#8 /home/garmaser/www/html/medicina_archivo_docente/vendor/codeigniter4/framework/system/CodeIgniter.php(399): CodeIgniter\CodeIgniter->runController()
#9 /home/garmaser/www/html/medicina_archivo_docente/vendor/codeigniter4/framework/system/CodeIgniter.php(317): CodeIgniter\CodeIgniter->handleRequest()
#10 /home/garmaser/www/html/medicina_archivo_docente/public/index.php(37): CodeIgniter\CodeIgniter->run()
#11 {main}
CRITICAL - 2022-04-29 20:24:48 --> Statement could not be executed (HY000 - 1364 - Field 'persona_id' doesn't have a default value)
#0 /home/garmaser/www/html/medicina_archivo_docente/app/Libraries/GroceryCrudEnterprise/grocerycrud/enterprise/src/GroceryCrud/Core/Model.php(517): Zend\Db\Adapter\Driver\Pdo\Statement->execute()
#1 /home/garmaser/www/html/medicina_archivo_docente/app/Libraries/GroceryCrudEnterprise/grocerycrud/enterprise/src/GroceryCrud/Core/State/InsertState.php(85): GroceryCrud\Core\Model->insert()
#2 /home/garmaser/www/html/medicina_archivo_docente/app/Libraries/GroceryCrudEnterprise/grocerycrud/enterprise/src/GroceryCrud/Core/State/StateAbstract.php(1009): GroceryCrud\Core\State\InsertState->GroceryCrud\Core\State\{closure}()
#3 /home/garmaser/www/html/medicina_archivo_docente/app/Libraries/GroceryCrudEnterprise/grocerycrud/enterprise/src/GroceryCrud/Core/State/StateAbstract.php(334): GroceryCrud\Core\State\StateAbstract->stateOperation()
#4 /home/garmaser/www/html/medicina_archivo_docente/app/Libraries/GroceryCrudEnterprise/grocerycrud/enterprise/src/GroceryCrud/Core/State/InsertState.php(95): GroceryCrud\Core\State\StateAbstract->stateOperationWithCallbacks()
#5 /home/garmaser/www/html/medicina_archivo_docente/app/Libraries/GroceryCrudEnterprise/grocerycrud/enterprise/src/GroceryCrud/Core/GroceryCrud.php(2642): GroceryCrud\Core\State\InsertState->render()
#6 /home/garmaser/www/html/medicina_archivo_docente/app/Controllers/ArchivoDocente/Titulo.php(49): GroceryCrud\Core\GroceryCrud->render()
#7 /home/garmaser/www/html/medicina_archivo_docente/vendor/codeigniter4/framework/system/CodeIgniter.php(802): App\Controllers\ArchivoDocente\Titulo->index()
#8 /home/garmaser/www/html/medicina_archivo_docente/vendor/codeigniter4/framework/system/CodeIgniter.php(399): CodeIgniter\CodeIgniter->runController()
#9 /home/garmaser/www/html/medicina_archivo_docente/vendor/codeigniter4/framework/system/CodeIgniter.php(317): CodeIgniter\CodeIgniter->handleRequest()
#10 /home/garmaser/www/html/medicina_archivo_docente/public/index.php(37): CodeIgniter\CodeIgniter->run()
#11 {main}
CRITICAL - 2022-04-29 20:24:56 --> Statement could not be executed (HY000 - 1364 - Field 'persona_id' doesn't have a default value)
#0 /home/garmaser/www/html/medicina_archivo_docente/app/Libraries/GroceryCrudEnterprise/grocerycrud/enterprise/src/GroceryCrud/Core/Model.php(517): Zend\Db\Adapter\Driver\Pdo\Statement->execute()
#1 /home/garmaser/www/html/medicina_archivo_docente/app/Libraries/GroceryCrudEnterprise/grocerycrud/enterprise/src/GroceryCrud/Core/State/InsertState.php(85): GroceryCrud\Core\Model->insert()
#2 /home/garmaser/www/html/medicina_archivo_docente/app/Libraries/GroceryCrudEnterprise/grocerycrud/enterprise/src/GroceryCrud/Core/State/StateAbstract.php(1009): GroceryCrud\Core\State\InsertState->GroceryCrud\Core\State\{closure}()
#3 /home/garmaser/www/html/medicina_archivo_docente/app/Libraries/GroceryCrudEnterprise/grocerycrud/enterprise/src/GroceryCrud/Core/State/StateAbstract.php(334): GroceryCrud\Core\State\StateAbstract->stateOperation()
#4 /home/garmaser/www/html/medicina_archivo_docente/app/Libraries/GroceryCrudEnterprise/grocerycrud/enterprise/src/GroceryCrud/Core/State/InsertState.php(95): GroceryCrud\Core\State\StateAbstract->stateOperationWithCallbacks()
#5 /home/garmaser/www/html/medicina_archivo_docente/app/Libraries/GroceryCrudEnterprise/grocerycrud/enterprise/src/GroceryCrud/Core/GroceryCrud.php(2642): GroceryCrud\Core\State\InsertState->render()
#6 /home/garmaser/www/html/medicina_archivo_docente/app/Controllers/ArchivoDocente/Titulo.php(49): GroceryCrud\Core\GroceryCrud->render()
#7 /home/garmaser/www/html/medicina_archivo_docente/vendor/codeigniter4/framework/system/CodeIgniter.php(802): App\Controllers\ArchivoDocente\Titulo->index()
#8 /home/garmaser/www/html/medicina_archivo_docente/vendor/codeigniter4/framework/system/CodeIgniter.php(399): CodeIgniter\CodeIgniter->runController()
#9 /home/garmaser/www/html/medicina_archivo_docente/vendor/codeigniter4/framework/system/CodeIgniter.php(317): CodeIgniter\CodeIgniter->handleRequest()
#10 /home/garmaser/www/html/medicina_archivo_docente/public/index.php(37): CodeIgniter\CodeIgniter->run()
#11 {main}
CRITICAL - 2022-04-29 20:25:09 --> Statement could not be executed (HY000 - 1364 - Field 'persona_id' doesn't have a default value)
#0 /home/garmaser/www/html/medicina_archivo_docente/app/Libraries/GroceryCrudEnterprise/grocerycrud/enterprise/src/GroceryCrud/Core/Model.php(517): Zend\Db\Adapter\Driver\Pdo\Statement->execute()
#1 /home/garmaser/www/html/medicina_archivo_docente/app/Libraries/GroceryCrudEnterprise/grocerycrud/enterprise/src/GroceryCrud/Core/State/InsertState.php(85): GroceryCrud\Core\Model->insert()
#2 /home/garmaser/www/html/medicina_archivo_docente/app/Libraries/GroceryCrudEnterprise/grocerycrud/enterprise/src/GroceryCrud/Core/State/StateAbstract.php(1009): GroceryCrud\Core\State\InsertState->GroceryCrud\Core\State\{closure}()
#3 /home/garmaser/www/html/medicina_archivo_docente/app/Libraries/GroceryCrudEnterprise/grocerycrud/enterprise/src/GroceryCrud/Core/State/StateAbstract.php(334): GroceryCrud\Core\State\StateAbstract->stateOperation()
#4 /home/garmaser/www/html/medicina_archivo_docente/app/Libraries/GroceryCrudEnterprise/grocerycrud/enterprise/src/GroceryCrud/Core/State/InsertState.php(95): GroceryCrud\Core\State\StateAbstract->stateOperationWithCallbacks()
#5 /home/garmaser/www/html/medicina_archivo_docente/app/Libraries/GroceryCrudEnterprise/grocerycrud/enterprise/src/GroceryCrud/Core/GroceryCrud.php(2642): GroceryCrud\Core\State\InsertState->render()
#6 /home/garmaser/www/html/medicina_archivo_docente/app/Controllers/ArchivoDocente/Titulo.php(49): GroceryCrud\Core\GroceryCrud->render()
#7 /home/garmaser/www/html/medicina_archivo_docente/vendor/codeigniter4/framework/system/CodeIgniter.php(802): App\Controllers\ArchivoDocente\Titulo->index()
#8 /home/garmaser/www/html/medicina_archivo_docente/vendor/codeigniter4/framework/system/CodeIgniter.php(399): CodeIgniter\CodeIgniter->runController()
#9 /home/garmaser/www/html/medicina_archivo_docente/vendor/codeigniter4/framework/system/CodeIgniter.php(317): CodeIgniter\CodeIgniter->handleRequest()
#10 /home/garmaser/www/html/medicina_archivo_docente/public/index.php(37): CodeIgniter\CodeIgniter->run()
#11 {main}
CRITICAL - 2022-04-29 20:25:20 --> Statement could not be executed (HY000 - 1364 - Field 'persona_id' doesn't have a default value)
#0 /home/garmaser/www/html/medicina_archivo_docente/app/Libraries/GroceryCrudEnterprise/grocerycrud/enterprise/src/GroceryCrud/Core/Model.php(517): Zend\Db\Adapter\Driver\Pdo\Statement->execute()
#1 /home/garmaser/www/html/medicina_archivo_docente/app/Libraries/GroceryCrudEnterprise/grocerycrud/enterprise/src/GroceryCrud/Core/State/InsertState.php(85): GroceryCrud\Core\Model->insert()
#2 /home/garmaser/www/html/medicina_archivo_docente/app/Libraries/GroceryCrudEnterprise/grocerycrud/enterprise/src/GroceryCrud/Core/State/StateAbstract.php(1009): GroceryCrud\Core\State\InsertState->GroceryCrud\Core\State\{closure}()
#3 /home/garmaser/www/html/medicina_archivo_docente/app/Libraries/GroceryCrudEnterprise/grocerycrud/enterprise/src/GroceryCrud/Core/State/StateAbstract.php(334): GroceryCrud\Core\State\StateAbstract->stateOperation()
#4 /home/garmaser/www/html/medicina_archivo_docente/app/Libraries/GroceryCrudEnterprise/grocerycrud/enterprise/src/GroceryCrud/Core/State/InsertState.php(95): GroceryCrud\Core\State\StateAbstract->stateOperationWithCallbacks()
#5 /home/garmaser/www/html/medicina_archivo_docente/app/Libraries/GroceryCrudEnterprise/grocerycrud/enterprise/src/GroceryCrud/Core/GroceryCrud.php(2642): GroceryCrud\Core\State\InsertState->render()
#6 /home/garmaser/www/html/medicina_archivo_docente/app/Controllers/ArchivoDocente/Titulo.php(49): GroceryCrud\Core\GroceryCrud->render()
#7 /home/garmaser/www/html/medicina_archivo_docente/vendor/codeigniter4/framework/system/CodeIgniter.php(802): App\Controllers\ArchivoDocente\Titulo->index()
#8 /home/garmaser/www/html/medicina_archivo_docente/vendor/codeigniter4/framework/system/CodeIgniter.php(399): CodeIgniter\CodeIgniter->runController()
#9 /home/garmaser/www/html/medicina_archivo_docente/vendor/codeigniter4/framework/system/CodeIgniter.php(317): CodeIgniter\CodeIgniter->handleRequest()
#10 /home/garmaser/www/html/medicina_archivo_docente/public/index.php(37): CodeIgniter\CodeIgniter->run()
#11 {main}
CRITICAL - 2022-04-29 20:25:30 --> Statement could not be executed (HY000 - 1364 - Field 'persona_id' doesn't have a default value)
#0 /home/garmaser/www/html/medicina_archivo_docente/app/Libraries/GroceryCrudEnterprise/grocerycrud/enterprise/src/GroceryCrud/Core/Model.php(517): Zend\Db\Adapter\Driver\Pdo\Statement->execute()
#1 /home/garmaser/www/html/medicina_archivo_docente/app/Libraries/GroceryCrudEnterprise/grocerycrud/enterprise/src/GroceryCrud/Core/State/InsertState.php(85): GroceryCrud\Core\Model->insert()
#2 /home/garmaser/www/html/medicina_archivo_docente/app/Libraries/GroceryCrudEnterprise/grocerycrud/enterprise/src/GroceryCrud/Core/State/StateAbstract.php(1009): GroceryCrud\Core\State\InsertState->GroceryCrud\Core\State\{closure}()
#3 /home/garmaser/www/html/medicina_archivo_docente/app/Libraries/GroceryCrudEnterprise/grocerycrud/enterprise/src/GroceryCrud/Core/State/StateAbstract.php(334): GroceryCrud\Core\State\StateAbstract->stateOperation()
#4 /home/garmaser/www/html/medicina_archivo_docente/app/Libraries/GroceryCrudEnterprise/grocerycrud/enterprise/src/GroceryCrud/Core/State/InsertState.php(95): GroceryCrud\Core\State\StateAbstract->stateOperationWithCallbacks()
#5 /home/garmaser/www/html/medicina_archivo_docente/app/Libraries/GroceryCrudEnterprise/grocerycrud/enterprise/src/GroceryCrud/Core/GroceryCrud.php(2642): GroceryCrud\Core\State\InsertState->render()
#6 /home/garmaser/www/html/medicina_archivo_docente/app/Controllers/ArchivoDocente/Titulo.php(49): GroceryCrud\Core\GroceryCrud->render()
#7 /home/garmaser/www/html/medicina_archivo_docente/vendor/codeigniter4/framework/system/CodeIgniter.php(802): App\Controllers\ArchivoDocente\Titulo->index()
#8 /home/garmaser/www/html/medicina_archivo_docente/vendor/codeigniter4/framework/system/CodeIgniter.php(399): CodeIgniter\CodeIgniter->runController()
#9 /home/garmaser/www/html/medicina_archivo_docente/vendor/codeigniter4/framework/system/CodeIgniter.php(317): CodeIgniter\CodeIgniter->handleRequest()
#10 /home/garmaser/www/html/medicina_archivo_docente/public/index.php(37): CodeIgniter\CodeIgniter->run()
#11 {main}
CRITICAL - 2022-04-29 20:25:54 --> Statement could not be executed (HY000 - 1364 - Field 'persona_id' doesn't have a default value)
#0 /home/garmaser/www/html/medicina_archivo_docente/app/Libraries/GroceryCrudEnterprise/grocerycrud/enterprise/src/GroceryCrud/Core/Model.php(517): Zend\Db\Adapter\Driver\Pdo\Statement->execute()
#1 /home/garmaser/www/html/medicina_archivo_docente/app/Libraries/GroceryCrudEnterprise/grocerycrud/enterprise/src/GroceryCrud/Core/State/InsertState.php(85): GroceryCrud\Core\Model->insert()
#2 /home/garmaser/www/html/medicina_archivo_docente/app/Libraries/GroceryCrudEnterprise/grocerycrud/enterprise/src/GroceryCrud/Core/State/StateAbstract.php(1009): GroceryCrud\Core\State\InsertState->GroceryCrud\Core\State\{closure}()
#3 /home/garmaser/www/html/medicina_archivo_docente/app/Libraries/GroceryCrudEnterprise/grocerycrud/enterprise/src/GroceryCrud/Core/State/StateAbstract.php(334): GroceryCrud\Core\State\StateAbstract->stateOperation()
#4 /home/garmaser/www/html/medicina_archivo_docente/app/Libraries/GroceryCrudEnterprise/grocerycrud/enterprise/src/GroceryCrud/Core/State/InsertState.php(95): GroceryCrud\Core\State\StateAbstract->stateOperationWithCallbacks()
#5 /home/garmaser/www/html/medicina_archivo_docente/app/Libraries/GroceryCrudEnterprise/grocerycrud/enterprise/src/GroceryCrud/Core/GroceryCrud.php(2642): GroceryCrud\Core\State\InsertState->render()
#6 /home/garmaser/www/html/medicina_archivo_docente/app/Controllers/ArchivoDocente/Titulo.php(49): GroceryCrud\Core\GroceryCrud->render()
#7 /home/garmaser/www/html/medicina_archivo_docente/vendor/codeigniter4/framework/system/CodeIgniter.php(802): App\Controllers\ArchivoDocente\Titulo->index()
#8 /home/garmaser/www/html/medicina_archivo_docente/vendor/codeigniter4/framework/system/CodeIgniter.php(399): CodeIgniter\CodeIgniter->runController()
#9 /home/garmaser/www/html/medicina_archivo_docente/vendor/codeigniter4/framework/system/CodeIgniter.php(317): CodeIgniter\CodeIgniter->handleRequest()
#10 /home/garmaser/www/html/medicina_archivo_docente/public/index.php(37): CodeIgniter\CodeIgniter->run()
#11 {main}
CRITICAL - 2022-04-29 20:26:34 --> Statement could not be executed (HY000 - 1364 - Field 'persona_id' doesn't have a default value)
#0 /home/garmaser/www/html/medicina_archivo_docente/app/Libraries/GroceryCrudEnterprise/grocerycrud/enterprise/src/GroceryCrud/Core/Model.php(517): Zend\Db\Adapter\Driver\Pdo\Statement->execute()
#1 /home/garmaser/www/html/medicina_archivo_docente/app/Libraries/GroceryCrudEnterprise/grocerycrud/enterprise/src/GroceryCrud/Core/State/InsertState.php(85): GroceryCrud\Core\Model->insert()
#2 /home/garmaser/www/html/medicina_archivo_docente/app/Libraries/GroceryCrudEnterprise/grocerycrud/enterprise/src/GroceryCrud/Core/State/StateAbstract.php(1009): GroceryCrud\Core\State\InsertState->GroceryCrud\Core\State\{closure}()
#3 /home/garmaser/www/html/medicina_archivo_docente/app/Libraries/GroceryCrudEnterprise/grocerycrud/enterprise/src/GroceryCrud/Core/State/StateAbstract.php(334): GroceryCrud\Core\State\StateAbstract->stateOperation()
#4 /home/garmaser/www/html/medicina_archivo_docente/app/Libraries/GroceryCrudEnterprise/grocerycrud/enterprise/src/GroceryCrud/Core/State/InsertState.php(95): GroceryCrud\Core\State\StateAbstract->stateOperationWithCallbacks()
#5 /home/garmaser/www/html/medicina_archivo_docente/app/Libraries/GroceryCrudEnterprise/grocerycrud/enterprise/src/GroceryCrud/Core/GroceryCrud.php(2642): GroceryCrud\Core\State\InsertState->render()
#6 /home/garmaser/www/html/medicina_archivo_docente/app/Controllers/ArchivoDocente/Titulo.php(49): GroceryCrud\Core\GroceryCrud->render()
#7 /home/garmaser/www/html/medicina_archivo_docente/vendor/codeigniter4/framework/system/CodeIgniter.php(802): App\Controllers\ArchivoDocente\Titulo->index()
#8 /home/garmaser/www/html/medicina_archivo_docente/vendor/codeigniter4/framework/system/CodeIgniter.php(399): CodeIgniter\CodeIgniter->runController()
#9 /home/garmaser/www/html/medicina_archivo_docente/vendor/codeigniter4/framework/system/CodeIgniter.php(317): CodeIgniter\CodeIgniter->handleRequest()
#10 /home/garmaser/www/html/medicina_archivo_docente/public/index.php(37): CodeIgniter\CodeIgniter->run()
#11 {main}
CRITICAL - 2022-04-29 20:26:39 --> Statement could not be executed (HY000 - 1364 - Field 'persona_id' doesn't have a default value)
#0 /home/garmaser/www/html/medicina_archivo_docente/app/Libraries/GroceryCrudEnterprise/grocerycrud/enterprise/src/GroceryCrud/Core/Model.php(517): Zend\Db\Adapter\Driver\Pdo\Statement->execute()
#1 /home/garmaser/www/html/medicina_archivo_docente/app/Libraries/GroceryCrudEnterprise/grocerycrud/enterprise/src/GroceryCrud/Core/State/InsertState.php(85): GroceryCrud\Core\Model->insert()
#2 /home/garmaser/www/html/medicina_archivo_docente/app/Libraries/GroceryCrudEnterprise/grocerycrud/enterprise/src/GroceryCrud/Core/State/StateAbstract.php(1009): GroceryCrud\Core\State\InsertState->GroceryCrud\Core\State\{closure}()
#3 /home/garmaser/www/html/medicina_archivo_docente/app/Libraries/GroceryCrudEnterprise/grocerycrud/enterprise/src/GroceryCrud/Core/State/StateAbstract.php(334): GroceryCrud\Core\State\StateAbstract->stateOperation()
#4 /home/garmaser/www/html/medicina_archivo_docente/app/Libraries/GroceryCrudEnterprise/grocerycrud/enterprise/src/GroceryCrud/Core/State/InsertState.php(95): GroceryCrud\Core\State\StateAbstract->stateOperationWithCallbacks()
#5 /home/garmaser/www/html/medicina_archivo_docente/app/Libraries/GroceryCrudEnterprise/grocerycrud/enterprise/src/GroceryCrud/Core/GroceryCrud.php(2642): GroceryCrud\Core\State\InsertState->render()
#6 /home/garmaser/www/html/medicina_archivo_docente/app/Controllers/ArchivoDocente/Titulo.php(49): GroceryCrud\Core\GroceryCrud->render()
#7 /home/garmaser/www/html/medicina_archivo_docente/vendor/codeigniter4/framework/system/CodeIgniter.php(802): App\Controllers\ArchivoDocente\Titulo->index()
#8 /home/garmaser/www/html/medicina_archivo_docente/vendor/codeigniter4/framework/system/CodeIgniter.php(399): CodeIgniter\CodeIgniter->runController()
#9 /home/garmaser/www/html/medicina_archivo_docente/vendor/codeigniter4/framework/system/CodeIgniter.php(317): CodeIgniter\CodeIgniter->handleRequest()
#10 /home/garmaser/www/html/medicina_archivo_docente/public/index.php(37): CodeIgniter\CodeIgniter->run()
#11 {main}
