CRITICAL - 2021-10-04 07:46:21 --> Trying to access array offset on value of type bool
#0 /home/garmaser/www/html/sac-prusuf/app/Libraries/GroceryCrudEnterprise/grocerycrud/enterprise/src/GroceryCrud/Core/Model.php(317): CodeIgniter\Debug\Exceptions->errorHandler()
#1 /home/garmaser/www/html/sac-prusuf/app/Libraries/GroceryCrudEnterprise/grocerycrud/enterprise/src/GroceryCrud/Core/Model.php(292): GroceryCrud\Core\Model->_getPrimaryKey()
#2 /home/garmaser/www/html/sac-prusuf/app/Libraries/GroceryCrudEnterprise/grocerycrud/enterprise/src/GroceryCrud/Core/State/StateAbstract.php(1076): GroceryCrud\Core\Model->getPrimaryKeyField()
#3 /home/garmaser/www/html/sac-prusuf/app/Libraries/GroceryCrudEnterprise/grocerycrud/enterprise/src/GroceryCrud/Core/State/StateAbstract.php(1090): GroceryCrud\Core\State\StateAbstract->getPrimaryKeyName()
#4 /home/garmaser/www/html/sac-prusuf/app/Libraries/GroceryCrudEnterprise/grocerycrud/enterprise/src/GroceryCrud/Core/State/StateAbstract.php(1669): GroceryCrud\Core\State\StateAbstract->removePrimaryKeyFromList()
#5 /home/garmaser/www/html/sac-prusuf/app/Libraries/GroceryCrudEnterprise/grocerycrud/enterprise/src/GroceryCrud/Core/State/InitialState.php(71): GroceryCrud\Core\State\StateAbstract->transformFieldsList()
#6 /home/garmaser/www/html/sac-prusuf/app/Libraries/GroceryCrudEnterprise/grocerycrud/enterprise/src/GroceryCrud/Core/State/InitialState.php(29): GroceryCrud\Core\State\InitialState->showInitData()
#7 /home/garmaser/www/html/sac-prusuf/app/Libraries/GroceryCrudEnterprise/grocerycrud/enterprise/src/GroceryCrud/Core/GroceryCrud.php(2642): GroceryCrud\Core\State\InitialState->render()
#8 /home/garmaser/www/html/sac-prusuf/app/Controllers/Example.php(45): GroceryCrud\Core\GroceryCrud->render()
#9 /home/garmaser/www/html/sac-prusuf/vendor/codeigniter4/framework/system/CodeIgniter.php(802): App\Controllers\Example->postulante()
#10 /home/garmaser/www/html/sac-prusuf/vendor/codeigniter4/framework/system/CodeIgniter.php(399): CodeIgniter\CodeIgniter->runController()
#11 /home/garmaser/www/html/sac-prusuf/vendor/codeigniter4/framework/system/CodeIgniter.php(317): CodeIgniter\CodeIgniter->handleRequest()
#12 /home/garmaser/www/html/sac-prusuf/public/index.php(37): CodeIgniter\CodeIgniter->run()
#13 {main}
CRITICAL - 2021-10-04 07:47:15 --> Too few arguments to function GroceryCrud\Core\GroceryCrud::setPrimaryKey(), 1 passed in /home/garmaser/www/html/sac-prusuf/app/Controllers/Example.php on line 43 and exactly 2 expected
#0 /home/garmaser/www/html/sac-prusuf/app/Controllers/Example.php(43): GroceryCrud\Core\GroceryCrud->setPrimaryKey()
#1 /home/garmaser/www/html/sac-prusuf/vendor/codeigniter4/framework/system/CodeIgniter.php(802): App\Controllers\Example->postulante()
#2 /home/garmaser/www/html/sac-prusuf/vendor/codeigniter4/framework/system/CodeIgniter.php(399): CodeIgniter\CodeIgniter->runController()
#3 /home/garmaser/www/html/sac-prusuf/vendor/codeigniter4/framework/system/CodeIgniter.php(317): CodeIgniter\CodeIgniter->handleRequest()
#4 /home/garmaser/www/html/sac-prusuf/public/index.php(37): CodeIgniter\CodeIgniter->run()
#5 {main}
CRITICAL - 2021-10-04 07:50:41 --> Trying to access array offset on value of type bool
#0 /home/garmaser/www/html/sac-prusuf/app/Libraries/GroceryCrudEnterprise/grocerycrud/enterprise/src/GroceryCrud/Core/Model.php(317): CodeIgniter\Debug\Exceptions->errorHandler()
#1 /home/garmaser/www/html/sac-prusuf/app/Libraries/GroceryCrudEnterprise/grocerycrud/enterprise/src/GroceryCrud/Core/Model.php(292): GroceryCrud\Core\Model->_getPrimaryKey()
#2 /home/garmaser/www/html/sac-prusuf/app/Libraries/GroceryCrudEnterprise/grocerycrud/enterprise/src/GroceryCrud/Core/State/StateAbstract.php(1076): GroceryCrud\Core\Model->getPrimaryKeyField()
#3 /home/garmaser/www/html/sac-prusuf/app/Libraries/GroceryCrudEnterprise/grocerycrud/enterprise/src/GroceryCrud/Core/State/StateAbstract.php(1090): GroceryCrud\Core\State\StateAbstract->getPrimaryKeyName()
#4 /home/garmaser/www/html/sac-prusuf/app/Libraries/GroceryCrudEnterprise/grocerycrud/enterprise/src/GroceryCrud/Core/State/AddFormState.php(89): GroceryCrud\Core\State\StateAbstract->removePrimaryKeyFromList()
#5 /home/garmaser/www/html/sac-prusuf/app/Libraries/GroceryCrudEnterprise/grocerycrud/enterprise/src/GroceryCrud/Core/State/AddFormState.php(54): GroceryCrud\Core\State\AddFormState->getAddFormFields()
#6 /home/garmaser/www/html/sac-prusuf/app/Libraries/GroceryCrudEnterprise/grocerycrud/enterprise/src/GroceryCrud/Core/GroceryCrud.php(2642): GroceryCrud\Core\State\AddFormState->render()
#7 /home/garmaser/www/html/sac-prusuf/app/Controllers/Example.php(46): GroceryCrud\Core\GroceryCrud->render()
#8 /home/garmaser/www/html/sac-prusuf/vendor/codeigniter4/framework/system/CodeIgniter.php(802): App\Controllers\Example->postulante()
#9 /home/garmaser/www/html/sac-prusuf/vendor/codeigniter4/framework/system/CodeIgniter.php(399): CodeIgniter\CodeIgniter->runController()
#10 /home/garmaser/www/html/sac-prusuf/vendor/codeigniter4/framework/system/CodeIgniter.php(317): CodeIgniter\CodeIgniter->handleRequest()
#11 /home/garmaser/www/html/sac-prusuf/public/index.php(37): CodeIgniter\CodeIgniter->run()
#12 {main}
CRITICAL - 2021-10-04 07:52:08 --> Trying to access array offset on value of type bool
#0 /home/garmaser/www/html/sac-prusuf/app/Libraries/GroceryCrudEnterprise/grocerycrud/enterprise/src/GroceryCrud/Core/Model.php(317): CodeIgniter\Debug\Exceptions->errorHandler()
#1 /home/garmaser/www/html/sac-prusuf/app/Libraries/GroceryCrudEnterprise/grocerycrud/enterprise/src/GroceryCrud/Core/Model.php(292): GroceryCrud\Core\Model->_getPrimaryKey()
#2 /home/garmaser/www/html/sac-prusuf/app/Libraries/GroceryCrudEnterprise/grocerycrud/enterprise/src/GroceryCrud/Core/State/StateAbstract.php(1076): GroceryCrud\Core\Model->getPrimaryKeyField()
#3 /home/garmaser/www/html/sac-prusuf/app/Libraries/GroceryCrudEnterprise/grocerycrud/enterprise/src/GroceryCrud/Core/State/StateAbstract.php(1090): GroceryCrud\Core\State\StateAbstract->getPrimaryKeyName()
#4 /home/garmaser/www/html/sac-prusuf/app/Libraries/GroceryCrudEnterprise/grocerycrud/enterprise/src/GroceryCrud/Core/State/AddFormState.php(89): GroceryCrud\Core\State\StateAbstract->removePrimaryKeyFromList()
#5 /home/garmaser/www/html/sac-prusuf/app/Libraries/GroceryCrudEnterprise/grocerycrud/enterprise/src/GroceryCrud/Core/State/AddFormState.php(54): GroceryCrud\Core\State\AddFormState->getAddFormFields()
#6 /home/garmaser/www/html/sac-prusuf/app/Libraries/GroceryCrudEnterprise/grocerycrud/enterprise/src/GroceryCrud/Core/GroceryCrud.php(2642): GroceryCrud\Core\State\AddFormState->render()
#7 /home/garmaser/www/html/sac-prusuf/app/Controllers/Example.php(46): GroceryCrud\Core\GroceryCrud->render()
#8 /home/garmaser/www/html/sac-prusuf/vendor/codeigniter4/framework/system/CodeIgniter.php(802): App\Controllers\Example->postulante()
#9 /home/garmaser/www/html/sac-prusuf/vendor/codeigniter4/framework/system/CodeIgniter.php(399): CodeIgniter\CodeIgniter->runController()
#10 /home/garmaser/www/html/sac-prusuf/vendor/codeigniter4/framework/system/CodeIgniter.php(317): CodeIgniter\CodeIgniter->handleRequest()
#11 /home/garmaser/www/html/sac-prusuf/public/index.php(37): CodeIgniter\CodeIgniter->run()
#12 {main}
CRITICAL - 2021-10-04 07:54:49 --> Trying to access array offset on value of type bool
#0 /home/garmaser/www/html/sac-prusuf/app/Libraries/GroceryCrudEnterprise/grocerycrud/enterprise/src/GroceryCrud/Core/Model.php(317): CodeIgniter\Debug\Exceptions->errorHandler()
#1 /home/garmaser/www/html/sac-prusuf/app/Libraries/GroceryCrudEnterprise/grocerycrud/enterprise/src/GroceryCrud/Core/Model.php(292): GroceryCrud\Core\Model->_getPrimaryKey()
#2 /home/garmaser/www/html/sac-prusuf/app/Libraries/GroceryCrudEnterprise/grocerycrud/enterprise/src/GroceryCrud/Core/State/StateAbstract.php(1076): GroceryCrud\Core\Model->getPrimaryKeyField()
#3 /home/garmaser/www/html/sac-prusuf/app/Libraries/GroceryCrudEnterprise/grocerycrud/enterprise/src/GroceryCrud/Core/State/EditFormState.php(39): GroceryCrud\Core\State\StateAbstract->getPrimaryKeyName()
#4 /home/garmaser/www/html/sac-prusuf/app/Libraries/GroceryCrudEnterprise/grocerycrud/enterprise/src/GroceryCrud/Core/State/EditFormState.php(65): GroceryCrud\Core\State\EditFormState->initialize()
#5 /home/garmaser/www/html/sac-prusuf/app/Libraries/GroceryCrudEnterprise/grocerycrud/enterprise/src/GroceryCrud/Core/GroceryCrud.php(2642): GroceryCrud\Core\State\EditFormState->render()
#6 /home/garmaser/www/html/sac-prusuf/app/Controllers/Example.php(46): GroceryCrud\Core\GroceryCrud->render()
#7 /home/garmaser/www/html/sac-prusuf/vendor/codeigniter4/framework/system/CodeIgniter.php(802): App\Controllers\Example->postulante()
#8 /home/garmaser/www/html/sac-prusuf/vendor/codeigniter4/framework/system/CodeIgniter.php(399): CodeIgniter\CodeIgniter->runController()
#9 /home/garmaser/www/html/sac-prusuf/vendor/codeigniter4/framework/system/CodeIgniter.php(317): CodeIgniter\CodeIgniter->handleRequest()
#10 /home/garmaser/www/html/sac-prusuf/public/index.php(37): CodeIgniter\CodeIgniter->run()
#11 {main}
CRITICAL - 2021-10-04 07:55:05 --> Trying to access array offset on value of type bool
#0 /home/garmaser/www/html/sac-prusuf/app/Libraries/GroceryCrudEnterprise/grocerycrud/enterprise/src/GroceryCrud/Core/Model.php(317): CodeIgniter\Debug\Exceptions->errorHandler()
#1 /home/garmaser/www/html/sac-prusuf/app/Libraries/GroceryCrudEnterprise/grocerycrud/enterprise/src/GroceryCrud/Core/Model.php(292): GroceryCrud\Core\Model->_getPrimaryKey()
#2 /home/garmaser/www/html/sac-prusuf/app/Libraries/GroceryCrudEnterprise/grocerycrud/enterprise/src/GroceryCrud/Core/State/StateAbstract.php(1076): GroceryCrud\Core\Model->getPrimaryKeyField()
#3 /home/garmaser/www/html/sac-prusuf/app/Libraries/GroceryCrudEnterprise/grocerycrud/enterprise/src/GroceryCrud/Core/State/StateAbstract.php(1090): GroceryCrud\Core\State\StateAbstract->getPrimaryKeyName()
#4 /home/garmaser/www/html/sac-prusuf/app/Libraries/GroceryCrudEnterprise/grocerycrud/enterprise/src/GroceryCrud/Core/State/AddFormState.php(89): GroceryCrud\Core\State\StateAbstract->removePrimaryKeyFromList()
#5 /home/garmaser/www/html/sac-prusuf/app/Libraries/GroceryCrudEnterprise/grocerycrud/enterprise/src/GroceryCrud/Core/State/AddFormState.php(54): GroceryCrud\Core\State\AddFormState->getAddFormFields()
#6 /home/garmaser/www/html/sac-prusuf/app/Libraries/GroceryCrudEnterprise/grocerycrud/enterprise/src/GroceryCrud/Core/GroceryCrud.php(2642): GroceryCrud\Core\State\AddFormState->render()
#7 /home/garmaser/www/html/sac-prusuf/app/Controllers/Example.php(46): GroceryCrud\Core\GroceryCrud->render()
#8 /home/garmaser/www/html/sac-prusuf/vendor/codeigniter4/framework/system/CodeIgniter.php(802): App\Controllers\Example->postulante()
#9 /home/garmaser/www/html/sac-prusuf/vendor/codeigniter4/framework/system/CodeIgniter.php(399): CodeIgniter\CodeIgniter->runController()
#10 /home/garmaser/www/html/sac-prusuf/vendor/codeigniter4/framework/system/CodeIgniter.php(317): CodeIgniter\CodeIgniter->handleRequest()
#11 /home/garmaser/www/html/sac-prusuf/public/index.php(37): CodeIgniter\CodeIgniter->run()
#12 {main}
CRITICAL - 2021-10-04 08:17:08 --> Trying to access array offset on value of type bool
#0 /home/garmaser/www/html/sac-prusuf/app/Libraries/GroceryCrudEnterprise/grocerycrud/enterprise/src/GroceryCrud/Core/Model.php(317): CodeIgniter\Debug\Exceptions->errorHandler()
#1 /home/garmaser/www/html/sac-prusuf/app/Libraries/GroceryCrudEnterprise/grocerycrud/enterprise/src/GroceryCrud/Core/Model.php(292): GroceryCrud\Core\Model->_getPrimaryKey()
#2 /home/garmaser/www/html/sac-prusuf/app/Libraries/GroceryCrudEnterprise/grocerycrud/enterprise/src/GroceryCrud/Core/State/StateAbstract.php(1076): GroceryCrud\Core\Model->getPrimaryKeyField()
#3 /home/garmaser/www/html/sac-prusuf/app/Libraries/GroceryCrudEnterprise/grocerycrud/enterprise/src/GroceryCrud/Core/State/StateAbstract.php(1090): GroceryCrud\Core\State\StateAbstract->getPrimaryKeyName()
#4 /home/garmaser/www/html/sac-prusuf/app/Libraries/GroceryCrudEnterprise/grocerycrud/enterprise/src/GroceryCrud/Core/State/AddFormState.php(89): GroceryCrud\Core\State\StateAbstract->removePrimaryKeyFromList()
#5 /home/garmaser/www/html/sac-prusuf/app/Libraries/GroceryCrudEnterprise/grocerycrud/enterprise/src/GroceryCrud/Core/State/AddFormState.php(54): GroceryCrud\Core\State\AddFormState->getAddFormFields()
#6 /home/garmaser/www/html/sac-prusuf/app/Libraries/GroceryCrudEnterprise/grocerycrud/enterprise/src/GroceryCrud/Core/GroceryCrud.php(2642): GroceryCrud\Core\State\AddFormState->render()
#7 /home/garmaser/www/html/sac-prusuf/app/Controllers/Example.php(46): GroceryCrud\Core\GroceryCrud->render()
#8 /home/garmaser/www/html/sac-prusuf/vendor/codeigniter4/framework/system/CodeIgniter.php(802): App\Controllers\Example->postulante()
#9 /home/garmaser/www/html/sac-prusuf/vendor/codeigniter4/framework/system/CodeIgniter.php(399): CodeIgniter\CodeIgniter->runController()
#10 /home/garmaser/www/html/sac-prusuf/vendor/codeigniter4/framework/system/CodeIgniter.php(317): CodeIgniter\CodeIgniter->handleRequest()
#11 /home/garmaser/www/html/sac-prusuf/public/index.php(37): CodeIgniter\CodeIgniter->run()
#12 {main}
CRITICAL - 2021-10-04 08:17:48 --> Trying to access array offset on value of type bool
#0 /home/garmaser/www/html/sac-prusuf/app/Libraries/GroceryCrudEnterprise/grocerycrud/enterprise/src/GroceryCrud/Core/Model.php(317): CodeIgniter\Debug\Exceptions->errorHandler()
#1 /home/garmaser/www/html/sac-prusuf/app/Libraries/GroceryCrudEnterprise/grocerycrud/enterprise/src/GroceryCrud/Core/Model.php(292): GroceryCrud\Core\Model->_getPrimaryKey()
#2 /home/garmaser/www/html/sac-prusuf/app/Libraries/GroceryCrudEnterprise/grocerycrud/enterprise/src/GroceryCrud/Core/State/StateAbstract.php(1076): GroceryCrud\Core\Model->getPrimaryKeyField()
#3 /home/garmaser/www/html/sac-prusuf/app/Libraries/GroceryCrudEnterprise/grocerycrud/enterprise/src/GroceryCrud/Core/State/StateAbstract.php(1090): GroceryCrud\Core\State\StateAbstract->getPrimaryKeyName()
#4 /home/garmaser/www/html/sac-prusuf/app/Libraries/GroceryCrudEnterprise/grocerycrud/enterprise/src/GroceryCrud/Core/State/StateAbstract.php(1669): GroceryCrud\Core\State\StateAbstract->removePrimaryKeyFromList()
#5 /home/garmaser/www/html/sac-prusuf/app/Libraries/GroceryCrudEnterprise/grocerycrud/enterprise/src/GroceryCrud/Core/State/InitialState.php(71): GroceryCrud\Core\State\StateAbstract->transformFieldsList()
#6 /home/garmaser/www/html/sac-prusuf/app/Libraries/GroceryCrudEnterprise/grocerycrud/enterprise/src/GroceryCrud/Core/State/InitialState.php(29): GroceryCrud\Core\State\InitialState->showInitData()
#7 /home/garmaser/www/html/sac-prusuf/app/Libraries/GroceryCrudEnterprise/grocerycrud/enterprise/src/GroceryCrud/Core/GroceryCrud.php(2642): GroceryCrud\Core\State\InitialState->render()
#8 /home/garmaser/www/html/sac-prusuf/app/Controllers/Example.php(46): GroceryCrud\Core\GroceryCrud->render()
#9 /home/garmaser/www/html/sac-prusuf/vendor/codeigniter4/framework/system/CodeIgniter.php(802): App\Controllers\Example->postulante()
#10 /home/garmaser/www/html/sac-prusuf/vendor/codeigniter4/framework/system/CodeIgniter.php(399): CodeIgniter\CodeIgniter->runController()
#11 /home/garmaser/www/html/sac-prusuf/vendor/codeigniter4/framework/system/CodeIgniter.php(317): CodeIgniter\CodeIgniter->handleRequest()
#12 /home/garmaser/www/html/sac-prusuf/public/index.php(37): CodeIgniter\CodeIgniter->run()
#13 {main}
CRITICAL - 2021-10-04 08:18:09 --> Trying to access array offset on value of type bool
#0 /home/garmaser/www/html/sac-prusuf/app/Libraries/GroceryCrudEnterprise/grocerycrud/enterprise/src/GroceryCrud/Core/Model.php(317): CodeIgniter\Debug\Exceptions->errorHandler()
#1 /home/garmaser/www/html/sac-prusuf/app/Libraries/GroceryCrudEnterprise/grocerycrud/enterprise/src/GroceryCrud/Core/Model.php(292): GroceryCrud\Core\Model->_getPrimaryKey()
#2 /home/garmaser/www/html/sac-prusuf/app/Libraries/GroceryCrudEnterprise/grocerycrud/enterprise/src/GroceryCrud/Core/State/StateAbstract.php(1076): GroceryCrud\Core\Model->getPrimaryKeyField()
#3 /home/garmaser/www/html/sac-prusuf/app/Libraries/GroceryCrudEnterprise/grocerycrud/enterprise/src/GroceryCrud/Core/State/StateAbstract.php(1090): GroceryCrud\Core\State\StateAbstract->getPrimaryKeyName()
#4 /home/garmaser/www/html/sac-prusuf/app/Libraries/GroceryCrudEnterprise/grocerycrud/enterprise/src/GroceryCrud/Core/State/StateAbstract.php(1669): GroceryCrud\Core\State\StateAbstract->removePrimaryKeyFromList()
#5 /home/garmaser/www/html/sac-prusuf/app/Libraries/GroceryCrudEnterprise/grocerycrud/enterprise/src/GroceryCrud/Core/State/InitialState.php(71): GroceryCrud\Core\State\StateAbstract->transformFieldsList()
#6 /home/garmaser/www/html/sac-prusuf/app/Libraries/GroceryCrudEnterprise/grocerycrud/enterprise/src/GroceryCrud/Core/State/InitialState.php(29): GroceryCrud\Core\State\InitialState->showInitData()
#7 /home/garmaser/www/html/sac-prusuf/app/Libraries/GroceryCrudEnterprise/grocerycrud/enterprise/src/GroceryCrud/Core/GroceryCrud.php(2642): GroceryCrud\Core\State\InitialState->render()
#8 /home/garmaser/www/html/sac-prusuf/app/Controllers/Example.php(46): GroceryCrud\Core\GroceryCrud->render()
#9 /home/garmaser/www/html/sac-prusuf/vendor/codeigniter4/framework/system/CodeIgniter.php(802): App\Controllers\Example->postulante()
#10 /home/garmaser/www/html/sac-prusuf/vendor/codeigniter4/framework/system/CodeIgniter.php(399): CodeIgniter\CodeIgniter->runController()
#11 /home/garmaser/www/html/sac-prusuf/vendor/codeigniter4/framework/system/CodeIgniter.php(317): CodeIgniter\CodeIgniter->handleRequest()
#12 /home/garmaser/www/html/sac-prusuf/public/index.php(37): CodeIgniter\CodeIgniter->run()
#13 {main}
CRITICAL - 2021-10-04 08:18:48 --> SQLSTATE[42S22]: Column not found: 1054 Unknown column 'vista_postulante.id_postulantes' in 'field list'
#0 /home/garmaser/www/html/sac-prusuf/app/Libraries/GroceryCrudEnterprise/zendframework/zend-db/src/Adapter/Driver/Pdo/Connection.php(360): PDO->query()
#1 /home/garmaser/www/html/sac-prusuf/app/Libraries/GroceryCrudEnterprise/zendframework/zend-db/src/Adapter/Adapter.php(190): Zend\Db\Adapter\Driver\Pdo\Connection->execute()
#2 /home/garmaser/www/html/sac-prusuf/app/Libraries/GroceryCrudEnterprise/grocerycrud/enterprise/src/GroceryCrud/Core/Model.php(1131): Zend\Db\Adapter\Adapter->query()
#3 /home/garmaser/www/html/sac-prusuf/app/Libraries/GroceryCrudEnterprise/grocerycrud/enterprise/src/GroceryCrud/Core/Model.php(1393): GroceryCrud\Core\Model->getResultsFromSelect()
#4 /home/garmaser/www/html/sac-prusuf/app/Libraries/GroceryCrudEnterprise/grocerycrud/enterprise/src/GroceryCrud/Core/State/DatagridState.php(355): GroceryCrud\Core\Model->getList()
#5 /home/garmaser/www/html/sac-prusuf/app/Libraries/GroceryCrudEnterprise/grocerycrud/enterprise/src/GroceryCrud/Core/State/DatagridState.php(366): GroceryCrud\Core\State\DatagridState->getData()
#6 /home/garmaser/www/html/sac-prusuf/app/Libraries/GroceryCrudEnterprise/grocerycrud/enterprise/src/GroceryCrud/Core/GroceryCrud.php(2642): GroceryCrud\Core\State\DatagridState->render()
#7 /home/garmaser/www/html/sac-prusuf/app/Controllers/Example.php(46): GroceryCrud\Core\GroceryCrud->render()
#8 /home/garmaser/www/html/sac-prusuf/vendor/codeigniter4/framework/system/CodeIgniter.php(802): App\Controllers\Example->postulante()
#9 /home/garmaser/www/html/sac-prusuf/vendor/codeigniter4/framework/system/CodeIgniter.php(399): CodeIgniter\CodeIgniter->runController()
#10 /home/garmaser/www/html/sac-prusuf/vendor/codeigniter4/framework/system/CodeIgniter.php(317): CodeIgniter\CodeIgniter->handleRequest()
#11 /home/garmaser/www/html/sac-prusuf/public/index.php(37): CodeIgniter\CodeIgniter->run()
#12 {main}
CRITICAL - 2021-10-04 08:20:00 --> Trying to access array offset on value of type bool
#0 /home/garmaser/www/html/sac-prusuf/app/Libraries/GroceryCrudEnterprise/grocerycrud/enterprise/src/GroceryCrud/Core/Model.php(317): CodeIgniter\Debug\Exceptions->errorHandler()
#1 /home/garmaser/www/html/sac-prusuf/app/Libraries/GroceryCrudEnterprise/grocerycrud/enterprise/src/GroceryCrud/Core/Model.php(292): GroceryCrud\Core\Model->_getPrimaryKey()
#2 /home/garmaser/www/html/sac-prusuf/app/Libraries/GroceryCrudEnterprise/grocerycrud/enterprise/src/GroceryCrud/Core/State/StateAbstract.php(1076): GroceryCrud\Core\Model->getPrimaryKeyField()
#3 /home/garmaser/www/html/sac-prusuf/app/Libraries/GroceryCrudEnterprise/grocerycrud/enterprise/src/GroceryCrud/Core/State/EditFormState.php(39): GroceryCrud\Core\State\StateAbstract->getPrimaryKeyName()
#4 /home/garmaser/www/html/sac-prusuf/app/Libraries/GroceryCrudEnterprise/grocerycrud/enterprise/src/GroceryCrud/Core/State/EditFormState.php(65): GroceryCrud\Core\State\EditFormState->initialize()
#5 /home/garmaser/www/html/sac-prusuf/app/Libraries/GroceryCrudEnterprise/grocerycrud/enterprise/src/GroceryCrud/Core/GroceryCrud.php(2642): GroceryCrud\Core\State\EditFormState->render()
#6 /home/garmaser/www/html/sac-prusuf/app/Controllers/Example.php(46): GroceryCrud\Core\GroceryCrud->render()
#7 /home/garmaser/www/html/sac-prusuf/vendor/codeigniter4/framework/system/CodeIgniter.php(802): App\Controllers\Example->postulante()
#8 /home/garmaser/www/html/sac-prusuf/vendor/codeigniter4/framework/system/CodeIgniter.php(399): CodeIgniter\CodeIgniter->runController()
#9 /home/garmaser/www/html/sac-prusuf/vendor/codeigniter4/framework/system/CodeIgniter.php(317): CodeIgniter\CodeIgniter->handleRequest()
#10 /home/garmaser/www/html/sac-prusuf/public/index.php(37): CodeIgniter\CodeIgniter->run()
#11 {main}
CRITICAL - 2021-10-04 08:29:03 --> Call to undefined method GroceryCrud\Core\GroceryCrud::setFields()
#0 /home/garmaser/www/html/sac-prusuf/vendor/codeigniter4/framework/system/CodeIgniter.php(802): App\Controllers\Example->users()
#1 /home/garmaser/www/html/sac-prusuf/vendor/codeigniter4/framework/system/CodeIgniter.php(399): CodeIgniter\CodeIgniter->runController()
#2 /home/garmaser/www/html/sac-prusuf/vendor/codeigniter4/framework/system/CodeIgniter.php(317): CodeIgniter\CodeIgniter->handleRequest()
#3 /home/garmaser/www/html/sac-prusuf/public/index.php(37): CodeIgniter\CodeIgniter->run()
#4 {main}
CRITICAL - 2021-10-04 08:53:14 --> Call to undefined method GroceryCrud\Core\GroceryCrud::setFields()
#0 /home/garmaser/www/html/sac-prusuf/vendor/codeigniter4/framework/system/CodeIgniter.php(802): App\Controllers\Example->users()
#1 /home/garmaser/www/html/sac-prusuf/vendor/codeigniter4/framework/system/CodeIgniter.php(399): CodeIgniter\CodeIgniter->runController()
#2 /home/garmaser/www/html/sac-prusuf/vendor/codeigniter4/framework/system/CodeIgniter.php(317): CodeIgniter\CodeIgniter->handleRequest()
#3 /home/garmaser/www/html/sac-prusuf/public/index.php(37): CodeIgniter\CodeIgniter->run()
#4 {main}
CRITICAL - 2021-10-04 09:28:24 --> Trying to access array offset on value of type bool
#0 /home/garmaser/www/html/sac-prusuf/app/Libraries/GroceryCrudEnterprise/grocerycrud/enterprise/src/GroceryCrud/Core/Model.php(317): CodeIgniter\Debug\Exceptions->errorHandler()
#1 /home/garmaser/www/html/sac-prusuf/app/Libraries/GroceryCrudEnterprise/grocerycrud/enterprise/src/GroceryCrud/Core/Model.php(292): GroceryCrud\Core\Model->_getPrimaryKey()
#2 /home/garmaser/www/html/sac-prusuf/app/Libraries/GroceryCrudEnterprise/grocerycrud/enterprise/src/GroceryCrud/Core/State/StateAbstract.php(1076): GroceryCrud\Core\Model->getPrimaryKeyField()
#3 /home/garmaser/www/html/sac-prusuf/app/Libraries/GroceryCrudEnterprise/grocerycrud/enterprise/src/GroceryCrud/Core/State/EditFormState.php(39): GroceryCrud\Core\State\StateAbstract->getPrimaryKeyName()
#4 /home/garmaser/www/html/sac-prusuf/app/Libraries/GroceryCrudEnterprise/grocerycrud/enterprise/src/GroceryCrud/Core/State/EditFormState.php(65): GroceryCrud\Core\State\EditFormState->initialize()
#5 /home/garmaser/www/html/sac-prusuf/app/Libraries/GroceryCrudEnterprise/grocerycrud/enterprise/src/GroceryCrud/Core/GroceryCrud.php(2642): GroceryCrud\Core\State\EditFormState->render()
#6 /home/garmaser/www/html/sac-prusuf/app/Controllers/Example.php(46): GroceryCrud\Core\GroceryCrud->render()
#7 /home/garmaser/www/html/sac-prusuf/vendor/codeigniter4/framework/system/CodeIgniter.php(802): App\Controllers\Example->postulante()
#8 /home/garmaser/www/html/sac-prusuf/vendor/codeigniter4/framework/system/CodeIgniter.php(399): CodeIgniter\CodeIgniter->runController()
#9 /home/garmaser/www/html/sac-prusuf/vendor/codeigniter4/framework/system/CodeIgniter.php(317): CodeIgniter\CodeIgniter->handleRequest()
#10 /home/garmaser/www/html/sac-prusuf/public/index.php(37): CodeIgniter\CodeIgniter->run()
#11 {main}
CRITICAL - 2021-10-04 10:03:02 --> Trying to access array offset on value of type bool
#0 /home/garmaser/www/html/sac-prusuf/app/Libraries/GroceryCrudEnterprise/grocerycrud/enterprise/src/GroceryCrud/Core/Model.php(317): CodeIgniter\Debug\Exceptions->errorHandler()
#1 /home/garmaser/www/html/sac-prusuf/app/Libraries/GroceryCrudEnterprise/grocerycrud/enterprise/src/GroceryCrud/Core/Model.php(292): GroceryCrud\Core\Model->_getPrimaryKey()
#2 /home/garmaser/www/html/sac-prusuf/app/Libraries/GroceryCrudEnterprise/grocerycrud/enterprise/src/GroceryCrud/Core/State/StateAbstract.php(1076): GroceryCrud\Core\Model->getPrimaryKeyField()
#3 /home/garmaser/www/html/sac-prusuf/app/Libraries/GroceryCrudEnterprise/grocerycrud/enterprise/src/GroceryCrud/Core/State/EditFormState.php(39): GroceryCrud\Core\State\StateAbstract->getPrimaryKeyName()
#4 /home/garmaser/www/html/sac-prusuf/app/Libraries/GroceryCrudEnterprise/grocerycrud/enterprise/src/GroceryCrud/Core/State/EditFormState.php(65): GroceryCrud\Core\State\EditFormState->initialize()
#5 /home/garmaser/www/html/sac-prusuf/app/Libraries/GroceryCrudEnterprise/grocerycrud/enterprise/src/GroceryCrud/Core/GroceryCrud.php(2642): GroceryCrud\Core\State\EditFormState->render()
#6 /home/garmaser/www/html/sac-prusuf/app/Controllers/Example.php(46): GroceryCrud\Core\GroceryCrud->render()
#7 /home/garmaser/www/html/sac-prusuf/vendor/codeigniter4/framework/system/CodeIgniter.php(802): App\Controllers\Example->postulante()
#8 /home/garmaser/www/html/sac-prusuf/vendor/codeigniter4/framework/system/CodeIgniter.php(399): CodeIgniter\CodeIgniter->runController()
#9 /home/garmaser/www/html/sac-prusuf/vendor/codeigniter4/framework/system/CodeIgniter.php(317): CodeIgniter\CodeIgniter->handleRequest()
#10 /home/garmaser/www/html/sac-prusuf/public/index.php(37): CodeIgniter\CodeIgniter->run()
#11 {main}
CRITICAL - 2021-10-04 10:03:07 --> Trying to access array offset on value of type bool
#0 /home/garmaser/www/html/sac-prusuf/app/Libraries/GroceryCrudEnterprise/grocerycrud/enterprise/src/GroceryCrud/Core/Model.php(317): CodeIgniter\Debug\Exceptions->errorHandler()
#1 /home/garmaser/www/html/sac-prusuf/app/Libraries/GroceryCrudEnterprise/grocerycrud/enterprise/src/GroceryCrud/Core/Model.php(292): GroceryCrud\Core\Model->_getPrimaryKey()
#2 /home/garmaser/www/html/sac-prusuf/app/Libraries/GroceryCrudEnterprise/grocerycrud/enterprise/src/GroceryCrud/Core/State/StateAbstract.php(1076): GroceryCrud\Core\Model->getPrimaryKeyField()
#3 /home/garmaser/www/html/sac-prusuf/app/Libraries/GroceryCrudEnterprise/grocerycrud/enterprise/src/GroceryCrud/Core/State/StateAbstract.php(1090): GroceryCrud\Core\State\StateAbstract->getPrimaryKeyName()
#4 /home/garmaser/www/html/sac-prusuf/app/Libraries/GroceryCrudEnterprise/grocerycrud/enterprise/src/GroceryCrud/Core/State/AddFormState.php(89): GroceryCrud\Core\State\StateAbstract->removePrimaryKeyFromList()
#5 /home/garmaser/www/html/sac-prusuf/app/Libraries/GroceryCrudEnterprise/grocerycrud/enterprise/src/GroceryCrud/Core/State/AddFormState.php(54): GroceryCrud\Core\State\AddFormState->getAddFormFields()
#6 /home/garmaser/www/html/sac-prusuf/app/Libraries/GroceryCrudEnterprise/grocerycrud/enterprise/src/GroceryCrud/Core/GroceryCrud.php(2642): GroceryCrud\Core\State\AddFormState->render()
#7 /home/garmaser/www/html/sac-prusuf/app/Controllers/Example.php(46): GroceryCrud\Core\GroceryCrud->render()
#8 /home/garmaser/www/html/sac-prusuf/vendor/codeigniter4/framework/system/CodeIgniter.php(802): App\Controllers\Example->postulante()
#9 /home/garmaser/www/html/sac-prusuf/vendor/codeigniter4/framework/system/CodeIgniter.php(399): CodeIgniter\CodeIgniter->runController()
#10 /home/garmaser/www/html/sac-prusuf/vendor/codeigniter4/framework/system/CodeIgniter.php(317): CodeIgniter\CodeIgniter->handleRequest()
#11 /home/garmaser/www/html/sac-prusuf/public/index.php(37): CodeIgniter\CodeIgniter->run()
#12 {main}
CRITICAL - 2021-10-04 10:03:20 --> Trying to access array offset on value of type bool
#0 /home/garmaser/www/html/sac-prusuf/app/Libraries/GroceryCrudEnterprise/grocerycrud/enterprise/src/GroceryCrud/Core/Model.php(317): CodeIgniter\Debug\Exceptions->errorHandler()
#1 /home/garmaser/www/html/sac-prusuf/app/Libraries/GroceryCrudEnterprise/grocerycrud/enterprise/src/GroceryCrud/Core/Model.php(292): GroceryCrud\Core\Model->_getPrimaryKey()
#2 /home/garmaser/www/html/sac-prusuf/app/Libraries/GroceryCrudEnterprise/grocerycrud/enterprise/src/GroceryCrud/Core/State/StateAbstract.php(1076): GroceryCrud\Core\Model->getPrimaryKeyField()
#3 /home/garmaser/www/html/sac-prusuf/app/Libraries/GroceryCrudEnterprise/grocerycrud/enterprise/src/GroceryCrud/Core/State/EditFormState.php(39): GroceryCrud\Core\State\StateAbstract->getPrimaryKeyName()
#4 /home/garmaser/www/html/sac-prusuf/app/Libraries/GroceryCrudEnterprise/grocerycrud/enterprise/src/GroceryCrud/Core/State/EditFormState.php(65): GroceryCrud\Core\State\EditFormState->initialize()
#5 /home/garmaser/www/html/sac-prusuf/app/Libraries/GroceryCrudEnterprise/grocerycrud/enterprise/src/GroceryCrud/Core/GroceryCrud.php(2642): GroceryCrud\Core\State\EditFormState->render()
#6 /home/garmaser/www/html/sac-prusuf/app/Controllers/Example.php(46): GroceryCrud\Core\GroceryCrud->render()
#7 /home/garmaser/www/html/sac-prusuf/vendor/codeigniter4/framework/system/CodeIgniter.php(802): App\Controllers\Example->postulante()
#8 /home/garmaser/www/html/sac-prusuf/vendor/codeigniter4/framework/system/CodeIgniter.php(399): CodeIgniter\CodeIgniter->runController()
#9 /home/garmaser/www/html/sac-prusuf/vendor/codeigniter4/framework/system/CodeIgniter.php(317): CodeIgniter\CodeIgniter->handleRequest()
#10 /home/garmaser/www/html/sac-prusuf/public/index.php(37): CodeIgniter\CodeIgniter->run()
#11 {main}
CRITICAL - 2021-10-04 10:05:30 --> Trying to access array offset on value of type bool
#0 /home/garmaser/www/html/sac-prusuf/app/Libraries/GroceryCrudEnterprise/grocerycrud/enterprise/src/GroceryCrud/Core/Model.php(317): CodeIgniter\Debug\Exceptions->errorHandler()
#1 /home/garmaser/www/html/sac-prusuf/app/Libraries/GroceryCrudEnterprise/grocerycrud/enterprise/src/GroceryCrud/Core/Model.php(292): GroceryCrud\Core\Model->_getPrimaryKey()
#2 /home/garmaser/www/html/sac-prusuf/app/Libraries/GroceryCrudEnterprise/grocerycrud/enterprise/src/GroceryCrud/Core/State/StateAbstract.php(1076): GroceryCrud\Core\Model->getPrimaryKeyField()
#3 /home/garmaser/www/html/sac-prusuf/app/Libraries/GroceryCrudEnterprise/grocerycrud/enterprise/src/GroceryCrud/Core/State/StateAbstract.php(1090): GroceryCrud\Core\State\StateAbstract->getPrimaryKeyName()
#4 /home/garmaser/www/html/sac-prusuf/app/Libraries/GroceryCrudEnterprise/grocerycrud/enterprise/src/GroceryCrud/Core/State/StateAbstract.php(1669): GroceryCrud\Core\State\StateAbstract->removePrimaryKeyFromList()
#5 /home/garmaser/www/html/sac-prusuf/app/Libraries/GroceryCrudEnterprise/grocerycrud/enterprise/src/GroceryCrud/Core/State/InitialState.php(71): GroceryCrud\Core\State\StateAbstract->transformFieldsList()
#6 /home/garmaser/www/html/sac-prusuf/app/Libraries/GroceryCrudEnterprise/grocerycrud/enterprise/src/GroceryCrud/Core/State/InitialState.php(29): GroceryCrud\Core\State\InitialState->showInitData()
#7 /home/garmaser/www/html/sac-prusuf/app/Libraries/GroceryCrudEnterprise/grocerycrud/enterprise/src/GroceryCrud/Core/GroceryCrud.php(2642): GroceryCrud\Core\State\InitialState->render()
#8 /home/garmaser/www/html/sac-prusuf/app/Controllers/Example.php(46): GroceryCrud\Core\GroceryCrud->render()
#9 /home/garmaser/www/html/sac-prusuf/vendor/codeigniter4/framework/system/CodeIgniter.php(802): App\Controllers\Example->postulante()
#10 /home/garmaser/www/html/sac-prusuf/vendor/codeigniter4/framework/system/CodeIgniter.php(399): CodeIgniter\CodeIgniter->runController()
#11 /home/garmaser/www/html/sac-prusuf/vendor/codeigniter4/framework/system/CodeIgniter.php(317): CodeIgniter\CodeIgniter->handleRequest()
#12 /home/garmaser/www/html/sac-prusuf/public/index.php(37): CodeIgniter\CodeIgniter->run()
#13 {main}
CRITICAL - 2021-10-04 10:06:01 --> Trying to access array offset on value of type bool
#0 /home/garmaser/www/html/sac-prusuf/app/Libraries/GroceryCrudEnterprise/grocerycrud/enterprise/src/GroceryCrud/Core/Model.php(317): CodeIgniter\Debug\Exceptions->errorHandler()
#1 /home/garmaser/www/html/sac-prusuf/app/Libraries/GroceryCrudEnterprise/grocerycrud/enterprise/src/GroceryCrud/Core/Model.php(292): GroceryCrud\Core\Model->_getPrimaryKey()
#2 /home/garmaser/www/html/sac-prusuf/app/Libraries/GroceryCrudEnterprise/grocerycrud/enterprise/src/GroceryCrud/Core/State/StateAbstract.php(1076): GroceryCrud\Core\Model->getPrimaryKeyField()
#3 /home/garmaser/www/html/sac-prusuf/app/Libraries/GroceryCrudEnterprise/grocerycrud/enterprise/src/GroceryCrud/Core/State/StateAbstract.php(1090): GroceryCrud\Core\State\StateAbstract->getPrimaryKeyName()
#4 /home/garmaser/www/html/sac-prusuf/app/Libraries/GroceryCrudEnterprise/grocerycrud/enterprise/src/GroceryCrud/Core/State/StateAbstract.php(1669): GroceryCrud\Core\State\StateAbstract->removePrimaryKeyFromList()
#5 /home/garmaser/www/html/sac-prusuf/app/Libraries/GroceryCrudEnterprise/grocerycrud/enterprise/src/GroceryCrud/Core/State/InitialState.php(71): GroceryCrud\Core\State\StateAbstract->transformFieldsList()
#6 /home/garmaser/www/html/sac-prusuf/app/Libraries/GroceryCrudEnterprise/grocerycrud/enterprise/src/GroceryCrud/Core/State/InitialState.php(29): GroceryCrud\Core\State\InitialState->showInitData()
#7 /home/garmaser/www/html/sac-prusuf/app/Libraries/GroceryCrudEnterprise/grocerycrud/enterprise/src/GroceryCrud/Core/GroceryCrud.php(2642): GroceryCrud\Core\State\InitialState->render()
#8 /home/garmaser/www/html/sac-prusuf/app/Controllers/Example.php(46): GroceryCrud\Core\GroceryCrud->render()
#9 /home/garmaser/www/html/sac-prusuf/vendor/codeigniter4/framework/system/CodeIgniter.php(802): App\Controllers\Example->postulante()
#10 /home/garmaser/www/html/sac-prusuf/vendor/codeigniter4/framework/system/CodeIgniter.php(399): CodeIgniter\CodeIgniter->runController()
#11 /home/garmaser/www/html/sac-prusuf/vendor/codeigniter4/framework/system/CodeIgniter.php(317): CodeIgniter\CodeIgniter->handleRequest()
#12 /home/garmaser/www/html/sac-prusuf/public/index.php(37): CodeIgniter\CodeIgniter->run()
#13 {main}
CRITICAL - 2021-10-04 10:10:22 --> Trying to access array offset on value of type bool
#0 /home/garmaser/www/html/sac-prusuf/app/Libraries/GroceryCrudEnterprise/grocerycrud/enterprise/src/GroceryCrud/Core/Model.php(317): CodeIgniter\Debug\Exceptions->errorHandler()
#1 /home/garmaser/www/html/sac-prusuf/app/Libraries/GroceryCrudEnterprise/grocerycrud/enterprise/src/GroceryCrud/Core/Model.php(292): GroceryCrud\Core\Model->_getPrimaryKey()
#2 /home/garmaser/www/html/sac-prusuf/app/Libraries/GroceryCrudEnterprise/grocerycrud/enterprise/src/GroceryCrud/Core/State/StateAbstract.php(1076): GroceryCrud\Core\Model->getPrimaryKeyField()
#3 /home/garmaser/www/html/sac-prusuf/app/Libraries/GroceryCrudEnterprise/grocerycrud/enterprise/src/GroceryCrud/Core/State/StateAbstract.php(1090): GroceryCrud\Core\State\StateAbstract->getPrimaryKeyName()
#4 /home/garmaser/www/html/sac-prusuf/app/Libraries/GroceryCrudEnterprise/grocerycrud/enterprise/src/GroceryCrud/Core/State/StateAbstract.php(1669): GroceryCrud\Core\State\StateAbstract->removePrimaryKeyFromList()
#5 /home/garmaser/www/html/sac-prusuf/app/Libraries/GroceryCrudEnterprise/grocerycrud/enterprise/src/GroceryCrud/Core/State/InitialState.php(71): GroceryCrud\Core\State\StateAbstract->transformFieldsList()
#6 /home/garmaser/www/html/sac-prusuf/app/Libraries/GroceryCrudEnterprise/grocerycrud/enterprise/src/GroceryCrud/Core/State/InitialState.php(29): GroceryCrud\Core\State\InitialState->showInitData()
#7 /home/garmaser/www/html/sac-prusuf/app/Libraries/GroceryCrudEnterprise/grocerycrud/enterprise/src/GroceryCrud/Core/GroceryCrud.php(2642): GroceryCrud\Core\State\InitialState->render()
#8 /home/garmaser/www/html/sac-prusuf/app/Controllers/Example.php(46): GroceryCrud\Core\GroceryCrud->render()
#9 /home/garmaser/www/html/sac-prusuf/vendor/codeigniter4/framework/system/CodeIgniter.php(802): App\Controllers\Example->postulante()
#10 /home/garmaser/www/html/sac-prusuf/vendor/codeigniter4/framework/system/CodeIgniter.php(399): CodeIgniter\CodeIgniter->runController()
#11 /home/garmaser/www/html/sac-prusuf/vendor/codeigniter4/framework/system/CodeIgniter.php(317): CodeIgniter\CodeIgniter->handleRequest()
#12 /home/garmaser/www/html/sac-prusuf/public/index.php(37): CodeIgniter\CodeIgniter->run()
#13 {main}
CRITICAL - 2021-10-04 10:10:35 --> Trying to access array offset on value of type bool
#0 /home/garmaser/www/html/sac-prusuf/app/Libraries/GroceryCrudEnterprise/grocerycrud/enterprise/src/GroceryCrud/Core/Model.php(317): CodeIgniter\Debug\Exceptions->errorHandler()
#1 /home/garmaser/www/html/sac-prusuf/app/Libraries/GroceryCrudEnterprise/grocerycrud/enterprise/src/GroceryCrud/Core/Model.php(292): GroceryCrud\Core\Model->_getPrimaryKey()
#2 /home/garmaser/www/html/sac-prusuf/app/Libraries/GroceryCrudEnterprise/grocerycrud/enterprise/src/GroceryCrud/Core/State/StateAbstract.php(1076): GroceryCrud\Core\Model->getPrimaryKeyField()
#3 /home/garmaser/www/html/sac-prusuf/app/Libraries/GroceryCrudEnterprise/grocerycrud/enterprise/src/GroceryCrud/Core/State/EditFormState.php(39): GroceryCrud\Core\State\StateAbstract->getPrimaryKeyName()
#4 /home/garmaser/www/html/sac-prusuf/app/Libraries/GroceryCrudEnterprise/grocerycrud/enterprise/src/GroceryCrud/Core/State/EditFormState.php(65): GroceryCrud\Core\State\EditFormState->initialize()
#5 /home/garmaser/www/html/sac-prusuf/app/Libraries/GroceryCrudEnterprise/grocerycrud/enterprise/src/GroceryCrud/Core/GroceryCrud.php(2642): GroceryCrud\Core\State\EditFormState->render()
#6 /home/garmaser/www/html/sac-prusuf/app/Controllers/Example.php(46): GroceryCrud\Core\GroceryCrud->render()
#7 /home/garmaser/www/html/sac-prusuf/vendor/codeigniter4/framework/system/CodeIgniter.php(802): App\Controllers\Example->postulante()
#8 /home/garmaser/www/html/sac-prusuf/vendor/codeigniter4/framework/system/CodeIgniter.php(399): CodeIgniter\CodeIgniter->runController()
#9 /home/garmaser/www/html/sac-prusuf/vendor/codeigniter4/framework/system/CodeIgniter.php(317): CodeIgniter\CodeIgniter->handleRequest()
#10 /home/garmaser/www/html/sac-prusuf/public/index.php(37): CodeIgniter\CodeIgniter->run()
#11 {main}
CRITICAL - 2021-10-04 10:10:44 --> Trying to access array offset on value of type bool
#0 /home/garmaser/www/html/sac-prusuf/app/Libraries/GroceryCrudEnterprise/grocerycrud/enterprise/src/GroceryCrud/Core/Model.php(317): CodeIgniter\Debug\Exceptions->errorHandler()
#1 /home/garmaser/www/html/sac-prusuf/app/Libraries/GroceryCrudEnterprise/grocerycrud/enterprise/src/GroceryCrud/Core/Model.php(292): GroceryCrud\Core\Model->_getPrimaryKey()
#2 /home/garmaser/www/html/sac-prusuf/app/Libraries/GroceryCrudEnterprise/grocerycrud/enterprise/src/GroceryCrud/Core/State/StateAbstract.php(1076): GroceryCrud\Core\Model->getPrimaryKeyField()
#3 /home/garmaser/www/html/sac-prusuf/app/Libraries/GroceryCrudEnterprise/grocerycrud/enterprise/src/GroceryCrud/Core/State/StateAbstract.php(1090): GroceryCrud\Core\State\StateAbstract->getPrimaryKeyName()
#4 /home/garmaser/www/html/sac-prusuf/app/Libraries/GroceryCrudEnterprise/grocerycrud/enterprise/src/GroceryCrud/Core/State/AddFormState.php(89): GroceryCrud\Core\State\StateAbstract->removePrimaryKeyFromList()
#5 /home/garmaser/www/html/sac-prusuf/app/Libraries/GroceryCrudEnterprise/grocerycrud/enterprise/src/GroceryCrud/Core/State/AddFormState.php(54): GroceryCrud\Core\State\AddFormState->getAddFormFields()
#6 /home/garmaser/www/html/sac-prusuf/app/Libraries/GroceryCrudEnterprise/grocerycrud/enterprise/src/GroceryCrud/Core/GroceryCrud.php(2642): GroceryCrud\Core\State\AddFormState->render()
#7 /home/garmaser/www/html/sac-prusuf/app/Controllers/Example.php(46): GroceryCrud\Core\GroceryCrud->render()
#8 /home/garmaser/www/html/sac-prusuf/vendor/codeigniter4/framework/system/CodeIgniter.php(802): App\Controllers\Example->postulante()
#9 /home/garmaser/www/html/sac-prusuf/vendor/codeigniter4/framework/system/CodeIgniter.php(399): CodeIgniter\CodeIgniter->runController()
#10 /home/garmaser/www/html/sac-prusuf/vendor/codeigniter4/framework/system/CodeIgniter.php(317): CodeIgniter\CodeIgniter->handleRequest()
#11 /home/garmaser/www/html/sac-prusuf/public/index.php(37): CodeIgniter\CodeIgniter->run()
#12 {main}
CRITICAL - 2021-10-04 10:22:24 --> Cannot use Zend\Db\Metadata\Object as Object because 'Object' is a special class name
#0 [internal function]: CodeIgniter\Debug\Exceptions->shutdownHandler()
#1 {main}
CRITICAL - 2021-10-04 10:23:20 --> Cannot use Zend\Db\Metadata\Object as Object because 'Object' is a special class name
#0 [internal function]: CodeIgniter\Debug\Exceptions->shutdownHandler()
#1 {main}
CRITICAL - 2021-10-04 10:23:22 --> Cannot use Zend\Db\Metadata\Object as Object because 'Object' is a special class name
#0 [internal function]: CodeIgniter\Debug\Exceptions->shutdownHandler()
#1 {main}
CRITICAL - 2021-10-04 10:23:40 --> Cannot use Zend\Db\Metadata\Object as Object because 'Object' is a special class name
#0 [internal function]: CodeIgniter\Debug\Exceptions->shutdownHandler()
#1 {main}
CRITICAL - 2021-10-04 10:28:09 --> Too few arguments to function GroceryCrud\Core\GroceryCrud::setPrimaryKey(), 1 passed in /home/garmaser/www/html/sac-prusuf/app/Controllers/Example.php on line 43 and exactly 2 expected
#0 /home/garmaser/www/html/sac-prusuf/app/Controllers/Example.php(43): GroceryCrud\Core\GroceryCrud->setPrimaryKey()
#1 /home/garmaser/www/html/sac-prusuf/vendor/codeigniter4/framework/system/CodeIgniter.php(802): App\Controllers\Example->postulante()
#2 /home/garmaser/www/html/sac-prusuf/vendor/codeigniter4/framework/system/CodeIgniter.php(399): CodeIgniter\CodeIgniter->runController()
#3 /home/garmaser/www/html/sac-prusuf/vendor/codeigniter4/framework/system/CodeIgniter.php(317): CodeIgniter\CodeIgniter->handleRequest()
#4 /home/garmaser/www/html/sac-prusuf/public/index.php(37): CodeIgniter\CodeIgniter->run()
#5 {main}
CRITICAL - 2021-10-04 10:29:49 --> Trying to access array offset on value of type bool
#0 /home/garmaser/www/html/sac-prusuf/app/Libraries/GroceryCrudEnterprise/grocerycrud/enterprise/src/GroceryCrud/Core/Model.php(317): CodeIgniter\Debug\Exceptions->errorHandler()
#1 /home/garmaser/www/html/sac-prusuf/app/Libraries/GroceryCrudEnterprise/grocerycrud/enterprise/src/GroceryCrud/Core/Model.php(292): GroceryCrud\Core\Model->_getPrimaryKey()
#2 /home/garmaser/www/html/sac-prusuf/app/Libraries/GroceryCrudEnterprise/grocerycrud/enterprise/src/GroceryCrud/Core/State/StateAbstract.php(1076): GroceryCrud\Core\Model->getPrimaryKeyField()
#3 /home/garmaser/www/html/sac-prusuf/app/Libraries/GroceryCrudEnterprise/grocerycrud/enterprise/src/GroceryCrud/Core/State/StateAbstract.php(1090): GroceryCrud\Core\State\StateAbstract->getPrimaryKeyName()
#4 /home/garmaser/www/html/sac-prusuf/app/Libraries/GroceryCrudEnterprise/grocerycrud/enterprise/src/GroceryCrud/Core/State/AddFormState.php(89): GroceryCrud\Core\State\StateAbstract->removePrimaryKeyFromList()
#5 /home/garmaser/www/html/sac-prusuf/app/Libraries/GroceryCrudEnterprise/grocerycrud/enterprise/src/GroceryCrud/Core/State/AddFormState.php(54): GroceryCrud\Core\State\AddFormState->getAddFormFields()
#6 /home/garmaser/www/html/sac-prusuf/app/Libraries/GroceryCrudEnterprise/grocerycrud/enterprise/src/GroceryCrud/Core/GroceryCrud.php(2642): GroceryCrud\Core\State\AddFormState->render()
#7 /home/garmaser/www/html/sac-prusuf/app/Controllers/Example.php(46): GroceryCrud\Core\GroceryCrud->render()
#8 /home/garmaser/www/html/sac-prusuf/vendor/codeigniter4/framework/system/CodeIgniter.php(802): App\Controllers\Example->postulante()
#9 /home/garmaser/www/html/sac-prusuf/vendor/codeigniter4/framework/system/CodeIgniter.php(399): CodeIgniter\CodeIgniter->runController()
#10 /home/garmaser/www/html/sac-prusuf/vendor/codeigniter4/framework/system/CodeIgniter.php(317): CodeIgniter\CodeIgniter->handleRequest()
#11 /home/garmaser/www/html/sac-prusuf/public/index.php(37): CodeIgniter\CodeIgniter->run()
#12 {main}
CRITICAL - 2021-10-04 10:30:39 --> Trying to access array offset on value of type bool
#0 /home/garmaser/www/html/sac-prusuf/app/Libraries/GroceryCrudEnterprise/grocerycrud/enterprise/src/GroceryCrud/Core/Model.php(317): CodeIgniter\Debug\Exceptions->errorHandler()
#1 /home/garmaser/www/html/sac-prusuf/app/Libraries/GroceryCrudEnterprise/grocerycrud/enterprise/src/GroceryCrud/Core/Model.php(292): GroceryCrud\Core\Model->_getPrimaryKey()
#2 /home/garmaser/www/html/sac-prusuf/app/Libraries/GroceryCrudEnterprise/grocerycrud/enterprise/src/GroceryCrud/Core/State/StateAbstract.php(1076): GroceryCrud\Core\Model->getPrimaryKeyField()
#3 /home/garmaser/www/html/sac-prusuf/app/Libraries/GroceryCrudEnterprise/grocerycrud/enterprise/src/GroceryCrud/Core/State/EditFormState.php(39): GroceryCrud\Core\State\StateAbstract->getPrimaryKeyName()
#4 /home/garmaser/www/html/sac-prusuf/app/Libraries/GroceryCrudEnterprise/grocerycrud/enterprise/src/GroceryCrud/Core/State/EditFormState.php(65): GroceryCrud\Core\State\EditFormState->initialize()
#5 /home/garmaser/www/html/sac-prusuf/app/Libraries/GroceryCrudEnterprise/grocerycrud/enterprise/src/GroceryCrud/Core/GroceryCrud.php(2642): GroceryCrud\Core\State\EditFormState->render()
#6 /home/garmaser/www/html/sac-prusuf/app/Controllers/Example.php(46): GroceryCrud\Core\GroceryCrud->render()
#7 /home/garmaser/www/html/sac-prusuf/vendor/codeigniter4/framework/system/CodeIgniter.php(802): App\Controllers\Example->postulante()
#8 /home/garmaser/www/html/sac-prusuf/vendor/codeigniter4/framework/system/CodeIgniter.php(399): CodeIgniter\CodeIgniter->runController()
#9 /home/garmaser/www/html/sac-prusuf/vendor/codeigniter4/framework/system/CodeIgniter.php(317): CodeIgniter\CodeIgniter->handleRequest()
#10 /home/garmaser/www/html/sac-prusuf/public/index.php(37): CodeIgniter\CodeIgniter->run()
#11 {main}
CRITICAL - 2021-10-04 10:34:36 --> Undefined index: vista_postulante
#0 /home/garmaser/www/html/sac-prusuf/app/Libraries/GroceryCrudEnterprise/grocerycrud/enterprise/src/GroceryCrud/Core/Model.php(309): CodeIgniter\Debug\Exceptions->errorHandler()
#1 /home/garmaser/www/html/sac-prusuf/app/Libraries/GroceryCrudEnterprise/grocerycrud/enterprise/src/GroceryCrud/Core/Model.php(292): GroceryCrud\Core\Model->_getPrimaryKey()
#2 /home/garmaser/www/html/sac-prusuf/app/Libraries/GroceryCrudEnterprise/grocerycrud/enterprise/src/GroceryCrud/Core/State/StateAbstract.php(1076): GroceryCrud\Core\Model->getPrimaryKeyField()
#3 /home/garmaser/www/html/sac-prusuf/app/Libraries/GroceryCrudEnterprise/grocerycrud/enterprise/src/GroceryCrud/Core/State/EditFormState.php(39): GroceryCrud\Core\State\StateAbstract->getPrimaryKeyName()
#4 /home/garmaser/www/html/sac-prusuf/app/Libraries/GroceryCrudEnterprise/grocerycrud/enterprise/src/GroceryCrud/Core/State/EditFormState.php(65): GroceryCrud\Core\State\EditFormState->initialize()
#5 /home/garmaser/www/html/sac-prusuf/app/Libraries/GroceryCrudEnterprise/grocerycrud/enterprise/src/GroceryCrud/Core/GroceryCrud.php(2642): GroceryCrud\Core\State\EditFormState->render()
#6 /home/garmaser/www/html/sac-prusuf/app/Controllers/Example.php(46): GroceryCrud\Core\GroceryCrud->render()
#7 /home/garmaser/www/html/sac-prusuf/vendor/codeigniter4/framework/system/CodeIgniter.php(802): App\Controllers\Example->postulante()
#8 /home/garmaser/www/html/sac-prusuf/vendor/codeigniter4/framework/system/CodeIgniter.php(399): CodeIgniter\CodeIgniter->runController()
#9 /home/garmaser/www/html/sac-prusuf/vendor/codeigniter4/framework/system/CodeIgniter.php(317): CodeIgniter\CodeIgniter->handleRequest()
#10 /home/garmaser/www/html/sac-prusuf/public/index.php(37): CodeIgniter\CodeIgniter->run()
#11 {main}
CRITICAL - 2021-10-04 10:37:31 --> Undefined index: vista_postulante
#0 /home/garmaser/www/html/sac-prusuf/app/Libraries/GroceryCrudEnterprise/grocerycrud/enterprise/src/GroceryCrud/Core/Model.php(309): CodeIgniter\Debug\Exceptions->errorHandler()
#1 /home/garmaser/www/html/sac-prusuf/app/Libraries/GroceryCrudEnterprise/grocerycrud/enterprise/src/GroceryCrud/Core/Model.php(292): GroceryCrud\Core\Model->_getPrimaryKey()
#2 /home/garmaser/www/html/sac-prusuf/app/Libraries/GroceryCrudEnterprise/grocerycrud/enterprise/src/GroceryCrud/Core/State/StateAbstract.php(1076): GroceryCrud\Core\Model->getPrimaryKeyField()
#3 /home/garmaser/www/html/sac-prusuf/app/Libraries/GroceryCrudEnterprise/grocerycrud/enterprise/src/GroceryCrud/Core/State/StateAbstract.php(1090): GroceryCrud\Core\State\StateAbstract->getPrimaryKeyName()
#4 /home/garmaser/www/html/sac-prusuf/app/Libraries/GroceryCrudEnterprise/grocerycrud/enterprise/src/GroceryCrud/Core/State/AddFormState.php(89): GroceryCrud\Core\State\StateAbstract->removePrimaryKeyFromList()
#5 /home/garmaser/www/html/sac-prusuf/app/Libraries/GroceryCrudEnterprise/grocerycrud/enterprise/src/GroceryCrud/Core/State/AddFormState.php(54): GroceryCrud\Core\State\AddFormState->getAddFormFields()
#6 /home/garmaser/www/html/sac-prusuf/app/Libraries/GroceryCrudEnterprise/grocerycrud/enterprise/src/GroceryCrud/Core/GroceryCrud.php(2642): GroceryCrud\Core\State\AddFormState->render()
#7 /home/garmaser/www/html/sac-prusuf/app/Controllers/Example.php(46): GroceryCrud\Core\GroceryCrud->render()
#8 /home/garmaser/www/html/sac-prusuf/vendor/codeigniter4/framework/system/CodeIgniter.php(802): App\Controllers\Example->postulante()
#9 /home/garmaser/www/html/sac-prusuf/vendor/codeigniter4/framework/system/CodeIgniter.php(399): CodeIgniter\CodeIgniter->runController()
#10 /home/garmaser/www/html/sac-prusuf/vendor/codeigniter4/framework/system/CodeIgniter.php(317): CodeIgniter\CodeIgniter->handleRequest()
#11 /home/garmaser/www/html/sac-prusuf/public/index.php(37): CodeIgniter\CodeIgniter->run()
#12 {main}
CRITICAL - 2021-10-04 10:38:52 --> Undefined index: vista_postulante
#0 /home/garmaser/www/html/sac-prusuf/app/Libraries/GroceryCrudEnterprise/grocerycrud/enterprise/src/GroceryCrud/Core/Model.php(309): CodeIgniter\Debug\Exceptions->errorHandler()
#1 /home/garmaser/www/html/sac-prusuf/app/Libraries/GroceryCrudEnterprise/grocerycrud/enterprise/src/GroceryCrud/Core/Model.php(292): GroceryCrud\Core\Model->_getPrimaryKey()
#2 /home/garmaser/www/html/sac-prusuf/app/Libraries/GroceryCrudEnterprise/grocerycrud/enterprise/src/GroceryCrud/Core/State/StateAbstract.php(1076): GroceryCrud\Core\Model->getPrimaryKeyField()
#3 /home/garmaser/www/html/sac-prusuf/app/Libraries/GroceryCrudEnterprise/grocerycrud/enterprise/src/GroceryCrud/Core/State/StateAbstract.php(1090): GroceryCrud\Core\State\StateAbstract->getPrimaryKeyName()
#4 /home/garmaser/www/html/sac-prusuf/app/Libraries/GroceryCrudEnterprise/grocerycrud/enterprise/src/GroceryCrud/Core/State/AddFormState.php(89): GroceryCrud\Core\State\StateAbstract->removePrimaryKeyFromList()
#5 /home/garmaser/www/html/sac-prusuf/app/Libraries/GroceryCrudEnterprise/grocerycrud/enterprise/src/GroceryCrud/Core/State/AddFormState.php(54): GroceryCrud\Core\State\AddFormState->getAddFormFields()
#6 /home/garmaser/www/html/sac-prusuf/app/Libraries/GroceryCrudEnterprise/grocerycrud/enterprise/src/GroceryCrud/Core/GroceryCrud.php(2642): GroceryCrud\Core\State\AddFormState->render()
#7 /home/garmaser/www/html/sac-prusuf/app/Controllers/Example.php(46): GroceryCrud\Core\GroceryCrud->render()
#8 /home/garmaser/www/html/sac-prusuf/vendor/codeigniter4/framework/system/CodeIgniter.php(802): App\Controllers\Example->postulante()
#9 /home/garmaser/www/html/sac-prusuf/vendor/codeigniter4/framework/system/CodeIgniter.php(399): CodeIgniter\CodeIgniter->runController()
#10 /home/garmaser/www/html/sac-prusuf/vendor/codeigniter4/framework/system/CodeIgniter.php(317): CodeIgniter\CodeIgniter->handleRequest()
#11 /home/garmaser/www/html/sac-prusuf/public/index.php(37): CodeIgniter\CodeIgniter->run()
#12 {main}
CRITICAL - 2021-10-04 10:39:01 --> Undefined index: vista_postulante
#0 /home/garmaser/www/html/sac-prusuf/app/Libraries/GroceryCrudEnterprise/grocerycrud/enterprise/src/GroceryCrud/Core/Model.php(309): CodeIgniter\Debug\Exceptions->errorHandler()
#1 /home/garmaser/www/html/sac-prusuf/app/Libraries/GroceryCrudEnterprise/grocerycrud/enterprise/src/GroceryCrud/Core/Model.php(292): GroceryCrud\Core\Model->_getPrimaryKey()
#2 /home/garmaser/www/html/sac-prusuf/app/Libraries/GroceryCrudEnterprise/grocerycrud/enterprise/src/GroceryCrud/Core/State/StateAbstract.php(1076): GroceryCrud\Core\Model->getPrimaryKeyField()
#3 /home/garmaser/www/html/sac-prusuf/app/Libraries/GroceryCrudEnterprise/grocerycrud/enterprise/src/GroceryCrud/Core/State/EditFormState.php(39): GroceryCrud\Core\State\StateAbstract->getPrimaryKeyName()
#4 /home/garmaser/www/html/sac-prusuf/app/Libraries/GroceryCrudEnterprise/grocerycrud/enterprise/src/GroceryCrud/Core/State/EditFormState.php(65): GroceryCrud\Core\State\EditFormState->initialize()
#5 /home/garmaser/www/html/sac-prusuf/app/Libraries/GroceryCrudEnterprise/grocerycrud/enterprise/src/GroceryCrud/Core/GroceryCrud.php(2642): GroceryCrud\Core\State\EditFormState->render()
#6 /home/garmaser/www/html/sac-prusuf/app/Controllers/Example.php(46): GroceryCrud\Core\GroceryCrud->render()
#7 /home/garmaser/www/html/sac-prusuf/vendor/codeigniter4/framework/system/CodeIgniter.php(802): App\Controllers\Example->postulante()
#8 /home/garmaser/www/html/sac-prusuf/vendor/codeigniter4/framework/system/CodeIgniter.php(399): CodeIgniter\CodeIgniter->runController()
#9 /home/garmaser/www/html/sac-prusuf/vendor/codeigniter4/framework/system/CodeIgniter.php(317): CodeIgniter\CodeIgniter->handleRequest()
#10 /home/garmaser/www/html/sac-prusuf/public/index.php(37): CodeIgniter\CodeIgniter->run()
#11 {main}
CRITICAL - 2021-10-04 10:41:20 --> Undefined index: vista_postulante
#0 /home/garmaser/www/html/sac-prusuf/app/Libraries/GroceryCrudEnterprise/grocerycrud/enterprise/src/GroceryCrud/Core/Model.php(309): CodeIgniter\Debug\Exceptions->errorHandler()
#1 /home/garmaser/www/html/sac-prusuf/app/Libraries/GroceryCrudEnterprise/grocerycrud/enterprise/src/GroceryCrud/Core/Model.php(292): GroceryCrud\Core\Model->_getPrimaryKey()
#2 /home/garmaser/www/html/sac-prusuf/app/Libraries/GroceryCrudEnterprise/grocerycrud/enterprise/src/GroceryCrud/Core/State/StateAbstract.php(1076): GroceryCrud\Core\Model->getPrimaryKeyField()
#3 /home/garmaser/www/html/sac-prusuf/app/Libraries/GroceryCrudEnterprise/grocerycrud/enterprise/src/GroceryCrud/Core/State/StateAbstract.php(1090): GroceryCrud\Core\State\StateAbstract->getPrimaryKeyName()
#4 /home/garmaser/www/html/sac-prusuf/app/Libraries/GroceryCrudEnterprise/grocerycrud/enterprise/src/GroceryCrud/Core/State/AddFormState.php(89): GroceryCrud\Core\State\StateAbstract->removePrimaryKeyFromList()
#5 /home/garmaser/www/html/sac-prusuf/app/Libraries/GroceryCrudEnterprise/grocerycrud/enterprise/src/GroceryCrud/Core/State/AddFormState.php(54): GroceryCrud\Core\State\AddFormState->getAddFormFields()
#6 /home/garmaser/www/html/sac-prusuf/app/Libraries/GroceryCrudEnterprise/grocerycrud/enterprise/src/GroceryCrud/Core/GroceryCrud.php(2642): GroceryCrud\Core\State\AddFormState->render()
#7 /home/garmaser/www/html/sac-prusuf/app/Controllers/Example.php(46): GroceryCrud\Core\GroceryCrud->render()
#8 /home/garmaser/www/html/sac-prusuf/vendor/codeigniter4/framework/system/CodeIgniter.php(802): App\Controllers\Example->postulante()
#9 /home/garmaser/www/html/sac-prusuf/vendor/codeigniter4/framework/system/CodeIgniter.php(399): CodeIgniter\CodeIgniter->runController()
#10 /home/garmaser/www/html/sac-prusuf/vendor/codeigniter4/framework/system/CodeIgniter.php(317): CodeIgniter\CodeIgniter->handleRequest()
#11 /home/garmaser/www/html/sac-prusuf/public/index.php(37): CodeIgniter\CodeIgniter->run()
#12 {main}
CRITICAL - 2021-10-04 10:44:25 --> Undefined index: vista_postulante
#0 /home/garmaser/www/html/sac-prusuf/app/Libraries/GroceryCrudEnterprise/grocerycrud/enterprise/src/GroceryCrud/Core/Model.php(320): CodeIgniter\Debug\Exceptions->errorHandler()
#1 /home/garmaser/www/html/sac-prusuf/app/Libraries/GroceryCrudEnterprise/grocerycrud/enterprise/src/GroceryCrud/Core/Model.php(292): GroceryCrud\Core\Model->_getPrimaryKey()
#2 /home/garmaser/www/html/sac-prusuf/app/Libraries/GroceryCrudEnterprise/grocerycrud/enterprise/src/GroceryCrud/Core/State/StateAbstract.php(1076): GroceryCrud\Core\Model->getPrimaryKeyField()
#3 /home/garmaser/www/html/sac-prusuf/app/Libraries/GroceryCrudEnterprise/grocerycrud/enterprise/src/GroceryCrud/Core/State/StateAbstract.php(1090): GroceryCrud\Core\State\StateAbstract->getPrimaryKeyName()
#4 /home/garmaser/www/html/sac-prusuf/app/Libraries/GroceryCrudEnterprise/grocerycrud/enterprise/src/GroceryCrud/Core/State/AddFormState.php(89): GroceryCrud\Core\State\StateAbstract->removePrimaryKeyFromList()
#5 /home/garmaser/www/html/sac-prusuf/app/Libraries/GroceryCrudEnterprise/grocerycrud/enterprise/src/GroceryCrud/Core/State/AddFormState.php(54): GroceryCrud\Core\State\AddFormState->getAddFormFields()
#6 /home/garmaser/www/html/sac-prusuf/app/Libraries/GroceryCrudEnterprise/grocerycrud/enterprise/src/GroceryCrud/Core/GroceryCrud.php(2642): GroceryCrud\Core\State\AddFormState->render()
#7 /home/garmaser/www/html/sac-prusuf/app/Controllers/Example.php(46): GroceryCrud\Core\GroceryCrud->render()
#8 /home/garmaser/www/html/sac-prusuf/vendor/codeigniter4/framework/system/CodeIgniter.php(802): App\Controllers\Example->postulante()
#9 /home/garmaser/www/html/sac-prusuf/vendor/codeigniter4/framework/system/CodeIgniter.php(399): CodeIgniter\CodeIgniter->runController()
#10 /home/garmaser/www/html/sac-prusuf/vendor/codeigniter4/framework/system/CodeIgniter.php(317): CodeIgniter\CodeIgniter->handleRequest()
#11 /home/garmaser/www/html/sac-prusuf/public/index.php(37): CodeIgniter\CodeIgniter->run()
#12 {main}
CRITICAL - 2021-10-04 22:12:58 --> Call to undefined function get_select_enum()
#0 /home/garmaser/www/html/sac-prusuf/vendor/codeigniter4/framework/system/View/View.php(214): include()
#1 /home/garmaser/www/html/sac-prusuf/vendor/codeigniter4/framework/system/View/View.php(217): CodeIgniter\View\View->CodeIgniter\View\{closure}()
#2 /home/garmaser/www/html/sac-prusuf/vendor/codeigniter4/framework/system/Common.php(1092): CodeIgniter\View\View->render()
#3 /home/garmaser/www/html/sac-prusuf/app/Controllers/Inscripcion.php(15): view()
#4 /home/garmaser/www/html/sac-prusuf/vendor/codeigniter4/framework/system/CodeIgniter.php(802): App\Controllers\Inscripcion->postulante()
#5 /home/garmaser/www/html/sac-prusuf/vendor/codeigniter4/framework/system/CodeIgniter.php(399): CodeIgniter\CodeIgniter->runController()
#6 /home/garmaser/www/html/sac-prusuf/vendor/codeigniter4/framework/system/CodeIgniter.php(317): CodeIgniter\CodeIgniter->handleRequest()
#7 /home/garmaser/www/html/sac-prusuf/public/index.php(37): CodeIgniter\CodeIgniter->run()
#8 {main}
CRITICAL - 2021-10-04 22:13:20 --> Trying to get property 'Type' of non-object
#0 /home/garmaser/www/html/sac-prusuf/app/Helpers/principal_helper.php(10): CodeIgniter\Debug\Exceptions->errorHandler()
#1 /home/garmaser/www/html/sac-prusuf/app/Helpers/principal_helper.php(24): get_enum_valores()
#2 /home/garmaser/www/html/sac-prusuf/app/Views/inscripcion/postulante.php(47): get_select_enum()
#3 /home/garmaser/www/html/sac-prusuf/vendor/codeigniter4/framework/system/View/View.php(214): include('/home/garmaser/...')
#4 /home/garmaser/www/html/sac-prusuf/vendor/codeigniter4/framework/system/View/View.php(217): CodeIgniter\View\View->CodeIgniter\View\{closure}()
#5 /home/garmaser/www/html/sac-prusuf/vendor/codeigniter4/framework/system/Common.php(1092): CodeIgniter\View\View->render()
#6 /home/garmaser/www/html/sac-prusuf/app/Controllers/Inscripcion.php(16): view()
#7 /home/garmaser/www/html/sac-prusuf/vendor/codeigniter4/framework/system/CodeIgniter.php(802): App\Controllers\Inscripcion->postulante()
#8 /home/garmaser/www/html/sac-prusuf/vendor/codeigniter4/framework/system/CodeIgniter.php(399): CodeIgniter\CodeIgniter->runController()
#9 /home/garmaser/www/html/sac-prusuf/vendor/codeigniter4/framework/system/CodeIgniter.php(317): CodeIgniter\CodeIgniter->handleRequest()
#10 /home/garmaser/www/html/sac-prusuf/public/index.php(37): CodeIgniter\CodeIgniter->run()
#11 {main}
CRITICAL - 2021-10-04 22:18:55 --> Undefined variable: select_expedido
#0 /home/garmaser/www/html/sac-prusuf/app/Views/inscripcion/postulante.php(47): CodeIgniter\Debug\Exceptions->errorHandler()
#1 /home/garmaser/www/html/sac-prusuf/vendor/codeigniter4/framework/system/View/View.php(214): include('/home/garmaser/...')
#2 /home/garmaser/www/html/sac-prusuf/vendor/codeigniter4/framework/system/View/View.php(217): CodeIgniter\View\View->CodeIgniter\View\{closure}()
#3 /home/garmaser/www/html/sac-prusuf/vendor/codeigniter4/framework/system/Common.php(1092): CodeIgniter\View\View->render()
#4 /home/garmaser/www/html/sac-prusuf/app/Controllers/Inscripcion.php(20): view()
#5 /home/garmaser/www/html/sac-prusuf/vendor/codeigniter4/framework/system/CodeIgniter.php(802): App\Controllers\Inscripcion->postulante()
#6 /home/garmaser/www/html/sac-prusuf/vendor/codeigniter4/framework/system/CodeIgniter.php(399): CodeIgniter\CodeIgniter->runController()
#7 /home/garmaser/www/html/sac-prusuf/vendor/codeigniter4/framework/system/CodeIgniter.php(317): CodeIgniter\CodeIgniter->handleRequest()
#8 /home/garmaser/www/html/sac-prusuf/public/index.php(37): CodeIgniter\CodeIgniter->run()
#9 {main}
CRITICAL - 2021-10-04 22:23:54 --> Trying to get property 'Type' of non-object
#0 /home/garmaser/www/html/sac-prusuf/app/Helpers/principal_helper.php(10): CodeIgniter\Debug\Exceptions->errorHandler()
#1 /home/garmaser/www/html/sac-prusuf/app/Helpers/principal_helper.php(24): get_enum_valores()
#2 /home/garmaser/www/html/sac-prusuf/app/Controllers/Inscripcion.php(22): get_select_enum()
#3 /home/garmaser/www/html/sac-prusuf/vendor/codeigniter4/framework/system/CodeIgniter.php(802): App\Controllers\Inscripcion->postulante()
#4 /home/garmaser/www/html/sac-prusuf/vendor/codeigniter4/framework/system/CodeIgniter.php(399): CodeIgniter\CodeIgniter->runController()
#5 /home/garmaser/www/html/sac-prusuf/vendor/codeigniter4/framework/system/CodeIgniter.php(317): CodeIgniter\CodeIgniter->handleRequest()
#6 /home/garmaser/www/html/sac-prusuf/public/index.php(37): CodeIgniter\CodeIgniter->run()
#7 {main}
