ERROR - 2022-04-20 12:22:28 --> Error connecting to the database: Unknown database 'sac_prusuf'
CRITICAL - 2022-04-20 12:22:28 --> Unable to connect to the database.
Main connection [MySQLi]: Unknown database 'sac_prusuf'
#0 /home/garmaser/www/html/medicina_archivo_docente/vendor/codeigniter4/framework/system/Database/BaseConnection.php(570): CodeIgniter\Database\BaseConnection->initialize()
#1 /home/garmaser/www/html/medicina_archivo_docente/vendor/codeigniter4/framework/system/Database/BaseBuilder.php(1428): CodeIgniter\Database\BaseConnection->query()
#2 /home/garmaser/www/html/medicina_archivo_docente/vendor/benedmunds/codeigniter-ion-auth/Models/IonAuthModel.php(898): CodeIgniter\Database\BaseBuilder->get()
#3 [internal function]: IonAuth\Models\IonAuthModel->login()
#4 /home/garmaser/www/html/medicina_archivo_docente/vendor/benedmunds/codeigniter-ion-auth/Libraries/IonAuth.php(104): call_user_func_array()
#5 /home/garmaser/www/html/medicina_archivo_docente/vendor/benedmunds/codeigniter-ion-auth/Controllers/Auth.php(138): IonAuth\Libraries\IonAuth->__call()
#6 /home/garmaser/www/html/medicina_archivo_docente/vendor/codeigniter4/framework/system/CodeIgniter.php(802): IonAuth\Controllers\Auth->login()
#7 /home/garmaser/www/html/medicina_archivo_docente/vendor/codeigniter4/framework/system/CodeIgniter.php(399): CodeIgniter\CodeIgniter->runController()
#8 /home/garmaser/www/html/medicina_archivo_docente/vendor/codeigniter4/framework/system/CodeIgniter.php(317): CodeIgniter\CodeIgniter->handleRequest()
#9 /home/garmaser/www/html/medicina_archivo_docente/public/index.php(37): CodeIgniter\CodeIgniter->run()
#10 {main}
ERROR - 2022-04-20 14:25:46 --> Error connecting to the database: Unknown database 'sac_prusuf'
CRITICAL - 2022-04-20 14:25:46 --> Unable to connect to the database.
Main connection [MySQLi]: Unknown database 'sac_prusuf'
#0 /home/garmaser/www/html/medicina_archivo_docente/vendor/codeigniter4/framework/system/Database/BaseConnection.php(570): CodeIgniter\Database\BaseConnection->initialize()
#1 /home/garmaser/www/html/medicina_archivo_docente/vendor/codeigniter4/framework/system/Database/BaseBuilder.php(1428): CodeIgniter\Database\BaseConnection->query()
#2 /home/garmaser/www/html/medicina_archivo_docente/vendor/benedmunds/codeigniter-ion-auth/Models/IonAuthModel.php(898): CodeIgniter\Database\BaseBuilder->get()
#3 [internal function]: IonAuth\Models\IonAuthModel->login()
#4 /home/garmaser/www/html/medicina_archivo_docente/vendor/benedmunds/codeigniter-ion-auth/Libraries/IonAuth.php(104): call_user_func_array()
#5 /home/garmaser/www/html/medicina_archivo_docente/vendor/benedmunds/codeigniter-ion-auth/Controllers/Auth.php(138): IonAuth\Libraries\IonAuth->__call()
#6 /home/garmaser/www/html/medicina_archivo_docente/vendor/codeigniter4/framework/system/CodeIgniter.php(802): IonAuth\Controllers\Auth->login()
#7 /home/garmaser/www/html/medicina_archivo_docente/vendor/codeigniter4/framework/system/CodeIgniter.php(399): CodeIgniter\CodeIgniter->runController()
#8 /home/garmaser/www/html/medicina_archivo_docente/vendor/codeigniter4/framework/system/CodeIgniter.php(317): CodeIgniter\CodeIgniter->handleRequest()
#9 /home/garmaser/www/html/medicina_archivo_docente/public/index.php(37): CodeIgniter\CodeIgniter->run()
#10 {main}
ERROR - 2022-04-20 14:25:55 --> Error connecting to the database: Unknown database 'sac_prusuf'
CRITICAL - 2022-04-20 14:25:55 --> Unable to connect to the database.
Main connection [MySQLi]: Unknown database 'sac_prusuf'
#0 /home/garmaser/www/html/medicina_archivo_docente/vendor/codeigniter4/framework/system/Database/BaseConnection.php(570): CodeIgniter\Database\BaseConnection->initialize()
#1 /home/garmaser/www/html/medicina_archivo_docente/vendor/codeigniter4/framework/system/Database/BaseBuilder.php(1428): CodeIgniter\Database\BaseConnection->query()
#2 /home/garmaser/www/html/medicina_archivo_docente/vendor/benedmunds/codeigniter-ion-auth/Models/IonAuthModel.php(898): CodeIgniter\Database\BaseBuilder->get()
#3 [internal function]: IonAuth\Models\IonAuthModel->login()
#4 /home/garmaser/www/html/medicina_archivo_docente/vendor/benedmunds/codeigniter-ion-auth/Libraries/IonAuth.php(104): call_user_func_array()
#5 /home/garmaser/www/html/medicina_archivo_docente/vendor/benedmunds/codeigniter-ion-auth/Controllers/Auth.php(138): IonAuth\Libraries\IonAuth->__call()
#6 /home/garmaser/www/html/medicina_archivo_docente/vendor/codeigniter4/framework/system/CodeIgniter.php(802): IonAuth\Controllers\Auth->login()
#7 /home/garmaser/www/html/medicina_archivo_docente/vendor/codeigniter4/framework/system/CodeIgniter.php(399): CodeIgniter\CodeIgniter->runController()
#8 /home/garmaser/www/html/medicina_archivo_docente/vendor/codeigniter4/framework/system/CodeIgniter.php(317): CodeIgniter\CodeIgniter->handleRequest()
#9 /home/garmaser/www/html/medicina_archivo_docente/public/index.php(37): CodeIgniter\CodeIgniter->run()
#10 {main}
ERROR - 2022-04-20 14:27:26 --> Table 'medicina_archivo_docente.users' doesn't exist
CRITICAL - 2022-04-20 14:27:26 --> Table 'medicina_archivo_docente.users' doesn't exist
#0 /home/garmaser/www/html/medicina_archivo_docente/vendor/codeigniter4/framework/system/Database/MySQLi/Connection.php(280): mysqli->query()
#1 /home/garmaser/www/html/medicina_archivo_docente/vendor/codeigniter4/framework/system/Database/BaseConnection.php(663): CodeIgniter\Database\MySQLi\Connection->execute()
#2 /home/garmaser/www/html/medicina_archivo_docente/vendor/codeigniter4/framework/system/Database/BaseConnection.php(591): CodeIgniter\Database\BaseConnection->simpleQuery()
#3 /home/garmaser/www/html/medicina_archivo_docente/vendor/codeigniter4/framework/system/Database/BaseBuilder.php(1428): CodeIgniter\Database\BaseConnection->query()
#4 /home/garmaser/www/html/medicina_archivo_docente/vendor/benedmunds/codeigniter-ion-auth/Models/IonAuthModel.php(898): CodeIgniter\Database\BaseBuilder->get()
#5 [internal function]: IonAuth\Models\IonAuthModel->login()
#6 /home/garmaser/www/html/medicina_archivo_docente/vendor/benedmunds/codeigniter-ion-auth/Libraries/IonAuth.php(104): call_user_func_array()
#7 /home/garmaser/www/html/medicina_archivo_docente/vendor/benedmunds/codeigniter-ion-auth/Controllers/Auth.php(138): IonAuth\Libraries\IonAuth->__call()
#8 /home/garmaser/www/html/medicina_archivo_docente/vendor/codeigniter4/framework/system/CodeIgniter.php(802): IonAuth\Controllers\Auth->login()
#9 /home/garmaser/www/html/medicina_archivo_docente/vendor/codeigniter4/framework/system/CodeIgniter.php(399): CodeIgniter\CodeIgniter->runController()
#10 /home/garmaser/www/html/medicina_archivo_docente/vendor/codeigniter4/framework/system/CodeIgniter.php(317): CodeIgniter\CodeIgniter->handleRequest()
#11 /home/garmaser/www/html/medicina_archivo_docente/public/index.php(37): CodeIgniter\CodeIgniter->run()
#12 {main}
ERROR - 2022-04-20 14:35:45 --> Table 'medicina_archivo_docente.preuniversitario' doesn't exist
CRITICAL - 2022-04-20 14:35:45 --> Table 'medicina_archivo_docente.preuniversitario' doesn't exist
#0 /home/garmaser/www/html/medicina_archivo_docente/vendor/codeigniter4/framework/system/Database/MySQLi/Connection.php(280): mysqli->query()
#1 /home/garmaser/www/html/medicina_archivo_docente/vendor/codeigniter4/framework/system/Database/BaseConnection.php(663): CodeIgniter\Database\MySQLi\Connection->execute()
#2 /home/garmaser/www/html/medicina_archivo_docente/vendor/codeigniter4/framework/system/Database/BaseConnection.php(591): CodeIgniter\Database\BaseConnection->simpleQuery()
#3 /home/garmaser/www/html/medicina_archivo_docente/vendor/codeigniter4/framework/system/Database/BaseBuilder.php(1428): CodeIgniter\Database\BaseConnection->query()
#4 /home/garmaser/www/html/medicina_archivo_docente/vendor/codeigniter4/framework/system/Model.php(720): CodeIgniter\Database\BaseBuilder->get()
#5 /home/garmaser/www/html/medicina_archivo_docente/app/Models/PreuniversitarioModel.php(45): CodeIgniter\Model->__call()
#6 /home/garmaser/www/html/medicina_archivo_docente/app/Controllers/Administrador.php(36): App\Models\PreuniversitarioModel->estado_activo()
#7 /home/garmaser/www/html/medicina_archivo_docente/app/Controllers/Administrador.php(30): App\Controllers\Administrador->set_preuniversitario()
#8 /home/garmaser/www/html/medicina_archivo_docente/vendor/codeigniter4/framework/system/CodeIgniter.php(779): App\Controllers\Administrador->__construct()
#9 /home/garmaser/www/html/medicina_archivo_docente/vendor/codeigniter4/framework/system/CodeIgniter.php(390): CodeIgniter\CodeIgniter->createController()
#10 /home/garmaser/www/html/medicina_archivo_docente/vendor/codeigniter4/framework/system/CodeIgniter.php(317): CodeIgniter\CodeIgniter->handleRequest()
#11 /home/garmaser/www/html/medicina_archivo_docente/public/index.php(37): CodeIgniter\CodeIgniter->run()
#12 {main}
ERROR - 2022-04-20 14:36:45 --> Table 'medicina_archivo_docente.preuniversitario' doesn't exist
CRITICAL - 2022-04-20 14:36:45 --> Table 'medicina_archivo_docente.preuniversitario' doesn't exist
#0 /home/garmaser/www/html/medicina_archivo_docente/vendor/codeigniter4/framework/system/Database/MySQLi/Connection.php(280): mysqli->query()
#1 /home/garmaser/www/html/medicina_archivo_docente/vendor/codeigniter4/framework/system/Database/BaseConnection.php(663): CodeIgniter\Database\MySQLi\Connection->execute()
#2 /home/garmaser/www/html/medicina_archivo_docente/vendor/codeigniter4/framework/system/Database/BaseConnection.php(591): CodeIgniter\Database\BaseConnection->simpleQuery()
#3 /home/garmaser/www/html/medicina_archivo_docente/vendor/codeigniter4/framework/system/Database/BaseBuilder.php(1428): CodeIgniter\Database\BaseConnection->query()
#4 /home/garmaser/www/html/medicina_archivo_docente/vendor/codeigniter4/framework/system/Model.php(720): CodeIgniter\Database\BaseBuilder->get()
#5 /home/garmaser/www/html/medicina_archivo_docente/app/Models/PreuniversitarioModel.php(45): CodeIgniter\Model->__call()
#6 /home/garmaser/www/html/medicina_archivo_docente/app/Controllers/Administrador.php(36): App\Models\PreuniversitarioModel->estado_activo()
#7 /home/garmaser/www/html/medicina_archivo_docente/app/Controllers/Administrador.php(30): App\Controllers\Administrador->set_preuniversitario()
#8 /home/garmaser/www/html/medicina_archivo_docente/vendor/codeigniter4/framework/system/CodeIgniter.php(779): App\Controllers\Administrador->__construct()
#9 /home/garmaser/www/html/medicina_archivo_docente/vendor/codeigniter4/framework/system/CodeIgniter.php(390): CodeIgniter\CodeIgniter->createController()
#10 /home/garmaser/www/html/medicina_archivo_docente/vendor/codeigniter4/framework/system/CodeIgniter.php(317): CodeIgniter\CodeIgniter->handleRequest()
#11 /home/garmaser/www/html/medicina_archivo_docente/public/index.php(37): CodeIgniter\CodeIgniter->run()
#12 {main}
ERROR - 2022-04-20 14:37:03 --> Table 'medicina_archivo_docente.users_groups' doesn't exist
CRITICAL - 2022-04-20 14:37:03 --> Table 'medicina_archivo_docente.users_groups' doesn't exist
#0 /home/garmaser/www/html/medicina_archivo_docente/vendor/codeigniter4/framework/system/Database/MySQLi/Connection.php(280): mysqli->query()
#1 /home/garmaser/www/html/medicina_archivo_docente/vendor/codeigniter4/framework/system/Database/BaseConnection.php(663): CodeIgniter\Database\MySQLi\Connection->execute()
#2 /home/garmaser/www/html/medicina_archivo_docente/vendor/codeigniter4/framework/system/Database/BaseConnection.php(591): CodeIgniter\Database\BaseConnection->simpleQuery()
#3 /home/garmaser/www/html/medicina_archivo_docente/vendor/codeigniter4/framework/system/Database/BaseBuilder.php(1428): CodeIgniter\Database\BaseConnection->query()
#4 /home/garmaser/www/html/medicina_archivo_docente/vendor/benedmunds/codeigniter-ion-auth/Models/IonAuthModel.php(1551): CodeIgniter\Database\BaseBuilder->get()
#5 [internal function]: IonAuth\Models\IonAuthModel->getUsersGroups()
#6 /home/garmaser/www/html/medicina_archivo_docente/vendor/benedmunds/codeigniter-ion-auth/Libraries/IonAuth.php(104): call_user_func_array()
#7 /home/garmaser/www/html/medicina_archivo_docente/app/Controllers/Administrador.php(34): IonAuth\Libraries\IonAuth->__call()
#8 /home/garmaser/www/html/medicina_archivo_docente/vendor/codeigniter4/framework/system/CodeIgniter.php(802): App\Controllers\Administrador->index()
#9 /home/garmaser/www/html/medicina_archivo_docente/vendor/codeigniter4/framework/system/CodeIgniter.php(399): CodeIgniter\CodeIgniter->runController()
#10 /home/garmaser/www/html/medicina_archivo_docente/vendor/codeigniter4/framework/system/CodeIgniter.php(317): CodeIgniter\CodeIgniter->handleRequest()
#11 /home/garmaser/www/html/medicina_archivo_docente/public/index.php(37): CodeIgniter\CodeIgniter->run()
#12 {main}
CRITICAL - 2022-04-20 14:37:25 --> Undefined variable: mensaje
#0 /home/garmaser/www/html/medicina_archivo_docente/app/Views/blank.php(29): CodeIgniter\Debug\Exceptions->errorHandler()
#1 /home/garmaser/www/html/medicina_archivo_docente/vendor/codeigniter4/framework/system/View/View.php(214): include('/home/garmaser/...')
#2 /home/garmaser/www/html/medicina_archivo_docente/vendor/codeigniter4/framework/system/View/View.php(217): CodeIgniter\View\View->CodeIgniter\View\{closure}()
#3 /home/garmaser/www/html/medicina_archivo_docente/vendor/codeigniter4/framework/system/Common.php(1092): CodeIgniter\View\View->render()
#4 /home/garmaser/www/html/medicina_archivo_docente/app/Controllers/Administrador.php(41): view()
#5 /home/garmaser/www/html/medicina_archivo_docente/vendor/codeigniter4/framework/system/CodeIgniter.php(802): App\Controllers\Administrador->gestion()
#6 /home/garmaser/www/html/medicina_archivo_docente/vendor/codeigniter4/framework/system/CodeIgniter.php(399): CodeIgniter\CodeIgniter->runController()
#7 /home/garmaser/www/html/medicina_archivo_docente/vendor/codeigniter4/framework/system/CodeIgniter.php(317): CodeIgniter\CodeIgniter->handleRequest()
#8 /home/garmaser/www/html/medicina_archivo_docente/public/index.php(37): CodeIgniter\CodeIgniter->run()
#9 {main}
CRITICAL - 2022-04-20 14:37:54 --> Trying to get property 'nombre' of non-object
#0 /home/garmaser/www/html/medicina_archivo_docente/app/Controllers/Administrador.php(51): CodeIgniter\Debug\Exceptions->errorHandler()
#1 /home/garmaser/www/html/medicina_archivo_docente/vendor/codeigniter4/framework/system/CodeIgniter.php(802): App\Controllers\Administrador->gestion()
#2 /home/garmaser/www/html/medicina_archivo_docente/vendor/codeigniter4/framework/system/CodeIgniter.php(399): CodeIgniter\CodeIgniter->runController()
#3 /home/garmaser/www/html/medicina_archivo_docente/vendor/codeigniter4/framework/system/CodeIgniter.php(317): CodeIgniter\CodeIgniter->handleRequest()
#4 /home/garmaser/www/html/medicina_archivo_docente/public/index.php(37): CodeIgniter\CodeIgniter->run()
#5 {main}
CRITICAL - 2022-04-20 18:24:04 --> Statement could not be executed (HY000 - 1364 - Field 'id_produccion_intelectual_tipo' doesn't have a default value)
#0 /home/garmaser/www/html/medicina_archivo_docente/app/Libraries/GroceryCrudEnterprise/grocerycrud/enterprise/src/GroceryCrud/Core/Model.php(517): Zend\Db\Adapter\Driver\Pdo\Statement->execute()
#1 /home/garmaser/www/html/medicina_archivo_docente/app/Libraries/GroceryCrudEnterprise/grocerycrud/enterprise/src/GroceryCrud/Core/State/InsertState.php(85): GroceryCrud\Core\Model->insert()
#2 /home/garmaser/www/html/medicina_archivo_docente/app/Libraries/GroceryCrudEnterprise/grocerycrud/enterprise/src/GroceryCrud/Core/State/StateAbstract.php(1009): GroceryCrud\Core\State\InsertState->GroceryCrud\Core\State\{closure}()
#3 /home/garmaser/www/html/medicina_archivo_docente/app/Libraries/GroceryCrudEnterprise/grocerycrud/enterprise/src/GroceryCrud/Core/State/StateAbstract.php(334): GroceryCrud\Core\State\StateAbstract->stateOperation()
#4 /home/garmaser/www/html/medicina_archivo_docente/app/Libraries/GroceryCrudEnterprise/grocerycrud/enterprise/src/GroceryCrud/Core/State/InsertState.php(95): GroceryCrud\Core\State\StateAbstract->stateOperationWithCallbacks()
#5 /home/garmaser/www/html/medicina_archivo_docente/app/Libraries/GroceryCrudEnterprise/grocerycrud/enterprise/src/GroceryCrud/Core/GroceryCrud.php(2642): GroceryCrud\Core\State\InsertState->render()
#6 /home/garmaser/www/html/medicina_archivo_docente/app/Controllers/Administrador.php(95): GroceryCrud\Core\GroceryCrud->render()
#7 /home/garmaser/www/html/medicina_archivo_docente/vendor/codeigniter4/framework/system/CodeIgniter.php(802): App\Controllers\Administrador->produccion_intelectual_tipo()
#8 /home/garmaser/www/html/medicina_archivo_docente/vendor/codeigniter4/framework/system/CodeIgniter.php(399): CodeIgniter\CodeIgniter->runController()
#9 /home/garmaser/www/html/medicina_archivo_docente/vendor/codeigniter4/framework/system/CodeIgniter.php(317): CodeIgniter\CodeIgniter->handleRequest()
#10 /home/garmaser/www/html/medicina_archivo_docente/public/index.php(37): CodeIgniter\CodeIgniter->run()
#11 {main}
CRITICAL - 2022-04-20 18:51:55 --> Cannot declare class App\Controllers\archivo_docente\Inicio, because the name is already in use
#0 [internal function]: CodeIgniter\Debug\Exceptions->shutdownHandler()
#1 {main}
CRITICAL - 2022-04-20 18:52:17 --> Call to private method App\Controllers\BaseController_ArchivoDocente::_getGroceryCrudEnterprise() from context 'App\Controllers\ArchivoDocente\Inicio'
#0 /home/garmaser/www/html/medicina_archivo_docente/vendor/codeigniter4/framework/system/CodeIgniter.php(802): App\Controllers\ArchivoDocente\Inicio->documento_tipo()
#1 /home/garmaser/www/html/medicina_archivo_docente/vendor/codeigniter4/framework/system/CodeIgniter.php(399): CodeIgniter\CodeIgniter->runController()
#2 /home/garmaser/www/html/medicina_archivo_docente/vendor/codeigniter4/framework/system/CodeIgniter.php(317): CodeIgniter\CodeIgniter->handleRequest()
#3 /home/garmaser/www/html/medicina_archivo_docente/public/index.php(37): CodeIgniter\CodeIgniter->run()
#4 {main}
CRITICAL - 2022-04-20 18:53:23 --> Cannot access private property App\Controllers\ArchivoDocente\Inicio::$data
#0 /home/garmaser/www/html/medicina_archivo_docente/app/Controllers/ArchivoDocente/Inicio.php(34): App\Controllers\BaseController_ArchivoDocente->_example_output()
#1 /home/garmaser/www/html/medicina_archivo_docente/vendor/codeigniter4/framework/system/CodeIgniter.php(802): App\Controllers\ArchivoDocente\Inicio->documento_tipo()
#2 /home/garmaser/www/html/medicina_archivo_docente/vendor/codeigniter4/framework/system/CodeIgniter.php(399): CodeIgniter\CodeIgniter->runController()
#3 /home/garmaser/www/html/medicina_archivo_docente/vendor/codeigniter4/framework/system/CodeIgniter.php(317): CodeIgniter\CodeIgniter->handleRequest()
#4 /home/garmaser/www/html/medicina_archivo_docente/public/index.php(37): CodeIgniter\CodeIgniter->run()
#5 {main}
CRITICAL - 2022-04-20 19:01:00 --> Archivo inválido: layouts/archivoDocente.php
#0 /home/garmaser/www/html/medicina_archivo_docente/vendor/codeigniter4/framework/system/View/View.php(198): CodeIgniter\Exceptions\FrameworkException::forInvalidFile()
#1 /home/garmaser/www/html/medicina_archivo_docente/vendor/codeigniter4/framework/system/View/View.php(432): CodeIgniter\View\View->render()
#2 /home/garmaser/www/html/medicina_archivo_docente/app/Views/layouts/admin.php(48): CodeIgniter\View\View->include()
#3 /home/garmaser/www/html/medicina_archivo_docente/vendor/codeigniter4/framework/system/View/View.php(214): include('/home/garmaser/...')
#4 /home/garmaser/www/html/medicina_archivo_docente/vendor/codeigniter4/framework/system/View/View.php(217): CodeIgniter\View\View->CodeIgniter\View\{closure}()
#5 /home/garmaser/www/html/medicina_archivo_docente/vendor/codeigniter4/framework/system/View/View.php(230): CodeIgniter\View\View->render()
#6 /home/garmaser/www/html/medicina_archivo_docente/vendor/codeigniter4/framework/system/Common.php(1092): CodeIgniter\View\View->render()
#7 /home/garmaser/www/html/medicina_archivo_docente/app/Controllers/BaseController_ArchivoDocente.php(72): view()
#8 /home/garmaser/www/html/medicina_archivo_docente/app/Controllers/ArchivoDocente/Inicio.php(23): App\Controllers\BaseController_ArchivoDocente->_example_output()
#9 /home/garmaser/www/html/medicina_archivo_docente/vendor/codeigniter4/framework/system/CodeIgniter.php(802): App\Controllers\ArchivoDocente\Inicio->index()
#10 /home/garmaser/www/html/medicina_archivo_docente/vendor/codeigniter4/framework/system/CodeIgniter.php(399): CodeIgniter\CodeIgniter->runController()
#11 /home/garmaser/www/html/medicina_archivo_docente/vendor/codeigniter4/framework/system/CodeIgniter.php(317): CodeIgniter\CodeIgniter->handleRequest()
#12 /home/garmaser/www/html/medicina_archivo_docente/public/index.php(37): CodeIgniter\CodeIgniter->run()
#13 {main}
CRITICAL - 2022-04-20 19:02:18 --> Undefined property: App\Controllers\ArchivoDocente\Inicio::$ionAuth
#0 /home/garmaser/www/html/medicina_archivo_docente/app/Controllers/ArchivoDocente/Inicio.php(28): CodeIgniter\Debug\Exceptions->errorHandler()
#1 /home/garmaser/www/html/medicina_archivo_docente/vendor/codeigniter4/framework/system/CodeIgniter.php(802): App\Controllers\ArchivoDocente\Inicio->principal()
#2 /home/garmaser/www/html/medicina_archivo_docente/vendor/codeigniter4/framework/system/CodeIgniter.php(399): CodeIgniter\CodeIgniter->runController()
#3 /home/garmaser/www/html/medicina_archivo_docente/vendor/codeigniter4/framework/system/CodeIgniter.php(317): CodeIgniter\CodeIgniter->handleRequest()
#4 /home/garmaser/www/html/medicina_archivo_docente/public/index.php(37): CodeIgniter\CodeIgniter->run()
#5 {main}
CRITICAL - 2022-04-20 19:03:05 --> Undefined property: App\Controllers\ArchivoDocente\Inicio::$ionAuth
#0 /home/garmaser/www/html/medicina_archivo_docente/app/Controllers/ArchivoDocente/Inicio.php(28): CodeIgniter\Debug\Exceptions->errorHandler()
#1 /home/garmaser/www/html/medicina_archivo_docente/vendor/codeigniter4/framework/system/CodeIgniter.php(802): App\Controllers\ArchivoDocente\Inicio->principal()
#2 /home/garmaser/www/html/medicina_archivo_docente/vendor/codeigniter4/framework/system/CodeIgniter.php(399): CodeIgniter\CodeIgniter->runController()
#3 /home/garmaser/www/html/medicina_archivo_docente/vendor/codeigniter4/framework/system/CodeIgniter.php(317): CodeIgniter\CodeIgniter->handleRequest()
#4 /home/garmaser/www/html/medicina_archivo_docente/public/index.php(37): CodeIgniter\CodeIgniter->run()
#5 {main}
CRITICAL - 2022-04-20 19:04:19 --> Archivo inválido: layouts/archivoDocente.php
#0 /home/garmaser/www/html/medicina_archivo_docente/vendor/codeigniter4/framework/system/View/View.php(198): CodeIgniter\Exceptions\FrameworkException::forInvalidFile()
#1 /home/garmaser/www/html/medicina_archivo_docente/vendor/codeigniter4/framework/system/View/View.php(432): CodeIgniter\View\View->render()
#2 /home/garmaser/www/html/medicina_archivo_docente/app/Views/layouts/admin.php(48): CodeIgniter\View\View->include()
#3 /home/garmaser/www/html/medicina_archivo_docente/vendor/codeigniter4/framework/system/View/View.php(214): include('/home/garmaser/...')
#4 /home/garmaser/www/html/medicina_archivo_docente/vendor/codeigniter4/framework/system/View/View.php(217): CodeIgniter\View\View->CodeIgniter\View\{closure}()
#5 /home/garmaser/www/html/medicina_archivo_docente/vendor/codeigniter4/framework/system/View/View.php(230): CodeIgniter\View\View->render()
#6 /home/garmaser/www/html/medicina_archivo_docente/vendor/codeigniter4/framework/system/Common.php(1092): CodeIgniter\View\View->render()
#7 /home/garmaser/www/html/medicina_archivo_docente/app/Controllers/ArchivoDocente/Inicio.php(35): view()
#8 /home/garmaser/www/html/medicina_archivo_docente/vendor/codeigniter4/framework/system/CodeIgniter.php(802): App\Controllers\ArchivoDocente\Inicio->principal()
#9 /home/garmaser/www/html/medicina_archivo_docente/vendor/codeigniter4/framework/system/CodeIgniter.php(399): CodeIgniter\CodeIgniter->runController()
#10 /home/garmaser/www/html/medicina_archivo_docente/vendor/codeigniter4/framework/system/CodeIgniter.php(317): CodeIgniter\CodeIgniter->handleRequest()
#11 /home/garmaser/www/html/medicina_archivo_docente/public/index.php(37): CodeIgniter\CodeIgniter->run()
#12 {main}
CRITICAL - 2022-04-20 19:21:38 --> Undefined variable: rowCategoria
#0 /home/garmaser/www/html/medicina_archivo_docente/app/Views/archivoDocente/archivo.php(26): CodeIgniter\Debug\Exceptions->errorHandler()
#1 /home/garmaser/www/html/medicina_archivo_docente/vendor/codeigniter4/framework/system/View/View.php(214): include('/home/garmaser/...')
#2 /home/garmaser/www/html/medicina_archivo_docente/vendor/codeigniter4/framework/system/View/View.php(217): CodeIgniter\View\View->CodeIgniter\View\{closure}()
#3 /home/garmaser/www/html/medicina_archivo_docente/vendor/codeigniter4/framework/system/Common.php(1092): CodeIgniter\View\View->render()
#4 /home/garmaser/www/html/medicina_archivo_docente/app/Controllers/BaseController_ArchivoDocente.php(83): view()
#5 /home/garmaser/www/html/medicina_archivo_docente/app/Controllers/ArchivoDocente/Inicio.php(35): App\Controllers\BaseController_ArchivoDocente->_output_archivo()
#6 /home/garmaser/www/html/medicina_archivo_docente/vendor/codeigniter4/framework/system/CodeIgniter.php(802): App\Controllers\ArchivoDocente\Inicio->index()
#7 /home/garmaser/www/html/medicina_archivo_docente/vendor/codeigniter4/framework/system/CodeIgniter.php(399): CodeIgniter\CodeIgniter->runController()
#8 /home/garmaser/www/html/medicina_archivo_docente/vendor/codeigniter4/framework/system/CodeIgniter.php(317): CodeIgniter\CodeIgniter->handleRequest()
#9 /home/garmaser/www/html/medicina_archivo_docente/public/index.php(37): CodeIgniter\CodeIgniter->run()
#10 {main}
CRITICAL - 2022-04-20 19:40:59 --> Cannot use object of type stdClass as array
#0 /home/garmaser/www/html/medicina_archivo_docente/vendor/codeigniter4/framework/system/View/View.php(214): include()
#1 /home/garmaser/www/html/medicina_archivo_docente/vendor/codeigniter4/framework/system/View/View.php(217): CodeIgniter\View\View->CodeIgniter\View\{closure}()
#2 /home/garmaser/www/html/medicina_archivo_docente/vendor/codeigniter4/framework/system/Common.php(1092): CodeIgniter\View\View->render()
#3 /home/garmaser/www/html/medicina_archivo_docente/app/Controllers/ArchivoDocente/Inicio.php(47): view()
#4 /home/garmaser/www/html/medicina_archivo_docente/vendor/codeigniter4/framework/system/CodeIgniter.php(802): App\Controllers\ArchivoDocente\Inicio->archivo()
#5 /home/garmaser/www/html/medicina_archivo_docente/vendor/codeigniter4/framework/system/CodeIgniter.php(399): CodeIgniter\CodeIgniter->runController()
#6 /home/garmaser/www/html/medicina_archivo_docente/vendor/codeigniter4/framework/system/CodeIgniter.php(317): CodeIgniter\CodeIgniter->handleRequest()
#7 /home/garmaser/www/html/medicina_archivo_docente/public/index.php(37): CodeIgniter\CodeIgniter->run()
#8 {main}
CRITICAL - 2022-04-20 19:42:05 --> Cannot use object of type stdClass as array
#0 /home/garmaser/www/html/medicina_archivo_docente/vendor/codeigniter4/framework/system/View/View.php(214): include()
#1 /home/garmaser/www/html/medicina_archivo_docente/vendor/codeigniter4/framework/system/View/View.php(217): CodeIgniter\View\View->CodeIgniter\View\{closure}()
#2 /home/garmaser/www/html/medicina_archivo_docente/vendor/codeigniter4/framework/system/Common.php(1092): CodeIgniter\View\View->render()
#3 /home/garmaser/www/html/medicina_archivo_docente/app/Controllers/ArchivoDocente/Inicio.php(47): view()
#4 /home/garmaser/www/html/medicina_archivo_docente/vendor/codeigniter4/framework/system/CodeIgniter.php(802): App\Controllers\ArchivoDocente\Inicio->archivo()
#5 /home/garmaser/www/html/medicina_archivo_docente/vendor/codeigniter4/framework/system/CodeIgniter.php(399): CodeIgniter\CodeIgniter->runController()
#6 /home/garmaser/www/html/medicina_archivo_docente/vendor/codeigniter4/framework/system/CodeIgniter.php(317): CodeIgniter\CodeIgniter->handleRequest()
#7 /home/garmaser/www/html/medicina_archivo_docente/public/index.php(37): CodeIgniter\CodeIgniter->run()
#8 {main}
CRITICAL - 2022-04-20 19:57:37 --> Too few arguments to function App\Controllers\ArchivoDocente\Titulo::__construct(), 0 passed in /home/garmaser/www/html/medicina_archivo_docente/vendor/codeigniter4/framework/system/CodeIgniter.php on line 779 and exactly 1 expected
#0 /home/garmaser/www/html/medicina_archivo_docente/vendor/codeigniter4/framework/system/CodeIgniter.php(779): App\Controllers\ArchivoDocente\Titulo->__construct()
#1 /home/garmaser/www/html/medicina_archivo_docente/vendor/codeigniter4/framework/system/CodeIgniter.php(390): CodeIgniter\CodeIgniter->createController()
#2 /home/garmaser/www/html/medicina_archivo_docente/vendor/codeigniter4/framework/system/CodeIgniter.php(317): CodeIgniter\CodeIgniter->handleRequest()
#3 /home/garmaser/www/html/medicina_archivo_docente/public/index.php(37): CodeIgniter\CodeIgniter->run()
#4 {main}
CRITICAL - 2022-04-20 20:03:39 --> Too few arguments to function App\Controllers\ArchivoDocente\Titulo::__construct(), 0 passed in /home/garmaser/www/html/medicina_archivo_docente/vendor/codeigniter4/framework/system/CodeIgniter.php on line 779 and exactly 1 expected
#0 /home/garmaser/www/html/medicina_archivo_docente/vendor/codeigniter4/framework/system/CodeIgniter.php(779): App\Controllers\ArchivoDocente\Titulo->__construct()
#1 /home/garmaser/www/html/medicina_archivo_docente/vendor/codeigniter4/framework/system/CodeIgniter.php(390): CodeIgniter\CodeIgniter->createController()
#2 /home/garmaser/www/html/medicina_archivo_docente/vendor/codeigniter4/framework/system/CodeIgniter.php(317): CodeIgniter\CodeIgniter->handleRequest()
#3 /home/garmaser/www/html/medicina_archivo_docente/public/index.php(37): CodeIgniter\CodeIgniter->run()
#4 {main}
CRITICAL - 2022-04-20 20:03:45 --> Too few arguments to function App\Controllers\ArchivoDocente\Titulo::__construct(), 0 passed in /home/garmaser/www/html/medicina_archivo_docente/vendor/codeigniter4/framework/system/CodeIgniter.php on line 779 and exactly 1 expected
#0 /home/garmaser/www/html/medicina_archivo_docente/vendor/codeigniter4/framework/system/CodeIgniter.php(779): App\Controllers\ArchivoDocente\Titulo->__construct()
#1 /home/garmaser/www/html/medicina_archivo_docente/vendor/codeigniter4/framework/system/CodeIgniter.php(390): CodeIgniter\CodeIgniter->createController()
#2 /home/garmaser/www/html/medicina_archivo_docente/vendor/codeigniter4/framework/system/CodeIgniter.php(317): CodeIgniter\CodeIgniter->handleRequest()
#3 /home/garmaser/www/html/medicina_archivo_docente/public/index.php(37): CodeIgniter\CodeIgniter->run()
#4 {main}
CRITICAL - 2022-04-20 20:07:50 --> Call to undefined method App\Controllers\ArchivoDocente\Titulo::_getGroceryCrudEnterprise()
#0 /home/garmaser/www/html/medicina_archivo_docente/vendor/codeigniter4/framework/system/CodeIgniter.php(802): App\Controllers\ArchivoDocente\Titulo->index()
#1 /home/garmaser/www/html/medicina_archivo_docente/vendor/codeigniter4/framework/system/CodeIgniter.php(399): CodeIgniter\CodeIgniter->runController()
#2 /home/garmaser/www/html/medicina_archivo_docente/vendor/codeigniter4/framework/system/CodeIgniter.php(317): CodeIgniter\CodeIgniter->handleRequest()
#3 /home/garmaser/www/html/medicina_archivo_docente/public/index.php(37): CodeIgniter\CodeIgniter->run()
#4 {main}
CRITICAL - 2022-04-20 20:08:36 --> Undefined index: menu
#0 /home/garmaser/www/html/medicina_archivo_docente/app/Controllers/BaseController_ArchivoDocente.php(82): CodeIgniter\Debug\Exceptions->errorHandler()
#1 /home/garmaser/www/html/medicina_archivo_docente/app/Controllers/ArchivoDocente/Titulo.php(33): App\Controllers\BaseController_ArchivoDocente->_output_archivo()
#2 /home/garmaser/www/html/medicina_archivo_docente/vendor/codeigniter4/framework/system/CodeIgniter.php(802): App\Controllers\ArchivoDocente\Titulo->index()
#3 /home/garmaser/www/html/medicina_archivo_docente/vendor/codeigniter4/framework/system/CodeIgniter.php(399): CodeIgniter\CodeIgniter->runController()
#4 /home/garmaser/www/html/medicina_archivo_docente/vendor/codeigniter4/framework/system/CodeIgniter.php(317): CodeIgniter\CodeIgniter->handleRequest()
#5 /home/garmaser/www/html/medicina_archivo_docente/public/index.php(37): CodeIgniter\CodeIgniter->run()
#6 {main}
CRITICAL - 2022-04-20 20:09:03 --> Undefined variable: rowDocente
#0 /home/garmaser/www/html/medicina_archivo_docente/app/Views/archivoDocente/archivo.php(26): CodeIgniter\Debug\Exceptions->errorHandler()
#1 /home/garmaser/www/html/medicina_archivo_docente/vendor/codeigniter4/framework/system/View/View.php(214): include('/home/garmaser/...')
#2 /home/garmaser/www/html/medicina_archivo_docente/vendor/codeigniter4/framework/system/View/View.php(217): CodeIgniter\View\View->CodeIgniter\View\{closure}()
#3 /home/garmaser/www/html/medicina_archivo_docente/vendor/codeigniter4/framework/system/Common.php(1092): CodeIgniter\View\View->render()
#4 /home/garmaser/www/html/medicina_archivo_docente/app/Controllers/BaseController_ArchivoDocente.php(83): view()
#5 /home/garmaser/www/html/medicina_archivo_docente/app/Controllers/ArchivoDocente/Titulo.php(33): App\Controllers\BaseController_ArchivoDocente->_output_archivo()
#6 /home/garmaser/www/html/medicina_archivo_docente/vendor/codeigniter4/framework/system/CodeIgniter.php(802): App\Controllers\ArchivoDocente\Titulo->index()
#7 /home/garmaser/www/html/medicina_archivo_docente/vendor/codeigniter4/framework/system/CodeIgniter.php(399): CodeIgniter\CodeIgniter->runController()
#8 /home/garmaser/www/html/medicina_archivo_docente/vendor/codeigniter4/framework/system/CodeIgniter.php(317): CodeIgniter\CodeIgniter->handleRequest()
#9 /home/garmaser/www/html/medicina_archivo_docente/public/index.php(37): CodeIgniter\CodeIgniter->run()
#10 {main}
CRITICAL - 2022-04-20 20:10:50 --> Undefined variable: rowDocente
#0 /home/garmaser/www/html/medicina_archivo_docente/app/Views/archivoDocente/archivo.php(26): CodeIgniter\Debug\Exceptions->errorHandler()
#1 /home/garmaser/www/html/medicina_archivo_docente/vendor/codeigniter4/framework/system/View/View.php(214): include('/home/garmaser/...')
#2 /home/garmaser/www/html/medicina_archivo_docente/vendor/codeigniter4/framework/system/View/View.php(217): CodeIgniter\View\View->CodeIgniter\View\{closure}()
#3 /home/garmaser/www/html/medicina_archivo_docente/vendor/codeigniter4/framework/system/Common.php(1092): CodeIgniter\View\View->render()
#4 /home/garmaser/www/html/medicina_archivo_docente/app/Controllers/BaseController_ArchivoDocente.php(83): view()
#5 /home/garmaser/www/html/medicina_archivo_docente/app/Controllers/ArchivoDocente/Titulo.php(36): App\Controllers\BaseController_ArchivoDocente->_output_archivo()
#6 /home/garmaser/www/html/medicina_archivo_docente/vendor/codeigniter4/framework/system/CodeIgniter.php(802): App\Controllers\ArchivoDocente\Titulo->index()
#7 /home/garmaser/www/html/medicina_archivo_docente/vendor/codeigniter4/framework/system/CodeIgniter.php(399): CodeIgniter\CodeIgniter->runController()
#8 /home/garmaser/www/html/medicina_archivo_docente/vendor/codeigniter4/framework/system/CodeIgniter.php(317): CodeIgniter\CodeIgniter->handleRequest()
#9 /home/garmaser/www/html/medicina_archivo_docente/public/index.php(37): CodeIgniter\CodeIgniter->run()
#10 {main}
CRITICAL - 2022-04-20 20:10:51 --> Undefined variable: rowDocente
#0 /home/garmaser/www/html/medicina_archivo_docente/app/Views/archivoDocente/archivo.php(26): CodeIgniter\Debug\Exceptions->errorHandler()
#1 /home/garmaser/www/html/medicina_archivo_docente/vendor/codeigniter4/framework/system/View/View.php(214): include('/home/garmaser/...')
#2 /home/garmaser/www/html/medicina_archivo_docente/vendor/codeigniter4/framework/system/View/View.php(217): CodeIgniter\View\View->CodeIgniter\View\{closure}()
#3 /home/garmaser/www/html/medicina_archivo_docente/vendor/codeigniter4/framework/system/Common.php(1092): CodeIgniter\View\View->render()
#4 /home/garmaser/www/html/medicina_archivo_docente/app/Controllers/BaseController_ArchivoDocente.php(83): view()
#5 /home/garmaser/www/html/medicina_archivo_docente/app/Controllers/ArchivoDocente/Titulo.php(36): App\Controllers\BaseController_ArchivoDocente->_output_archivo()
#6 /home/garmaser/www/html/medicina_archivo_docente/vendor/codeigniter4/framework/system/CodeIgniter.php(802): App\Controllers\ArchivoDocente\Titulo->index()
#7 /home/garmaser/www/html/medicina_archivo_docente/vendor/codeigniter4/framework/system/CodeIgniter.php(399): CodeIgniter\CodeIgniter->runController()
#8 /home/garmaser/www/html/medicina_archivo_docente/vendor/codeigniter4/framework/system/CodeIgniter.php(317): CodeIgniter\CodeIgniter->handleRequest()
#9 /home/garmaser/www/html/medicina_archivo_docente/public/index.php(37): CodeIgniter\CodeIgniter->run()
#10 {main}
CRITICAL - 2022-04-20 20:14:29 --> SQLSTATE[42S22]: Column not found: 1054 Unknown column 'siacop_id_persona' in 'where clause'
#0 /home/garmaser/www/html/medicina_archivo_docente/app/Libraries/GroceryCrudEnterprise/zendframework/zend-db/src/Adapter/Driver/Pdo/Connection.php(360): PDO->query()
#1 /home/garmaser/www/html/medicina_archivo_docente/app/Libraries/GroceryCrudEnterprise/zendframework/zend-db/src/Adapter/Adapter.php(190): Zend\Db\Adapter\Driver\Pdo\Connection->execute()
#2 /home/garmaser/www/html/medicina_archivo_docente/app/Libraries/GroceryCrudEnterprise/grocerycrud/enterprise/src/GroceryCrud/Core/Model.php(1131): Zend\Db\Adapter\Adapter->query()
#3 /home/garmaser/www/html/medicina_archivo_docente/app/Libraries/GroceryCrudEnterprise/grocerycrud/enterprise/src/GroceryCrud/Core/Model.php(1393): GroceryCrud\Core\Model->getResultsFromSelect()
#4 /home/garmaser/www/html/medicina_archivo_docente/app/Libraries/GroceryCrudEnterprise/grocerycrud/enterprise/src/GroceryCrud/Core/State/DatagridState.php(355): GroceryCrud\Core\Model->getList()
#5 /home/garmaser/www/html/medicina_archivo_docente/app/Libraries/GroceryCrudEnterprise/grocerycrud/enterprise/src/GroceryCrud/Core/State/DatagridState.php(366): GroceryCrud\Core\State\DatagridState->getData()
#6 /home/garmaser/www/html/medicina_archivo_docente/app/Libraries/GroceryCrudEnterprise/grocerycrud/enterprise/src/GroceryCrud/Core/GroceryCrud.php(2642): GroceryCrud\Core\State\DatagridState->render()
#7 /home/garmaser/www/html/medicina_archivo_docente/app/Controllers/ArchivoDocente/Titulo.php(31): GroceryCrud\Core\GroceryCrud->render()
#8 /home/garmaser/www/html/medicina_archivo_docente/vendor/codeigniter4/framework/system/CodeIgniter.php(802): App\Controllers\ArchivoDocente\Titulo->index()
#9 /home/garmaser/www/html/medicina_archivo_docente/vendor/codeigniter4/framework/system/CodeIgniter.php(399): CodeIgniter\CodeIgniter->runController()
#10 /home/garmaser/www/html/medicina_archivo_docente/vendor/codeigniter4/framework/system/CodeIgniter.php(317): CodeIgniter\CodeIgniter->handleRequest()
#11 /home/garmaser/www/html/medicina_archivo_docente/public/index.php(37): CodeIgniter\CodeIgniter->run()
#12 {main}
CRITICAL - 2022-04-20 20:17:47 --> syntax error, unexpected '$output' (T_VARIABLE)
#0 /home/garmaser/www/html/medicina_archivo_docente/vendor/codeigniter4/framework/system/Router/Router.php(160): CodeIgniter\Router\Router->autoRoute()
#1 /home/garmaser/www/html/medicina_archivo_docente/vendor/codeigniter4/framework/system/CodeIgniter.php(702): CodeIgniter\Router\Router->handle()
#2 /home/garmaser/www/html/medicina_archivo_docente/vendor/codeigniter4/framework/system/CodeIgniter.php(358): CodeIgniter\CodeIgniter->tryToRouteIt()
#3 /home/garmaser/www/html/medicina_archivo_docente/vendor/codeigniter4/framework/system/CodeIgniter.php(317): CodeIgniter\CodeIgniter->handleRequest()
#4 /home/garmaser/www/html/medicina_archivo_docente/public/index.php(37): CodeIgniter\CodeIgniter->run()
#5 {main}
CRITICAL - 2022-04-20 22:22:56 --> Undefined variable: id_docente
#0 /home/garmaser/www/html/medicina_archivo_docente/app/Controllers/ArchivoDocente/ProduccionIntelectual.php(27): CodeIgniter\Debug\Exceptions->errorHandler()
#1 /home/garmaser/www/html/medicina_archivo_docente/vendor/codeigniter4/framework/system/CodeIgniter.php(802): App\Controllers\ArchivoDocente\ProduccionIntelectual->index()
#2 /home/garmaser/www/html/medicina_archivo_docente/vendor/codeigniter4/framework/system/CodeIgniter.php(399): CodeIgniter\CodeIgniter->runController()
#3 /home/garmaser/www/html/medicina_archivo_docente/vendor/codeigniter4/framework/system/CodeIgniter.php(317): CodeIgniter\CodeIgniter->handleRequest()
#4 /home/garmaser/www/html/medicina_archivo_docente/public/index.php(37): CodeIgniter\CodeIgniter->run()
#5 {main}
CRITICAL - 2022-04-20 22:51:14 --> Call to undefined method GroceryCrud\Core\GroceryCrud::require()
#0 /home/garmaser/www/html/medicina_archivo_docente/vendor/codeigniter4/framework/system/CodeIgniter.php(802): App\Controllers\ArchivoDocente\Titulo->index()
#1 /home/garmaser/www/html/medicina_archivo_docente/vendor/codeigniter4/framework/system/CodeIgniter.php(399): CodeIgniter\CodeIgniter->runController()
#2 /home/garmaser/www/html/medicina_archivo_docente/vendor/codeigniter4/framework/system/CodeIgniter.php(317): CodeIgniter\CodeIgniter->handleRequest()
#3 /home/garmaser/www/html/medicina_archivo_docente/public/index.php(37): CodeIgniter\CodeIgniter->run()
#4 {main}
CRITICAL - 2022-04-20 23:08:24 --> Directory is not writable
#0 /home/garmaser/www/html/medicina_archivo_docente/app/Libraries/GroceryCrudEnterprise/grocerycrud/enterprise/src/GroceryCrud/Core/State/StateAbstract.php(451): Upload\Storage\FileSystem->__construct()
#1 /home/garmaser/www/html/medicina_archivo_docente/app/Libraries/GroceryCrudEnterprise/grocerycrud/enterprise/src/GroceryCrud/Core/State/UploadState.php(55): GroceryCrud\Core\State\StateAbstract->upload()
#2 /home/garmaser/www/html/medicina_archivo_docente/app/Libraries/GroceryCrudEnterprise/grocerycrud/enterprise/src/GroceryCrud/Core/State/StateAbstract.php(1009): GroceryCrud\Core\State\UploadState->GroceryCrud\Core\State\{closure}()
#3 /home/garmaser/www/html/medicina_archivo_docente/app/Libraries/GroceryCrudEnterprise/grocerycrud/enterprise/src/GroceryCrud/Core/State/StateAbstract.php(334): GroceryCrud\Core\State\StateAbstract->stateOperation()
#4 /home/garmaser/www/html/medicina_archivo_docente/app/Libraries/GroceryCrudEnterprise/grocerycrud/enterprise/src/GroceryCrud/Core/State/UploadState.php(67): GroceryCrud\Core\State\StateAbstract->stateOperationWithCallbacks()
#5 /home/garmaser/www/html/medicina_archivo_docente/app/Libraries/GroceryCrudEnterprise/grocerycrud/enterprise/src/GroceryCrud/Core/GroceryCrud.php(2642): GroceryCrud\Core\State\UploadState->render()
#6 /home/garmaser/www/html/medicina_archivo_docente/app/Controllers/ArchivoDocente/Titulo.php(49): GroceryCrud\Core\GroceryCrud->render()
#7 /home/garmaser/www/html/medicina_archivo_docente/vendor/codeigniter4/framework/system/CodeIgniter.php(802): App\Controllers\ArchivoDocente\Titulo->index()
#8 /home/garmaser/www/html/medicina_archivo_docente/vendor/codeigniter4/framework/system/CodeIgniter.php(399): CodeIgniter\CodeIgniter->runController()
#9 /home/garmaser/www/html/medicina_archivo_docente/vendor/codeigniter4/framework/system/CodeIgniter.php(317): CodeIgniter\CodeIgniter->handleRequest()
#10 /home/garmaser/www/html/medicina_archivo_docente/public/index.php(37): CodeIgniter\CodeIgniter->run()
#11 {main}
