CRITICAL - 2021-10-19 00:05:09 --> Too few arguments to function App\Controllers\Caja::ventas(), 0 passed in /home/garmaser/www/html/sac-prusuf/vendor/codeigniter4/framework/system/CodeIgniter.php on line 802 and exactly 1 expected
#0 /home/garmaser/www/html/sac-prusuf/vendor/codeigniter4/framework/system/CodeIgniter.php(802): App\Controllers\Caja->ventas()
#1 /home/garmaser/www/html/sac-prusuf/vendor/codeigniter4/framework/system/CodeIgniter.php(399): CodeIgniter\CodeIgniter->runController()
#2 /home/garmaser/www/html/sac-prusuf/vendor/codeigniter4/framework/system/CodeIgniter.php(317): CodeIgniter\CodeIgniter->handleRequest()
#3 /home/garmaser/www/html/sac-prusuf/public/index.php(37): CodeIgniter\CodeIgniter->run()
#4 {main}
CRITICAL - 2021-10-19 00:17:38 --> Call to a member function find() on null
#0 /home/garmaser/www/html/sac-prusuf/vendor/codeigniter4/framework/system/CodeIgniter.php(802): App\Controllers\Caja->ventas()
#1 /home/garmaser/www/html/sac-prusuf/vendor/codeigniter4/framework/system/CodeIgniter.php(399): CodeIgniter\CodeIgniter->runController()
#2 /home/garmaser/www/html/sac-prusuf/vendor/codeigniter4/framework/system/CodeIgniter.php(317): CodeIgniter\CodeIgniter->handleRequest()
#3 /home/garmaser/www/html/sac-prusuf/public/index.php(37): CodeIgniter\CodeIgniter->run()
#4 {main}
CRITICAL - 2021-10-19 00:17:57 --> Trying to get property 'paterno' of non-object
#0 /home/garmaser/www/html/sac-prusuf/app/Controllers/Caja.php(89): CodeIgniter\Debug\Exceptions->errorHandler()
#1 /home/garmaser/www/html/sac-prusuf/vendor/codeigniter4/framework/system/CodeIgniter.php(802): App\Controllers\Caja->ventas()
#2 /home/garmaser/www/html/sac-prusuf/vendor/codeigniter4/framework/system/CodeIgniter.php(399): CodeIgniter\CodeIgniter->runController()
#3 /home/garmaser/www/html/sac-prusuf/vendor/codeigniter4/framework/system/CodeIgniter.php(317): CodeIgniter\CodeIgniter->handleRequest()
#4 /home/garmaser/www/html/sac-prusuf/public/index.php(37): CodeIgniter\CodeIgniter->run()
#5 {main}
CRITICAL - 2021-10-19 00:19:13 --> Call to undefined method App\Models\VistaInscripcionModel::result
#0 /home/garmaser/www/html/sac-prusuf/app/Controllers/Caja.php(88): CodeIgniter\Model->__call()
#1 /home/garmaser/www/html/sac-prusuf/vendor/codeigniter4/framework/system/CodeIgniter.php(802): App\Controllers\Caja->ventas()
#2 /home/garmaser/www/html/sac-prusuf/vendor/codeigniter4/framework/system/CodeIgniter.php(399): CodeIgniter\CodeIgniter->runController()
#3 /home/garmaser/www/html/sac-prusuf/vendor/codeigniter4/framework/system/CodeIgniter.php(317): CodeIgniter\CodeIgniter->handleRequest()
#4 /home/garmaser/www/html/sac-prusuf/public/index.php(37): CodeIgniter\CodeIgniter->run()
#5 {main}
CRITICAL - 2021-10-19 00:23:45 --> Undefined property: stdClass::$paterno
#0 /home/garmaser/www/html/sac-prusuf/app/Controllers/Caja.php(89): CodeIgniter\Debug\Exceptions->errorHandler()
#1 /home/garmaser/www/html/sac-prusuf/vendor/codeigniter4/framework/system/CodeIgniter.php(802): App\Controllers\Caja->ventas()
#2 /home/garmaser/www/html/sac-prusuf/vendor/codeigniter4/framework/system/CodeIgniter.php(399): CodeIgniter\CodeIgniter->runController()
#3 /home/garmaser/www/html/sac-prusuf/vendor/codeigniter4/framework/system/CodeIgniter.php(317): CodeIgniter\CodeIgniter->handleRequest()
#4 /home/garmaser/www/html/sac-prusuf/public/index.php(37): CodeIgniter\CodeIgniter->run()
#5 {main}
CRITICAL - 2021-10-19 00:56:32 --> Too few arguments to function App\Controllers\Caja::ventas(), 0 passed in /home/garmaser/www/html/sac-prusuf/vendor/codeigniter4/framework/system/CodeIgniter.php on line 802 and exactly 1 expected
#0 /home/garmaser/www/html/sac-prusuf/vendor/codeigniter4/framework/system/CodeIgniter.php(802): App\Controllers\Caja->ventas()
#1 /home/garmaser/www/html/sac-prusuf/vendor/codeigniter4/framework/system/CodeIgniter.php(399): CodeIgniter\CodeIgniter->runController()
#2 /home/garmaser/www/html/sac-prusuf/vendor/codeigniter4/framework/system/CodeIgniter.php(317): CodeIgniter\CodeIgniter->handleRequest()
#3 /home/garmaser/www/html/sac-prusuf/public/index.php(37): CodeIgniter\CodeIgniter->run()
#4 {main}
CRITICAL - 2021-10-19 00:56:57 --> Call to a member function reporte() on null
#0 /home/garmaser/www/html/sac-prusuf/vendor/codeigniter4/framework/system/CodeIgniter.php(802): App\Controllers\Caja->comprobante()
#1 /home/garmaser/www/html/sac-prusuf/vendor/codeigniter4/framework/system/CodeIgniter.php(399): CodeIgniter\CodeIgniter->runController()
#2 /home/garmaser/www/html/sac-prusuf/vendor/codeigniter4/framework/system/CodeIgniter.php(317): CodeIgniter\CodeIgniter->handleRequest()
#3 /home/garmaser/www/html/sac-prusuf/public/index.php(37): CodeIgniter\CodeIgniter->run()
#4 {main}
CRITICAL - 2021-10-19 00:57:53 --> Call to a member function reporte() on null
#0 /home/garmaser/www/html/sac-prusuf/vendor/codeigniter4/framework/system/CodeIgniter.php(802): App\Controllers\Caja->comprobante()
#1 /home/garmaser/www/html/sac-prusuf/vendor/codeigniter4/framework/system/CodeIgniter.php(399): CodeIgniter\CodeIgniter->runController()
#2 /home/garmaser/www/html/sac-prusuf/vendor/codeigniter4/framework/system/CodeIgniter.php(317): CodeIgniter\CodeIgniter->handleRequest()
#3 /home/garmaser/www/html/sac-prusuf/public/index.php(37): CodeIgniter\CodeIgniter->run()
#4 {main}
CRITICAL - 2021-10-19 00:59:59 --> Call to a member function reporte() on null
#0 /home/garmaser/www/html/sac-prusuf/vendor/codeigniter4/framework/system/CodeIgniter.php(802): App\Controllers\Caja->comprobante()
#1 /home/garmaser/www/html/sac-prusuf/vendor/codeigniter4/framework/system/CodeIgniter.php(399): CodeIgniter\CodeIgniter->runController()
#2 /home/garmaser/www/html/sac-prusuf/vendor/codeigniter4/framework/system/CodeIgniter.php(317): CodeIgniter\CodeIgniter->handleRequest()
#3 /home/garmaser/www/html/sac-prusuf/public/index.php(37): CodeIgniter\CodeIgniter->run()
#4 {main}
CRITICAL - 2021-10-19 01:01:00 --> Call to a member function reporte() on null
#0 /home/garmaser/www/html/sac-prusuf/vendor/codeigniter4/framework/system/CodeIgniter.php(802): App\Controllers\Caja->comprobante()
#1 /home/garmaser/www/html/sac-prusuf/vendor/codeigniter4/framework/system/CodeIgniter.php(399): CodeIgniter\CodeIgniter->runController()
#2 /home/garmaser/www/html/sac-prusuf/vendor/codeigniter4/framework/system/CodeIgniter.php(317): CodeIgniter\CodeIgniter->handleRequest()
#3 /home/garmaser/www/html/sac-prusuf/public/index.php(37): CodeIgniter\CodeIgniter->run()
#4 {main}
CRITICAL - 2021-10-19 01:01:41 --> Call to a member function reporte() on null
#0 /home/garmaser/www/html/sac-prusuf/vendor/codeigniter4/framework/system/CodeIgniter.php(802): App\Controllers\Caja->comprobante()
#1 /home/garmaser/www/html/sac-prusuf/vendor/codeigniter4/framework/system/CodeIgniter.php(399): CodeIgniter\CodeIgniter->runController()
#2 /home/garmaser/www/html/sac-prusuf/vendor/codeigniter4/framework/system/CodeIgniter.php(317): CodeIgniter\CodeIgniter->handleRequest()
#3 /home/garmaser/www/html/sac-prusuf/public/index.php(37): CodeIgniter\CodeIgniter->run()
#4 {main}
CRITICAL - 2021-10-19 01:04:57 --> Call to undefined method CodeIgniter\Database\MySQLi\Result::resultObject()
#0 /home/garmaser/www/html/sac-prusuf/app/Controllers/Caja.php(97): App\Models\VentaModel->reporte()
#1 /home/garmaser/www/html/sac-prusuf/vendor/codeigniter4/framework/system/CodeIgniter.php(802): App\Controllers\Caja->comprobante()
#2 /home/garmaser/www/html/sac-prusuf/vendor/codeigniter4/framework/system/CodeIgniter.php(399): CodeIgniter\CodeIgniter->runController()
#3 /home/garmaser/www/html/sac-prusuf/vendor/codeigniter4/framework/system/CodeIgniter.php(317): CodeIgniter\CodeIgniter->handleRequest()
#4 /home/garmaser/www/html/sac-prusuf/public/index.php(37): CodeIgniter\CodeIgniter->run()
#5 {main}
CRITICAL - 2021-10-19 01:05:22 --> Call to undefined method CodeIgniter\Database\MySQLi\Result::resultArray()
#0 /home/garmaser/www/html/sac-prusuf/app/Controllers/Caja.php(97): App\Models\VentaModel->reporte()
#1 /home/garmaser/www/html/sac-prusuf/vendor/codeigniter4/framework/system/CodeIgniter.php(802): App\Controllers\Caja->comprobante()
#2 /home/garmaser/www/html/sac-prusuf/vendor/codeigniter4/framework/system/CodeIgniter.php(399): CodeIgniter\CodeIgniter->runController()
#3 /home/garmaser/www/html/sac-prusuf/vendor/codeigniter4/framework/system/CodeIgniter.php(317): CodeIgniter\CodeIgniter->handleRequest()
#4 /home/garmaser/www/html/sac-prusuf/public/index.php(37): CodeIgniter\CodeIgniter->run()
#5 {main}
ERROR - 2021-10-19 01:08:30 --> Unknown column 'apellido_paterno' in 'field list'
CRITICAL - 2021-10-19 01:08:30 --> Unknown column 'apellido_paterno' in 'field list'
#0 /home/garmaser/www/html/sac-prusuf/vendor/codeigniter4/framework/system/Database/MySQLi/Connection.php(280): mysqli->query()
#1 /home/garmaser/www/html/sac-prusuf/vendor/codeigniter4/framework/system/Database/BaseConnection.php(663): CodeIgniter\Database\MySQLi\Connection->execute()
#2 /home/garmaser/www/html/sac-prusuf/vendor/codeigniter4/framework/system/Database/BaseConnection.php(591): CodeIgniter\Database\BaseConnection->simpleQuery()
#3 /home/garmaser/www/html/sac-prusuf/vendor/codeigniter4/framework/system/Database/BaseBuilder.php(1428): CodeIgniter\Database\BaseConnection->query()
#4 /home/garmaser/www/html/sac-prusuf/vendor/codeigniter4/framework/system/Model.php(720): CodeIgniter\Database\BaseBuilder->get()
#5 /home/garmaser/www/html/sac-prusuf/app/Models/VentaModel.php(47): CodeIgniter\Model->__call()
#6 /home/garmaser/www/html/sac-prusuf/app/Controllers/Caja.php(97): App\Models\VentaModel->reporte()
#7 /home/garmaser/www/html/sac-prusuf/vendor/codeigniter4/framework/system/CodeIgniter.php(802): App\Controllers\Caja->comprobante()
#8 /home/garmaser/www/html/sac-prusuf/vendor/codeigniter4/framework/system/CodeIgniter.php(399): CodeIgniter\CodeIgniter->runController()
#9 /home/garmaser/www/html/sac-prusuf/vendor/codeigniter4/framework/system/CodeIgniter.php(317): CodeIgniter\CodeIgniter->handleRequest()
#10 /home/garmaser/www/html/sac-prusuf/public/index.php(37): CodeIgniter\CodeIgniter->run()
#11 {main}
ERROR - 2021-10-19 01:08:45 --> Unknown column 'apellido_apellido' in 'field list'
CRITICAL - 2021-10-19 01:08:45 --> Unknown column 'apellido_apellido' in 'field list'
#0 /home/garmaser/www/html/sac-prusuf/vendor/codeigniter4/framework/system/Database/MySQLi/Connection.php(280): mysqli->query()
#1 /home/garmaser/www/html/sac-prusuf/vendor/codeigniter4/framework/system/Database/BaseConnection.php(663): CodeIgniter\Database\MySQLi\Connection->execute()
#2 /home/garmaser/www/html/sac-prusuf/vendor/codeigniter4/framework/system/Database/BaseConnection.php(591): CodeIgniter\Database\BaseConnection->simpleQuery()
#3 /home/garmaser/www/html/sac-prusuf/vendor/codeigniter4/framework/system/Database/BaseBuilder.php(1428): CodeIgniter\Database\BaseConnection->query()
#4 /home/garmaser/www/html/sac-prusuf/vendor/codeigniter4/framework/system/Model.php(720): CodeIgniter\Database\BaseBuilder->get()
#5 /home/garmaser/www/html/sac-prusuf/app/Models/VentaModel.php(47): CodeIgniter\Model->__call()
#6 /home/garmaser/www/html/sac-prusuf/app/Controllers/Caja.php(97): App\Models\VentaModel->reporte()
#7 /home/garmaser/www/html/sac-prusuf/vendor/codeigniter4/framework/system/CodeIgniter.php(802): App\Controllers\Caja->comprobante()
#8 /home/garmaser/www/html/sac-prusuf/vendor/codeigniter4/framework/system/CodeIgniter.php(399): CodeIgniter\CodeIgniter->runController()
#9 /home/garmaser/www/html/sac-prusuf/vendor/codeigniter4/framework/system/CodeIgniter.php(317): CodeIgniter\CodeIgniter->handleRequest()
#10 /home/garmaser/www/html/sac-prusuf/public/index.php(37): CodeIgniter\CodeIgniter->run()
#11 {main}
ERROR - 2021-10-19 01:08:46 --> Unknown column 'apellido_apellido' in 'field list'
CRITICAL - 2021-10-19 01:08:46 --> Unknown column 'apellido_apellido' in 'field list'
#0 /home/garmaser/www/html/sac-prusuf/vendor/codeigniter4/framework/system/Database/MySQLi/Connection.php(280): mysqli->query()
#1 /home/garmaser/www/html/sac-prusuf/vendor/codeigniter4/framework/system/Database/BaseConnection.php(663): CodeIgniter\Database\MySQLi\Connection->execute()
#2 /home/garmaser/www/html/sac-prusuf/vendor/codeigniter4/framework/system/Database/BaseConnection.php(591): CodeIgniter\Database\BaseConnection->simpleQuery()
#3 /home/garmaser/www/html/sac-prusuf/vendor/codeigniter4/framework/system/Database/BaseBuilder.php(1428): CodeIgniter\Database\BaseConnection->query()
#4 /home/garmaser/www/html/sac-prusuf/vendor/codeigniter4/framework/system/Model.php(720): CodeIgniter\Database\BaseBuilder->get()
#5 /home/garmaser/www/html/sac-prusuf/app/Models/VentaModel.php(47): CodeIgniter\Model->__call()
#6 /home/garmaser/www/html/sac-prusuf/app/Controllers/Caja.php(97): App\Models\VentaModel->reporte()
#7 /home/garmaser/www/html/sac-prusuf/vendor/codeigniter4/framework/system/CodeIgniter.php(802): App\Controllers\Caja->comprobante()
#8 /home/garmaser/www/html/sac-prusuf/vendor/codeigniter4/framework/system/CodeIgniter.php(399): CodeIgniter\CodeIgniter->runController()
#9 /home/garmaser/www/html/sac-prusuf/vendor/codeigniter4/framework/system/CodeIgniter.php(317): CodeIgniter\CodeIgniter->handleRequest()
#10 /home/garmaser/www/html/sac-prusuf/public/index.php(37): CodeIgniter\CodeIgniter->run()
#11 {main}
ERROR - 2021-10-19 01:10:15 --> Unknown column 'producto.nombre' in 'field list'
CRITICAL - 2021-10-19 01:10:15 --> Unknown column 'producto.nombre' in 'field list'
#0 /home/garmaser/www/html/sac-prusuf/vendor/codeigniter4/framework/system/Database/MySQLi/Connection.php(280): mysqli->query()
#1 /home/garmaser/www/html/sac-prusuf/vendor/codeigniter4/framework/system/Database/BaseConnection.php(663): CodeIgniter\Database\MySQLi\Connection->execute()
#2 /home/garmaser/www/html/sac-prusuf/vendor/codeigniter4/framework/system/Database/BaseConnection.php(591): CodeIgniter\Database\BaseConnection->simpleQuery()
#3 /home/garmaser/www/html/sac-prusuf/vendor/codeigniter4/framework/system/Database/BaseBuilder.php(1428): CodeIgniter\Database\BaseConnection->query()
#4 /home/garmaser/www/html/sac-prusuf/vendor/codeigniter4/framework/system/Model.php(720): CodeIgniter\Database\BaseBuilder->get()
#5 /home/garmaser/www/html/sac-prusuf/app/Models/VentaModel.php(47): CodeIgniter\Model->__call()
#6 /home/garmaser/www/html/sac-prusuf/app/Controllers/Caja.php(97): App\Models\VentaModel->reporte()
#7 /home/garmaser/www/html/sac-prusuf/vendor/codeigniter4/framework/system/CodeIgniter.php(802): App\Controllers\Caja->comprobante()
#8 /home/garmaser/www/html/sac-prusuf/vendor/codeigniter4/framework/system/CodeIgniter.php(399): CodeIgniter\CodeIgniter->runController()
#9 /home/garmaser/www/html/sac-prusuf/vendor/codeigniter4/framework/system/CodeIgniter.php(317): CodeIgniter\CodeIgniter->handleRequest()
#10 /home/garmaser/www/html/sac-prusuf/public/index.php(37): CodeIgniter\CodeIgniter->run()
#11 {main}
CRITICAL - 2021-10-19 01:15:25 --> Call to a member function first() on array
#0 /home/garmaser/www/html/sac-prusuf/app/Controllers/Caja.php(97): App\Models\VentaModel->reporte()
#1 /home/garmaser/www/html/sac-prusuf/vendor/codeigniter4/framework/system/CodeIgniter.php(802): App\Controllers\Caja->comprobante()
#2 /home/garmaser/www/html/sac-prusuf/vendor/codeigniter4/framework/system/CodeIgniter.php(399): CodeIgniter\CodeIgniter->runController()
#3 /home/garmaser/www/html/sac-prusuf/vendor/codeigniter4/framework/system/CodeIgniter.php(317): CodeIgniter\CodeIgniter->handleRequest()
#4 /home/garmaser/www/html/sac-prusuf/public/index.php(37): CodeIgniter\CodeIgniter->run()
#5 {main}
CRITICAL - 2021-10-19 01:15:56 --> Call to undefined method stdClass::getResultObject()
#0 /home/garmaser/www/html/sac-prusuf/app/Controllers/Caja.php(97): App\Models\VentaModel->reporte()
#1 /home/garmaser/www/html/sac-prusuf/vendor/codeigniter4/framework/system/CodeIgniter.php(802): App\Controllers\Caja->comprobante()
#2 /home/garmaser/www/html/sac-prusuf/vendor/codeigniter4/framework/system/CodeIgniter.php(399): CodeIgniter\CodeIgniter->runController()
#3 /home/garmaser/www/html/sac-prusuf/vendor/codeigniter4/framework/system/CodeIgniter.php(317): CodeIgniter\CodeIgniter->handleRequest()
#4 /home/garmaser/www/html/sac-prusuf/public/index.php(37): CodeIgniter\CodeIgniter->run()
#5 {main}
CRITICAL - 2021-10-19 01:15:57 --> Call to undefined method stdClass::getResultObject()
#0 /home/garmaser/www/html/sac-prusuf/app/Controllers/Caja.php(97): App\Models\VentaModel->reporte()
#1 /home/garmaser/www/html/sac-prusuf/vendor/codeigniter4/framework/system/CodeIgniter.php(802): App\Controllers\Caja->comprobante()
#2 /home/garmaser/www/html/sac-prusuf/vendor/codeigniter4/framework/system/CodeIgniter.php(399): CodeIgniter\CodeIgniter->runController()
#3 /home/garmaser/www/html/sac-prusuf/vendor/codeigniter4/framework/system/CodeIgniter.php(317): CodeIgniter\CodeIgniter->handleRequest()
#4 /home/garmaser/www/html/sac-prusuf/public/index.php(37): CodeIgniter\CodeIgniter->run()
#5 {main}
CRITICAL - 2021-10-19 01:16:06 --> Call to undefined method App\Models\VentaModel::getResultObject
#0 /home/garmaser/www/html/sac-prusuf/app/Models/VentaModel.php(48): CodeIgniter\Model->__call()
#1 /home/garmaser/www/html/sac-prusuf/app/Controllers/Caja.php(97): App\Models\VentaModel->reporte()
#2 /home/garmaser/www/html/sac-prusuf/vendor/codeigniter4/framework/system/CodeIgniter.php(802): App\Controllers\Caja->comprobante()
#3 /home/garmaser/www/html/sac-prusuf/vendor/codeigniter4/framework/system/CodeIgniter.php(399): CodeIgniter\CodeIgniter->runController()
#4 /home/garmaser/www/html/sac-prusuf/vendor/codeigniter4/framework/system/CodeIgniter.php(317): CodeIgniter\CodeIgniter->handleRequest()
#5 /home/garmaser/www/html/sac-prusuf/public/index.php(37): CodeIgniter\CodeIgniter->run()
#6 {main}
CRITICAL - 2021-10-19 01:16:40 --> Call to undefined method CodeIgniter\Database\MySQLi\Result::first()
#0 /home/garmaser/www/html/sac-prusuf/app/Controllers/Caja.php(97): App\Models\VentaModel->reporte()
#1 /home/garmaser/www/html/sac-prusuf/vendor/codeigniter4/framework/system/CodeIgniter.php(802): App\Controllers\Caja->comprobante()
#2 /home/garmaser/www/html/sac-prusuf/vendor/codeigniter4/framework/system/CodeIgniter.php(399): CodeIgniter\CodeIgniter->runController()
#3 /home/garmaser/www/html/sac-prusuf/vendor/codeigniter4/framework/system/CodeIgniter.php(317): CodeIgniter\CodeIgniter->handleRequest()
#4 /home/garmaser/www/html/sac-prusuf/public/index.php(37): CodeIgniter\CodeIgniter->run()
#5 {main}
CRITICAL - 2021-10-19 01:22:44 --> Undefined variable: rowVenta
#0 /home/garmaser/www/html/sac-prusuf/app/Controllers/Caja.php(103): CodeIgniter\Debug\Exceptions->errorHandler()
#1 /home/garmaser/www/html/sac-prusuf/vendor/codeigniter4/framework/system/CodeIgniter.php(802): App\Controllers\Caja->comprobante()
#2 /home/garmaser/www/html/sac-prusuf/vendor/codeigniter4/framework/system/CodeIgniter.php(399): CodeIgniter\CodeIgniter->runController()
#3 /home/garmaser/www/html/sac-prusuf/vendor/codeigniter4/framework/system/CodeIgniter.php(317): CodeIgniter\CodeIgniter->handleRequest()
#4 /home/garmaser/www/html/sac-prusuf/public/index.php(37): CodeIgniter\CodeIgniter->run()
#5 {main}
CRITICAL - 2021-10-19 01:26:09 --> Undefined index: nombre
#0 /home/garmaser/www/html/sac-prusuf/app/Libraries/reportes/ComprobantePago.php(75): CodeIgniter\Debug\Exceptions->errorHandler()
#1 /home/garmaser/www/html/sac-prusuf/app/Controllers/Caja.php(106): App\Libraries\reportes\ComprobantePago->reporte()
#2 /home/garmaser/www/html/sac-prusuf/vendor/codeigniter4/framework/system/CodeIgniter.php(802): App\Controllers\Caja->comprobante()
#3 /home/garmaser/www/html/sac-prusuf/vendor/codeigniter4/framework/system/CodeIgniter.php(399): CodeIgniter\CodeIgniter->runController()
#4 /home/garmaser/www/html/sac-prusuf/vendor/codeigniter4/framework/system/CodeIgniter.php(317): CodeIgniter\CodeIgniter->handleRequest()
#5 /home/garmaser/www/html/sac-prusuf/public/index.php(37): CodeIgniter\CodeIgniter->run()
#6 {main}
CRITICAL - 2021-10-19 01:27:11 --> Undefined index: nombre_postulante
#0 /home/garmaser/www/html/sac-prusuf/app/Libraries/reportes/ComprobantePago.php(75): CodeIgniter\Debug\Exceptions->errorHandler()
#1 /home/garmaser/www/html/sac-prusuf/app/Controllers/Caja.php(106): App\Libraries\reportes\ComprobantePago->reporte()
#2 /home/garmaser/www/html/sac-prusuf/vendor/codeigniter4/framework/system/CodeIgniter.php(802): App\Controllers\Caja->comprobante()
#3 /home/garmaser/www/html/sac-prusuf/vendor/codeigniter4/framework/system/CodeIgniter.php(399): CodeIgniter\CodeIgniter->runController()
#4 /home/garmaser/www/html/sac-prusuf/vendor/codeigniter4/framework/system/CodeIgniter.php(317): CodeIgniter\CodeIgniter->handleRequest()
#5 /home/garmaser/www/html/sac-prusuf/public/index.php(37): CodeIgniter\CodeIgniter->run()
#6 {main}
CRITICAL - 2021-10-19 01:28:58 --> Undefined index: nombre
#0 /home/garmaser/www/html/sac-prusuf/app/Libraries/reportes/ComprobantePago.php(75): CodeIgniter\Debug\Exceptions->errorHandler()
#1 /home/garmaser/www/html/sac-prusuf/app/Controllers/Caja.php(106): App\Libraries\reportes\ComprobantePago->reporte()
#2 /home/garmaser/www/html/sac-prusuf/vendor/codeigniter4/framework/system/CodeIgniter.php(802): App\Controllers\Caja->comprobante()
#3 /home/garmaser/www/html/sac-prusuf/vendor/codeigniter4/framework/system/CodeIgniter.php(399): CodeIgniter\CodeIgniter->runController()
#4 /home/garmaser/www/html/sac-prusuf/vendor/codeigniter4/framework/system/CodeIgniter.php(317): CodeIgniter\CodeIgniter->handleRequest()
#5 /home/garmaser/www/html/sac-prusuf/public/index.php(37): CodeIgniter\CodeIgniter->run()
#6 {main}
CRITICAL - 2021-10-19 01:29:31 --> Undefined index: pago_fecha
#0 /home/garmaser/www/html/sac-prusuf/app/Libraries/reportes/ComprobantePago.php(81): CodeIgniter\Debug\Exceptions->errorHandler()
#1 /home/garmaser/www/html/sac-prusuf/app/Controllers/Caja.php(106): App\Libraries\reportes\ComprobantePago->reporte()
#2 /home/garmaser/www/html/sac-prusuf/vendor/codeigniter4/framework/system/CodeIgniter.php(802): App\Controllers\Caja->comprobante()
#3 /home/garmaser/www/html/sac-prusuf/vendor/codeigniter4/framework/system/CodeIgniter.php(399): CodeIgniter\CodeIgniter->runController()
#4 /home/garmaser/www/html/sac-prusuf/vendor/codeigniter4/framework/system/CodeIgniter.php(317): CodeIgniter\CodeIgniter->handleRequest()
#5 /home/garmaser/www/html/sac-prusuf/public/index.php(37): CodeIgniter\CodeIgniter->run()
#6 {main}
CRITICAL - 2021-10-19 01:29:51 --> Undefined index: pago_fecha
#0 /home/garmaser/www/html/sac-prusuf/app/Libraries/reportes/ComprobantePago.php(81): CodeIgniter\Debug\Exceptions->errorHandler()
#1 /home/garmaser/www/html/sac-prusuf/app/Controllers/Caja.php(106): App\Libraries\reportes\ComprobantePago->reporte()
#2 /home/garmaser/www/html/sac-prusuf/vendor/codeigniter4/framework/system/CodeIgniter.php(802): App\Controllers\Caja->comprobante()
#3 /home/garmaser/www/html/sac-prusuf/vendor/codeigniter4/framework/system/CodeIgniter.php(399): CodeIgniter\CodeIgniter->runController()
#4 /home/garmaser/www/html/sac-prusuf/vendor/codeigniter4/framework/system/CodeIgniter.php(317): CodeIgniter\CodeIgniter->handleRequest()
#5 /home/garmaser/www/html/sac-prusuf/public/index.php(37): CodeIgniter\CodeIgniter->run()
#6 {main}
CRITICAL - 2021-10-19 01:30:39 --> Illegal string offset 'nombre_producto'
#0 /home/garmaser/www/html/sac-prusuf/app/Libraries/reportes/ComprobantePago.php(103): CodeIgniter\Debug\Exceptions->errorHandler()
#1 /home/garmaser/www/html/sac-prusuf/app/Controllers/Caja.php(106): App\Libraries\reportes\ComprobantePago->reporte()
#2 /home/garmaser/www/html/sac-prusuf/vendor/codeigniter4/framework/system/CodeIgniter.php(802): App\Controllers\Caja->comprobante()
#3 /home/garmaser/www/html/sac-prusuf/vendor/codeigniter4/framework/system/CodeIgniter.php(399): CodeIgniter\CodeIgniter->runController()
#4 /home/garmaser/www/html/sac-prusuf/vendor/codeigniter4/framework/system/CodeIgniter.php(317): CodeIgniter\CodeIgniter->handleRequest()
#5 /home/garmaser/www/html/sac-prusuf/public/index.php(37): CodeIgniter\CodeIgniter->run()
#6 {main}
CRITICAL - 2021-10-19 01:32:45 --> Undefined variable: row
#0 /home/garmaser/www/html/sac-prusuf/app/Libraries/reportes/ComprobantePago.php(103): CodeIgniter\Debug\Exceptions->errorHandler()
#1 /home/garmaser/www/html/sac-prusuf/app/Controllers/Caja.php(106): App\Libraries\reportes\ComprobantePago->reporte()
#2 /home/garmaser/www/html/sac-prusuf/vendor/codeigniter4/framework/system/CodeIgniter.php(802): App\Controllers\Caja->comprobante()
#3 /home/garmaser/www/html/sac-prusuf/vendor/codeigniter4/framework/system/CodeIgniter.php(399): CodeIgniter\CodeIgniter->runController()
#4 /home/garmaser/www/html/sac-prusuf/vendor/codeigniter4/framework/system/CodeIgniter.php(317): CodeIgniter\CodeIgniter->handleRequest()
#5 /home/garmaser/www/html/sac-prusuf/public/index.php(37): CodeIgniter\CodeIgniter->run()
#6 {main}
CRITICAL - 2021-10-19 01:32:46 --> Undefined variable: row
#0 /home/garmaser/www/html/sac-prusuf/app/Libraries/reportes/ComprobantePago.php(103): CodeIgniter\Debug\Exceptions->errorHandler()
#1 /home/garmaser/www/html/sac-prusuf/app/Controllers/Caja.php(106): App\Libraries\reportes\ComprobantePago->reporte()
#2 /home/garmaser/www/html/sac-prusuf/vendor/codeigniter4/framework/system/CodeIgniter.php(802): App\Controllers\Caja->comprobante()
#3 /home/garmaser/www/html/sac-prusuf/vendor/codeigniter4/framework/system/CodeIgniter.php(399): CodeIgniter\CodeIgniter->runController()
#4 /home/garmaser/www/html/sac-prusuf/vendor/codeigniter4/framework/system/CodeIgniter.php(317): CodeIgniter\CodeIgniter->handleRequest()
#5 /home/garmaser/www/html/sac-prusuf/public/index.php(37): CodeIgniter\CodeIgniter->run()
#6 {main}
CRITICAL - 2021-10-19 02:08:59 --> Too few arguments to function GroceryCrud\Core\GroceryCrud::unsetSearchColumns(), 0 passed in /home/garmaser/www/html/sac-prusuf/app/Controllers/Caja.php on line 80 and exactly 1 expected
#0 /home/garmaser/www/html/sac-prusuf/app/Controllers/Caja.php(80): GroceryCrud\Core\GroceryCrud->unsetSearchColumns()
#1 /home/garmaser/www/html/sac-prusuf/vendor/codeigniter4/framework/system/CodeIgniter.php(802): App\Controllers\Caja->ventas()
#2 /home/garmaser/www/html/sac-prusuf/vendor/codeigniter4/framework/system/CodeIgniter.php(399): CodeIgniter\CodeIgniter->runController()
#3 /home/garmaser/www/html/sac-prusuf/vendor/codeigniter4/framework/system/CodeIgniter.php(317): CodeIgniter\CodeIgniter->handleRequest()
#4 /home/garmaser/www/html/sac-prusuf/public/index.php(37): CodeIgniter\CodeIgniter->run()
#5 {main}
CRITICAL - 2021-10-19 09:46:59 --> Undefined index: id_inscripcion_preuniversitario
#0 /home/garmaser/www/html/sac-prusuf/app/Controllers/Caja.php(67): CodeIgniter\Debug\Exceptions->errorHandler()
#1 /home/garmaser/www/html/sac-prusuf/app/Libraries/GroceryCrudEnterprise/grocerycrud/enterprise/src/GroceryCrud/Core/State/StateAbstract.php(841): App\Controllers\Caja->App\Controllers\{closure}()
#2 /home/garmaser/www/html/sac-prusuf/app/Libraries/GroceryCrudEnterprise/grocerycrud/enterprise/src/GroceryCrud/Core/State/DatagridState.php(367): GroceryCrud\Core\State\StateAbstract->enhanceColumnResults()
#3 /home/garmaser/www/html/sac-prusuf/app/Libraries/GroceryCrudEnterprise/grocerycrud/enterprise/src/GroceryCrud/Core/GroceryCrud.php(2642): GroceryCrud\Core\State\DatagridState->render()
#4 /home/garmaser/www/html/sac-prusuf/app/Controllers/Caja.php(87): GroceryCrud\Core\GroceryCrud->render()
#5 /home/garmaser/www/html/sac-prusuf/vendor/codeigniter4/framework/system/CodeIgniter.php(802): App\Controllers\Caja->ventas()
#6 /home/garmaser/www/html/sac-prusuf/vendor/codeigniter4/framework/system/CodeIgniter.php(399): CodeIgniter\CodeIgniter->runController()
#7 /home/garmaser/www/html/sac-prusuf/vendor/codeigniter4/framework/system/CodeIgniter.php(317): CodeIgniter\CodeIgniter->handleRequest()
#8 /home/garmaser/www/html/sac-prusuf/public/index.php(37): CodeIgniter\CodeIgniter->run()
#9 {main}
CRITICAL - 2021-10-19 09:49:03 --> Undefined index: id_inscripcion_preuniversitario
#0 /home/garmaser/www/html/sac-prusuf/app/Controllers/Caja.php(67): CodeIgniter\Debug\Exceptions->errorHandler()
#1 /home/garmaser/www/html/sac-prusuf/app/Libraries/GroceryCrudEnterprise/grocerycrud/enterprise/src/GroceryCrud/Core/State/StateAbstract.php(841): App\Controllers\Caja->App\Controllers\{closure}()
#2 /home/garmaser/www/html/sac-prusuf/app/Libraries/GroceryCrudEnterprise/grocerycrud/enterprise/src/GroceryCrud/Core/State/DatagridState.php(367): GroceryCrud\Core\State\StateAbstract->enhanceColumnResults()
#3 /home/garmaser/www/html/sac-prusuf/app/Libraries/GroceryCrudEnterprise/grocerycrud/enterprise/src/GroceryCrud/Core/GroceryCrud.php(2642): GroceryCrud\Core\State\DatagridState->render()
#4 /home/garmaser/www/html/sac-prusuf/app/Controllers/Caja.php(87): GroceryCrud\Core\GroceryCrud->render()
#5 /home/garmaser/www/html/sac-prusuf/vendor/codeigniter4/framework/system/CodeIgniter.php(802): App\Controllers\Caja->ventas()
#6 /home/garmaser/www/html/sac-prusuf/vendor/codeigniter4/framework/system/CodeIgniter.php(399): CodeIgniter\CodeIgniter->runController()
#7 /home/garmaser/www/html/sac-prusuf/vendor/codeigniter4/framework/system/CodeIgniter.php(317): CodeIgniter\CodeIgniter->handleRequest()
#8 /home/garmaser/www/html/sac-prusuf/public/index.php(37): CodeIgniter\CodeIgniter->run()
#9 {main}
CRITICAL - 2021-10-19 09:50:38 --> Class 'App\Controllers\FormularioInscripcion' not found
#0 /home/garmaser/www/html/sac-prusuf/vendor/codeigniter4/framework/system/CodeIgniter.php(802): App\Controllers\Caja->formulario_inscripcion()
#1 /home/garmaser/www/html/sac-prusuf/vendor/codeigniter4/framework/system/CodeIgniter.php(399): CodeIgniter\CodeIgniter->runController()
#2 /home/garmaser/www/html/sac-prusuf/vendor/codeigniter4/framework/system/CodeIgniter.php(317): CodeIgniter\CodeIgniter->handleRequest()
#3 /home/garmaser/www/html/sac-prusuf/public/index.php(37): CodeIgniter\CodeIgniter->run()
#4 {main}
CRITICAL - 2021-10-19 09:51:23 --> fopen(): php_network_getaddresses: getaddrinfo failed: Temporary failure in name resolution
#0 [internal function]: CodeIgniter\Debug\Exceptions->errorHandler()
#1 /home/garmaser/www/html/sac-prusuf/vendor/setasign/fpdf/fpdf.php(1256): fopen()
#2 /home/garmaser/www/html/sac-prusuf/vendor/setasign/fpdf/fpdf.php(885): FPDF->_parsepng()
#3 /home/garmaser/www/html/sac-prusuf/app/Libraries/reportes/FormularioInscripcion.php(133): FPDF->Image()
#4 /home/garmaser/www/html/sac-prusuf/app/Controllers/Caja.php(104): App\Libraries\reportes\FormularioInscripcion->reporte()
#5 /home/garmaser/www/html/sac-prusuf/vendor/codeigniter4/framework/system/CodeIgniter.php(802): App\Controllers\Caja->formulario_inscripcion()
#6 /home/garmaser/www/html/sac-prusuf/vendor/codeigniter4/framework/system/CodeIgniter.php(399): CodeIgniter\CodeIgniter->runController()
#7 /home/garmaser/www/html/sac-prusuf/vendor/codeigniter4/framework/system/CodeIgniter.php(317): CodeIgniter\CodeIgniter->handleRequest()
#8 /home/garmaser/www/html/sac-prusuf/public/index.php(37): CodeIgniter\CodeIgniter->run()
#9 {main}
CRITICAL - 2021-10-19 09:51:29 --> fopen(): php_network_getaddresses: getaddrinfo failed: Temporary failure in name resolution
#0 [internal function]: CodeIgniter\Debug\Exceptions->errorHandler()
#1 /home/garmaser/www/html/sac-prusuf/vendor/setasign/fpdf/fpdf.php(1256): fopen()
#2 /home/garmaser/www/html/sac-prusuf/vendor/setasign/fpdf/fpdf.php(885): FPDF->_parsepng()
#3 /home/garmaser/www/html/sac-prusuf/app/Libraries/reportes/FormularioInscripcion.php(133): FPDF->Image()
#4 /home/garmaser/www/html/sac-prusuf/app/Controllers/Caja.php(104): App\Libraries\reportes\FormularioInscripcion->reporte()
#5 /home/garmaser/www/html/sac-prusuf/vendor/codeigniter4/framework/system/CodeIgniter.php(802): App\Controllers\Caja->formulario_inscripcion()
#6 /home/garmaser/www/html/sac-prusuf/vendor/codeigniter4/framework/system/CodeIgniter.php(399): CodeIgniter\CodeIgniter->runController()
#7 /home/garmaser/www/html/sac-prusuf/vendor/codeigniter4/framework/system/CodeIgniter.php(317): CodeIgniter\CodeIgniter->handleRequest()
#8 /home/garmaser/www/html/sac-prusuf/public/index.php(37): CodeIgniter\CodeIgniter->run()
#9 {main}
CRITICAL - 2021-10-19 09:51:53 --> fopen(): php_network_getaddresses: getaddrinfo failed: Temporary failure in name resolution
#0 [internal function]: CodeIgniter\Debug\Exceptions->errorHandler()
#1 /home/garmaser/www/html/sac-prusuf/vendor/setasign/fpdf/fpdf.php(1256): fopen()
#2 /home/garmaser/www/html/sac-prusuf/vendor/setasign/fpdf/fpdf.php(885): FPDF->_parsepng()
#3 /home/garmaser/www/html/sac-prusuf/app/Libraries/reportes/FormularioInscripcion.php(133): FPDF->Image()
#4 /home/garmaser/www/html/sac-prusuf/app/Controllers/Caja.php(104): App\Libraries\reportes\FormularioInscripcion->reporte()
#5 /home/garmaser/www/html/sac-prusuf/vendor/codeigniter4/framework/system/CodeIgniter.php(802): App\Controllers\Caja->formulario_inscripcion()
#6 /home/garmaser/www/html/sac-prusuf/vendor/codeigniter4/framework/system/CodeIgniter.php(399): CodeIgniter\CodeIgniter->runController()
#7 /home/garmaser/www/html/sac-prusuf/vendor/codeigniter4/framework/system/CodeIgniter.php(317): CodeIgniter\CodeIgniter->handleRequest()
#8 /home/garmaser/www/html/sac-prusuf/public/index.php(37): CodeIgniter\CodeIgniter->run()
#9 {main}
CRITICAL - 2021-10-19 09:51:54 --> fopen(): php_network_getaddresses: getaddrinfo failed: Temporary failure in name resolution
#0 [internal function]: CodeIgniter\Debug\Exceptions->errorHandler()
#1 /home/garmaser/www/html/sac-prusuf/vendor/setasign/fpdf/fpdf.php(1256): fopen()
#2 /home/garmaser/www/html/sac-prusuf/vendor/setasign/fpdf/fpdf.php(885): FPDF->_parsepng()
#3 /home/garmaser/www/html/sac-prusuf/app/Libraries/reportes/FormularioInscripcion.php(133): FPDF->Image()
#4 /home/garmaser/www/html/sac-prusuf/app/Controllers/Caja.php(104): App\Libraries\reportes\FormularioInscripcion->reporte()
#5 /home/garmaser/www/html/sac-prusuf/vendor/codeigniter4/framework/system/CodeIgniter.php(802): App\Controllers\Caja->formulario_inscripcion()
#6 /home/garmaser/www/html/sac-prusuf/vendor/codeigniter4/framework/system/CodeIgniter.php(399): CodeIgniter\CodeIgniter->runController()
#7 /home/garmaser/www/html/sac-prusuf/vendor/codeigniter4/framework/system/CodeIgniter.php(317): CodeIgniter\CodeIgniter->handleRequest()
#8 /home/garmaser/www/html/sac-prusuf/public/index.php(37): CodeIgniter\CodeIgniter->run()
#9 {main}
CRITICAL - 2021-10-19 09:52:12 --> fopen(): php_network_getaddresses: getaddrinfo failed: Temporary failure in name resolution
#0 [internal function]: CodeIgniter\Debug\Exceptions->errorHandler()
#1 /home/garmaser/www/html/sac-prusuf/vendor/setasign/fpdf/fpdf.php(1256): fopen()
#2 /home/garmaser/www/html/sac-prusuf/vendor/setasign/fpdf/fpdf.php(885): FPDF->_parsepng()
#3 /home/garmaser/www/html/sac-prusuf/app/Libraries/reportes/FormularioInscripcion.php(133): FPDF->Image()
#4 /home/garmaser/www/html/sac-prusuf/app/Controllers/Caja.php(104): App\Libraries\reportes\FormularioInscripcion->reporte()
#5 /home/garmaser/www/html/sac-prusuf/vendor/codeigniter4/framework/system/CodeIgniter.php(802): App\Controllers\Caja->formulario_inscripcion()
#6 /home/garmaser/www/html/sac-prusuf/vendor/codeigniter4/framework/system/CodeIgniter.php(399): CodeIgniter\CodeIgniter->runController()
#7 /home/garmaser/www/html/sac-prusuf/vendor/codeigniter4/framework/system/CodeIgniter.php(317): CodeIgniter\CodeIgniter->handleRequest()
#8 /home/garmaser/www/html/sac-prusuf/public/index.php(37): CodeIgniter\CodeIgniter->run()
#9 {main}
CRITICAL - 2021-10-19 09:52:50 --> fopen(): php_network_getaddresses: getaddrinfo failed: Temporary failure in name resolution
#0 [internal function]: CodeIgniter\Debug\Exceptions->errorHandler()
#1 /home/garmaser/www/html/sac-prusuf/vendor/setasign/fpdf/fpdf.php(1256): fopen()
#2 /home/garmaser/www/html/sac-prusuf/vendor/setasign/fpdf/fpdf.php(885): FPDF->_parsepng()
#3 /home/garmaser/www/html/sac-prusuf/app/Libraries/reportes/FormularioInscripcion.php(133): FPDF->Image()
#4 /home/garmaser/www/html/sac-prusuf/app/Controllers/Caja.php(104): App\Libraries\reportes\FormularioInscripcion->reporte()
#5 /home/garmaser/www/html/sac-prusuf/vendor/codeigniter4/framework/system/CodeIgniter.php(802): App\Controllers\Caja->formulario_inscripcion()
#6 /home/garmaser/www/html/sac-prusuf/vendor/codeigniter4/framework/system/CodeIgniter.php(399): CodeIgniter\CodeIgniter->runController()
#7 /home/garmaser/www/html/sac-prusuf/vendor/codeigniter4/framework/system/CodeIgniter.php(317): CodeIgniter\CodeIgniter->handleRequest()
#8 /home/garmaser/www/html/sac-prusuf/public/index.php(37): CodeIgniter\CodeIgniter->run()
#9 {main}
CRITICAL - 2021-10-19 09:54:35 --> fopen(): php_network_getaddresses: getaddrinfo failed: Temporary failure in name resolution
#0 [internal function]: CodeIgniter\Debug\Exceptions->errorHandler()
#1 /home/garmaser/www/html/sac-prusuf/vendor/setasign/fpdf/fpdf.php(1256): fopen()
#2 /home/garmaser/www/html/sac-prusuf/vendor/setasign/fpdf/fpdf.php(885): FPDF->_parsepng()
#3 /home/garmaser/www/html/sac-prusuf/app/Libraries/reportes/FormularioInscripcion.php(133): FPDF->Image()
#4 /home/garmaser/www/html/sac-prusuf/app/Controllers/Caja.php(104): App\Libraries\reportes\FormularioInscripcion->reporte()
#5 /home/garmaser/www/html/sac-prusuf/vendor/codeigniter4/framework/system/CodeIgniter.php(802): App\Controllers\Caja->formulario_inscripcion()
#6 /home/garmaser/www/html/sac-prusuf/vendor/codeigniter4/framework/system/CodeIgniter.php(399): CodeIgniter\CodeIgniter->runController()
#7 /home/garmaser/www/html/sac-prusuf/vendor/codeigniter4/framework/system/CodeIgniter.php(317): CodeIgniter\CodeIgniter->handleRequest()
#8 /home/garmaser/www/html/sac-prusuf/public/index.php(37): CodeIgniter\CodeIgniter->run()
#9 {main}
CRITICAL - 2021-10-19 09:55:06 --> fopen(): php_network_getaddresses: getaddrinfo failed: Temporary failure in name resolution
#0 [internal function]: CodeIgniter\Debug\Exceptions->errorHandler()
#1 /home/garmaser/www/html/sac-prusuf/vendor/setasign/fpdf/fpdf.php(1256): fopen()
#2 /home/garmaser/www/html/sac-prusuf/vendor/setasign/fpdf/fpdf.php(885): FPDF->_parsepng()
#3 /home/garmaser/www/html/sac-prusuf/app/Libraries/reportes/FormularioInscripcion.php(133): FPDF->Image()
#4 /home/garmaser/www/html/sac-prusuf/app/Controllers/Inscripcion.php(295): App\Libraries\reportes\FormularioInscripcion->reporte()
#5 /home/garmaser/www/html/sac-prusuf/vendor/codeigniter4/framework/system/CodeIgniter.php(802): App\Controllers\Inscripcion->formulario_inscripcion()
#6 /home/garmaser/www/html/sac-prusuf/vendor/codeigniter4/framework/system/CodeIgniter.php(399): CodeIgniter\CodeIgniter->runController()
#7 /home/garmaser/www/html/sac-prusuf/vendor/codeigniter4/framework/system/CodeIgniter.php(317): CodeIgniter\CodeIgniter->handleRequest()
#8 /home/garmaser/www/html/sac-prusuf/public/index.php(37): CodeIgniter\CodeIgniter->run()
#9 {main}
CRITICAL - 2021-10-19 10:02:15 --> Undefined variable: ridInscripcionPreuniversitarioCodificado
#0 /home/garmaser/www/html/sac-prusuf/app/Controllers/Caja.php(104): CodeIgniter\Debug\Exceptions->errorHandler()
#1 /home/garmaser/www/html/sac-prusuf/vendor/codeigniter4/framework/system/CodeIgniter.php(802): App\Controllers\Caja->formulario_inscripcion()
#2 /home/garmaser/www/html/sac-prusuf/vendor/codeigniter4/framework/system/CodeIgniter.php(399): CodeIgniter\CodeIgniter->runController()
#3 /home/garmaser/www/html/sac-prusuf/vendor/codeigniter4/framework/system/CodeIgniter.php(317): CodeIgniter\CodeIgniter->handleRequest()
#4 /home/garmaser/www/html/sac-prusuf/public/index.php(37): CodeIgniter\CodeIgniter->run()
#5 {main}
CRITICAL - 2021-10-19 10:02:26 --> Undefined variable: ridInscripcionPreuniversitarioCodificado
#0 /home/garmaser/www/html/sac-prusuf/app/Controllers/Caja.php(104): CodeIgniter\Debug\Exceptions->errorHandler()
#1 /home/garmaser/www/html/sac-prusuf/vendor/codeigniter4/framework/system/CodeIgniter.php(802): App\Controllers\Caja->formulario_inscripcion()
#2 /home/garmaser/www/html/sac-prusuf/vendor/codeigniter4/framework/system/CodeIgniter.php(399): CodeIgniter\CodeIgniter->runController()
#3 /home/garmaser/www/html/sac-prusuf/vendor/codeigniter4/framework/system/CodeIgniter.php(317): CodeIgniter\CodeIgniter->handleRequest()
#4 /home/garmaser/www/html/sac-prusuf/public/index.php(37): CodeIgniter\CodeIgniter->run()
#5 {main}
CRITICAL - 2021-10-19 10:03:09 --> Undefined index: nombre_preuniversitario
#0 /home/garmaser/www/html/sac-prusuf/app/Libraries/reportes/FormularioInscripcion.php(70): CodeIgniter\Debug\Exceptions->errorHandler()
#1 /home/garmaser/www/html/sac-prusuf/app/Controllers/Caja.php(108): App\Libraries\reportes\FormularioInscripcion->reporte()
#2 /home/garmaser/www/html/sac-prusuf/vendor/codeigniter4/framework/system/CodeIgniter.php(802): App\Controllers\Caja->formulario_inscripcion()
#3 /home/garmaser/www/html/sac-prusuf/vendor/codeigniter4/framework/system/CodeIgniter.php(399): CodeIgniter\CodeIgniter->runController()
#4 /home/garmaser/www/html/sac-prusuf/vendor/codeigniter4/framework/system/CodeIgniter.php(317): CodeIgniter\CodeIgniter->handleRequest()
#5 /home/garmaser/www/html/sac-prusuf/public/index.php(37): CodeIgniter\CodeIgniter->run()
#6 {main}
CRITICAL - 2021-10-19 10:03:30 --> Undefined index: nombre_preuniversitario
#0 /home/garmaser/www/html/sac-prusuf/app/Libraries/reportes/FormularioInscripcion.php(70): CodeIgniter\Debug\Exceptions->errorHandler()
#1 /home/garmaser/www/html/sac-prusuf/app/Controllers/Caja.php(108): App\Libraries\reportes\FormularioInscripcion->reporte()
#2 /home/garmaser/www/html/sac-prusuf/vendor/codeigniter4/framework/system/CodeIgniter.php(802): App\Controllers\Caja->formulario_inscripcion()
#3 /home/garmaser/www/html/sac-prusuf/vendor/codeigniter4/framework/system/CodeIgniter.php(399): CodeIgniter\CodeIgniter->runController()
#4 /home/garmaser/www/html/sac-prusuf/vendor/codeigniter4/framework/system/CodeIgniter.php(317): CodeIgniter\CodeIgniter->handleRequest()
#5 /home/garmaser/www/html/sac-prusuf/public/index.php(37): CodeIgniter\CodeIgniter->run()
#6 {main}
CRITICAL - 2021-10-19 10:04:01 --> Undefined index: nombre_preuniversitario
#0 /home/garmaser/www/html/sac-prusuf/app/Libraries/reportes/FormularioInscripcion.php(70): CodeIgniter\Debug\Exceptions->errorHandler()
#1 /home/garmaser/www/html/sac-prusuf/app/Controllers/Caja.php(108): App\Libraries\reportes\FormularioInscripcion->reporte()
#2 /home/garmaser/www/html/sac-prusuf/vendor/codeigniter4/framework/system/CodeIgniter.php(802): App\Controllers\Caja->formulario_inscripcion()
#3 /home/garmaser/www/html/sac-prusuf/vendor/codeigniter4/framework/system/CodeIgniter.php(399): CodeIgniter\CodeIgniter->runController()
#4 /home/garmaser/www/html/sac-prusuf/vendor/codeigniter4/framework/system/CodeIgniter.php(317): CodeIgniter\CodeIgniter->handleRequest()
#5 /home/garmaser/www/html/sac-prusuf/public/index.php(37): CodeIgniter\CodeIgniter->run()
#6 {main}
CRITICAL - 2021-10-19 10:04:03 --> Undefined index: nombre_preuniversitario
#0 /home/garmaser/www/html/sac-prusuf/app/Libraries/reportes/FormularioInscripcion.php(70): CodeIgniter\Debug\Exceptions->errorHandler()
#1 /home/garmaser/www/html/sac-prusuf/app/Controllers/Caja.php(108): App\Libraries\reportes\FormularioInscripcion->reporte()
#2 /home/garmaser/www/html/sac-prusuf/vendor/codeigniter4/framework/system/CodeIgniter.php(802): App\Controllers\Caja->formulario_inscripcion()
#3 /home/garmaser/www/html/sac-prusuf/vendor/codeigniter4/framework/system/CodeIgniter.php(399): CodeIgniter\CodeIgniter->runController()
#4 /home/garmaser/www/html/sac-prusuf/vendor/codeigniter4/framework/system/CodeIgniter.php(317): CodeIgniter\CodeIgniter->handleRequest()
#5 /home/garmaser/www/html/sac-prusuf/public/index.php(37): CodeIgniter\CodeIgniter->run()
#6 {main}
CRITICAL - 2021-10-19 10:22:21 --> Undefined variable: pdf
#0 /home/garmaser/www/html/sac-prusuf/app/Libraries/reportes/FormularioInscripcion.php(153): CodeIgniter\Debug\Exceptions->errorHandler()
#1 /home/garmaser/www/html/sac-prusuf/app/Controllers/Caja.php(108): App\Libraries\reportes\FormularioInscripcion->reporte()
#2 /home/garmaser/www/html/sac-prusuf/vendor/codeigniter4/framework/system/CodeIgniter.php(802): App\Controllers\Caja->formulario_inscripcion()
#3 /home/garmaser/www/html/sac-prusuf/vendor/codeigniter4/framework/system/CodeIgniter.php(399): CodeIgniter\CodeIgniter->runController()
#4 /home/garmaser/www/html/sac-prusuf/vendor/codeigniter4/framework/system/CodeIgniter.php(317): CodeIgniter\CodeIgniter->handleRequest()
#5 /home/garmaser/www/html/sac-prusuf/public/index.php(37): CodeIgniter\CodeIgniter->run()
#6 {main}
CRITICAL - 2021-10-19 10:24:47 --> syntax error, unexpected '$this' (T_VARIABLE)
#0 /home/garmaser/www/html/sac-prusuf/vendor/codeigniter4/framework/system/Autoloader/Autoloader.php(241): CodeIgniter\Autoloader\Autoloader->includeFile()
#1 /home/garmaser/www/html/sac-prusuf/vendor/codeigniter4/framework/system/Autoloader/Autoloader.php(219): CodeIgniter\Autoloader\Autoloader->loadInNamespace()
#2 [internal function]: CodeIgniter\Autoloader\Autoloader->loadClass()
#3 /home/garmaser/www/html/sac-prusuf/app/Controllers/Inscripcion.php(294): spl_autoload_call()
#4 /home/garmaser/www/html/sac-prusuf/vendor/codeigniter4/framework/system/CodeIgniter.php(802): App\Controllers\Inscripcion->formulario_inscripcion()
#5 /home/garmaser/www/html/sac-prusuf/vendor/codeigniter4/framework/system/CodeIgniter.php(399): CodeIgniter\CodeIgniter->runController()
#6 /home/garmaser/www/html/sac-prusuf/vendor/codeigniter4/framework/system/CodeIgniter.php(317): CodeIgniter\CodeIgniter->handleRequest()
#7 /home/garmaser/www/html/sac-prusuf/public/index.php(37): CodeIgniter\CodeIgniter->run()
#8 {main}
CRITICAL - 2021-10-19 10:24:57 --> Too few arguments to function FPDF::SetXY(), 1 passed in /home/garmaser/www/html/sac-prusuf/app/Libraries/reportes/FormularioInscripcion.php on line 154 and exactly 2 expected
#0 /home/garmaser/www/html/sac-prusuf/app/Libraries/reportes/FormularioInscripcion.php(154): FPDF->SetXY()
#1 /home/garmaser/www/html/sac-prusuf/app/Controllers/Inscripcion.php(295): App\Libraries\reportes\FormularioInscripcion->reporte()
#2 /home/garmaser/www/html/sac-prusuf/vendor/codeigniter4/framework/system/CodeIgniter.php(802): App\Controllers\Inscripcion->formulario_inscripcion()
#3 /home/garmaser/www/html/sac-prusuf/vendor/codeigniter4/framework/system/CodeIgniter.php(399): CodeIgniter\CodeIgniter->runController()
#4 /home/garmaser/www/html/sac-prusuf/vendor/codeigniter4/framework/system/CodeIgniter.php(317): CodeIgniter\CodeIgniter->handleRequest()
#5 /home/garmaser/www/html/sac-prusuf/public/index.php(37): CodeIgniter\CodeIgniter->run()
#6 {main}
CRITICAL - 2021-10-19 10:25:12 --> Too few arguments to function FPDF::SetXY(), 1 passed in /home/garmaser/www/html/sac-prusuf/app/Libraries/reportes/FormularioInscripcion.php on line 154 and exactly 2 expected
#0 /home/garmaser/www/html/sac-prusuf/app/Libraries/reportes/FormularioInscripcion.php(154): FPDF->SetXY()
#1 /home/garmaser/www/html/sac-prusuf/app/Controllers/Inscripcion.php(295): App\Libraries\reportes\FormularioInscripcion->reporte()
#2 /home/garmaser/www/html/sac-prusuf/vendor/codeigniter4/framework/system/CodeIgniter.php(802): App\Controllers\Inscripcion->formulario_inscripcion()
#3 /home/garmaser/www/html/sac-prusuf/vendor/codeigniter4/framework/system/CodeIgniter.php(399): CodeIgniter\CodeIgniter->runController()
#4 /home/garmaser/www/html/sac-prusuf/vendor/codeigniter4/framework/system/CodeIgniter.php(317): CodeIgniter\CodeIgniter->handleRequest()
#5 /home/garmaser/www/html/sac-prusuf/public/index.php(37): CodeIgniter\CodeIgniter->run()
#6 {main}
CRITICAL - 2021-10-19 10:35:12 --> fopen(): php_network_getaddresses: getaddrinfo failed: Temporary failure in name resolution
#0 [internal function]: CodeIgniter\Debug\Exceptions->errorHandler()
#1 /home/garmaser/www/html/sac-prusuf/vendor/setasign/fpdf/fpdf.php(1256): fopen()
#2 /home/garmaser/www/html/sac-prusuf/vendor/setasign/fpdf/fpdf.php(885): FPDF->_parsepng()
#3 /home/garmaser/www/html/sac-prusuf/app/Libraries/reportes/FormularioInscripcion.php(130): FPDF->Image()
#4 /home/garmaser/www/html/sac-prusuf/app/Controllers/Inscripcion.php(295): App\Libraries\reportes\FormularioInscripcion->reporte()
#5 /home/garmaser/www/html/sac-prusuf/vendor/codeigniter4/framework/system/CodeIgniter.php(802): App\Controllers\Inscripcion->formulario_inscripcion()
#6 /home/garmaser/www/html/sac-prusuf/vendor/codeigniter4/framework/system/CodeIgniter.php(399): CodeIgniter\CodeIgniter->runController()
#7 /home/garmaser/www/html/sac-prusuf/vendor/codeigniter4/framework/system/CodeIgniter.php(317): CodeIgniter\CodeIgniter->handleRequest()
#8 /home/garmaser/www/html/sac-prusuf/public/index.php(37): CodeIgniter\CodeIgniter->run()
#9 {main}
CRITICAL - 2021-10-19 16:54:16 --> Invalid file: IonAuth\Views\authl/login.php
#0 /home/garmaser/www/html/sac-prusuf/vendor/codeigniter4/framework/system/View/View.php(198): CodeIgniter\Exceptions\FrameworkException::forInvalidFile()
#1 /home/garmaser/www/html/sac-prusuf/vendor/codeigniter4/framework/system/Common.php(1092): CodeIgniter\View\View->render()
#2 /home/garmaser/www/html/sac-prusuf/vendor/benedmunds/codeigniter-ion-auth/Controllers/Auth.php(923): view()
#3 /home/garmaser/www/html/sac-prusuf/vendor/benedmunds/codeigniter-ion-auth/Controllers/Auth.php(173): IonAuth\Controllers\Auth->renderPage()
#4 /home/garmaser/www/html/sac-prusuf/vendor/codeigniter4/framework/system/CodeIgniter.php(802): IonAuth\Controllers\Auth->login()
#5 /home/garmaser/www/html/sac-prusuf/vendor/codeigniter4/framework/system/CodeIgniter.php(399): CodeIgniter\CodeIgniter->runController()
#6 /home/garmaser/www/html/sac-prusuf/vendor/codeigniter4/framework/system/CodeIgniter.php(317): CodeIgniter\CodeIgniter->handleRequest()
#7 /home/garmaser/www/html/sac-prusuf/public/index.php(37): CodeIgniter\CodeIgniter->run()
#8 {main}
CRITICAL - 2021-10-19 17:11:34 --> Invalid file: app/view/sauth/login.php
#0 /home/garmaser/www/html/sac-prusuf/vendor/codeigniter4/framework/system/View/View.php(198): CodeIgniter\Exceptions\FrameworkException::forInvalidFile()
#1 /home/garmaser/www/html/sac-prusuf/vendor/codeigniter4/framework/system/Common.php(1092): CodeIgniter\View\View->render()
#2 /home/garmaser/www/html/sac-prusuf/vendor/benedmunds/codeigniter-ion-auth/Controllers/Auth.php(923): view()
#3 /home/garmaser/www/html/sac-prusuf/vendor/benedmunds/codeigniter-ion-auth/Controllers/Auth.php(173): IonAuth\Controllers\Auth->renderPage()
#4 /home/garmaser/www/html/sac-prusuf/vendor/codeigniter4/framework/system/CodeIgniter.php(802): IonAuth\Controllers\Auth->login()
#5 /home/garmaser/www/html/sac-prusuf/vendor/codeigniter4/framework/system/CodeIgniter.php(399): CodeIgniter\CodeIgniter->runController()
#6 /home/garmaser/www/html/sac-prusuf/vendor/codeigniter4/framework/system/CodeIgniter.php(317): CodeIgniter\CodeIgniter->handleRequest()
#7 /home/garmaser/www/html/sac-prusuf/public/index.php(37): CodeIgniter\CodeIgniter->run()
#8 {main}
CRITICAL - 2021-10-19 17:12:03 --> Invalid file: app/view/sauth/login.php
#0 /home/garmaser/www/html/sac-prusuf/vendor/codeigniter4/framework/system/View/View.php(198): CodeIgniter\Exceptions\FrameworkException::forInvalidFile()
#1 /home/garmaser/www/html/sac-prusuf/vendor/codeigniter4/framework/system/Common.php(1092): CodeIgniter\View\View->render()
#2 /home/garmaser/www/html/sac-prusuf/vendor/benedmunds/codeigniter-ion-auth/Controllers/Auth.php(923): view()
#3 /home/garmaser/www/html/sac-prusuf/vendor/benedmunds/codeigniter-ion-auth/Controllers/Auth.php(173): IonAuth\Controllers\Auth->renderPage()
#4 /home/garmaser/www/html/sac-prusuf/vendor/codeigniter4/framework/system/CodeIgniter.php(802): IonAuth\Controllers\Auth->login()
#5 /home/garmaser/www/html/sac-prusuf/vendor/codeigniter4/framework/system/CodeIgniter.php(399): CodeIgniter\CodeIgniter->runController()
#6 /home/garmaser/www/html/sac-prusuf/vendor/codeigniter4/framework/system/CodeIgniter.php(317): CodeIgniter\CodeIgniter->handleRequest()
#7 /home/garmaser/www/html/sac-prusuf/public/index.php(37): CodeIgniter\CodeIgniter->run()
#8 {main}
CRITICAL - 2021-10-19 17:12:20 --> Undefined variable: layout
#0 /home/garmaser/www/html/sac-prusuf/app/Views/layouts/front.php(31): CodeIgniter\Debug\Exceptions->errorHandler()
#1 /home/garmaser/www/html/sac-prusuf/vendor/codeigniter4/framework/system/View/View.php(214): include('/home/garmaser/...')
#2 /home/garmaser/www/html/sac-prusuf/vendor/codeigniter4/framework/system/View/View.php(217): CodeIgniter\View\View->CodeIgniter\View\{closure}()
#3 /home/garmaser/www/html/sac-prusuf/vendor/codeigniter4/framework/system/View/View.php(230): CodeIgniter\View\View->render()
#4 /home/garmaser/www/html/sac-prusuf/vendor/codeigniter4/framework/system/Common.php(1092): CodeIgniter\View\View->render()
#5 /home/garmaser/www/html/sac-prusuf/vendor/benedmunds/codeigniter-ion-auth/Controllers/Auth.php(923): view()
#6 /home/garmaser/www/html/sac-prusuf/vendor/benedmunds/codeigniter-ion-auth/Controllers/Auth.php(173): IonAuth\Controllers\Auth->renderPage()
#7 /home/garmaser/www/html/sac-prusuf/vendor/codeigniter4/framework/system/CodeIgniter.php(802): IonAuth\Controllers\Auth->login()
#8 /home/garmaser/www/html/sac-prusuf/vendor/codeigniter4/framework/system/CodeIgniter.php(399): CodeIgniter\CodeIgniter->runController()
#9 /home/garmaser/www/html/sac-prusuf/vendor/codeigniter4/framework/system/CodeIgniter.php(317): CodeIgniter\CodeIgniter->handleRequest()
#10 /home/garmaser/www/html/sac-prusuf/public/index.php(37): CodeIgniter\CodeIgniter->run()
#11 {main}
CRITICAL - 2021-10-19 17:12:39 --> Undefined variable: layout
#0 /home/garmaser/www/html/sac-prusuf/app/Views/layouts/front.php(31): CodeIgniter\Debug\Exceptions->errorHandler()
#1 /home/garmaser/www/html/sac-prusuf/vendor/codeigniter4/framework/system/View/View.php(214): include('/home/garmaser/...')
#2 /home/garmaser/www/html/sac-prusuf/vendor/codeigniter4/framework/system/View/View.php(217): CodeIgniter\View\View->CodeIgniter\View\{closure}()
#3 /home/garmaser/www/html/sac-prusuf/vendor/codeigniter4/framework/system/View/View.php(230): CodeIgniter\View\View->render()
#4 /home/garmaser/www/html/sac-prusuf/vendor/codeigniter4/framework/system/Common.php(1092): CodeIgniter\View\View->render()
#5 /home/garmaser/www/html/sac-prusuf/vendor/benedmunds/codeigniter-ion-auth/Controllers/Auth.php(923): view()
#6 /home/garmaser/www/html/sac-prusuf/vendor/benedmunds/codeigniter-ion-auth/Controllers/Auth.php(173): IonAuth\Controllers\Auth->renderPage()
#7 /home/garmaser/www/html/sac-prusuf/vendor/codeigniter4/framework/system/CodeIgniter.php(802): IonAuth\Controllers\Auth->login()
#8 /home/garmaser/www/html/sac-prusuf/vendor/codeigniter4/framework/system/CodeIgniter.php(399): CodeIgniter\CodeIgniter->runController()
#9 /home/garmaser/www/html/sac-prusuf/vendor/codeigniter4/framework/system/CodeIgniter.php(317): CodeIgniter\CodeIgniter->handleRequest()
#10 /home/garmaser/www/html/sac-prusuf/public/index.php(37): CodeIgniter\CodeIgniter->run()
#11 {main}
CRITICAL - 2021-10-19 20:57:50 --> You must be an administrator to view this page.
#0 /home/garmaser/www/html/sac-prusuf/vendor/codeigniter4/framework/system/CodeIgniter.php(802): App\Controllers\Auth->index()
#1 /home/garmaser/www/html/sac-prusuf/vendor/codeigniter4/framework/system/CodeIgniter.php(399): CodeIgniter\CodeIgniter->runController()
#2 /home/garmaser/www/html/sac-prusuf/vendor/codeigniter4/framework/system/CodeIgniter.php(317): CodeIgniter\CodeIgniter->handleRequest()
#3 /home/garmaser/www/html/sac-prusuf/public/index.php(37): CodeIgniter\CodeIgniter->run()
#4 {main}
CRITICAL - 2021-10-19 21:01:27 --> Undefined property: stdClass::$url
#0 /home/garmaser/www/html/sac-prusuf/app/Controllers/Auth.php(22): CodeIgniter\Debug\Exceptions->errorHandler()
#1 /home/garmaser/www/html/sac-prusuf/vendor/codeigniter4/framework/system/CodeIgniter.php(802): App\Controllers\Auth->index()
#2 /home/garmaser/www/html/sac-prusuf/vendor/codeigniter4/framework/system/CodeIgniter.php(399): CodeIgniter\CodeIgniter->runController()
#3 /home/garmaser/www/html/sac-prusuf/vendor/codeigniter4/framework/system/CodeIgniter.php(317): CodeIgniter\CodeIgniter->handleRequest()
#4 /home/garmaser/www/html/sac-prusuf/public/index.php(37): CodeIgniter\CodeIgniter->run()
#5 {main}
CRITICAL - 2021-10-19 21:02:01 --> Undefined property: stdClass::$url
#0 /home/garmaser/www/html/sac-prusuf/app/Controllers/Auth.php(23): CodeIgniter\Debug\Exceptions->errorHandler()
#1 /home/garmaser/www/html/sac-prusuf/vendor/codeigniter4/framework/system/CodeIgniter.php(802): App\Controllers\Auth->index()
#2 /home/garmaser/www/html/sac-prusuf/vendor/codeigniter4/framework/system/CodeIgniter.php(399): CodeIgniter\CodeIgniter->runController()
#3 /home/garmaser/www/html/sac-prusuf/vendor/codeigniter4/framework/system/CodeIgniter.php(317): CodeIgniter\CodeIgniter->handleRequest()
#4 /home/garmaser/www/html/sac-prusuf/public/index.php(37): CodeIgniter\CodeIgniter->run()
#5 {main}
ERROR - 2021-10-19 21:11:45 --> Unknown table 'groups.description'
CRITICAL - 2021-10-19 21:11:45 --> Unknown table 'groups.description'
#0 /home/garmaser/www/html/sac-prusuf/vendor/codeigniter4/framework/system/Database/MySQLi/Connection.php(280): mysqli->query()
#1 /home/garmaser/www/html/sac-prusuf/vendor/codeigniter4/framework/system/Database/BaseConnection.php(663): CodeIgniter\Database\MySQLi\Connection->execute()
#2 /home/garmaser/www/html/sac-prusuf/vendor/codeigniter4/framework/system/Database/BaseConnection.php(591): CodeIgniter\Database\BaseConnection->simpleQuery()
#3 /home/garmaser/www/html/sac-prusuf/vendor/codeigniter4/framework/system/Database/BaseBuilder.php(1428): CodeIgniter\Database\BaseConnection->query()
#4 /home/garmaser/www/html/sac-prusuf/vendor/benedmunds/codeigniter-ion-auth/Models/IonAuthModel.php(1551): CodeIgniter\Database\BaseBuilder->get()
#5 [internal function]: IonAuth\Models\IonAuthModel->getUsersGroups()
#6 /home/garmaser/www/html/sac-prusuf/vendor/benedmunds/codeigniter-ion-auth/Libraries/IonAuth.php(104): call_user_func_array()
#7 /home/garmaser/www/html/sac-prusuf/app/Controllers/Auth.php(20): IonAuth\Libraries\IonAuth->__call()
#8 /home/garmaser/www/html/sac-prusuf/vendor/codeigniter4/framework/system/CodeIgniter.php(802): App\Controllers\Auth->index()
#9 /home/garmaser/www/html/sac-prusuf/vendor/codeigniter4/framework/system/CodeIgniter.php(399): CodeIgniter\CodeIgniter->runController()
#10 /home/garmaser/www/html/sac-prusuf/vendor/codeigniter4/framework/system/CodeIgniter.php(317): CodeIgniter\CodeIgniter->handleRequest()
#11 /home/garmaser/www/html/sac-prusuf/public/index.php(37): CodeIgniter\CodeIgniter->run()
#12 {main}
ERROR - 2021-10-19 21:11:52 --> Unknown table 'groups.description'
CRITICAL - 2021-10-19 21:11:52 --> Unknown table 'groups.description'
#0 /home/garmaser/www/html/sac-prusuf/vendor/codeigniter4/framework/system/Database/MySQLi/Connection.php(280): mysqli->query()
#1 /home/garmaser/www/html/sac-prusuf/vendor/codeigniter4/framework/system/Database/BaseConnection.php(663): CodeIgniter\Database\MySQLi\Connection->execute()
#2 /home/garmaser/www/html/sac-prusuf/vendor/codeigniter4/framework/system/Database/BaseConnection.php(591): CodeIgniter\Database\BaseConnection->simpleQuery()
#3 /home/garmaser/www/html/sac-prusuf/vendor/codeigniter4/framework/system/Database/BaseBuilder.php(1428): CodeIgniter\Database\BaseConnection->query()
#4 /home/garmaser/www/html/sac-prusuf/vendor/benedmunds/codeigniter-ion-auth/Models/IonAuthModel.php(1551): CodeIgniter\Database\BaseBuilder->get()
#5 /home/garmaser/www/html/sac-prusuf/vendor/benedmunds/codeigniter-ion-auth/Models/IonAuthModel.php(1581): IonAuth\Models\IonAuthModel->getUsersGroups()
#6 /home/garmaser/www/html/sac-prusuf/vendor/benedmunds/codeigniter-ion-auth/Models/IonAuthModel.php(2650): IonAuth\Models\IonAuthModel->inGroup()
#7 /home/garmaser/www/html/sac-prusuf/vendor/benedmunds/codeigniter-ion-auth/Models/IonAuthModel.php(331): IonAuth\Models\IonAuthModel->getHashParameters()
#8 /home/garmaser/www/html/sac-prusuf/vendor/benedmunds/codeigniter-ion-auth/Models/IonAuthModel.php(945): IonAuth\Models\IonAuthModel->rehashPasswordIfNeeded()
#9 [internal function]: IonAuth\Models\IonAuthModel->login()
#10 /home/garmaser/www/html/sac-prusuf/vendor/benedmunds/codeigniter-ion-auth/Libraries/IonAuth.php(104): call_user_func_array()
#11 /home/garmaser/www/html/sac-prusuf/vendor/benedmunds/codeigniter-ion-auth/Controllers/Auth.php(138): IonAuth\Libraries\IonAuth->__call()
#12 /home/garmaser/www/html/sac-prusuf/vendor/codeigniter4/framework/system/CodeIgniter.php(802): IonAuth\Controllers\Auth->login()
#13 /home/garmaser/www/html/sac-prusuf/vendor/codeigniter4/framework/system/CodeIgniter.php(399): CodeIgniter\CodeIgniter->runController()
#14 /home/garmaser/www/html/sac-prusuf/vendor/codeigniter4/framework/system/CodeIgniter.php(317): CodeIgniter\CodeIgniter->handleRequest()
#15 /home/garmaser/www/html/sac-prusuf/public/index.php(37): CodeIgniter\CodeIgniter->run()
#16 {main}
CRITICAL - 2021-10-19 21:32:04 --> Invalid file: CodeIgniter\Validation\Views\Messages\list.php
#0 /home/garmaser/www/html/sac-prusuf/vendor/codeigniter4/framework/system/View/View.php(198): CodeIgniter\Exceptions\FrameworkException::forInvalidFile()
#1 /home/garmaser/www/html/sac-prusuf/vendor/codeigniter4/framework/system/Common.php(1092): CodeIgniter\View\View->render()
#2 /home/garmaser/www/html/sac-prusuf/vendor/benedmunds/codeigniter-ion-auth/Models/IonAuthModel.php(2484): view()
#3 [internal function]: IonAuth\Models\IonAuthModel->errors()
#4 /home/garmaser/www/html/sac-prusuf/vendor/benedmunds/codeigniter-ion-auth/Libraries/IonAuth.php(104): call_user_func_array()
#5 /home/garmaser/www/html/sac-prusuf/vendor/benedmunds/codeigniter-ion-auth/Controllers/Auth.php(149): IonAuth\Libraries\IonAuth->__call()
#6 /home/garmaser/www/html/sac-prusuf/vendor/codeigniter4/framework/system/CodeIgniter.php(802): IonAuth\Controllers\Auth->login()
#7 /home/garmaser/www/html/sac-prusuf/vendor/codeigniter4/framework/system/CodeIgniter.php(399): CodeIgniter\CodeIgniter->runController()
#8 /home/garmaser/www/html/sac-prusuf/vendor/codeigniter4/framework/system/CodeIgniter.php(317): CodeIgniter\CodeIgniter->handleRequest()
#9 /home/garmaser/www/html/sac-prusuf/public/index.php(37): CodeIgniter\CodeIgniter->run()
#10 {main}
CRITICAL - 2021-10-19 21:33:19 --> Invalid file: app\Views\Messages\list.php
#0 /home/garmaser/www/html/sac-prusuf/vendor/codeigniter4/framework/system/View/View.php(198): CodeIgniter\Exceptions\FrameworkException::forInvalidFile()
#1 /home/garmaser/www/html/sac-prusuf/vendor/codeigniter4/framework/system/Common.php(1092): CodeIgniter\View\View->render()
#2 /home/garmaser/www/html/sac-prusuf/vendor/benedmunds/codeigniter-ion-auth/Models/IonAuthModel.php(2484): view()
#3 [internal function]: IonAuth\Models\IonAuthModel->errors()
#4 /home/garmaser/www/html/sac-prusuf/vendor/benedmunds/codeigniter-ion-auth/Libraries/IonAuth.php(104): call_user_func_array()
#5 /home/garmaser/www/html/sac-prusuf/vendor/benedmunds/codeigniter-ion-auth/Controllers/Auth.php(149): IonAuth\Libraries\IonAuth->__call()
#6 /home/garmaser/www/html/sac-prusuf/vendor/codeigniter4/framework/system/CodeIgniter.php(802): IonAuth\Controllers\Auth->login()
#7 /home/garmaser/www/html/sac-prusuf/vendor/codeigniter4/framework/system/CodeIgniter.php(399): CodeIgniter\CodeIgniter->runController()
#8 /home/garmaser/www/html/sac-prusuf/vendor/codeigniter4/framework/system/CodeIgniter.php(317): CodeIgniter\CodeIgniter->handleRequest()
#9 /home/garmaser/www/html/sac-prusuf/public/index.php(37): CodeIgniter\CodeIgniter->run()
#10 {main}
CRITICAL - 2021-10-19 21:38:42 --> Invalid file: app\Views\Messages\list.php
#0 /home/garmaser/www/html/sac-prusuf/vendor/codeigniter4/framework/system/View/View.php(198): CodeIgniter\Exceptions\FrameworkException::forInvalidFile()
#1 /home/garmaser/www/html/sac-prusuf/vendor/codeigniter4/framework/system/Common.php(1092): CodeIgniter\View\View->render()
#2 /home/garmaser/www/html/sac-prusuf/vendor/benedmunds/codeigniter-ion-auth/Models/IonAuthModel.php(2407): view()
#3 [internal function]: IonAuth\Models\IonAuthModel->messages()
#4 /home/garmaser/www/html/sac-prusuf/vendor/benedmunds/codeigniter-ion-auth/Libraries/IonAuth.php(104): call_user_func_array()
#5 /home/garmaser/www/html/sac-prusuf/vendor/benedmunds/codeigniter-ion-auth/Controllers/Auth.php(142): IonAuth\Libraries\IonAuth->__call()
#6 /home/garmaser/www/html/sac-prusuf/vendor/codeigniter4/framework/system/CodeIgniter.php(802): IonAuth\Controllers\Auth->login()
#7 /home/garmaser/www/html/sac-prusuf/vendor/codeigniter4/framework/system/CodeIgniter.php(399): CodeIgniter\CodeIgniter->runController()
#8 /home/garmaser/www/html/sac-prusuf/vendor/codeigniter4/framework/system/CodeIgniter.php(317): CodeIgniter\CodeIgniter->handleRequest()
#9 /home/garmaser/www/html/sac-prusuf/public/index.php(37): CodeIgniter\CodeIgniter->run()
#10 {main}
CRITICAL - 2021-10-19 21:47:29 --> Undefined property: stdClass::$icono
#0 /home/garmaser/www/html/sac-prusuf/app/Views/inicio.php(47): CodeIgniter\Debug\Exceptions->errorHandler()
#1 /home/garmaser/www/html/sac-prusuf/vendor/codeigniter4/framework/system/View/View.php(214): include('/home/garmaser/...')
#2 /home/garmaser/www/html/sac-prusuf/vendor/codeigniter4/framework/system/View/View.php(217): CodeIgniter\View\View->CodeIgniter\View\{closure}()
#3 /home/garmaser/www/html/sac-prusuf/vendor/codeigniter4/framework/system/Common.php(1092): CodeIgniter\View\View->render()
#4 /home/garmaser/www/html/sac-prusuf/app/Controllers/Admin.php(22): view()
#5 /home/garmaser/www/html/sac-prusuf/vendor/codeigniter4/framework/system/CodeIgniter.php(802): App\Controllers\Admin->index()
#6 /home/garmaser/www/html/sac-prusuf/vendor/codeigniter4/framework/system/CodeIgniter.php(399): CodeIgniter\CodeIgniter->runController()
#7 /home/garmaser/www/html/sac-prusuf/vendor/codeigniter4/framework/system/CodeIgniter.php(317): CodeIgniter\CodeIgniter->handleRequest()
#8 /home/garmaser/www/html/sac-prusuf/public/index.php(37): CodeIgniter\CodeIgniter->run()
#9 {main}
CRITICAL - 2021-10-19 21:48:28 --> Invalid file: layouts/administrador.php
#0 /home/garmaser/www/html/sac-prusuf/vendor/codeigniter4/framework/system/View/View.php(198): CodeIgniter\Exceptions\FrameworkException::forInvalidFile()
#1 /home/garmaser/www/html/sac-prusuf/vendor/codeigniter4/framework/system/View/View.php(432): CodeIgniter\View\View->render()
#2 /home/garmaser/www/html/sac-prusuf/app/Views/layouts/admin.php(47): CodeIgniter\View\View->include()
#3 /home/garmaser/www/html/sac-prusuf/vendor/codeigniter4/framework/system/View/View.php(214): include('/home/garmaser/...')
#4 /home/garmaser/www/html/sac-prusuf/vendor/codeigniter4/framework/system/View/View.php(217): CodeIgniter\View\View->CodeIgniter\View\{closure}()
#5 /home/garmaser/www/html/sac-prusuf/vendor/codeigniter4/framework/system/View/View.php(230): CodeIgniter\View\View->render()
#6 /home/garmaser/www/html/sac-prusuf/vendor/codeigniter4/framework/system/Common.php(1092): CodeIgniter\View\View->render()
#7 /home/garmaser/www/html/sac-prusuf/app/Controllers/Admin.php(22): view()
#8 /home/garmaser/www/html/sac-prusuf/vendor/codeigniter4/framework/system/CodeIgniter.php(802): App\Controllers\Admin->index()
#9 /home/garmaser/www/html/sac-prusuf/vendor/codeigniter4/framework/system/CodeIgniter.php(399): CodeIgniter\CodeIgniter->runController()
#10 /home/garmaser/www/html/sac-prusuf/vendor/codeigniter4/framework/system/CodeIgniter.php(317): CodeIgniter\CodeIgniter->handleRequest()
#11 /home/garmaser/www/html/sac-prusuf/public/index.php(37): CodeIgniter\CodeIgniter->run()
#12 {main}
CRITICAL - 2021-10-19 21:49:51 --> Invalid file: layouts/administrador.php
#0 /home/garmaser/www/html/sac-prusuf/vendor/codeigniter4/framework/system/View/View.php(198): CodeIgniter\Exceptions\FrameworkException::forInvalidFile()
#1 /home/garmaser/www/html/sac-prusuf/vendor/codeigniter4/framework/system/View/View.php(432): CodeIgniter\View\View->render()
#2 /home/garmaser/www/html/sac-prusuf/app/Views/layouts/admin.php(47): CodeIgniter\View\View->include()
#3 /home/garmaser/www/html/sac-prusuf/vendor/codeigniter4/framework/system/View/View.php(214): include('/home/garmaser/...')
#4 /home/garmaser/www/html/sac-prusuf/vendor/codeigniter4/framework/system/View/View.php(217): CodeIgniter\View\View->CodeIgniter\View\{closure}()
#5 /home/garmaser/www/html/sac-prusuf/vendor/codeigniter4/framework/system/View/View.php(230): CodeIgniter\View\View->render()
#6 /home/garmaser/www/html/sac-prusuf/vendor/codeigniter4/framework/system/Common.php(1092): CodeIgniter\View\View->render()
#7 /home/garmaser/www/html/sac-prusuf/app/Controllers/Admin.php(21): view()
#8 /home/garmaser/www/html/sac-prusuf/vendor/codeigniter4/framework/system/CodeIgniter.php(802): App\Controllers\Admin->index()
#9 /home/garmaser/www/html/sac-prusuf/vendor/codeigniter4/framework/system/CodeIgniter.php(399): CodeIgniter\CodeIgniter->runController()
#10 /home/garmaser/www/html/sac-prusuf/vendor/codeigniter4/framework/system/CodeIgniter.php(317): CodeIgniter\CodeIgniter->handleRequest()
#11 /home/garmaser/www/html/sac-prusuf/public/index.php(37): CodeIgniter\CodeIgniter->run()
#12 {main}
CRITICAL - 2021-10-19 21:52:30 --> Invalid file: layouts/administrador.php
#0 /home/garmaser/www/html/sac-prusuf/vendor/codeigniter4/framework/system/View/View.php(198): CodeIgniter\Exceptions\FrameworkException::forInvalidFile()
#1 /home/garmaser/www/html/sac-prusuf/vendor/codeigniter4/framework/system/View/View.php(432): CodeIgniter\View\View->render()
#2 /home/garmaser/www/html/sac-prusuf/app/Views/layouts/admin.php(47): CodeIgniter\View\View->include()
#3 /home/garmaser/www/html/sac-prusuf/vendor/codeigniter4/framework/system/View/View.php(214): include('/home/garmaser/...')
#4 /home/garmaser/www/html/sac-prusuf/vendor/codeigniter4/framework/system/View/View.php(217): CodeIgniter\View\View->CodeIgniter\View\{closure}()
#5 /home/garmaser/www/html/sac-prusuf/vendor/codeigniter4/framework/system/View/View.php(230): CodeIgniter\View\View->render()
#6 /home/garmaser/www/html/sac-prusuf/vendor/codeigniter4/framework/system/Common.php(1092): CodeIgniter\View\View->render()
#7 /home/garmaser/www/html/sac-prusuf/app/Controllers/Administrador.php(21): view()
#8 /home/garmaser/www/html/sac-prusuf/vendor/codeigniter4/framework/system/CodeIgniter.php(802): App\Controllers\Administrador->index()
#9 /home/garmaser/www/html/sac-prusuf/vendor/codeigniter4/framework/system/CodeIgniter.php(399): CodeIgniter\CodeIgniter->runController()
#10 /home/garmaser/www/html/sac-prusuf/vendor/codeigniter4/framework/system/CodeIgniter.php(317): CodeIgniter\CodeIgniter->handleRequest()
#11 /home/garmaser/www/html/sac-prusuf/public/index.php(37): CodeIgniter\CodeIgniter->run()
#12 {main}
CRITICAL - 2021-10-19 22:50:36 --> Call to undefined method GroceryCrud\Core\GroceryCrud::rows()
#0 /home/garmaser/www/html/sac-prusuf/vendor/codeigniter4/framework/system/CodeIgniter.php(802): App\Controllers\Administrador->postulante()
#1 /home/garmaser/www/html/sac-prusuf/vendor/codeigniter4/framework/system/CodeIgniter.php(399): CodeIgniter\CodeIgniter->runController()
#2 /home/garmaser/www/html/sac-prusuf/vendor/codeigniter4/framework/system/CodeIgniter.php(317): CodeIgniter\CodeIgniter->handleRequest()
#3 /home/garmaser/www/html/sac-prusuf/public/index.php(37): CodeIgniter\CodeIgniter->run()
#4 {main}
CRITICAL - 2021-10-19 22:53:51 --> Call to undefined method GroceryCrud\Core\GroceryCrud::require()
#0 /home/garmaser/www/html/sac-prusuf/vendor/codeigniter4/framework/system/CodeIgniter.php(802): App\Controllers\Administrador->postulante()
#1 /home/garmaser/www/html/sac-prusuf/vendor/codeigniter4/framework/system/CodeIgniter.php(399): CodeIgniter\CodeIgniter->runController()
#2 /home/garmaser/www/html/sac-prusuf/vendor/codeigniter4/framework/system/CodeIgniter.php(317): CodeIgniter\CodeIgniter->handleRequest()
#3 /home/garmaser/www/html/sac-prusuf/public/index.php(37): CodeIgniter\CodeIgniter->run()
#4 {main}
