CRITICAL - 2021-11-21 18:28:27 --> Trying to access array offset on value of type null
#0 /home/garmaser/www/html/sac-prusuf/vendor/setasign/fpdf/fpdf.php(530): CodeIgniter\Debug\Exceptions->errorHandler()
#1 /home/garmaser/www/html/sac-prusuf/vendor/setasign/fpdi/src/FpdfTplTrait.php(403): FPDF->SetFontSize()
#2 /home/garmaser/www/html/sac-prusuf/app/Libraries/reportes/HojaRespuesta.php(67): setasign\Fpdi\FpdfTpl->SetFontSize()
#3 /home/garmaser/www/html/sac-prusuf/app/Controllers/Administrador.php(108): App\Libraries\reportes\HojaRespuesta->reporte()
#4 /home/garmaser/www/html/sac-prusuf/vendor/codeigniter4/framework/system/CodeIgniter.php(802): App\Controllers\Administrador->pdf_hoja_respuesta()
#5 /home/garmaser/www/html/sac-prusuf/vendor/codeigniter4/framework/system/CodeIgniter.php(399): CodeIgniter\CodeIgniter->runController()
#6 /home/garmaser/www/html/sac-prusuf/vendor/codeigniter4/framework/system/CodeIgniter.php(317): CodeIgniter\CodeIgniter->handleRequest()
#7 /home/garmaser/www/html/sac-prusuf/public/index.php(37): CodeIgniter\CodeIgniter->run()
#8 {main}
CRITICAL - 2021-11-21 18:29:19 --> Trying to access array offset on value of type null
#0 /home/garmaser/www/html/sac-prusuf/vendor/setasign/fpdf/fpdf.php(530): CodeIgniter\Debug\Exceptions->errorHandler()
#1 /home/garmaser/www/html/sac-prusuf/vendor/setasign/fpdi/src/FpdfTplTrait.php(403): FPDF->SetFontSize()
#2 /home/garmaser/www/html/sac-prusuf/app/Libraries/reportes/HojaRespuesta.php(67): setasign\Fpdi\FpdfTpl->SetFontSize()
#3 /home/garmaser/www/html/sac-prusuf/app/Controllers/Administrador.php(108): App\Libraries\reportes\HojaRespuesta->reporte()
#4 /home/garmaser/www/html/sac-prusuf/vendor/codeigniter4/framework/system/CodeIgniter.php(802): App\Controllers\Administrador->pdf_hoja_respuesta()
#5 /home/garmaser/www/html/sac-prusuf/vendor/codeigniter4/framework/system/CodeIgniter.php(399): CodeIgniter\CodeIgniter->runController()
#6 /home/garmaser/www/html/sac-prusuf/vendor/codeigniter4/framework/system/CodeIgniter.php(317): CodeIgniter\CodeIgniter->handleRequest()
#7 /home/garmaser/www/html/sac-prusuf/public/index.php(37): CodeIgniter\CodeIgniter->run()
#8 {main}
CRITICAL - 2021-11-21 18:29:21 --> Trying to access array offset on value of type null
#0 /home/garmaser/www/html/sac-prusuf/vendor/setasign/fpdf/fpdf.php(530): CodeIgniter\Debug\Exceptions->errorHandler()
#1 /home/garmaser/www/html/sac-prusuf/vendor/setasign/fpdi/src/FpdfTplTrait.php(403): FPDF->SetFontSize()
#2 /home/garmaser/www/html/sac-prusuf/app/Libraries/reportes/HojaRespuesta.php(67): setasign\Fpdi\FpdfTpl->SetFontSize()
#3 /home/garmaser/www/html/sac-prusuf/app/Controllers/Administrador.php(108): App\Libraries\reportes\HojaRespuesta->reporte()
#4 /home/garmaser/www/html/sac-prusuf/vendor/codeigniter4/framework/system/CodeIgniter.php(802): App\Controllers\Administrador->pdf_hoja_respuesta()
#5 /home/garmaser/www/html/sac-prusuf/vendor/codeigniter4/framework/system/CodeIgniter.php(399): CodeIgniter\CodeIgniter->runController()
#6 /home/garmaser/www/html/sac-prusuf/vendor/codeigniter4/framework/system/CodeIgniter.php(317): CodeIgniter\CodeIgniter->handleRequest()
#7 /home/garmaser/www/html/sac-prusuf/public/index.php(37): CodeIgniter\CodeIgniter->run()
#8 {main}
CRITICAL - 2021-11-21 18:29:22 --> Trying to access array offset on value of type null
#0 /home/garmaser/www/html/sac-prusuf/vendor/setasign/fpdf/fpdf.php(530): CodeIgniter\Debug\Exceptions->errorHandler()
#1 /home/garmaser/www/html/sac-prusuf/vendor/setasign/fpdi/src/FpdfTplTrait.php(403): FPDF->SetFontSize()
#2 /home/garmaser/www/html/sac-prusuf/app/Libraries/reportes/HojaRespuesta.php(67): setasign\Fpdi\FpdfTpl->SetFontSize()
#3 /home/garmaser/www/html/sac-prusuf/app/Controllers/Administrador.php(108): App\Libraries\reportes\HojaRespuesta->reporte()
#4 /home/garmaser/www/html/sac-prusuf/vendor/codeigniter4/framework/system/CodeIgniter.php(802): App\Controllers\Administrador->pdf_hoja_respuesta()
#5 /home/garmaser/www/html/sac-prusuf/vendor/codeigniter4/framework/system/CodeIgniter.php(399): CodeIgniter\CodeIgniter->runController()
#6 /home/garmaser/www/html/sac-prusuf/vendor/codeigniter4/framework/system/CodeIgniter.php(317): CodeIgniter\CodeIgniter->handleRequest()
#7 /home/garmaser/www/html/sac-prusuf/public/index.php(37): CodeIgniter\CodeIgniter->run()
#8 {main}
CRITICAL - 2021-11-21 18:31:17 --> FPDF error: No font has been set
#0 /home/garmaser/www/html/sac-prusuf/vendor/setasign/fpdf/fpdf.php(625): FPDF->Error()
#1 /home/garmaser/www/html/sac-prusuf/app/Libraries/reportes/HojaRespuesta.php(42): FPDF->Cell()
#2 /home/garmaser/www/html/sac-prusuf/vendor/setasign/fpdf/fpdf.php(334): App\Libraries\reportes\HojaRespuesta->Header()
#3 /home/garmaser/www/html/sac-prusuf/vendor/setasign/fpdi/src/FpdfTplTrait.php(329): FPDF->AddPage()
#4 /home/garmaser/www/html/sac-prusuf/app/Libraries/reportes/HojaRespuesta.php(71): setasign\Fpdi\FpdfTpl->AddPage()
#5 /home/garmaser/www/html/sac-prusuf/app/Controllers/Administrador.php(108): App\Libraries\reportes\HojaRespuesta->reporte()
#6 /home/garmaser/www/html/sac-prusuf/vendor/codeigniter4/framework/system/CodeIgniter.php(802): App\Controllers\Administrador->pdf_hoja_respuesta()
#7 /home/garmaser/www/html/sac-prusuf/vendor/codeigniter4/framework/system/CodeIgniter.php(399): CodeIgniter\CodeIgniter->runController()
#8 /home/garmaser/www/html/sac-prusuf/vendor/codeigniter4/framework/system/CodeIgniter.php(317): CodeIgniter\CodeIgniter->handleRequest()
#9 /home/garmaser/www/html/sac-prusuf/public/index.php(37): CodeIgniter\CodeIgniter->run()
#10 {main}
CRITICAL - 2021-11-21 18:31:48 --> FPDF error: No font has been set
#0 /home/garmaser/www/html/sac-prusuf/vendor/setasign/fpdf/fpdf.php(625): FPDF->Error()
#1 /home/garmaser/www/html/sac-prusuf/app/Libraries/reportes/HojaRespuesta.php(42): FPDF->Cell()
#2 /home/garmaser/www/html/sac-prusuf/vendor/setasign/fpdf/fpdf.php(334): App\Libraries\reportes\HojaRespuesta->Header()
#3 /home/garmaser/www/html/sac-prusuf/vendor/setasign/fpdi/src/FpdfTplTrait.php(329): FPDF->AddPage()
#4 /home/garmaser/www/html/sac-prusuf/app/Libraries/reportes/HojaRespuesta.php(71): setasign\Fpdi\FpdfTpl->AddPage()
#5 /home/garmaser/www/html/sac-prusuf/app/Controllers/Administrador.php(108): App\Libraries\reportes\HojaRespuesta->reporte()
#6 /home/garmaser/www/html/sac-prusuf/vendor/codeigniter4/framework/system/CodeIgniter.php(802): App\Controllers\Administrador->pdf_hoja_respuesta()
#7 /home/garmaser/www/html/sac-prusuf/vendor/codeigniter4/framework/system/CodeIgniter.php(399): CodeIgniter\CodeIgniter->runController()
#8 /home/garmaser/www/html/sac-prusuf/vendor/codeigniter4/framework/system/CodeIgniter.php(317): CodeIgniter\CodeIgniter->handleRequest()
#9 /home/garmaser/www/html/sac-prusuf/public/index.php(37): CodeIgniter\CodeIgniter->run()
#10 {main}
CRITICAL - 2021-11-21 18:31:49 --> FPDF error: No font has been set
#0 /home/garmaser/www/html/sac-prusuf/vendor/setasign/fpdf/fpdf.php(625): FPDF->Error()
#1 /home/garmaser/www/html/sac-prusuf/app/Libraries/reportes/HojaRespuesta.php(42): FPDF->Cell()
#2 /home/garmaser/www/html/sac-prusuf/vendor/setasign/fpdf/fpdf.php(334): App\Libraries\reportes\HojaRespuesta->Header()
#3 /home/garmaser/www/html/sac-prusuf/vendor/setasign/fpdi/src/FpdfTplTrait.php(329): FPDF->AddPage()
#4 /home/garmaser/www/html/sac-prusuf/app/Libraries/reportes/HojaRespuesta.php(71): setasign\Fpdi\FpdfTpl->AddPage()
#5 /home/garmaser/www/html/sac-prusuf/app/Controllers/Administrador.php(108): App\Libraries\reportes\HojaRespuesta->reporte()
#6 /home/garmaser/www/html/sac-prusuf/vendor/codeigniter4/framework/system/CodeIgniter.php(802): App\Controllers\Administrador->pdf_hoja_respuesta()
#7 /home/garmaser/www/html/sac-prusuf/vendor/codeigniter4/framework/system/CodeIgniter.php(399): CodeIgniter\CodeIgniter->runController()
#8 /home/garmaser/www/html/sac-prusuf/vendor/codeigniter4/framework/system/CodeIgniter.php(317): CodeIgniter\CodeIgniter->handleRequest()
#9 /home/garmaser/www/html/sac-prusuf/public/index.php(37): CodeIgniter\CodeIgniter->run()
#10 {main}
CRITICAL - 2021-11-21 18:31:49 --> FPDF error: No font has been set
#0 /home/garmaser/www/html/sac-prusuf/vendor/setasign/fpdf/fpdf.php(625): FPDF->Error()
#1 /home/garmaser/www/html/sac-prusuf/app/Libraries/reportes/HojaRespuesta.php(42): FPDF->Cell()
#2 /home/garmaser/www/html/sac-prusuf/vendor/setasign/fpdf/fpdf.php(334): App\Libraries\reportes\HojaRespuesta->Header()
#3 /home/garmaser/www/html/sac-prusuf/vendor/setasign/fpdi/src/FpdfTplTrait.php(329): FPDF->AddPage()
#4 /home/garmaser/www/html/sac-prusuf/app/Libraries/reportes/HojaRespuesta.php(71): setasign\Fpdi\FpdfTpl->AddPage()
#5 /home/garmaser/www/html/sac-prusuf/app/Controllers/Administrador.php(108): App\Libraries\reportes\HojaRespuesta->reporte()
#6 /home/garmaser/www/html/sac-prusuf/vendor/codeigniter4/framework/system/CodeIgniter.php(802): App\Controllers\Administrador->pdf_hoja_respuesta()
#7 /home/garmaser/www/html/sac-prusuf/vendor/codeigniter4/framework/system/CodeIgniter.php(399): CodeIgniter\CodeIgniter->runController()
#8 /home/garmaser/www/html/sac-prusuf/vendor/codeigniter4/framework/system/CodeIgniter.php(317): CodeIgniter\CodeIgniter->handleRequest()
#9 /home/garmaser/www/html/sac-prusuf/public/index.php(37): CodeIgniter\CodeIgniter->run()
#10 {main}
CRITICAL - 2021-11-21 18:32:05 --> FPDF error: No font has been set
#0 /home/garmaser/www/html/sac-prusuf/vendor/setasign/fpdf/fpdf.php(625): FPDF->Error()
#1 /home/garmaser/www/html/sac-prusuf/app/Libraries/reportes/HojaRespuesta.php(42): FPDF->Cell()
#2 /home/garmaser/www/html/sac-prusuf/vendor/setasign/fpdf/fpdf.php(334): App\Libraries\reportes\HojaRespuesta->Header()
#3 /home/garmaser/www/html/sac-prusuf/vendor/setasign/fpdi/src/FpdfTplTrait.php(329): FPDF->AddPage()
#4 /home/garmaser/www/html/sac-prusuf/app/Libraries/reportes/HojaRespuesta.php(71): setasign\Fpdi\FpdfTpl->AddPage()
#5 /home/garmaser/www/html/sac-prusuf/app/Controllers/Administrador.php(108): App\Libraries\reportes\HojaRespuesta->reporte()
#6 /home/garmaser/www/html/sac-prusuf/vendor/codeigniter4/framework/system/CodeIgniter.php(802): App\Controllers\Administrador->pdf_hoja_respuesta()
#7 /home/garmaser/www/html/sac-prusuf/vendor/codeigniter4/framework/system/CodeIgniter.php(399): CodeIgniter\CodeIgniter->runController()
#8 /home/garmaser/www/html/sac-prusuf/vendor/codeigniter4/framework/system/CodeIgniter.php(317): CodeIgniter\CodeIgniter->handleRequest()
#9 /home/garmaser/www/html/sac-prusuf/public/index.php(37): CodeIgniter\CodeIgniter->run()
#10 {main}
CRITICAL - 2021-11-21 18:32:15 --> FPDF error: No font has been set
#0 /home/garmaser/www/html/sac-prusuf/vendor/setasign/fpdf/fpdf.php(625): FPDF->Error()
#1 /home/garmaser/www/html/sac-prusuf/app/Libraries/reportes/HojaRespuesta.php(42): FPDF->Cell()
#2 /home/garmaser/www/html/sac-prusuf/vendor/setasign/fpdf/fpdf.php(334): App\Libraries\reportes\HojaRespuesta->Header()
#3 /home/garmaser/www/html/sac-prusuf/vendor/setasign/fpdi/src/FpdfTplTrait.php(329): FPDF->AddPage()
#4 /home/garmaser/www/html/sac-prusuf/app/Libraries/reportes/HojaRespuesta.php(71): setasign\Fpdi\FpdfTpl->AddPage()
#5 /home/garmaser/www/html/sac-prusuf/app/Controllers/Administrador.php(108): App\Libraries\reportes\HojaRespuesta->reporte()
#6 /home/garmaser/www/html/sac-prusuf/vendor/codeigniter4/framework/system/CodeIgniter.php(802): App\Controllers\Administrador->pdf_hoja_respuesta()
#7 /home/garmaser/www/html/sac-prusuf/vendor/codeigniter4/framework/system/CodeIgniter.php(399): CodeIgniter\CodeIgniter->runController()
#8 /home/garmaser/www/html/sac-prusuf/vendor/codeigniter4/framework/system/CodeIgniter.php(317): CodeIgniter\CodeIgniter->handleRequest()
#9 /home/garmaser/www/html/sac-prusuf/public/index.php(37): CodeIgniter\CodeIgniter->run()
#10 {main}
CRITICAL - 2021-11-21 18:32:16 --> FPDF error: No font has been set
#0 /home/garmaser/www/html/sac-prusuf/vendor/setasign/fpdf/fpdf.php(625): FPDF->Error()
#1 /home/garmaser/www/html/sac-prusuf/app/Libraries/reportes/HojaRespuesta.php(42): FPDF->Cell()
#2 /home/garmaser/www/html/sac-prusuf/vendor/setasign/fpdf/fpdf.php(334): App\Libraries\reportes\HojaRespuesta->Header()
#3 /home/garmaser/www/html/sac-prusuf/vendor/setasign/fpdi/src/FpdfTplTrait.php(329): FPDF->AddPage()
#4 /home/garmaser/www/html/sac-prusuf/app/Libraries/reportes/HojaRespuesta.php(71): setasign\Fpdi\FpdfTpl->AddPage()
#5 /home/garmaser/www/html/sac-prusuf/app/Controllers/Administrador.php(108): App\Libraries\reportes\HojaRespuesta->reporte()
#6 /home/garmaser/www/html/sac-prusuf/vendor/codeigniter4/framework/system/CodeIgniter.php(802): App\Controllers\Administrador->pdf_hoja_respuesta()
#7 /home/garmaser/www/html/sac-prusuf/vendor/codeigniter4/framework/system/CodeIgniter.php(399): CodeIgniter\CodeIgniter->runController()
#8 /home/garmaser/www/html/sac-prusuf/vendor/codeigniter4/framework/system/CodeIgniter.php(317): CodeIgniter\CodeIgniter->handleRequest()
#9 /home/garmaser/www/html/sac-prusuf/public/index.php(37): CodeIgniter\CodeIgniter->run()
#10 {main}
CRITICAL - 2021-11-21 18:32:16 --> FPDF error: No font has been set
#0 /home/garmaser/www/html/sac-prusuf/vendor/setasign/fpdf/fpdf.php(625): FPDF->Error()
#1 /home/garmaser/www/html/sac-prusuf/app/Libraries/reportes/HojaRespuesta.php(42): FPDF->Cell()
#2 /home/garmaser/www/html/sac-prusuf/vendor/setasign/fpdf/fpdf.php(334): App\Libraries\reportes\HojaRespuesta->Header()
#3 /home/garmaser/www/html/sac-prusuf/vendor/setasign/fpdi/src/FpdfTplTrait.php(329): FPDF->AddPage()
#4 /home/garmaser/www/html/sac-prusuf/app/Libraries/reportes/HojaRespuesta.php(71): setasign\Fpdi\FpdfTpl->AddPage()
#5 /home/garmaser/www/html/sac-prusuf/app/Controllers/Administrador.php(108): App\Libraries\reportes\HojaRespuesta->reporte()
#6 /home/garmaser/www/html/sac-prusuf/vendor/codeigniter4/framework/system/CodeIgniter.php(802): App\Controllers\Administrador->pdf_hoja_respuesta()
#7 /home/garmaser/www/html/sac-prusuf/vendor/codeigniter4/framework/system/CodeIgniter.php(399): CodeIgniter\CodeIgniter->runController()
#8 /home/garmaser/www/html/sac-prusuf/vendor/codeigniter4/framework/system/CodeIgniter.php(317): CodeIgniter\CodeIgniter->handleRequest()
#9 /home/garmaser/www/html/sac-prusuf/public/index.php(37): CodeIgniter\CodeIgniter->run()
#10 {main}
CRITICAL - 2021-11-21 18:32:27 --> FPDF error: No font has been set
#0 /home/garmaser/www/html/sac-prusuf/vendor/setasign/fpdf/fpdf.php(625): FPDF->Error()
#1 /home/garmaser/www/html/sac-prusuf/app/Libraries/reportes/HojaRespuesta.php(42): FPDF->Cell()
#2 /home/garmaser/www/html/sac-prusuf/vendor/setasign/fpdf/fpdf.php(334): App\Libraries\reportes\HojaRespuesta->Header()
#3 /home/garmaser/www/html/sac-prusuf/vendor/setasign/fpdi/src/FpdfTplTrait.php(329): FPDF->AddPage()
#4 /home/garmaser/www/html/sac-prusuf/app/Libraries/reportes/HojaRespuesta.php(71): setasign\Fpdi\FpdfTpl->AddPage()
#5 /home/garmaser/www/html/sac-prusuf/app/Controllers/Administrador.php(108): App\Libraries\reportes\HojaRespuesta->reporte()
#6 /home/garmaser/www/html/sac-prusuf/vendor/codeigniter4/framework/system/CodeIgniter.php(802): App\Controllers\Administrador->pdf_hoja_respuesta()
#7 /home/garmaser/www/html/sac-prusuf/vendor/codeigniter4/framework/system/CodeIgniter.php(399): CodeIgniter\CodeIgniter->runController()
#8 /home/garmaser/www/html/sac-prusuf/vendor/codeigniter4/framework/system/CodeIgniter.php(317): CodeIgniter\CodeIgniter->handleRequest()
#9 /home/garmaser/www/html/sac-prusuf/public/index.php(37): CodeIgniter\CodeIgniter->run()
#10 {main}
CRITICAL - 2021-11-21 18:32:28 --> FPDF error: No font has been set
#0 /home/garmaser/www/html/sac-prusuf/vendor/setasign/fpdf/fpdf.php(625): FPDF->Error()
#1 /home/garmaser/www/html/sac-prusuf/app/Libraries/reportes/HojaRespuesta.php(42): FPDF->Cell()
#2 /home/garmaser/www/html/sac-prusuf/vendor/setasign/fpdf/fpdf.php(334): App\Libraries\reportes\HojaRespuesta->Header()
#3 /home/garmaser/www/html/sac-prusuf/vendor/setasign/fpdi/src/FpdfTplTrait.php(329): FPDF->AddPage()
#4 /home/garmaser/www/html/sac-prusuf/app/Libraries/reportes/HojaRespuesta.php(71): setasign\Fpdi\FpdfTpl->AddPage()
#5 /home/garmaser/www/html/sac-prusuf/app/Controllers/Administrador.php(108): App\Libraries\reportes\HojaRespuesta->reporte()
#6 /home/garmaser/www/html/sac-prusuf/vendor/codeigniter4/framework/system/CodeIgniter.php(802): App\Controllers\Administrador->pdf_hoja_respuesta()
#7 /home/garmaser/www/html/sac-prusuf/vendor/codeigniter4/framework/system/CodeIgniter.php(399): CodeIgniter\CodeIgniter->runController()
#8 /home/garmaser/www/html/sac-prusuf/vendor/codeigniter4/framework/system/CodeIgniter.php(317): CodeIgniter\CodeIgniter->handleRequest()
#9 /home/garmaser/www/html/sac-prusuf/public/index.php(37): CodeIgniter\CodeIgniter->run()
#10 {main}
CRITICAL - 2021-11-21 18:32:28 --> FPDF error: No font has been set
#0 /home/garmaser/www/html/sac-prusuf/vendor/setasign/fpdf/fpdf.php(625): FPDF->Error()
#1 /home/garmaser/www/html/sac-prusuf/app/Libraries/reportes/HojaRespuesta.php(42): FPDF->Cell()
#2 /home/garmaser/www/html/sac-prusuf/vendor/setasign/fpdf/fpdf.php(334): App\Libraries\reportes\HojaRespuesta->Header()
#3 /home/garmaser/www/html/sac-prusuf/vendor/setasign/fpdi/src/FpdfTplTrait.php(329): FPDF->AddPage()
#4 /home/garmaser/www/html/sac-prusuf/app/Libraries/reportes/HojaRespuesta.php(71): setasign\Fpdi\FpdfTpl->AddPage()
#5 /home/garmaser/www/html/sac-prusuf/app/Controllers/Administrador.php(108): App\Libraries\reportes\HojaRespuesta->reporte()
#6 /home/garmaser/www/html/sac-prusuf/vendor/codeigniter4/framework/system/CodeIgniter.php(802): App\Controllers\Administrador->pdf_hoja_respuesta()
#7 /home/garmaser/www/html/sac-prusuf/vendor/codeigniter4/framework/system/CodeIgniter.php(399): CodeIgniter\CodeIgniter->runController()
#8 /home/garmaser/www/html/sac-prusuf/vendor/codeigniter4/framework/system/CodeIgniter.php(317): CodeIgniter\CodeIgniter->handleRequest()
#9 /home/garmaser/www/html/sac-prusuf/public/index.php(37): CodeIgniter\CodeIgniter->run()
#10 {main}
CRITICAL - 2021-11-21 18:32:29 --> FPDF error: No font has been set
#0 /home/garmaser/www/html/sac-prusuf/vendor/setasign/fpdf/fpdf.php(625): FPDF->Error()
#1 /home/garmaser/www/html/sac-prusuf/app/Libraries/reportes/HojaRespuesta.php(42): FPDF->Cell()
#2 /home/garmaser/www/html/sac-prusuf/vendor/setasign/fpdf/fpdf.php(334): App\Libraries\reportes\HojaRespuesta->Header()
#3 /home/garmaser/www/html/sac-prusuf/vendor/setasign/fpdi/src/FpdfTplTrait.php(329): FPDF->AddPage()
#4 /home/garmaser/www/html/sac-prusuf/app/Libraries/reportes/HojaRespuesta.php(71): setasign\Fpdi\FpdfTpl->AddPage()
#5 /home/garmaser/www/html/sac-prusuf/app/Controllers/Administrador.php(108): App\Libraries\reportes\HojaRespuesta->reporte()
#6 /home/garmaser/www/html/sac-prusuf/vendor/codeigniter4/framework/system/CodeIgniter.php(802): App\Controllers\Administrador->pdf_hoja_respuesta()
#7 /home/garmaser/www/html/sac-prusuf/vendor/codeigniter4/framework/system/CodeIgniter.php(399): CodeIgniter\CodeIgniter->runController()
#8 /home/garmaser/www/html/sac-prusuf/vendor/codeigniter4/framework/system/CodeIgniter.php(317): CodeIgniter\CodeIgniter->handleRequest()
#9 /home/garmaser/www/html/sac-prusuf/public/index.php(37): CodeIgniter\CodeIgniter->run()
#10 {main}
CRITICAL - 2021-11-21 18:32:39 --> FPDF error: No font has been set
#0 /home/garmaser/www/html/sac-prusuf/vendor/setasign/fpdf/fpdf.php(625): FPDF->Error()
#1 /home/garmaser/www/html/sac-prusuf/app/Libraries/reportes/HojaRespuesta.php(42): FPDF->Cell()
#2 /home/garmaser/www/html/sac-prusuf/vendor/setasign/fpdf/fpdf.php(334): App\Libraries\reportes\HojaRespuesta->Header()
#3 /home/garmaser/www/html/sac-prusuf/vendor/setasign/fpdi/src/FpdfTplTrait.php(329): FPDF->AddPage()
#4 /home/garmaser/www/html/sac-prusuf/app/Libraries/reportes/HojaRespuesta.php(71): setasign\Fpdi\FpdfTpl->AddPage()
#5 /home/garmaser/www/html/sac-prusuf/app/Controllers/Administrador.php(108): App\Libraries\reportes\HojaRespuesta->reporte()
#6 /home/garmaser/www/html/sac-prusuf/vendor/codeigniter4/framework/system/CodeIgniter.php(802): App\Controllers\Administrador->pdf_hoja_respuesta()
#7 /home/garmaser/www/html/sac-prusuf/vendor/codeigniter4/framework/system/CodeIgniter.php(399): CodeIgniter\CodeIgniter->runController()
#8 /home/garmaser/www/html/sac-prusuf/vendor/codeigniter4/framework/system/CodeIgniter.php(317): CodeIgniter\CodeIgniter->handleRequest()
#9 /home/garmaser/www/html/sac-prusuf/public/index.php(37): CodeIgniter\CodeIgniter->run()
#10 {main}
CRITICAL - 2021-11-21 18:32:40 --> FPDF error: No font has been set
#0 /home/garmaser/www/html/sac-prusuf/vendor/setasign/fpdf/fpdf.php(625): FPDF->Error()
#1 /home/garmaser/www/html/sac-prusuf/app/Libraries/reportes/HojaRespuesta.php(42): FPDF->Cell()
#2 /home/garmaser/www/html/sac-prusuf/vendor/setasign/fpdf/fpdf.php(334): App\Libraries\reportes\HojaRespuesta->Header()
#3 /home/garmaser/www/html/sac-prusuf/vendor/setasign/fpdi/src/FpdfTplTrait.php(329): FPDF->AddPage()
#4 /home/garmaser/www/html/sac-prusuf/app/Libraries/reportes/HojaRespuesta.php(71): setasign\Fpdi\FpdfTpl->AddPage()
#5 /home/garmaser/www/html/sac-prusuf/app/Controllers/Administrador.php(108): App\Libraries\reportes\HojaRespuesta->reporte()
#6 /home/garmaser/www/html/sac-prusuf/vendor/codeigniter4/framework/system/CodeIgniter.php(802): App\Controllers\Administrador->pdf_hoja_respuesta()
#7 /home/garmaser/www/html/sac-prusuf/vendor/codeigniter4/framework/system/CodeIgniter.php(399): CodeIgniter\CodeIgniter->runController()
#8 /home/garmaser/www/html/sac-prusuf/vendor/codeigniter4/framework/system/CodeIgniter.php(317): CodeIgniter\CodeIgniter->handleRequest()
#9 /home/garmaser/www/html/sac-prusuf/public/index.php(37): CodeIgniter\CodeIgniter->run()
#10 {main}
CRITICAL - 2021-11-21 18:32:40 --> FPDF error: No font has been set
#0 /home/garmaser/www/html/sac-prusuf/vendor/setasign/fpdf/fpdf.php(625): FPDF->Error()
#1 /home/garmaser/www/html/sac-prusuf/app/Libraries/reportes/HojaRespuesta.php(42): FPDF->Cell()
#2 /home/garmaser/www/html/sac-prusuf/vendor/setasign/fpdf/fpdf.php(334): App\Libraries\reportes\HojaRespuesta->Header()
#3 /home/garmaser/www/html/sac-prusuf/vendor/setasign/fpdi/src/FpdfTplTrait.php(329): FPDF->AddPage()
#4 /home/garmaser/www/html/sac-prusuf/app/Libraries/reportes/HojaRespuesta.php(71): setasign\Fpdi\FpdfTpl->AddPage()
#5 /home/garmaser/www/html/sac-prusuf/app/Controllers/Administrador.php(108): App\Libraries\reportes\HojaRespuesta->reporte()
#6 /home/garmaser/www/html/sac-prusuf/vendor/codeigniter4/framework/system/CodeIgniter.php(802): App\Controllers\Administrador->pdf_hoja_respuesta()
#7 /home/garmaser/www/html/sac-prusuf/vendor/codeigniter4/framework/system/CodeIgniter.php(399): CodeIgniter\CodeIgniter->runController()
#8 /home/garmaser/www/html/sac-prusuf/vendor/codeigniter4/framework/system/CodeIgniter.php(317): CodeIgniter\CodeIgniter->handleRequest()
#9 /home/garmaser/www/html/sac-prusuf/public/index.php(37): CodeIgniter\CodeIgniter->run()
#10 {main}
CRITICAL - 2021-11-21 18:32:40 --> FPDF error: No font has been set
#0 /home/garmaser/www/html/sac-prusuf/vendor/setasign/fpdf/fpdf.php(625): FPDF->Error()
#1 /home/garmaser/www/html/sac-prusuf/app/Libraries/reportes/HojaRespuesta.php(42): FPDF->Cell()
#2 /home/garmaser/www/html/sac-prusuf/vendor/setasign/fpdf/fpdf.php(334): App\Libraries\reportes\HojaRespuesta->Header()
#3 /home/garmaser/www/html/sac-prusuf/vendor/setasign/fpdi/src/FpdfTplTrait.php(329): FPDF->AddPage()
#4 /home/garmaser/www/html/sac-prusuf/app/Libraries/reportes/HojaRespuesta.php(71): setasign\Fpdi\FpdfTpl->AddPage()
#5 /home/garmaser/www/html/sac-prusuf/app/Controllers/Administrador.php(108): App\Libraries\reportes\HojaRespuesta->reporte()
#6 /home/garmaser/www/html/sac-prusuf/vendor/codeigniter4/framework/system/CodeIgniter.php(802): App\Controllers\Administrador->pdf_hoja_respuesta()
#7 /home/garmaser/www/html/sac-prusuf/vendor/codeigniter4/framework/system/CodeIgniter.php(399): CodeIgniter\CodeIgniter->runController()
#8 /home/garmaser/www/html/sac-prusuf/vendor/codeigniter4/framework/system/CodeIgniter.php(317): CodeIgniter\CodeIgniter->handleRequest()
#9 /home/garmaser/www/html/sac-prusuf/public/index.php(37): CodeIgniter\CodeIgniter->run()
#10 {main}
CRITICAL - 2021-11-21 18:33:09 --> FPDF error: No font has been set
#0 /home/garmaser/www/html/sac-prusuf/vendor/setasign/fpdf/fpdf.php(625): FPDF->Error()
#1 /home/garmaser/www/html/sac-prusuf/app/Libraries/reportes/HojaRespuesta.php(74): FPDF->Cell()
#2 /home/garmaser/www/html/sac-prusuf/app/Controllers/Administrador.php(108): App\Libraries\reportes\HojaRespuesta->reporte()
#3 /home/garmaser/www/html/sac-prusuf/vendor/codeigniter4/framework/system/CodeIgniter.php(802): App\Controllers\Administrador->pdf_hoja_respuesta()
#4 /home/garmaser/www/html/sac-prusuf/vendor/codeigniter4/framework/system/CodeIgniter.php(399): CodeIgniter\CodeIgniter->runController()
#5 /home/garmaser/www/html/sac-prusuf/vendor/codeigniter4/framework/system/CodeIgniter.php(317): CodeIgniter\CodeIgniter->handleRequest()
#6 /home/garmaser/www/html/sac-prusuf/public/index.php(37): CodeIgniter\CodeIgniter->run()
#7 {main}
CRITICAL - 2021-11-21 18:33:10 --> FPDF error: No font has been set
#0 /home/garmaser/www/html/sac-prusuf/vendor/setasign/fpdf/fpdf.php(625): FPDF->Error()
#1 /home/garmaser/www/html/sac-prusuf/app/Libraries/reportes/HojaRespuesta.php(74): FPDF->Cell()
#2 /home/garmaser/www/html/sac-prusuf/app/Controllers/Administrador.php(108): App\Libraries\reportes\HojaRespuesta->reporte()
#3 /home/garmaser/www/html/sac-prusuf/vendor/codeigniter4/framework/system/CodeIgniter.php(802): App\Controllers\Administrador->pdf_hoja_respuesta()
#4 /home/garmaser/www/html/sac-prusuf/vendor/codeigniter4/framework/system/CodeIgniter.php(399): CodeIgniter\CodeIgniter->runController()
#5 /home/garmaser/www/html/sac-prusuf/vendor/codeigniter4/framework/system/CodeIgniter.php(317): CodeIgniter\CodeIgniter->handleRequest()
#6 /home/garmaser/www/html/sac-prusuf/public/index.php(37): CodeIgniter\CodeIgniter->run()
#7 {main}
CRITICAL - 2021-11-21 18:33:11 --> FPDF error: No font has been set
#0 /home/garmaser/www/html/sac-prusuf/vendor/setasign/fpdf/fpdf.php(625): FPDF->Error()
#1 /home/garmaser/www/html/sac-prusuf/app/Libraries/reportes/HojaRespuesta.php(74): FPDF->Cell()
#2 /home/garmaser/www/html/sac-prusuf/app/Controllers/Administrador.php(108): App\Libraries\reportes\HojaRespuesta->reporte()
#3 /home/garmaser/www/html/sac-prusuf/vendor/codeigniter4/framework/system/CodeIgniter.php(802): App\Controllers\Administrador->pdf_hoja_respuesta()
#4 /home/garmaser/www/html/sac-prusuf/vendor/codeigniter4/framework/system/CodeIgniter.php(399): CodeIgniter\CodeIgniter->runController()
#5 /home/garmaser/www/html/sac-prusuf/vendor/codeigniter4/framework/system/CodeIgniter.php(317): CodeIgniter\CodeIgniter->handleRequest()
#6 /home/garmaser/www/html/sac-prusuf/public/index.php(37): CodeIgniter\CodeIgniter->run()
#7 {main}
CRITICAL - 2021-11-21 18:33:11 --> FPDF error: No font has been set
#0 /home/garmaser/www/html/sac-prusuf/vendor/setasign/fpdf/fpdf.php(625): FPDF->Error()
#1 /home/garmaser/www/html/sac-prusuf/app/Libraries/reportes/HojaRespuesta.php(74): FPDF->Cell()
#2 /home/garmaser/www/html/sac-prusuf/app/Controllers/Administrador.php(108): App\Libraries\reportes\HojaRespuesta->reporte()
#3 /home/garmaser/www/html/sac-prusuf/vendor/codeigniter4/framework/system/CodeIgniter.php(802): App\Controllers\Administrador->pdf_hoja_respuesta()
#4 /home/garmaser/www/html/sac-prusuf/vendor/codeigniter4/framework/system/CodeIgniter.php(399): CodeIgniter\CodeIgniter->runController()
#5 /home/garmaser/www/html/sac-prusuf/vendor/codeigniter4/framework/system/CodeIgniter.php(317): CodeIgniter\CodeIgniter->handleRequest()
#6 /home/garmaser/www/html/sac-prusuf/public/index.php(37): CodeIgniter\CodeIgniter->run()
#7 {main}
CRITICAL - 2021-11-21 18:33:11 --> FPDF error: No font has been set
#0 /home/garmaser/www/html/sac-prusuf/vendor/setasign/fpdf/fpdf.php(625): FPDF->Error()
#1 /home/garmaser/www/html/sac-prusuf/app/Libraries/reportes/HojaRespuesta.php(74): FPDF->Cell()
#2 /home/garmaser/www/html/sac-prusuf/app/Controllers/Administrador.php(108): App\Libraries\reportes\HojaRespuesta->reporte()
#3 /home/garmaser/www/html/sac-prusuf/vendor/codeigniter4/framework/system/CodeIgniter.php(802): App\Controllers\Administrador->pdf_hoja_respuesta()
#4 /home/garmaser/www/html/sac-prusuf/vendor/codeigniter4/framework/system/CodeIgniter.php(399): CodeIgniter\CodeIgniter->runController()
#5 /home/garmaser/www/html/sac-prusuf/vendor/codeigniter4/framework/system/CodeIgniter.php(317): CodeIgniter\CodeIgniter->handleRequest()
#6 /home/garmaser/www/html/sac-prusuf/public/index.php(37): CodeIgniter\CodeIgniter->run()
#7 {main}
CRITICAL - 2021-11-21 18:33:11 --> FPDF error: No font has been set
#0 /home/garmaser/www/html/sac-prusuf/vendor/setasign/fpdf/fpdf.php(625): FPDF->Error()
#1 /home/garmaser/www/html/sac-prusuf/app/Libraries/reportes/HojaRespuesta.php(74): FPDF->Cell()
#2 /home/garmaser/www/html/sac-prusuf/app/Controllers/Administrador.php(108): App\Libraries\reportes\HojaRespuesta->reporte()
#3 /home/garmaser/www/html/sac-prusuf/vendor/codeigniter4/framework/system/CodeIgniter.php(802): App\Controllers\Administrador->pdf_hoja_respuesta()
#4 /home/garmaser/www/html/sac-prusuf/vendor/codeigniter4/framework/system/CodeIgniter.php(399): CodeIgniter\CodeIgniter->runController()
#5 /home/garmaser/www/html/sac-prusuf/vendor/codeigniter4/framework/system/CodeIgniter.php(317): CodeIgniter\CodeIgniter->handleRequest()
#6 /home/garmaser/www/html/sac-prusuf/public/index.php(37): CodeIgniter\CodeIgniter->run()
#7 {main}
CRITICAL - 2021-11-21 18:33:11 --> FPDF error: No font has been set
#0 /home/garmaser/www/html/sac-prusuf/vendor/setasign/fpdf/fpdf.php(625): FPDF->Error()
#1 /home/garmaser/www/html/sac-prusuf/app/Libraries/reportes/HojaRespuesta.php(74): FPDF->Cell()
#2 /home/garmaser/www/html/sac-prusuf/app/Controllers/Administrador.php(108): App\Libraries\reportes\HojaRespuesta->reporte()
#3 /home/garmaser/www/html/sac-prusuf/vendor/codeigniter4/framework/system/CodeIgniter.php(802): App\Controllers\Administrador->pdf_hoja_respuesta()
#4 /home/garmaser/www/html/sac-prusuf/vendor/codeigniter4/framework/system/CodeIgniter.php(399): CodeIgniter\CodeIgniter->runController()
#5 /home/garmaser/www/html/sac-prusuf/vendor/codeigniter4/framework/system/CodeIgniter.php(317): CodeIgniter\CodeIgniter->handleRequest()
#6 /home/garmaser/www/html/sac-prusuf/public/index.php(37): CodeIgniter\CodeIgniter->run()
#7 {main}
CRITICAL - 2021-11-21 18:33:12 --> FPDF error: No font has been set
#0 /home/garmaser/www/html/sac-prusuf/vendor/setasign/fpdf/fpdf.php(625): FPDF->Error()
#1 /home/garmaser/www/html/sac-prusuf/app/Libraries/reportes/HojaRespuesta.php(74): FPDF->Cell()
#2 /home/garmaser/www/html/sac-prusuf/app/Controllers/Administrador.php(108): App\Libraries\reportes\HojaRespuesta->reporte()
#3 /home/garmaser/www/html/sac-prusuf/vendor/codeigniter4/framework/system/CodeIgniter.php(802): App\Controllers\Administrador->pdf_hoja_respuesta()
#4 /home/garmaser/www/html/sac-prusuf/vendor/codeigniter4/framework/system/CodeIgniter.php(399): CodeIgniter\CodeIgniter->runController()
#5 /home/garmaser/www/html/sac-prusuf/vendor/codeigniter4/framework/system/CodeIgniter.php(317): CodeIgniter\CodeIgniter->handleRequest()
#6 /home/garmaser/www/html/sac-prusuf/public/index.php(37): CodeIgniter\CodeIgniter->run()
#7 {main}
CRITICAL - 2021-11-21 18:33:12 --> FPDF error: No font has been set
#0 /home/garmaser/www/html/sac-prusuf/vendor/setasign/fpdf/fpdf.php(625): FPDF->Error()
#1 /home/garmaser/www/html/sac-prusuf/app/Libraries/reportes/HojaRespuesta.php(74): FPDF->Cell()
#2 /home/garmaser/www/html/sac-prusuf/app/Controllers/Administrador.php(108): App\Libraries\reportes\HojaRespuesta->reporte()
#3 /home/garmaser/www/html/sac-prusuf/vendor/codeigniter4/framework/system/CodeIgniter.php(802): App\Controllers\Administrador->pdf_hoja_respuesta()
#4 /home/garmaser/www/html/sac-prusuf/vendor/codeigniter4/framework/system/CodeIgniter.php(399): CodeIgniter\CodeIgniter->runController()
#5 /home/garmaser/www/html/sac-prusuf/vendor/codeigniter4/framework/system/CodeIgniter.php(317): CodeIgniter\CodeIgniter->handleRequest()
#6 /home/garmaser/www/html/sac-prusuf/public/index.php(37): CodeIgniter\CodeIgniter->run()
#7 {main}
CRITICAL - 2021-11-21 18:33:12 --> FPDF error: No font has been set
#0 /home/garmaser/www/html/sac-prusuf/vendor/setasign/fpdf/fpdf.php(625): FPDF->Error()
#1 /home/garmaser/www/html/sac-prusuf/app/Libraries/reportes/HojaRespuesta.php(74): FPDF->Cell()
#2 /home/garmaser/www/html/sac-prusuf/app/Controllers/Administrador.php(108): App\Libraries\reportes\HojaRespuesta->reporte()
#3 /home/garmaser/www/html/sac-prusuf/vendor/codeigniter4/framework/system/CodeIgniter.php(802): App\Controllers\Administrador->pdf_hoja_respuesta()
#4 /home/garmaser/www/html/sac-prusuf/vendor/codeigniter4/framework/system/CodeIgniter.php(399): CodeIgniter\CodeIgniter->runController()
#5 /home/garmaser/www/html/sac-prusuf/vendor/codeigniter4/framework/system/CodeIgniter.php(317): CodeIgniter\CodeIgniter->handleRequest()
#6 /home/garmaser/www/html/sac-prusuf/public/index.php(37): CodeIgniter\CodeIgniter->run()
#7 {main}
CRITICAL - 2021-11-21 18:33:12 --> FPDF error: No font has been set
#0 /home/garmaser/www/html/sac-prusuf/vendor/setasign/fpdf/fpdf.php(625): FPDF->Error()
#1 /home/garmaser/www/html/sac-prusuf/app/Libraries/reportes/HojaRespuesta.php(74): FPDF->Cell()
#2 /home/garmaser/www/html/sac-prusuf/app/Controllers/Administrador.php(108): App\Libraries\reportes\HojaRespuesta->reporte()
#3 /home/garmaser/www/html/sac-prusuf/vendor/codeigniter4/framework/system/CodeIgniter.php(802): App\Controllers\Administrador->pdf_hoja_respuesta()
#4 /home/garmaser/www/html/sac-prusuf/vendor/codeigniter4/framework/system/CodeIgniter.php(399): CodeIgniter\CodeIgniter->runController()
#5 /home/garmaser/www/html/sac-prusuf/vendor/codeigniter4/framework/system/CodeIgniter.php(317): CodeIgniter\CodeIgniter->handleRequest()
#6 /home/garmaser/www/html/sac-prusuf/public/index.php(37): CodeIgniter\CodeIgniter->run()
#7 {main}
CRITICAL - 2021-11-21 18:33:13 --> FPDF error: No font has been set
#0 /home/garmaser/www/html/sac-prusuf/vendor/setasign/fpdf/fpdf.php(625): FPDF->Error()
#1 /home/garmaser/www/html/sac-prusuf/app/Libraries/reportes/HojaRespuesta.php(74): FPDF->Cell()
#2 /home/garmaser/www/html/sac-prusuf/app/Controllers/Administrador.php(108): App\Libraries\reportes\HojaRespuesta->reporte()
#3 /home/garmaser/www/html/sac-prusuf/vendor/codeigniter4/framework/system/CodeIgniter.php(802): App\Controllers\Administrador->pdf_hoja_respuesta()
#4 /home/garmaser/www/html/sac-prusuf/vendor/codeigniter4/framework/system/CodeIgniter.php(399): CodeIgniter\CodeIgniter->runController()
#5 /home/garmaser/www/html/sac-prusuf/vendor/codeigniter4/framework/system/CodeIgniter.php(317): CodeIgniter\CodeIgniter->handleRequest()
#6 /home/garmaser/www/html/sac-prusuf/public/index.php(37): CodeIgniter\CodeIgniter->run()
#7 {main}
CRITICAL - 2021-11-21 18:34:18 --> FPDF error: No font has been set
#0 /home/garmaser/www/html/sac-prusuf/vendor/setasign/fpdf/fpdf.php(625): FPDF->Error()
#1 /home/garmaser/www/html/sac-prusuf/app/Libraries/reportes/HojaRespuesta.php(75): FPDF->Cell()
#2 /home/garmaser/www/html/sac-prusuf/app/Controllers/Administrador.php(108): App\Libraries\reportes\HojaRespuesta->reporte()
#3 /home/garmaser/www/html/sac-prusuf/vendor/codeigniter4/framework/system/CodeIgniter.php(802): App\Controllers\Administrador->pdf_hoja_respuesta()
#4 /home/garmaser/www/html/sac-prusuf/vendor/codeigniter4/framework/system/CodeIgniter.php(399): CodeIgniter\CodeIgniter->runController()
#5 /home/garmaser/www/html/sac-prusuf/vendor/codeigniter4/framework/system/CodeIgniter.php(317): CodeIgniter\CodeIgniter->handleRequest()
#6 /home/garmaser/www/html/sac-prusuf/public/index.php(37): CodeIgniter\CodeIgniter->run()
#7 {main}
CRITICAL - 2021-11-21 18:48:23 --> A non well formed numeric value encountered
#0 /home/garmaser/www/html/sac-prusuf/vendor/setasign/fpdf/fpdf.php(580): CodeIgniter\Debug\Exceptions->errorHandler()
#1 /home/garmaser/www/html/sac-prusuf/app/Libraries/reportes/HojaRespuesta.php(118): FPDF->Cell()
#2 /home/garmaser/www/html/sac-prusuf/app/Controllers/Administrador.php(108): App\Libraries\reportes\HojaRespuesta->reporte()
#3 /home/garmaser/www/html/sac-prusuf/vendor/codeigniter4/framework/system/CodeIgniter.php(802): App\Controllers\Administrador->pdf_hoja_respuesta()
#4 /home/garmaser/www/html/sac-prusuf/vendor/codeigniter4/framework/system/CodeIgniter.php(399): CodeIgniter\CodeIgniter->runController()
#5 /home/garmaser/www/html/sac-prusuf/vendor/codeigniter4/framework/system/CodeIgniter.php(317): CodeIgniter\CodeIgniter->handleRequest()
#6 /home/garmaser/www/html/sac-prusuf/public/index.php(37): CodeIgniter\CodeIgniter->run()
#7 {main}
CRITICAL - 2021-11-21 22:53:48 --> syntax error, unexpected '=>' (T_DOUBLE_ARROW)
#0 /home/garmaser/www/html/sac-prusuf/vendor/codeigniter4/framework/system/Router/Router.php(160): CodeIgniter\Router\Router->autoRoute()
#1 /home/garmaser/www/html/sac-prusuf/vendor/codeigniter4/framework/system/CodeIgniter.php(702): CodeIgniter\Router\Router->handle()
#2 /home/garmaser/www/html/sac-prusuf/vendor/codeigniter4/framework/system/CodeIgniter.php(358): CodeIgniter\CodeIgniter->tryToRouteIt()
#3 /home/garmaser/www/html/sac-prusuf/vendor/codeigniter4/framework/system/CodeIgniter.php(317): CodeIgniter\CodeIgniter->handleRequest()
#4 /home/garmaser/www/html/sac-prusuf/public/index.php(37): CodeIgniter\CodeIgniter->run()
#5 {main}
CRITICAL - 2021-11-21 23:35:20 --> Undefined variable: nombrePostulante
#0 /home/garmaser/www/html/sac-prusuf/app/Views/postulante/index.php(33): CodeIgniter\Debug\Exceptions->errorHandler()
#1 /home/garmaser/www/html/sac-prusuf/vendor/codeigniter4/framework/system/View/View.php(214): include('/home/garmaser/...')
#2 /home/garmaser/www/html/sac-prusuf/vendor/codeigniter4/framework/system/View/View.php(217): CodeIgniter\View\View->CodeIgniter\View\{closure}()
#3 /home/garmaser/www/html/sac-prusuf/vendor/codeigniter4/framework/system/Common.php(1092): CodeIgniter\View\View->render()
#4 /home/garmaser/www/html/sac-prusuf/app/Controllers/Postulante.php(25): view()
#5 /home/garmaser/www/html/sac-prusuf/vendor/codeigniter4/framework/system/CodeIgniter.php(802): App\Controllers\Postulante->index()
#6 /home/garmaser/www/html/sac-prusuf/vendor/codeigniter4/framework/system/CodeIgniter.php(399): CodeIgniter\CodeIgniter->runController()
#7 /home/garmaser/www/html/sac-prusuf/vendor/codeigniter4/framework/system/CodeIgniter.php(317): CodeIgniter\CodeIgniter->handleRequest()
#8 /home/garmaser/www/html/sac-prusuf/public/index.php(37): CodeIgniter\CodeIgniter->run()
#9 {main}
