CRITICAL - 2021-10-18 00:27:44 --> Undefined index: pago_monto
#0 /home/garmaser/www/html/sac-prusuf/app/Libraries/reportes/FormularioInscripcion.php(103): CodeIgniter\Debug\Exceptions->errorHandler()
#1 /home/garmaser/www/html/sac-prusuf/app/Controllers/Inscripcion.php(279): App\Libraries\reportes\FormularioInscripcion->reporte()
#2 /home/garmaser/www/html/sac-prusuf/vendor/codeigniter4/framework/system/CodeIgniter.php(802): App\Controllers\Inscripcion->formulario_inscripcion()
#3 /home/garmaser/www/html/sac-prusuf/vendor/codeigniter4/framework/system/CodeIgniter.php(399): CodeIgniter\CodeIgniter->runController()
#4 /home/garmaser/www/html/sac-prusuf/vendor/codeigniter4/framework/system/CodeIgniter.php(317): CodeIgniter\CodeIgniter->handleRequest()
#5 /home/garmaser/www/html/sac-prusuf/public/index.php(37): CodeIgniter\CodeIgniter->run()
#6 {main}
CRITICAL - 2021-10-18 00:38:18 --> utf8_decode() expects parameter 1 to be string, array given
#0 [internal function]: CodeIgniter\Debug\Exceptions->errorHandler()
#1 /home/garmaser/www/html/sac-prusuf/app/Libraries/reportes/FormularioInscripcion.php(29): utf8_decode()
#2 /home/garmaser/www/html/sac-prusuf/app/Controllers/Inscripcion.php(279): App\Libraries\reportes\FormularioInscripcion->reporte()
#3 /home/garmaser/www/html/sac-prusuf/vendor/codeigniter4/framework/system/CodeIgniter.php(802): App\Controllers\Inscripcion->formulario_inscripcion()
#4 /home/garmaser/www/html/sac-prusuf/vendor/codeigniter4/framework/system/CodeIgniter.php(399): CodeIgniter\CodeIgniter->runController()
#5 /home/garmaser/www/html/sac-prusuf/vendor/codeigniter4/framework/system/CodeIgniter.php(317): CodeIgniter\CodeIgniter->handleRequest()
#6 /home/garmaser/www/html/sac-prusuf/public/index.php(37): CodeIgniter\CodeIgniter->run()
#7 {main}
CRITICAL - 2021-10-18 00:38:32 --> utf8_encode() expects parameter 1 to be string, array given
#0 [internal function]: CodeIgniter\Debug\Exceptions->errorHandler()
#1 /home/garmaser/www/html/sac-prusuf/app/Libraries/reportes/FormularioInscripcion.php(29): utf8_encode()
#2 /home/garmaser/www/html/sac-prusuf/app/Controllers/Inscripcion.php(279): App\Libraries\reportes\FormularioInscripcion->reporte()
#3 /home/garmaser/www/html/sac-prusuf/vendor/codeigniter4/framework/system/CodeIgniter.php(802): App\Controllers\Inscripcion->formulario_inscripcion()
#4 /home/garmaser/www/html/sac-prusuf/vendor/codeigniter4/framework/system/CodeIgniter.php(399): CodeIgniter\CodeIgniter->runController()
#5 /home/garmaser/www/html/sac-prusuf/vendor/codeigniter4/framework/system/CodeIgniter.php(317): CodeIgniter\CodeIgniter->handleRequest()
#6 /home/garmaser/www/html/sac-prusuf/public/index.php(37): CodeIgniter\CodeIgniter->run()
#7 {main}
CRITICAL - 2021-10-18 00:40:11 --> syntax error, unexpected ';', expecting ')'
#0 /home/garmaser/www/html/sac-prusuf/vendor/codeigniter4/framework/system/Autoloader/Autoloader.php(241): CodeIgniter\Autoloader\Autoloader->includeFile()
#1 /home/garmaser/www/html/sac-prusuf/vendor/codeigniter4/framework/system/Autoloader/Autoloader.php(219): CodeIgniter\Autoloader\Autoloader->loadInNamespace()
#2 [internal function]: CodeIgniter\Autoloader\Autoloader->loadClass()
#3 /home/garmaser/www/html/sac-prusuf/app/Controllers/Inscripcion.php(278): spl_autoload_call()
#4 /home/garmaser/www/html/sac-prusuf/vendor/codeigniter4/framework/system/CodeIgniter.php(802): App\Controllers\Inscripcion->formulario_inscripcion()
#5 /home/garmaser/www/html/sac-prusuf/vendor/codeigniter4/framework/system/CodeIgniter.php(399): CodeIgniter\CodeIgniter->runController()
#6 /home/garmaser/www/html/sac-prusuf/vendor/codeigniter4/framework/system/CodeIgniter.php(317): CodeIgniter\CodeIgniter->handleRequest()
#7 /home/garmaser/www/html/sac-prusuf/public/index.php(37): CodeIgniter\CodeIgniter->run()
#8 {main}
CRITICAL - 2021-10-18 00:40:36 --> syntax error, unexpected ';', expecting ')'
#0 /home/garmaser/www/html/sac-prusuf/vendor/codeigniter4/framework/system/Autoloader/Autoloader.php(241): CodeIgniter\Autoloader\Autoloader->includeFile()
#1 /home/garmaser/www/html/sac-prusuf/vendor/codeigniter4/framework/system/Autoloader/Autoloader.php(219): CodeIgniter\Autoloader\Autoloader->loadInNamespace()
#2 [internal function]: CodeIgniter\Autoloader\Autoloader->loadClass()
#3 /home/garmaser/www/html/sac-prusuf/app/Controllers/Inscripcion.php(278): spl_autoload_call()
#4 /home/garmaser/www/html/sac-prusuf/vendor/codeigniter4/framework/system/CodeIgniter.php(802): App\Controllers\Inscripcion->formulario_inscripcion()
#5 /home/garmaser/www/html/sac-prusuf/vendor/codeigniter4/framework/system/CodeIgniter.php(399): CodeIgniter\CodeIgniter->runController()
#6 /home/garmaser/www/html/sac-prusuf/vendor/codeigniter4/framework/system/CodeIgniter.php(317): CodeIgniter\CodeIgniter->handleRequest()
#7 /home/garmaser/www/html/sac-prusuf/public/index.php(37): CodeIgniter\CodeIgniter->run()
#8 {main}
CRITICAL - 2021-10-18 01:05:47 --> Call to undefined method App\Libraries\reportes\FormularioInscripcion::write2DBarcode()
#0 /home/garmaser/www/html/sac-prusuf/app/Controllers/Inscripcion.php(279): App\Libraries\reportes\FormularioInscripcion->reporte()
#1 /home/garmaser/www/html/sac-prusuf/vendor/codeigniter4/framework/system/CodeIgniter.php(802): App\Controllers\Inscripcion->formulario_inscripcion()
#2 /home/garmaser/www/html/sac-prusuf/vendor/codeigniter4/framework/system/CodeIgniter.php(399): CodeIgniter\CodeIgniter->runController()
#3 /home/garmaser/www/html/sac-prusuf/vendor/codeigniter4/framework/system/CodeIgniter.php(317): CodeIgniter\CodeIgniter->handleRequest()
#4 /home/garmaser/www/html/sac-prusuf/public/index.php(37): CodeIgniter\CodeIgniter->run()
#5 {main}
CRITICAL - 2021-10-18 01:09:27 --> CodeIgniter\Autoloader\Autoloader::main(): Failed opening required 'tcpdf/tcpdf.php' (include_path='.:/usr/share/php')
#0 [internal function]: CodeIgniter\Debug\Exceptions->shutdownHandler()
#1 {main}
CRITICAL - 2021-10-18 01:12:58 --> Class 'App\Libraries\reportes\Fpdi\Tcpdf\Fpdi' not found
#0 /home/garmaser/www/html/sac-prusuf/vendor/codeigniter4/framework/system/Autoloader/Autoloader.php(264): include_once()
#1 /home/garmaser/www/html/sac-prusuf/vendor/codeigniter4/framework/system/Autoloader/Autoloader.php(241): CodeIgniter\Autoloader\Autoloader->includeFile()
#2 /home/garmaser/www/html/sac-prusuf/vendor/codeigniter4/framework/system/Autoloader/Autoloader.php(219): CodeIgniter\Autoloader\Autoloader->loadInNamespace()
#3 [internal function]: CodeIgniter\Autoloader\Autoloader->loadClass()
#4 /home/garmaser/www/html/sac-prusuf/app/Controllers/Inscripcion.php(278): spl_autoload_call()
#5 /home/garmaser/www/html/sac-prusuf/vendor/codeigniter4/framework/system/CodeIgniter.php(802): App\Controllers\Inscripcion->formulario_inscripcion()
#6 /home/garmaser/www/html/sac-prusuf/vendor/codeigniter4/framework/system/CodeIgniter.php(399): CodeIgniter\CodeIgniter->runController()
#7 /home/garmaser/www/html/sac-prusuf/vendor/codeigniter4/framework/system/CodeIgniter.php(317): CodeIgniter\CodeIgniter->handleRequest()
#8 /home/garmaser/www/html/sac-prusuf/public/index.php(37): CodeIgniter\CodeIgniter->run()
#9 {main}
CRITICAL - 2021-10-18 01:20:50 --> Call to undefined method App\Libraries\reportes\easytable\exFPDF::FPDF()
#0 /home/garmaser/www/html/sac-prusuf/app/Controllers/Inscripcion.php(278): App\Libraries\reportes\FormularioInscripcion->__construct()
#1 /home/garmaser/www/html/sac-prusuf/vendor/codeigniter4/framework/system/CodeIgniter.php(802): App\Controllers\Inscripcion->formulario_inscripcion()
#2 /home/garmaser/www/html/sac-prusuf/vendor/codeigniter4/framework/system/CodeIgniter.php(399): CodeIgniter\CodeIgniter->runController()
#3 /home/garmaser/www/html/sac-prusuf/vendor/codeigniter4/framework/system/CodeIgniter.php(317): CodeIgniter\CodeIgniter->handleRequest()
#4 /home/garmaser/www/html/sac-prusuf/public/index.php(37): CodeIgniter\CodeIgniter->run()
#5 {main}
CRITICAL - 2021-10-18 01:21:04 --> Call to undefined method App\Libraries\reportes\easytable\exFPDF::exfpdf()
#0 /home/garmaser/www/html/sac-prusuf/app/Controllers/Inscripcion.php(278): App\Libraries\reportes\FormularioInscripcion->__construct()
#1 /home/garmaser/www/html/sac-prusuf/vendor/codeigniter4/framework/system/CodeIgniter.php(802): App\Controllers\Inscripcion->formulario_inscripcion()
#2 /home/garmaser/www/html/sac-prusuf/vendor/codeigniter4/framework/system/CodeIgniter.php(399): CodeIgniter\CodeIgniter->runController()
#3 /home/garmaser/www/html/sac-prusuf/vendor/codeigniter4/framework/system/CodeIgniter.php(317): CodeIgniter\CodeIgniter->handleRequest()
#4 /home/garmaser/www/html/sac-prusuf/public/index.php(37): CodeIgniter\CodeIgniter->run()
#5 {main}
CRITICAL - 2021-10-18 01:30:07 --> Undefined index: helveticai
#0 /home/garmaser/www/html/sac-prusuf/vendor/tecnickcom/tcpdf/tcpdf.php(4342): CodeIgniter\Debug\Exceptions->errorHandler()
#1 /home/garmaser/www/html/sac-prusuf/vendor/tecnickcom/tcpdf/tcpdf.php(4459): TCPDF->AddFont()
#2 /home/garmaser/www/html/sac-prusuf/app/Libraries/reportes/FormularioInscripcion.php(40): TCPDF->SetFont()
#3 /home/garmaser/www/html/sac-prusuf/app/Controllers/Inscripcion.php(279): App\Libraries\reportes\FormularioInscripcion->reporte()
#4 /home/garmaser/www/html/sac-prusuf/vendor/codeigniter4/framework/system/CodeIgniter.php(802): App\Controllers\Inscripcion->formulario_inscripcion()
#5 /home/garmaser/www/html/sac-prusuf/vendor/codeigniter4/framework/system/CodeIgniter.php(399): CodeIgniter\CodeIgniter->runController()
#6 /home/garmaser/www/html/sac-prusuf/vendor/codeigniter4/framework/system/CodeIgniter.php(317): CodeIgniter\CodeIgniter->handleRequest()
#7 /home/garmaser/www/html/sac-prusuf/public/index.php(37): CodeIgniter\CodeIgniter->run()
#8 {main}
CRITICAL - 2021-10-18 01:30:45 --> Undefined index: helveticai
#0 /home/garmaser/www/html/sac-prusuf/vendor/tecnickcom/tcpdf/tcpdf.php(4342): CodeIgniter\Debug\Exceptions->errorHandler()
#1 /home/garmaser/www/html/sac-prusuf/vendor/tecnickcom/tcpdf/tcpdf.php(4459): TCPDF->AddFont()
#2 /home/garmaser/www/html/sac-prusuf/app/Libraries/reportes/FormularioInscripcion.php(40): TCPDF->SetFont()
#3 /home/garmaser/www/html/sac-prusuf/app/Controllers/Inscripcion.php(279): App\Libraries\reportes\FormularioInscripcion->reporte()
#4 /home/garmaser/www/html/sac-prusuf/vendor/codeigniter4/framework/system/CodeIgniter.php(802): App\Controllers\Inscripcion->formulario_inscripcion()
#5 /home/garmaser/www/html/sac-prusuf/vendor/codeigniter4/framework/system/CodeIgniter.php(399): CodeIgniter\CodeIgniter->runController()
#6 /home/garmaser/www/html/sac-prusuf/vendor/codeigniter4/framework/system/CodeIgniter.php(317): CodeIgniter\CodeIgniter->handleRequest()
#7 /home/garmaser/www/html/sac-prusuf/public/index.php(37): CodeIgniter\CodeIgniter->run()
#8 {main}
CRITICAL - 2021-10-18 01:40:07 --> TCPDF ERROR: Undefined font: helvetica B
#0 /home/garmaser/www/html/sac-prusuf/app/Libraries/reportes/easytable/exfpdf.php(193): TCPDF->Error()
#1 /home/garmaser/www/html/sac-prusuf/app/Libraries/reportes/easytable/exfpdf.php(208): App\Libraries\reportes\easytable\exFPDF->FontData()
#2 /home/garmaser/www/html/sac-prusuf/app/Libraries/reportes/easytable/exfpdf.php(282): App\Libraries\reportes\easytable\exFPDF->setLines()
#3 /home/garmaser/www/html/sac-prusuf/app/Libraries/reportes/easytable/easyTable.php(799): App\Libraries\reportes\easytable\exFPDF->extMultiCell()
#4 /home/garmaser/www/html/sac-prusuf/app/Libraries/reportes/FormularioInscripcion.php(68): App\Libraries\reportes\easytable\easyTable->easyCell()
#5 /home/garmaser/www/html/sac-prusuf/app/Controllers/Inscripcion.php(279): App\Libraries\reportes\FormularioInscripcion->reporte()
#6 /home/garmaser/www/html/sac-prusuf/vendor/codeigniter4/framework/system/CodeIgniter.php(802): App\Controllers\Inscripcion->formulario_inscripcion()
#7 /home/garmaser/www/html/sac-prusuf/vendor/codeigniter4/framework/system/CodeIgniter.php(399): CodeIgniter\CodeIgniter->runController()
#8 /home/garmaser/www/html/sac-prusuf/vendor/codeigniter4/framework/system/CodeIgniter.php(317): CodeIgniter\CodeIgniter->handleRequest()
#9 /home/garmaser/www/html/sac-prusuf/public/index.php(37): CodeIgniter\CodeIgniter->run()
#10 {main}
CRITICAL - 2021-10-18 01:42:42 --> TCPDF ERROR: Undefined font: helvetica B
#0 /home/garmaser/www/html/sac-prusuf/app/Libraries/reportes/easytable/exfpdf.php(193): TCPDF->Error()
#1 /home/garmaser/www/html/sac-prusuf/app/Libraries/reportes/easytable/exfpdf.php(208): App\Libraries\reportes\easytable\exFPDF->FontData()
#2 /home/garmaser/www/html/sac-prusuf/app/Libraries/reportes/easytable/exfpdf.php(282): App\Libraries\reportes\easytable\exFPDF->setLines()
#3 /home/garmaser/www/html/sac-prusuf/app/Libraries/reportes/easytable/easyTable.php(799): App\Libraries\reportes\easytable\exFPDF->extMultiCell()
#4 /home/garmaser/www/html/sac-prusuf/app/Libraries/reportes/FormularioInscripcion.php(68): App\Libraries\reportes\easytable\easyTable->easyCell()
#5 /home/garmaser/www/html/sac-prusuf/app/Controllers/Inscripcion.php(279): App\Libraries\reportes\FormularioInscripcion->reporte()
#6 /home/garmaser/www/html/sac-prusuf/vendor/codeigniter4/framework/system/CodeIgniter.php(802): App\Controllers\Inscripcion->formulario_inscripcion()
#7 /home/garmaser/www/html/sac-prusuf/vendor/codeigniter4/framework/system/CodeIgniter.php(399): CodeIgniter\CodeIgniter->runController()
#8 /home/garmaser/www/html/sac-prusuf/vendor/codeigniter4/framework/system/CodeIgniter.php(317): CodeIgniter\CodeIgniter->handleRequest()
#9 /home/garmaser/www/html/sac-prusuf/public/index.php(37): CodeIgniter\CodeIgniter->run()
#10 {main}
CRITICAL - 2021-10-18 01:43:46 --> TCPDF ERROR: Undefined font: helvetica B
#0 /home/garmaser/www/html/sac-prusuf/app/Libraries/reportes/easytable/exfpdf.php(193): TCPDF->Error()
#1 /home/garmaser/www/html/sac-prusuf/app/Libraries/reportes/easytable/exfpdf.php(208): App\Libraries\reportes\easytable\exFPDF->FontData()
#2 /home/garmaser/www/html/sac-prusuf/app/Libraries/reportes/easytable/exfpdf.php(282): App\Libraries\reportes\easytable\exFPDF->setLines()
#3 /home/garmaser/www/html/sac-prusuf/app/Libraries/reportes/easytable/easyTable.php(799): App\Libraries\reportes\easytable\exFPDF->extMultiCell()
#4 /home/garmaser/www/html/sac-prusuf/app/Libraries/reportes/FormularioInscripcion.php(68): App\Libraries\reportes\easytable\easyTable->easyCell()
#5 /home/garmaser/www/html/sac-prusuf/app/Controllers/Inscripcion.php(279): App\Libraries\reportes\FormularioInscripcion->reporte()
#6 /home/garmaser/www/html/sac-prusuf/vendor/codeigniter4/framework/system/CodeIgniter.php(802): App\Controllers\Inscripcion->formulario_inscripcion()
#7 /home/garmaser/www/html/sac-prusuf/vendor/codeigniter4/framework/system/CodeIgniter.php(399): CodeIgniter\CodeIgniter->runController()
#8 /home/garmaser/www/html/sac-prusuf/vendor/codeigniter4/framework/system/CodeIgniter.php(317): CodeIgniter\CodeIgniter->handleRequest()
#9 /home/garmaser/www/html/sac-prusuf/public/index.php(37): CodeIgniter\CodeIgniter->run()
#10 {main}
CRITICAL - 2021-10-18 01:43:46 --> TCPDF ERROR: Undefined font: helvetica B
#0 /home/garmaser/www/html/sac-prusuf/app/Libraries/reportes/easytable/exfpdf.php(193): TCPDF->Error()
#1 /home/garmaser/www/html/sac-prusuf/app/Libraries/reportes/easytable/exfpdf.php(208): App\Libraries\reportes\easytable\exFPDF->FontData()
#2 /home/garmaser/www/html/sac-prusuf/app/Libraries/reportes/easytable/exfpdf.php(282): App\Libraries\reportes\easytable\exFPDF->setLines()
#3 /home/garmaser/www/html/sac-prusuf/app/Libraries/reportes/easytable/easyTable.php(799): App\Libraries\reportes\easytable\exFPDF->extMultiCell()
#4 /home/garmaser/www/html/sac-prusuf/app/Libraries/reportes/FormularioInscripcion.php(68): App\Libraries\reportes\easytable\easyTable->easyCell()
#5 /home/garmaser/www/html/sac-prusuf/app/Controllers/Inscripcion.php(279): App\Libraries\reportes\FormularioInscripcion->reporte()
#6 /home/garmaser/www/html/sac-prusuf/vendor/codeigniter4/framework/system/CodeIgniter.php(802): App\Controllers\Inscripcion->formulario_inscripcion()
#7 /home/garmaser/www/html/sac-prusuf/vendor/codeigniter4/framework/system/CodeIgniter.php(399): CodeIgniter\CodeIgniter->runController()
#8 /home/garmaser/www/html/sac-prusuf/vendor/codeigniter4/framework/system/CodeIgniter.php(317): CodeIgniter\CodeIgniter->handleRequest()
#9 /home/garmaser/www/html/sac-prusuf/public/index.php(37): CodeIgniter\CodeIgniter->run()
#10 {main}
CRITICAL - 2021-10-18 01:43:47 --> TCPDF ERROR: Undefined font: helvetica B
#0 /home/garmaser/www/html/sac-prusuf/app/Libraries/reportes/easytable/exfpdf.php(193): TCPDF->Error()
#1 /home/garmaser/www/html/sac-prusuf/app/Libraries/reportes/easytable/exfpdf.php(208): App\Libraries\reportes\easytable\exFPDF->FontData()
#2 /home/garmaser/www/html/sac-prusuf/app/Libraries/reportes/easytable/exfpdf.php(282): App\Libraries\reportes\easytable\exFPDF->setLines()
#3 /home/garmaser/www/html/sac-prusuf/app/Libraries/reportes/easytable/easyTable.php(799): App\Libraries\reportes\easytable\exFPDF->extMultiCell()
#4 /home/garmaser/www/html/sac-prusuf/app/Libraries/reportes/FormularioInscripcion.php(68): App\Libraries\reportes\easytable\easyTable->easyCell()
#5 /home/garmaser/www/html/sac-prusuf/app/Controllers/Inscripcion.php(279): App\Libraries\reportes\FormularioInscripcion->reporte()
#6 /home/garmaser/www/html/sac-prusuf/vendor/codeigniter4/framework/system/CodeIgniter.php(802): App\Controllers\Inscripcion->formulario_inscripcion()
#7 /home/garmaser/www/html/sac-prusuf/vendor/codeigniter4/framework/system/CodeIgniter.php(399): CodeIgniter\CodeIgniter->runController()
#8 /home/garmaser/www/html/sac-prusuf/vendor/codeigniter4/framework/system/CodeIgniter.php(317): CodeIgniter\CodeIgniter->handleRequest()
#9 /home/garmaser/www/html/sac-prusuf/public/index.php(37): CodeIgniter\CodeIgniter->run()
#10 {main}
CRITICAL - 2021-10-18 01:43:47 --> TCPDF ERROR: Undefined font: helvetica B
#0 /home/garmaser/www/html/sac-prusuf/app/Libraries/reportes/easytable/exfpdf.php(193): TCPDF->Error()
#1 /home/garmaser/www/html/sac-prusuf/app/Libraries/reportes/easytable/exfpdf.php(208): App\Libraries\reportes\easytable\exFPDF->FontData()
#2 /home/garmaser/www/html/sac-prusuf/app/Libraries/reportes/easytable/exfpdf.php(282): App\Libraries\reportes\easytable\exFPDF->setLines()
#3 /home/garmaser/www/html/sac-prusuf/app/Libraries/reportes/easytable/easyTable.php(799): App\Libraries\reportes\easytable\exFPDF->extMultiCell()
#4 /home/garmaser/www/html/sac-prusuf/app/Libraries/reportes/FormularioInscripcion.php(68): App\Libraries\reportes\easytable\easyTable->easyCell()
#5 /home/garmaser/www/html/sac-prusuf/app/Controllers/Inscripcion.php(279): App\Libraries\reportes\FormularioInscripcion->reporte()
#6 /home/garmaser/www/html/sac-prusuf/vendor/codeigniter4/framework/system/CodeIgniter.php(802): App\Controllers\Inscripcion->formulario_inscripcion()
#7 /home/garmaser/www/html/sac-prusuf/vendor/codeigniter4/framework/system/CodeIgniter.php(399): CodeIgniter\CodeIgniter->runController()
#8 /home/garmaser/www/html/sac-prusuf/vendor/codeigniter4/framework/system/CodeIgniter.php(317): CodeIgniter\CodeIgniter->handleRequest()
#9 /home/garmaser/www/html/sac-prusuf/public/index.php(37): CodeIgniter\CodeIgniter->run()
#10 {main}
CRITICAL - 2021-10-18 01:43:49 --> TCPDF ERROR: Undefined font: helvetica B
#0 /home/garmaser/www/html/sac-prusuf/app/Libraries/reportes/easytable/exfpdf.php(193): TCPDF->Error()
#1 /home/garmaser/www/html/sac-prusuf/app/Libraries/reportes/easytable/exfpdf.php(208): App\Libraries\reportes\easytable\exFPDF->FontData()
#2 /home/garmaser/www/html/sac-prusuf/app/Libraries/reportes/easytable/exfpdf.php(282): App\Libraries\reportes\easytable\exFPDF->setLines()
#3 /home/garmaser/www/html/sac-prusuf/app/Libraries/reportes/easytable/easyTable.php(799): App\Libraries\reportes\easytable\exFPDF->extMultiCell()
#4 /home/garmaser/www/html/sac-prusuf/app/Libraries/reportes/FormularioInscripcion.php(68): App\Libraries\reportes\easytable\easyTable->easyCell()
#5 /home/garmaser/www/html/sac-prusuf/app/Controllers/Inscripcion.php(279): App\Libraries\reportes\FormularioInscripcion->reporte()
#6 /home/garmaser/www/html/sac-prusuf/vendor/codeigniter4/framework/system/CodeIgniter.php(802): App\Controllers\Inscripcion->formulario_inscripcion()
#7 /home/garmaser/www/html/sac-prusuf/vendor/codeigniter4/framework/system/CodeIgniter.php(399): CodeIgniter\CodeIgniter->runController()
#8 /home/garmaser/www/html/sac-prusuf/vendor/codeigniter4/framework/system/CodeIgniter.php(317): CodeIgniter\CodeIgniter->handleRequest()
#9 /home/garmaser/www/html/sac-prusuf/public/index.php(37): CodeIgniter\CodeIgniter->run()
#10 {main}
CRITICAL - 2021-10-18 01:47:41 --> Call to undefined method App\Libraries\reportes\FormularioInscripcion::get_color()
#0 /home/garmaser/www/html/sac-prusuf/app/Libraries/reportes/FormularioInscripcion.php(66): App\Libraries\reportes\easytable\easyTable->__construct()
#1 /home/garmaser/www/html/sac-prusuf/app/Controllers/Inscripcion.php(279): App\Libraries\reportes\FormularioInscripcion->reporte()
#2 /home/garmaser/www/html/sac-prusuf/vendor/codeigniter4/framework/system/CodeIgniter.php(802): App\Controllers\Inscripcion->formulario_inscripcion()
#3 /home/garmaser/www/html/sac-prusuf/vendor/codeigniter4/framework/system/CodeIgniter.php(399): CodeIgniter\CodeIgniter->runController()
#4 /home/garmaser/www/html/sac-prusuf/vendor/codeigniter4/framework/system/CodeIgniter.php(317): CodeIgniter\CodeIgniter->handleRequest()
#5 /home/garmaser/www/html/sac-prusuf/public/index.php(37): CodeIgniter\CodeIgniter->run()
#6 {main}
CRITICAL - 2021-10-18 01:48:03 --> TCPDF ERROR: Undefined font: helvetica B
#0 /home/garmaser/www/html/sac-prusuf/app/Libraries/reportes/easytable/exfpdf.php(193): TCPDF->Error()
#1 /home/garmaser/www/html/sac-prusuf/app/Libraries/reportes/easytable/exfpdf.php(208): App\Libraries\reportes\easytable\exFPDF->FontData()
#2 /home/garmaser/www/html/sac-prusuf/app/Libraries/reportes/easytable/exfpdf.php(282): App\Libraries\reportes\easytable\exFPDF->setLines()
#3 /home/garmaser/www/html/sac-prusuf/app/Libraries/reportes/easytable/easyTable.php(799): App\Libraries\reportes\easytable\exFPDF->extMultiCell()
#4 /home/garmaser/www/html/sac-prusuf/app/Libraries/reportes/FormularioInscripcion.php(68): App\Libraries\reportes\easytable\easyTable->easyCell()
#5 /home/garmaser/www/html/sac-prusuf/app/Controllers/Inscripcion.php(279): App\Libraries\reportes\FormularioInscripcion->reporte()
#6 /home/garmaser/www/html/sac-prusuf/vendor/codeigniter4/framework/system/CodeIgniter.php(802): App\Controllers\Inscripcion->formulario_inscripcion()
#7 /home/garmaser/www/html/sac-prusuf/vendor/codeigniter4/framework/system/CodeIgniter.php(399): CodeIgniter\CodeIgniter->runController()
#8 /home/garmaser/www/html/sac-prusuf/vendor/codeigniter4/framework/system/CodeIgniter.php(317): CodeIgniter\CodeIgniter->handleRequest()
#9 /home/garmaser/www/html/sac-prusuf/public/index.php(37): CodeIgniter\CodeIgniter->run()
#10 {main}
CRITICAL - 2021-10-18 01:48:28 --> Call to undefined method App\Libraries\reportes\FormularioInscripcion::write2DBarcode()
#0 /home/garmaser/www/html/sac-prusuf/app/Controllers/Inscripcion.php(279): App\Libraries\reportes\FormularioInscripcion->reporte()
#1 /home/garmaser/www/html/sac-prusuf/vendor/codeigniter4/framework/system/CodeIgniter.php(802): App\Controllers\Inscripcion->formulario_inscripcion()
#2 /home/garmaser/www/html/sac-prusuf/vendor/codeigniter4/framework/system/CodeIgniter.php(399): CodeIgniter\CodeIgniter->runController()
#3 /home/garmaser/www/html/sac-prusuf/vendor/codeigniter4/framework/system/CodeIgniter.php(317): CodeIgniter\CodeIgniter->handleRequest()
#4 /home/garmaser/www/html/sac-prusuf/public/index.php(37): CodeIgniter\CodeIgniter->run()
#5 {main}
CRITICAL - 2021-10-18 01:48:33 --> Call to undefined method App\Libraries\reportes\FormularioInscripcion::write2DBarcode()
#0 /home/garmaser/www/html/sac-prusuf/app/Controllers/Inscripcion.php(279): App\Libraries\reportes\FormularioInscripcion->reporte()
#1 /home/garmaser/www/html/sac-prusuf/vendor/codeigniter4/framework/system/CodeIgniter.php(802): App\Controllers\Inscripcion->formulario_inscripcion()
#2 /home/garmaser/www/html/sac-prusuf/vendor/codeigniter4/framework/system/CodeIgniter.php(399): CodeIgniter\CodeIgniter->runController()
#3 /home/garmaser/www/html/sac-prusuf/vendor/codeigniter4/framework/system/CodeIgniter.php(317): CodeIgniter\CodeIgniter->handleRequest()
#4 /home/garmaser/www/html/sac-prusuf/public/index.php(37): CodeIgniter\CodeIgniter->run()
#5 {main}
CRITICAL - 2021-10-18 01:49:30 --> Class 'App\Libraries\reportes\easyTable' not found
#0 /home/garmaser/www/html/sac-prusuf/app/Controllers/Inscripcion.php(279): App\Libraries\reportes\FormularioInscripcion->reporte()
#1 /home/garmaser/www/html/sac-prusuf/vendor/codeigniter4/framework/system/CodeIgniter.php(802): App\Controllers\Inscripcion->formulario_inscripcion()
#2 /home/garmaser/www/html/sac-prusuf/vendor/codeigniter4/framework/system/CodeIgniter.php(399): CodeIgniter\CodeIgniter->runController()
#3 /home/garmaser/www/html/sac-prusuf/vendor/codeigniter4/framework/system/CodeIgniter.php(317): CodeIgniter\CodeIgniter->handleRequest()
#4 /home/garmaser/www/html/sac-prusuf/public/index.php(37): CodeIgniter\CodeIgniter->run()
#5 {main}
CRITICAL - 2021-10-18 01:50:00 --> TCPDF ERROR: Undefined font: helvetica B
#0 /home/garmaser/www/html/sac-prusuf/app/Libraries/reportes/easytable/exfpdf.php(193): TCPDF->Error()
#1 /home/garmaser/www/html/sac-prusuf/app/Libraries/reportes/easytable/exfpdf.php(208): App\Libraries\reportes\easytable\exFPDF->FontData()
#2 /home/garmaser/www/html/sac-prusuf/app/Libraries/reportes/easytable/exfpdf.php(282): App\Libraries\reportes\easytable\exFPDF->setLines()
#3 /home/garmaser/www/html/sac-prusuf/app/Libraries/reportes/easytable/easyTable.php(799): App\Libraries\reportes\easytable\exFPDF->extMultiCell()
#4 /home/garmaser/www/html/sac-prusuf/app/Libraries/reportes/FormularioInscripcion.php(68): App\Libraries\reportes\easytable\easyTable->easyCell()
#5 /home/garmaser/www/html/sac-prusuf/app/Controllers/Inscripcion.php(279): App\Libraries\reportes\FormularioInscripcion->reporte()
#6 /home/garmaser/www/html/sac-prusuf/vendor/codeigniter4/framework/system/CodeIgniter.php(802): App\Controllers\Inscripcion->formulario_inscripcion()
#7 /home/garmaser/www/html/sac-prusuf/vendor/codeigniter4/framework/system/CodeIgniter.php(399): CodeIgniter\CodeIgniter->runController()
#8 /home/garmaser/www/html/sac-prusuf/vendor/codeigniter4/framework/system/CodeIgniter.php(317): CodeIgniter\CodeIgniter->handleRequest()
#9 /home/garmaser/www/html/sac-prusuf/public/index.php(37): CodeIgniter\CodeIgniter->run()
#10 {main}
CRITICAL - 2021-10-18 01:53:57 --> TCPDF ERROR: Undefined font: helvetica B
#0 /home/garmaser/www/html/sac-prusuf/app/Libraries/reportes/easytable/exfpdf.php(193): TCPDF->Error()
#1 /home/garmaser/www/html/sac-prusuf/app/Libraries/reportes/easytable/exfpdf.php(208): App\Libraries\reportes\easytable\exFPDF->FontData()
#2 /home/garmaser/www/html/sac-prusuf/app/Libraries/reportes/easytable/exfpdf.php(282): App\Libraries\reportes\easytable\exFPDF->setLines()
#3 /home/garmaser/www/html/sac-prusuf/app/Libraries/reportes/easytable/easyTable.php(799): App\Libraries\reportes\easytable\exFPDF->extMultiCell()
#4 /home/garmaser/www/html/sac-prusuf/app/Libraries/reportes/FormularioInscripcion.php(68): App\Libraries\reportes\easytable\easyTable->easyCell()
#5 /home/garmaser/www/html/sac-prusuf/app/Controllers/Inscripcion.php(279): App\Libraries\reportes\FormularioInscripcion->reporte()
#6 /home/garmaser/www/html/sac-prusuf/vendor/codeigniter4/framework/system/CodeIgniter.php(802): App\Controllers\Inscripcion->formulario_inscripcion()
#7 /home/garmaser/www/html/sac-prusuf/vendor/codeigniter4/framework/system/CodeIgniter.php(399): CodeIgniter\CodeIgniter->runController()
#8 /home/garmaser/www/html/sac-prusuf/vendor/codeigniter4/framework/system/CodeIgniter.php(317): CodeIgniter\CodeIgniter->handleRequest()
#9 /home/garmaser/www/html/sac-prusuf/public/index.php(37): CodeIgniter\CodeIgniter->run()
#10 {main}
CRITICAL - 2021-10-18 01:53:58 --> TCPDF ERROR: Undefined font: helvetica B
#0 /home/garmaser/www/html/sac-prusuf/app/Libraries/reportes/easytable/exfpdf.php(193): TCPDF->Error()
#1 /home/garmaser/www/html/sac-prusuf/app/Libraries/reportes/easytable/exfpdf.php(208): App\Libraries\reportes\easytable\exFPDF->FontData()
#2 /home/garmaser/www/html/sac-prusuf/app/Libraries/reportes/easytable/exfpdf.php(282): App\Libraries\reportes\easytable\exFPDF->setLines()
#3 /home/garmaser/www/html/sac-prusuf/app/Libraries/reportes/easytable/easyTable.php(799): App\Libraries\reportes\easytable\exFPDF->extMultiCell()
#4 /home/garmaser/www/html/sac-prusuf/app/Libraries/reportes/FormularioInscripcion.php(68): App\Libraries\reportes\easytable\easyTable->easyCell()
#5 /home/garmaser/www/html/sac-prusuf/app/Controllers/Inscripcion.php(279): App\Libraries\reportes\FormularioInscripcion->reporte()
#6 /home/garmaser/www/html/sac-prusuf/vendor/codeigniter4/framework/system/CodeIgniter.php(802): App\Controllers\Inscripcion->formulario_inscripcion()
#7 /home/garmaser/www/html/sac-prusuf/vendor/codeigniter4/framework/system/CodeIgniter.php(399): CodeIgniter\CodeIgniter->runController()
#8 /home/garmaser/www/html/sac-prusuf/vendor/codeigniter4/framework/system/CodeIgniter.php(317): CodeIgniter\CodeIgniter->handleRequest()
#9 /home/garmaser/www/html/sac-prusuf/public/index.php(37): CodeIgniter\CodeIgniter->run()
#10 {main}
CRITICAL - 2021-10-18 01:53:59 --> TCPDF ERROR: Undefined font: helvetica B
#0 /home/garmaser/www/html/sac-prusuf/app/Libraries/reportes/easytable/exfpdf.php(193): TCPDF->Error()
#1 /home/garmaser/www/html/sac-prusuf/app/Libraries/reportes/easytable/exfpdf.php(208): App\Libraries\reportes\easytable\exFPDF->FontData()
#2 /home/garmaser/www/html/sac-prusuf/app/Libraries/reportes/easytable/exfpdf.php(282): App\Libraries\reportes\easytable\exFPDF->setLines()
#3 /home/garmaser/www/html/sac-prusuf/app/Libraries/reportes/easytable/easyTable.php(799): App\Libraries\reportes\easytable\exFPDF->extMultiCell()
#4 /home/garmaser/www/html/sac-prusuf/app/Libraries/reportes/FormularioInscripcion.php(68): App\Libraries\reportes\easytable\easyTable->easyCell()
#5 /home/garmaser/www/html/sac-prusuf/app/Controllers/Inscripcion.php(279): App\Libraries\reportes\FormularioInscripcion->reporte()
#6 /home/garmaser/www/html/sac-prusuf/vendor/codeigniter4/framework/system/CodeIgniter.php(802): App\Controllers\Inscripcion->formulario_inscripcion()
#7 /home/garmaser/www/html/sac-prusuf/vendor/codeigniter4/framework/system/CodeIgniter.php(399): CodeIgniter\CodeIgniter->runController()
#8 /home/garmaser/www/html/sac-prusuf/vendor/codeigniter4/framework/system/CodeIgniter.php(317): CodeIgniter\CodeIgniter->handleRequest()
#9 /home/garmaser/www/html/sac-prusuf/public/index.php(37): CodeIgniter\CodeIgniter->run()
#10 {main}
CRITICAL - 2021-10-18 01:53:59 --> TCPDF ERROR: Undefined font: helvetica B
#0 /home/garmaser/www/html/sac-prusuf/app/Libraries/reportes/easytable/exfpdf.php(193): TCPDF->Error()
#1 /home/garmaser/www/html/sac-prusuf/app/Libraries/reportes/easytable/exfpdf.php(208): App\Libraries\reportes\easytable\exFPDF->FontData()
#2 /home/garmaser/www/html/sac-prusuf/app/Libraries/reportes/easytable/exfpdf.php(282): App\Libraries\reportes\easytable\exFPDF->setLines()
#3 /home/garmaser/www/html/sac-prusuf/app/Libraries/reportes/easytable/easyTable.php(799): App\Libraries\reportes\easytable\exFPDF->extMultiCell()
#4 /home/garmaser/www/html/sac-prusuf/app/Libraries/reportes/FormularioInscripcion.php(68): App\Libraries\reportes\easytable\easyTable->easyCell()
#5 /home/garmaser/www/html/sac-prusuf/app/Controllers/Inscripcion.php(279): App\Libraries\reportes\FormularioInscripcion->reporte()
#6 /home/garmaser/www/html/sac-prusuf/vendor/codeigniter4/framework/system/CodeIgniter.php(802): App\Controllers\Inscripcion->formulario_inscripcion()
#7 /home/garmaser/www/html/sac-prusuf/vendor/codeigniter4/framework/system/CodeIgniter.php(399): CodeIgniter\CodeIgniter->runController()
#8 /home/garmaser/www/html/sac-prusuf/vendor/codeigniter4/framework/system/CodeIgniter.php(317): CodeIgniter\CodeIgniter->handleRequest()
#9 /home/garmaser/www/html/sac-prusuf/public/index.php(37): CodeIgniter\CodeIgniter->run()
#10 {main}
CRITICAL - 2021-10-18 01:53:59 --> TCPDF ERROR: Undefined font: helvetica B
#0 /home/garmaser/www/html/sac-prusuf/app/Libraries/reportes/easytable/exfpdf.php(193): TCPDF->Error()
#1 /home/garmaser/www/html/sac-prusuf/app/Libraries/reportes/easytable/exfpdf.php(208): App\Libraries\reportes\easytable\exFPDF->FontData()
#2 /home/garmaser/www/html/sac-prusuf/app/Libraries/reportes/easytable/exfpdf.php(282): App\Libraries\reportes\easytable\exFPDF->setLines()
#3 /home/garmaser/www/html/sac-prusuf/app/Libraries/reportes/easytable/easyTable.php(799): App\Libraries\reportes\easytable\exFPDF->extMultiCell()
#4 /home/garmaser/www/html/sac-prusuf/app/Libraries/reportes/FormularioInscripcion.php(68): App\Libraries\reportes\easytable\easyTable->easyCell()
#5 /home/garmaser/www/html/sac-prusuf/app/Controllers/Inscripcion.php(279): App\Libraries\reportes\FormularioInscripcion->reporte()
#6 /home/garmaser/www/html/sac-prusuf/vendor/codeigniter4/framework/system/CodeIgniter.php(802): App\Controllers\Inscripcion->formulario_inscripcion()
#7 /home/garmaser/www/html/sac-prusuf/vendor/codeigniter4/framework/system/CodeIgniter.php(399): CodeIgniter\CodeIgniter->runController()
#8 /home/garmaser/www/html/sac-prusuf/vendor/codeigniter4/framework/system/CodeIgniter.php(317): CodeIgniter\CodeIgniter->handleRequest()
#9 /home/garmaser/www/html/sac-prusuf/public/index.php(37): CodeIgniter\CodeIgniter->run()
#10 {main}
CRITICAL - 2021-10-18 01:54:00 --> TCPDF ERROR: Undefined font: helvetica B
#0 /home/garmaser/www/html/sac-prusuf/app/Libraries/reportes/easytable/exfpdf.php(193): TCPDF->Error()
#1 /home/garmaser/www/html/sac-prusuf/app/Libraries/reportes/easytable/exfpdf.php(208): App\Libraries\reportes\easytable\exFPDF->FontData()
#2 /home/garmaser/www/html/sac-prusuf/app/Libraries/reportes/easytable/exfpdf.php(282): App\Libraries\reportes\easytable\exFPDF->setLines()
#3 /home/garmaser/www/html/sac-prusuf/app/Libraries/reportes/easytable/easyTable.php(799): App\Libraries\reportes\easytable\exFPDF->extMultiCell()
#4 /home/garmaser/www/html/sac-prusuf/app/Libraries/reportes/FormularioInscripcion.php(68): App\Libraries\reportes\easytable\easyTable->easyCell()
#5 /home/garmaser/www/html/sac-prusuf/app/Controllers/Inscripcion.php(279): App\Libraries\reportes\FormularioInscripcion->reporte()
#6 /home/garmaser/www/html/sac-prusuf/vendor/codeigniter4/framework/system/CodeIgniter.php(802): App\Controllers\Inscripcion->formulario_inscripcion()
#7 /home/garmaser/www/html/sac-prusuf/vendor/codeigniter4/framework/system/CodeIgniter.php(399): CodeIgniter\CodeIgniter->runController()
#8 /home/garmaser/www/html/sac-prusuf/vendor/codeigniter4/framework/system/CodeIgniter.php(317): CodeIgniter\CodeIgniter->handleRequest()
#9 /home/garmaser/www/html/sac-prusuf/public/index.php(37): CodeIgniter\CodeIgniter->run()
#10 {main}
CRITICAL - 2021-10-18 01:54:00 --> TCPDF ERROR: Undefined font: helvetica B
#0 /home/garmaser/www/html/sac-prusuf/app/Libraries/reportes/easytable/exfpdf.php(193): TCPDF->Error()
#1 /home/garmaser/www/html/sac-prusuf/app/Libraries/reportes/easytable/exfpdf.php(208): App\Libraries\reportes\easytable\exFPDF->FontData()
#2 /home/garmaser/www/html/sac-prusuf/app/Libraries/reportes/easytable/exfpdf.php(282): App\Libraries\reportes\easytable\exFPDF->setLines()
#3 /home/garmaser/www/html/sac-prusuf/app/Libraries/reportes/easytable/easyTable.php(799): App\Libraries\reportes\easytable\exFPDF->extMultiCell()
#4 /home/garmaser/www/html/sac-prusuf/app/Libraries/reportes/FormularioInscripcion.php(68): App\Libraries\reportes\easytable\easyTable->easyCell()
#5 /home/garmaser/www/html/sac-prusuf/app/Controllers/Inscripcion.php(279): App\Libraries\reportes\FormularioInscripcion->reporte()
#6 /home/garmaser/www/html/sac-prusuf/vendor/codeigniter4/framework/system/CodeIgniter.php(802): App\Controllers\Inscripcion->formulario_inscripcion()
#7 /home/garmaser/www/html/sac-prusuf/vendor/codeigniter4/framework/system/CodeIgniter.php(399): CodeIgniter\CodeIgniter->runController()
#8 /home/garmaser/www/html/sac-prusuf/vendor/codeigniter4/framework/system/CodeIgniter.php(317): CodeIgniter\CodeIgniter->handleRequest()
#9 /home/garmaser/www/html/sac-prusuf/public/index.php(37): CodeIgniter\CodeIgniter->run()
#10 {main}
CRITICAL - 2021-10-18 01:54:28 --> TCPDF ERROR: Undefined font: helvetica B
#0 /home/garmaser/www/html/sac-prusuf/app/Libraries/reportes/easytable/exfpdf.php(193): TCPDF->Error()
#1 /home/garmaser/www/html/sac-prusuf/app/Libraries/reportes/easytable/exfpdf.php(208): App\Libraries\reportes\easytable\exFPDF->FontData()
#2 /home/garmaser/www/html/sac-prusuf/app/Libraries/reportes/easytable/exfpdf.php(282): App\Libraries\reportes\easytable\exFPDF->setLines()
#3 /home/garmaser/www/html/sac-prusuf/app/Libraries/reportes/easytable/easyTable.php(799): App\Libraries\reportes\easytable\exFPDF->extMultiCell()
#4 /home/garmaser/www/html/sac-prusuf/app/Libraries/reportes/FormularioInscripcion.php(68): App\Libraries\reportes\easytable\easyTable->easyCell()
#5 /home/garmaser/www/html/sac-prusuf/app/Controllers/Inscripcion.php(279): App\Libraries\reportes\FormularioInscripcion->reporte()
#6 /home/garmaser/www/html/sac-prusuf/vendor/codeigniter4/framework/system/CodeIgniter.php(802): App\Controllers\Inscripcion->formulario_inscripcion()
#7 /home/garmaser/www/html/sac-prusuf/vendor/codeigniter4/framework/system/CodeIgniter.php(399): CodeIgniter\CodeIgniter->runController()
#8 /home/garmaser/www/html/sac-prusuf/vendor/codeigniter4/framework/system/CodeIgniter.php(317): CodeIgniter\CodeIgniter->handleRequest()
#9 /home/garmaser/www/html/sac-prusuf/public/index.php(37): CodeIgniter\CodeIgniter->run()
#10 {main}
CRITICAL - 2021-10-18 01:56:19 --> syntax error, unexpected '}'
#0 /home/garmaser/www/html/sac-prusuf/vendor/codeigniter4/framework/system/Autoloader/Autoloader.php(241): CodeIgniter\Autoloader\Autoloader->includeFile()
#1 /home/garmaser/www/html/sac-prusuf/vendor/codeigniter4/framework/system/Autoloader/Autoloader.php(219): CodeIgniter\Autoloader\Autoloader->loadInNamespace()
#2 [internal function]: CodeIgniter\Autoloader\Autoloader->loadClass()
#3 /home/garmaser/www/html/sac-prusuf/app/Libraries/reportes/FormularioInscripcion.php(17): spl_autoload_call()
#4 /home/garmaser/www/html/sac-prusuf/vendor/codeigniter4/framework/system/Autoloader/Autoloader.php(264): include_once('/home/garmaser/...')
#5 /home/garmaser/www/html/sac-prusuf/vendor/codeigniter4/framework/system/Autoloader/Autoloader.php(241): CodeIgniter\Autoloader\Autoloader->includeFile()
#6 /home/garmaser/www/html/sac-prusuf/vendor/codeigniter4/framework/system/Autoloader/Autoloader.php(219): CodeIgniter\Autoloader\Autoloader->loadInNamespace()
#7 [internal function]: CodeIgniter\Autoloader\Autoloader->loadClass()
#8 /home/garmaser/www/html/sac-prusuf/app/Controllers/Inscripcion.php(278): spl_autoload_call()
#9 /home/garmaser/www/html/sac-prusuf/vendor/codeigniter4/framework/system/CodeIgniter.php(802): App\Controllers\Inscripcion->formulario_inscripcion()
#10 /home/garmaser/www/html/sac-prusuf/vendor/codeigniter4/framework/system/CodeIgniter.php(399): CodeIgniter\CodeIgniter->runController()
#11 /home/garmaser/www/html/sac-prusuf/vendor/codeigniter4/framework/system/CodeIgniter.php(317): CodeIgniter\CodeIgniter->handleRequest()
#12 /home/garmaser/www/html/sac-prusuf/public/index.php(37): CodeIgniter\CodeIgniter->run()
#13 {main}
CRITICAL - 2021-10-18 02:27:13 --> fopen(http://chart.googleapis.com/chart?chs=50x50&amp;cht=qr&amp;chl=4|10665956|PARI QUENTA ANGEL LUIS&amp;.png): failed to open stream: HTTP request failed! HTTP/1.0 400 Bad Request

#0 [internal function]: CodeIgniter\Debug\Exceptions->errorHandler()
#1 /home/garmaser/www/html/sac-prusuf/vendor/setasign/fpdf/fpdf.php(1256): fopen()
#2 /home/garmaser/www/html/sac-prusuf/vendor/setasign/fpdf/fpdf.php(885): FPDF->_parsepng()
#3 /home/garmaser/www/html/sac-prusuf/app/Libraries/reportes/FormularioInscripcion.php(131): FPDF->Image()
#4 /home/garmaser/www/html/sac-prusuf/app/Controllers/Inscripcion.php(279): App\Libraries\reportes\FormularioInscripcion->reporte()
#5 /home/garmaser/www/html/sac-prusuf/vendor/codeigniter4/framework/system/CodeIgniter.php(802): App\Controllers\Inscripcion->formulario_inscripcion()
#6 /home/garmaser/www/html/sac-prusuf/vendor/codeigniter4/framework/system/CodeIgniter.php(399): CodeIgniter\CodeIgniter->runController()
#7 /home/garmaser/www/html/sac-prusuf/vendor/codeigniter4/framework/system/CodeIgniter.php(317): CodeIgniter\CodeIgniter->handleRequest()
#8 /home/garmaser/www/html/sac-prusuf/public/index.php(37): CodeIgniter\CodeIgniter->run()
#9 {main}
CRITICAL - 2021-10-18 02:29:08 --> Call to undefined function App\Libraries\reportes\url_encode()
#0 /home/garmaser/www/html/sac-prusuf/app/Controllers/Inscripcion.php(279): App\Libraries\reportes\FormularioInscripcion->reporte()
#1 /home/garmaser/www/html/sac-prusuf/vendor/codeigniter4/framework/system/CodeIgniter.php(802): App\Controllers\Inscripcion->formulario_inscripcion()
#2 /home/garmaser/www/html/sac-prusuf/vendor/codeigniter4/framework/system/CodeIgniter.php(399): CodeIgniter\CodeIgniter->runController()
#3 /home/garmaser/www/html/sac-prusuf/vendor/codeigniter4/framework/system/CodeIgniter.php(317): CodeIgniter\CodeIgniter->handleRequest()
#4 /home/garmaser/www/html/sac-prusuf/public/index.php(37): CodeIgniter\CodeIgniter->run()
#5 {main}
CRITICAL - 2021-10-18 03:03:38 --> Trying to access array offset on value of type null
#0 /home/garmaser/www/html/sac-prusuf/app/Libraries/reportes/FormularioInscripcion.php(70): CodeIgniter\Debug\Exceptions->errorHandler()
#1 /home/garmaser/www/html/sac-prusuf/app/Controllers/Inscripcion.php(295): App\Libraries\reportes\FormularioInscripcion->reporte()
#2 /home/garmaser/www/html/sac-prusuf/vendor/codeigniter4/framework/system/CodeIgniter.php(802): App\Controllers\Inscripcion->formulario_inscripcion()
#3 /home/garmaser/www/html/sac-prusuf/vendor/codeigniter4/framework/system/CodeIgniter.php(399): CodeIgniter\CodeIgniter->runController()
#4 /home/garmaser/www/html/sac-prusuf/vendor/codeigniter4/framework/system/CodeIgniter.php(317): CodeIgniter\CodeIgniter->handleRequest()
#5 /home/garmaser/www/html/sac-prusuf/public/index.php(37): CodeIgniter\CodeIgniter->run()
#6 {main}
CRITICAL - 2021-10-18 04:48:32 --> Invalid file: inicio.php
#0 /home/garmaser/www/html/sac-prusuf/vendor/codeigniter4/framework/system/View/View.php(198): CodeIgniter\Exceptions\FrameworkException::forInvalidFile()
#1 /home/garmaser/www/html/sac-prusuf/vendor/codeigniter4/framework/system/Common.php(1092): CodeIgniter\View\View->render()
#2 /home/garmaser/www/html/sac-prusuf/app/Controllers/Caja.php(23): view()
#3 /home/garmaser/www/html/sac-prusuf/vendor/codeigniter4/framework/system/CodeIgniter.php(802): App\Controllers\Caja->index()
#4 /home/garmaser/www/html/sac-prusuf/vendor/codeigniter4/framework/system/CodeIgniter.php(399): CodeIgniter\CodeIgniter->runController()
#5 /home/garmaser/www/html/sac-prusuf/vendor/codeigniter4/framework/system/CodeIgniter.php(317): CodeIgniter\CodeIgniter->handleRequest()
#6 /home/garmaser/www/html/sac-prusuf/public/index.php(37): CodeIgniter\CodeIgniter->run()
#7 {main}
CRITICAL - 2021-10-18 04:53:18 --> Too few arguments to function App\Controllers\Caja::ventas(), 0 passed in /home/garmaser/www/html/sac-prusuf/vendor/codeigniter4/framework/system/CodeIgniter.php on line 802 and exactly 1 expected
#0 /home/garmaser/www/html/sac-prusuf/vendor/codeigniter4/framework/system/CodeIgniter.php(802): App\Controllers\Caja->ventas()
#1 /home/garmaser/www/html/sac-prusuf/vendor/codeigniter4/framework/system/CodeIgniter.php(399): CodeIgniter\CodeIgniter->runController()
#2 /home/garmaser/www/html/sac-prusuf/vendor/codeigniter4/framework/system/CodeIgniter.php(317): CodeIgniter\CodeIgniter->handleRequest()
#3 /home/garmaser/www/html/sac-prusuf/public/index.php(37): CodeIgniter\CodeIgniter->run()
#4 {main}
CRITICAL - 2021-10-18 04:57:36 --> syntax error, unexpected '->' (T_OBJECT_OPERATOR), expecting ';'
#0 /home/garmaser/www/html/sac-prusuf/vendor/codeigniter4/framework/system/Router/Router.php(160): CodeIgniter\Router\Router->autoRoute()
#1 /home/garmaser/www/html/sac-prusuf/vendor/codeigniter4/framework/system/CodeIgniter.php(702): CodeIgniter\Router\Router->handle()
#2 /home/garmaser/www/html/sac-prusuf/vendor/codeigniter4/framework/system/CodeIgniter.php(358): CodeIgniter\CodeIgniter->tryToRouteIt()
#3 /home/garmaser/www/html/sac-prusuf/vendor/codeigniter4/framework/system/CodeIgniter.php(317): CodeIgniter\CodeIgniter->handleRequest()
#4 /home/garmaser/www/html/sac-prusuf/public/index.php(37): CodeIgniter\CodeIgniter->run()
#5 {main}
CRITICAL - 2021-10-18 04:59:37 --> syntax error, unexpected ')'
#0 /home/garmaser/www/html/sac-prusuf/vendor/codeigniter4/framework/system/Router/Router.php(160): CodeIgniter\Router\Router->autoRoute()
#1 /home/garmaser/www/html/sac-prusuf/vendor/codeigniter4/framework/system/CodeIgniter.php(702): CodeIgniter\Router\Router->handle()
#2 /home/garmaser/www/html/sac-prusuf/vendor/codeigniter4/framework/system/CodeIgniter.php(358): CodeIgniter\CodeIgniter->tryToRouteIt()
#3 /home/garmaser/www/html/sac-prusuf/vendor/codeigniter4/framework/system/CodeIgniter.php(317): CodeIgniter\CodeIgniter->handleRequest()
#4 /home/garmaser/www/html/sac-prusuf/public/index.php(37): CodeIgniter\CodeIgniter->run()
#5 {main}
CRITICAL - 2021-10-18 05:04:52 --> Undefined property: App\Controllers\Caja::$data
#0 /home/garmaser/www/html/sac-prusuf/app/Controllers/Caja.php(99): CodeIgniter\Debug\Exceptions->errorHandler()
#1 /home/garmaser/www/html/sac-prusuf/app/Controllers/Caja.php(50): App\Controllers\Caja->_example_output()
#2 /home/garmaser/www/html/sac-prusuf/vendor/codeigniter4/framework/system/CodeIgniter.php(802): App\Controllers\Caja->datos_postulante()
#3 /home/garmaser/www/html/sac-prusuf/vendor/codeigniter4/framework/system/CodeIgniter.php(399): CodeIgniter\CodeIgniter->runController()
#4 /home/garmaser/www/html/sac-prusuf/vendor/codeigniter4/framework/system/CodeIgniter.php(317): CodeIgniter\CodeIgniter->handleRequest()
#5 /home/garmaser/www/html/sac-prusuf/public/index.php(37): CodeIgniter\CodeIgniter->run()
#6 {main}
CRITICAL - 2021-10-18 05:06:07 --> Invalid file: layouts/menu_caja.php
#0 /home/garmaser/www/html/sac-prusuf/vendor/codeigniter4/framework/system/View/View.php(198): CodeIgniter\Exceptions\FrameworkException::forInvalidFile()
#1 /home/garmaser/www/html/sac-prusuf/vendor/codeigniter4/framework/system/View/View.php(432): CodeIgniter\View\View->render()
#2 /home/garmaser/www/html/sac-prusuf/app/Views/layouts/admin.php(46): CodeIgniter\View\View->include()
#3 /home/garmaser/www/html/sac-prusuf/vendor/codeigniter4/framework/system/View/View.php(214): include('/home/garmaser/...')
#4 /home/garmaser/www/html/sac-prusuf/vendor/codeigniter4/framework/system/View/View.php(217): CodeIgniter\View\View->CodeIgniter\View\{closure}()
#5 /home/garmaser/www/html/sac-prusuf/vendor/codeigniter4/framework/system/View/View.php(230): CodeIgniter\View\View->render()
#6 /home/garmaser/www/html/sac-prusuf/vendor/codeigniter4/framework/system/Common.php(1092): CodeIgniter\View\View->render()
#7 /home/garmaser/www/html/sac-prusuf/app/Controllers/Caja.php(101): view()
#8 /home/garmaser/www/html/sac-prusuf/app/Controllers/Caja.php(51): App\Controllers\Caja->_example_output()
#9 /home/garmaser/www/html/sac-prusuf/vendor/codeigniter4/framework/system/CodeIgniter.php(802): App\Controllers\Caja->datos_postulante()
#10 /home/garmaser/www/html/sac-prusuf/vendor/codeigniter4/framework/system/CodeIgniter.php(399): CodeIgniter\CodeIgniter->runController()
#11 /home/garmaser/www/html/sac-prusuf/vendor/codeigniter4/framework/system/CodeIgniter.php(317): CodeIgniter\CodeIgniter->handleRequest()
#12 /home/garmaser/www/html/sac-prusuf/public/index.php(37): CodeIgniter\CodeIgniter->run()
#13 {main}
CRITICAL - 2021-10-18 05:07:08 --> Invalid file: layouts/menu_caja.php
#0 /home/garmaser/www/html/sac-prusuf/vendor/codeigniter4/framework/system/View/View.php(198): CodeIgniter\Exceptions\FrameworkException::forInvalidFile()
#1 /home/garmaser/www/html/sac-prusuf/vendor/codeigniter4/framework/system/View/View.php(432): CodeIgniter\View\View->render()
#2 /home/garmaser/www/html/sac-prusuf/app/Views/layouts/admin.php(46): CodeIgniter\View\View->include()
#3 /home/garmaser/www/html/sac-prusuf/vendor/codeigniter4/framework/system/View/View.php(214): include('/home/garmaser/...')
#4 /home/garmaser/www/html/sac-prusuf/vendor/codeigniter4/framework/system/View/View.php(217): CodeIgniter\View\View->CodeIgniter\View\{closure}()
#5 /home/garmaser/www/html/sac-prusuf/vendor/codeigniter4/framework/system/View/View.php(230): CodeIgniter\View\View->render()
#6 /home/garmaser/www/html/sac-prusuf/vendor/codeigniter4/framework/system/Common.php(1092): CodeIgniter\View\View->render()
#7 /home/garmaser/www/html/sac-prusuf/app/Controllers/Caja.php(101): view()
#8 /home/garmaser/www/html/sac-prusuf/app/Controllers/Caja.php(51): App\Controllers\Caja->_example_output()
#9 /home/garmaser/www/html/sac-prusuf/vendor/codeigniter4/framework/system/CodeIgniter.php(802): App\Controllers\Caja->datos_postulante()
#10 /home/garmaser/www/html/sac-prusuf/vendor/codeigniter4/framework/system/CodeIgniter.php(399): CodeIgniter\CodeIgniter->runController()
#11 /home/garmaser/www/html/sac-prusuf/vendor/codeigniter4/framework/system/CodeIgniter.php(317): CodeIgniter\CodeIgniter->handleRequest()
#12 /home/garmaser/www/html/sac-prusuf/public/index.php(37): CodeIgniter\CodeIgniter->run()
#13 {main}
CRITICAL - 2021-10-18 05:07:09 --> Invalid file: layouts/menu_caja.php
#0 /home/garmaser/www/html/sac-prusuf/vendor/codeigniter4/framework/system/View/View.php(198): CodeIgniter\Exceptions\FrameworkException::forInvalidFile()
#1 /home/garmaser/www/html/sac-prusuf/vendor/codeigniter4/framework/system/View/View.php(432): CodeIgniter\View\View->render()
#2 /home/garmaser/www/html/sac-prusuf/app/Views/layouts/admin.php(46): CodeIgniter\View\View->include()
#3 /home/garmaser/www/html/sac-prusuf/vendor/codeigniter4/framework/system/View/View.php(214): include('/home/garmaser/...')
#4 /home/garmaser/www/html/sac-prusuf/vendor/codeigniter4/framework/system/View/View.php(217): CodeIgniter\View\View->CodeIgniter\View\{closure}()
#5 /home/garmaser/www/html/sac-prusuf/vendor/codeigniter4/framework/system/View/View.php(230): CodeIgniter\View\View->render()
#6 /home/garmaser/www/html/sac-prusuf/vendor/codeigniter4/framework/system/Common.php(1092): CodeIgniter\View\View->render()
#7 /home/garmaser/www/html/sac-prusuf/app/Controllers/Caja.php(101): view()
#8 /home/garmaser/www/html/sac-prusuf/app/Controllers/Caja.php(84): App\Controllers\Caja->_example_output()
#9 /home/garmaser/www/html/sac-prusuf/vendor/codeigniter4/framework/system/CodeIgniter.php(802): App\Controllers\Caja->ventas()
#10 /home/garmaser/www/html/sac-prusuf/vendor/codeigniter4/framework/system/CodeIgniter.php(399): CodeIgniter\CodeIgniter->runController()
#11 /home/garmaser/www/html/sac-prusuf/vendor/codeigniter4/framework/system/CodeIgniter.php(317): CodeIgniter\CodeIgniter->handleRequest()
#12 /home/garmaser/www/html/sac-prusuf/public/index.php(37): CodeIgniter\CodeIgniter->run()
#13 {main}
CRITICAL - 2021-10-18 05:07:19 --> Invalid file: layouts/menu_caja.php
#0 /home/garmaser/www/html/sac-prusuf/vendor/codeigniter4/framework/system/View/View.php(198): CodeIgniter\Exceptions\FrameworkException::forInvalidFile()
#1 /home/garmaser/www/html/sac-prusuf/vendor/codeigniter4/framework/system/View/View.php(432): CodeIgniter\View\View->render()
#2 /home/garmaser/www/html/sac-prusuf/app/Views/layouts/admin.php(46): CodeIgniter\View\View->include()
#3 /home/garmaser/www/html/sac-prusuf/vendor/codeigniter4/framework/system/View/View.php(214): include('/home/garmaser/...')
#4 /home/garmaser/www/html/sac-prusuf/vendor/codeigniter4/framework/system/View/View.php(217): CodeIgniter\View\View->CodeIgniter\View\{closure}()
#5 /home/garmaser/www/html/sac-prusuf/vendor/codeigniter4/framework/system/View/View.php(230): CodeIgniter\View\View->render()
#6 /home/garmaser/www/html/sac-prusuf/vendor/codeigniter4/framework/system/Common.php(1092): CodeIgniter\View\View->render()
#7 /home/garmaser/www/html/sac-prusuf/app/Controllers/Caja.php(101): view()
#8 /home/garmaser/www/html/sac-prusuf/app/Controllers/Caja.php(51): App\Controllers\Caja->_example_output()
#9 /home/garmaser/www/html/sac-prusuf/vendor/codeigniter4/framework/system/CodeIgniter.php(802): App\Controllers\Caja->datos_postulante()
#10 /home/garmaser/www/html/sac-prusuf/vendor/codeigniter4/framework/system/CodeIgniter.php(399): CodeIgniter\CodeIgniter->runController()
#11 /home/garmaser/www/html/sac-prusuf/vendor/codeigniter4/framework/system/CodeIgniter.php(317): CodeIgniter\CodeIgniter->handleRequest()
#12 /home/garmaser/www/html/sac-prusuf/public/index.php(37): CodeIgniter\CodeIgniter->run()
#13 {main}
CRITICAL - 2021-10-18 05:08:36 --> Invalid file: layouts/menu_caja.php
#0 /home/garmaser/www/html/sac-prusuf/vendor/codeigniter4/framework/system/View/View.php(198): CodeIgniter\Exceptions\FrameworkException::forInvalidFile()
#1 /home/garmaser/www/html/sac-prusuf/vendor/codeigniter4/framework/system/View/View.php(432): CodeIgniter\View\View->render()
#2 /home/garmaser/www/html/sac-prusuf/app/Views/layouts/admin.php(47): CodeIgniter\View\View->include()
#3 /home/garmaser/www/html/sac-prusuf/vendor/codeigniter4/framework/system/View/View.php(214): include('/home/garmaser/...')
#4 /home/garmaser/www/html/sac-prusuf/vendor/codeigniter4/framework/system/View/View.php(217): CodeIgniter\View\View->CodeIgniter\View\{closure}()
#5 /home/garmaser/www/html/sac-prusuf/vendor/codeigniter4/framework/system/View/View.php(230): CodeIgniter\View\View->render()
#6 /home/garmaser/www/html/sac-prusuf/vendor/codeigniter4/framework/system/Common.php(1092): CodeIgniter\View\View->render()
#7 /home/garmaser/www/html/sac-prusuf/app/Controllers/Caja.php(101): view()
#8 /home/garmaser/www/html/sac-prusuf/app/Controllers/Caja.php(51): App\Controllers\Caja->_example_output()
#9 /home/garmaser/www/html/sac-prusuf/vendor/codeigniter4/framework/system/CodeIgniter.php(802): App\Controllers\Caja->datos_postulante()
#10 /home/garmaser/www/html/sac-prusuf/vendor/codeigniter4/framework/system/CodeIgniter.php(399): CodeIgniter\CodeIgniter->runController()
#11 /home/garmaser/www/html/sac-prusuf/vendor/codeigniter4/framework/system/CodeIgniter.php(317): CodeIgniter\CodeIgniter->handleRequest()
#12 /home/garmaser/www/html/sac-prusuf/public/index.php(37): CodeIgniter\CodeIgniter->run()
#13 {main}
CRITICAL - 2021-10-18 05:08:39 --> Invalid file: layouts/menu_caja.php
#0 /home/garmaser/www/html/sac-prusuf/vendor/codeigniter4/framework/system/View/View.php(198): CodeIgniter\Exceptions\FrameworkException::forInvalidFile()
#1 /home/garmaser/www/html/sac-prusuf/vendor/codeigniter4/framework/system/View/View.php(432): CodeIgniter\View\View->render()
#2 /home/garmaser/www/html/sac-prusuf/app/Views/layouts/admin.php(47): CodeIgniter\View\View->include()
#3 /home/garmaser/www/html/sac-prusuf/vendor/codeigniter4/framework/system/View/View.php(214): include('/home/garmaser/...')
#4 /home/garmaser/www/html/sac-prusuf/vendor/codeigniter4/framework/system/View/View.php(217): CodeIgniter\View\View->CodeIgniter\View\{closure}()
#5 /home/garmaser/www/html/sac-prusuf/vendor/codeigniter4/framework/system/View/View.php(230): CodeIgniter\View\View->render()
#6 /home/garmaser/www/html/sac-prusuf/vendor/codeigniter4/framework/system/Common.php(1092): CodeIgniter\View\View->render()
#7 /home/garmaser/www/html/sac-prusuf/app/Controllers/Caja.php(101): view()
#8 /home/garmaser/www/html/sac-prusuf/app/Controllers/Caja.php(51): App\Controllers\Caja->_example_output()
#9 /home/garmaser/www/html/sac-prusuf/vendor/codeigniter4/framework/system/CodeIgniter.php(802): App\Controllers\Caja->datos_postulante()
#10 /home/garmaser/www/html/sac-prusuf/vendor/codeigniter4/framework/system/CodeIgniter.php(399): CodeIgniter\CodeIgniter->runController()
#11 /home/garmaser/www/html/sac-prusuf/vendor/codeigniter4/framework/system/CodeIgniter.php(317): CodeIgniter\CodeIgniter->handleRequest()
#12 /home/garmaser/www/html/sac-prusuf/public/index.php(37): CodeIgniter\CodeIgniter->run()
#13 {main}
CRITICAL - 2021-10-18 05:11:51 --> Invalid file: layouts/menu_caja.php
#0 /home/garmaser/www/html/sac-prusuf/vendor/codeigniter4/framework/system/View/View.php(198): CodeIgniter\Exceptions\FrameworkException::forInvalidFile()
#1 /home/garmaser/www/html/sac-prusuf/vendor/codeigniter4/framework/system/View/View.php(432): CodeIgniter\View\View->render()
#2 /home/garmaser/www/html/sac-prusuf/app/Views/layouts/admin.php(47): CodeIgniter\View\View->include()
#3 /home/garmaser/www/html/sac-prusuf/vendor/codeigniter4/framework/system/View/View.php(214): include('/home/garmaser/...')
#4 /home/garmaser/www/html/sac-prusuf/vendor/codeigniter4/framework/system/View/View.php(217): CodeIgniter\View\View->CodeIgniter\View\{closure}()
#5 /home/garmaser/www/html/sac-prusuf/vendor/codeigniter4/framework/system/View/View.php(230): CodeIgniter\View\View->render()
#6 /home/garmaser/www/html/sac-prusuf/vendor/codeigniter4/framework/system/Common.php(1092): CodeIgniter\View\View->render()
#7 /home/garmaser/www/html/sac-prusuf/app/Controllers/Caja.php(101): view()
#8 /home/garmaser/www/html/sac-prusuf/app/Controllers/Caja.php(51): App\Controllers\Caja->_example_output()
#9 /home/garmaser/www/html/sac-prusuf/vendor/codeigniter4/framework/system/CodeIgniter.php(802): App\Controllers\Caja->datos_postulante()
#10 /home/garmaser/www/html/sac-prusuf/vendor/codeigniter4/framework/system/CodeIgniter.php(399): CodeIgniter\CodeIgniter->runController()
#11 /home/garmaser/www/html/sac-prusuf/vendor/codeigniter4/framework/system/CodeIgniter.php(317): CodeIgniter\CodeIgniter->handleRequest()
#12 /home/garmaser/www/html/sac-prusuf/public/index.php(37): CodeIgniter\CodeIgniter->run()
#13 {main}
CRITICAL - 2021-10-18 05:11:52 --> Invalid file: layouts/menu_caja.php
#0 /home/garmaser/www/html/sac-prusuf/vendor/codeigniter4/framework/system/View/View.php(198): CodeIgniter\Exceptions\FrameworkException::forInvalidFile()
#1 /home/garmaser/www/html/sac-prusuf/vendor/codeigniter4/framework/system/View/View.php(432): CodeIgniter\View\View->render()
#2 /home/garmaser/www/html/sac-prusuf/app/Views/layouts/admin.php(47): CodeIgniter\View\View->include()
#3 /home/garmaser/www/html/sac-prusuf/vendor/codeigniter4/framework/system/View/View.php(214): include('/home/garmaser/...')
#4 /home/garmaser/www/html/sac-prusuf/vendor/codeigniter4/framework/system/View/View.php(217): CodeIgniter\View\View->CodeIgniter\View\{closure}()
#5 /home/garmaser/www/html/sac-prusuf/vendor/codeigniter4/framework/system/View/View.php(230): CodeIgniter\View\View->render()
#6 /home/garmaser/www/html/sac-prusuf/vendor/codeigniter4/framework/system/Common.php(1092): CodeIgniter\View\View->render()
#7 /home/garmaser/www/html/sac-prusuf/app/Controllers/Caja.php(101): view()
#8 /home/garmaser/www/html/sac-prusuf/app/Controllers/Caja.php(51): App\Controllers\Caja->_example_output()
#9 /home/garmaser/www/html/sac-prusuf/vendor/codeigniter4/framework/system/CodeIgniter.php(802): App\Controllers\Caja->datos_postulante()
#10 /home/garmaser/www/html/sac-prusuf/vendor/codeigniter4/framework/system/CodeIgniter.php(399): CodeIgniter\CodeIgniter->runController()
#11 /home/garmaser/www/html/sac-prusuf/vendor/codeigniter4/framework/system/CodeIgniter.php(317): CodeIgniter\CodeIgniter->handleRequest()
#12 /home/garmaser/www/html/sac-prusuf/public/index.php(37): CodeIgniter\CodeIgniter->run()
#13 {main}
CRITICAL - 2021-10-18 22:29:40 --> Undefined index: id_inscripcion_preuniversitario
#0 /home/garmaser/www/html/sac-prusuf/app/Controllers/Caja.php(65): CodeIgniter\Debug\Exceptions->errorHandler()
#1 /home/garmaser/www/html/sac-prusuf/app/Libraries/GroceryCrudEnterprise/grocerycrud/enterprise/src/GroceryCrud/Core/State/StateAbstract.php(841): App\Controllers\Caja->App\Controllers\{closure}()
#2 /home/garmaser/www/html/sac-prusuf/app/Libraries/GroceryCrudEnterprise/grocerycrud/enterprise/src/GroceryCrud/Core/State/DatagridState.php(367): GroceryCrud\Core\State\StateAbstract->enhanceColumnResults()
#3 /home/garmaser/www/html/sac-prusuf/app/Libraries/GroceryCrudEnterprise/grocerycrud/enterprise/src/GroceryCrud/Core/GroceryCrud.php(2642): GroceryCrud\Core\State\DatagridState->render()
#4 /home/garmaser/www/html/sac-prusuf/app/Controllers/Caja.php(85): GroceryCrud\Core\GroceryCrud->render()
#5 /home/garmaser/www/html/sac-prusuf/vendor/codeigniter4/framework/system/CodeIgniter.php(802): App\Controllers\Caja->ventas()
#6 /home/garmaser/www/html/sac-prusuf/vendor/codeigniter4/framework/system/CodeIgniter.php(399): CodeIgniter\CodeIgniter->runController()
#7 /home/garmaser/www/html/sac-prusuf/vendor/codeigniter4/framework/system/CodeIgniter.php(317): CodeIgniter\CodeIgniter->handleRequest()
#8 /home/garmaser/www/html/sac-prusuf/public/index.php(37): CodeIgniter\CodeIgniter->run()
#9 {main}
CRITICAL - 2021-10-18 22:31:08 --> Too few arguments to function App\Controllers\Caja::ventas(), 0 passed in /home/garmaser/www/html/sac-prusuf/vendor/codeigniter4/framework/system/CodeIgniter.php on line 802 and exactly 1 expected
#0 /home/garmaser/www/html/sac-prusuf/vendor/codeigniter4/framework/system/CodeIgniter.php(802): App\Controllers\Caja->ventas()
#1 /home/garmaser/www/html/sac-prusuf/vendor/codeigniter4/framework/system/CodeIgniter.php(399): CodeIgniter\CodeIgniter->runController()
#2 /home/garmaser/www/html/sac-prusuf/vendor/codeigniter4/framework/system/CodeIgniter.php(317): CodeIgniter\CodeIgniter->handleRequest()
#3 /home/garmaser/www/html/sac-prusuf/public/index.php(37): CodeIgniter\CodeIgniter->run()
#4 {main}
CRITICAL - 2021-10-18 22:51:55 --> Too few arguments to function App\Controllers\Caja::ventas(), 0 passed in /home/garmaser/www/html/sac-prusuf/vendor/codeigniter4/framework/system/CodeIgniter.php on line 802 and exactly 1 expected
#0 /home/garmaser/www/html/sac-prusuf/vendor/codeigniter4/framework/system/CodeIgniter.php(802): App\Controllers\Caja->ventas()
#1 /home/garmaser/www/html/sac-prusuf/vendor/codeigniter4/framework/system/CodeIgniter.php(399): CodeIgniter\CodeIgniter->runController()
#2 /home/garmaser/www/html/sac-prusuf/vendor/codeigniter4/framework/system/CodeIgniter.php(317): CodeIgniter\CodeIgniter->handleRequest()
#3 /home/garmaser/www/html/sac-prusuf/public/index.php(37): CodeIgniter\CodeIgniter->run()
#4 {main}
CRITICAL - 2021-10-18 23:17:46 --> View themes, no current section.
#0 /home/garmaser/www/html/sac-prusuf/app/Views/grocerycrud.php(86): CodeIgniter\View\View->endSection()
#1 /home/garmaser/www/html/sac-prusuf/vendor/codeigniter4/framework/system/View/View.php(214): include('/home/garmaser/...')
#2 /home/garmaser/www/html/sac-prusuf/vendor/codeigniter4/framework/system/View/View.php(217): CodeIgniter\View\View->CodeIgniter\View\{closure}()
#3 /home/garmaser/www/html/sac-prusuf/vendor/codeigniter4/framework/system/Common.php(1092): CodeIgniter\View\View->render()
#4 /home/garmaser/www/html/sac-prusuf/app/Controllers/Caja.php(104): view()
#5 /home/garmaser/www/html/sac-prusuf/app/Controllers/Caja.php(87): App\Controllers\Caja->_example_output()
#6 /home/garmaser/www/html/sac-prusuf/vendor/codeigniter4/framework/system/CodeIgniter.php(802): App\Controllers\Caja->ventas()
#7 /home/garmaser/www/html/sac-prusuf/vendor/codeigniter4/framework/system/CodeIgniter.php(399): CodeIgniter\CodeIgniter->runController()
#8 /home/garmaser/www/html/sac-prusuf/vendor/codeigniter4/framework/system/CodeIgniter.php(317): CodeIgniter\CodeIgniter->handleRequest()
#9 /home/garmaser/www/html/sac-prusuf/public/index.php(37): CodeIgniter\CodeIgniter->run()
#10 {main}
CRITICAL - 2021-10-18 23:18:02 --> Too few arguments to function App\Controllers\Caja::ventas(), 0 passed in /home/garmaser/www/html/sac-prusuf/vendor/codeigniter4/framework/system/CodeIgniter.php on line 802 and exactly 1 expected
#0 /home/garmaser/www/html/sac-prusuf/vendor/codeigniter4/framework/system/CodeIgniter.php(802): App\Controllers\Caja->ventas()
#1 /home/garmaser/www/html/sac-prusuf/vendor/codeigniter4/framework/system/CodeIgniter.php(399): CodeIgniter\CodeIgniter->runController()
#2 /home/garmaser/www/html/sac-prusuf/vendor/codeigniter4/framework/system/CodeIgniter.php(317): CodeIgniter\CodeIgniter->handleRequest()
#3 /home/garmaser/www/html/sac-prusuf/public/index.php(37): CodeIgniter\CodeIgniter->run()
#4 {main}
CRITICAL - 2021-10-18 23:18:21 --> View themes, no current section.
#0 /home/garmaser/www/html/sac-prusuf/app/Views/grocerycrud.php(86): CodeIgniter\View\View->endSection()
#1 /home/garmaser/www/html/sac-prusuf/vendor/codeigniter4/framework/system/View/View.php(214): include('/home/garmaser/...')
#2 /home/garmaser/www/html/sac-prusuf/vendor/codeigniter4/framework/system/View/View.php(217): CodeIgniter\View\View->CodeIgniter\View\{closure}()
#3 /home/garmaser/www/html/sac-prusuf/vendor/codeigniter4/framework/system/Common.php(1092): CodeIgniter\View\View->render()
#4 /home/garmaser/www/html/sac-prusuf/app/Controllers/Caja.php(104): view()
#5 /home/garmaser/www/html/sac-prusuf/app/Controllers/Caja.php(51): App\Controllers\Caja->_example_output()
#6 /home/garmaser/www/html/sac-prusuf/vendor/codeigniter4/framework/system/CodeIgniter.php(802): App\Controllers\Caja->datos_postulante()
#7 /home/garmaser/www/html/sac-prusuf/vendor/codeigniter4/framework/system/CodeIgniter.php(399): CodeIgniter\CodeIgniter->runController()
#8 /home/garmaser/www/html/sac-prusuf/vendor/codeigniter4/framework/system/CodeIgniter.php(317): CodeIgniter\CodeIgniter->handleRequest()
#9 /home/garmaser/www/html/sac-prusuf/public/index.php(37): CodeIgniter\CodeIgniter->run()
#10 {main}
CRITICAL - 2021-10-18 23:18:49 --> View themes, no current section.
#0 /home/garmaser/www/html/sac-prusuf/app/Views/grocerycrud.php(76): CodeIgniter\View\View->endSection()
#1 /home/garmaser/www/html/sac-prusuf/vendor/codeigniter4/framework/system/View/View.php(214): include('/home/garmaser/...')
#2 /home/garmaser/www/html/sac-prusuf/vendor/codeigniter4/framework/system/View/View.php(217): CodeIgniter\View\View->CodeIgniter\View\{closure}()
#3 /home/garmaser/www/html/sac-prusuf/vendor/codeigniter4/framework/system/Common.php(1092): CodeIgniter\View\View->render()
#4 /home/garmaser/www/html/sac-prusuf/app/Controllers/Caja.php(104): view()
#5 /home/garmaser/www/html/sac-prusuf/app/Controllers/Caja.php(51): App\Controllers\Caja->_example_output()
#6 /home/garmaser/www/html/sac-prusuf/vendor/codeigniter4/framework/system/CodeIgniter.php(802): App\Controllers\Caja->datos_postulante()
#7 /home/garmaser/www/html/sac-prusuf/vendor/codeigniter4/framework/system/CodeIgniter.php(399): CodeIgniter\CodeIgniter->runController()
#8 /home/garmaser/www/html/sac-prusuf/vendor/codeigniter4/framework/system/CodeIgniter.php(317): CodeIgniter\CodeIgniter->handleRequest()
#9 /home/garmaser/www/html/sac-prusuf/public/index.php(37): CodeIgniter\CodeIgniter->run()
#10 {main}
