CRITICAL - 2021-10-16 09:29:13 --> Class 'setasign\Fpdi\Fpdi' not found
#0 /home/garmaser/www/html/sac-prusuf/vendor/codeigniter4/framework/system/Autoloader/Autoloader.php(264): include_once()
#1 /home/garmaser/www/html/sac-prusuf/vendor/codeigniter4/framework/system/Autoloader/Autoloader.php(241): CodeIgniter\Autoloader\Autoloader->includeFile()
#2 /home/garmaser/www/html/sac-prusuf/vendor/codeigniter4/framework/system/Autoloader/Autoloader.php(219): CodeIgniter\Autoloader\Autoloader->loadInNamespace()
#3 [internal function]: CodeIgniter\Autoloader\Autoloader->loadClass()
#4 /home/garmaser/www/html/sac-prusuf/app/Libraries/reportes/Factura.php(8): spl_autoload_call()
#5 /home/garmaser/www/html/sac-prusuf/vendor/codeigniter4/framework/system/Autoloader/Autoloader.php(264): include_once('/home/garmaser/...')
#6 /home/garmaser/www/html/sac-prusuf/vendor/codeigniter4/framework/system/Autoloader/Autoloader.php(241): CodeIgniter\Autoloader\Autoloader->includeFile()
#7 /home/garmaser/www/html/sac-prusuf/vendor/codeigniter4/framework/system/Autoloader/Autoloader.php(219): CodeIgniter\Autoloader\Autoloader->loadInNamespace()
#8 [internal function]: CodeIgniter\Autoloader\Autoloader->loadClass()
#9 /home/garmaser/www/html/sac-prusuf/app/Controllers/Reportes.php(19): spl_autoload_call()
#10 /home/garmaser/www/html/sac-prusuf/vendor/codeigniter4/framework/system/CodeIgniter.php(802): App\Controllers\Reportes->factura()
#11 /home/garmaser/www/html/sac-prusuf/vendor/codeigniter4/framework/system/CodeIgniter.php(399): CodeIgniter\CodeIgniter->runController()
#12 /home/garmaser/www/html/sac-prusuf/vendor/codeigniter4/framework/system/CodeIgniter.php(317): CodeIgniter\CodeIgniter->handleRequest()
#13 /home/garmaser/www/html/sac-prusuf/public/index.php(37): CodeIgniter\CodeIgniter->run()
#14 {main}
CRITICAL - 2021-10-16 09:31:19 --> Class 'setasign\Fpdi\Fpdi' not found
#0 /home/garmaser/www/html/sac-prusuf/vendor/codeigniter4/framework/system/Autoloader/Autoloader.php(264): include_once()
#1 /home/garmaser/www/html/sac-prusuf/vendor/codeigniter4/framework/system/Autoloader/Autoloader.php(241): CodeIgniter\Autoloader\Autoloader->includeFile()
#2 /home/garmaser/www/html/sac-prusuf/vendor/codeigniter4/framework/system/Autoloader/Autoloader.php(219): CodeIgniter\Autoloader\Autoloader->loadInNamespace()
#3 [internal function]: CodeIgniter\Autoloader\Autoloader->loadClass()
#4 /home/garmaser/www/html/sac-prusuf/app/Libraries/reportes/Factura.php(8): spl_autoload_call()
#5 /home/garmaser/www/html/sac-prusuf/vendor/codeigniter4/framework/system/Autoloader/Autoloader.php(264): include_once('/home/garmaser/...')
#6 /home/garmaser/www/html/sac-prusuf/vendor/codeigniter4/framework/system/Autoloader/Autoloader.php(241): CodeIgniter\Autoloader\Autoloader->includeFile()
#7 /home/garmaser/www/html/sac-prusuf/vendor/codeigniter4/framework/system/Autoloader/Autoloader.php(219): CodeIgniter\Autoloader\Autoloader->loadInNamespace()
#8 [internal function]: CodeIgniter\Autoloader\Autoloader->loadClass()
#9 /home/garmaser/www/html/sac-prusuf/app/Controllers/Reportes.php(19): spl_autoload_call()
#10 /home/garmaser/www/html/sac-prusuf/vendor/codeigniter4/framework/system/CodeIgniter.php(802): App\Controllers\Reportes->factura()
#11 /home/garmaser/www/html/sac-prusuf/vendor/codeigniter4/framework/system/CodeIgniter.php(399): CodeIgniter\CodeIgniter->runController()
#12 /home/garmaser/www/html/sac-prusuf/vendor/codeigniter4/framework/system/CodeIgniter.php(317): CodeIgniter\CodeIgniter->handleRequest()
#13 /home/garmaser/www/html/sac-prusuf/public/index.php(37): CodeIgniter\CodeIgniter->run()
#14 {main}
CRITICAL - 2021-10-16 09:37:09 --> Class 'setasign\Fpdi\Fpdi' not found
#0 /home/garmaser/www/html/sac-prusuf/vendor/codeigniter4/framework/system/Autoloader/Autoloader.php(264): include_once()
#1 /home/garmaser/www/html/sac-prusuf/vendor/codeigniter4/framework/system/Autoloader/Autoloader.php(241): CodeIgniter\Autoloader\Autoloader->includeFile()
#2 /home/garmaser/www/html/sac-prusuf/vendor/codeigniter4/framework/system/Autoloader/Autoloader.php(219): CodeIgniter\Autoloader\Autoloader->loadInNamespace()
#3 [internal function]: CodeIgniter\Autoloader\Autoloader->loadClass()
#4 /home/garmaser/www/html/sac-prusuf/app/Libraries/reportes/Factura.php(8): spl_autoload_call()
#5 /home/garmaser/www/html/sac-prusuf/vendor/codeigniter4/framework/system/Autoloader/Autoloader.php(264): include_once('/home/garmaser/...')
#6 /home/garmaser/www/html/sac-prusuf/vendor/codeigniter4/framework/system/Autoloader/Autoloader.php(241): CodeIgniter\Autoloader\Autoloader->includeFile()
#7 /home/garmaser/www/html/sac-prusuf/vendor/codeigniter4/framework/system/Autoloader/Autoloader.php(219): CodeIgniter\Autoloader\Autoloader->loadInNamespace()
#8 [internal function]: CodeIgniter\Autoloader\Autoloader->loadClass()
#9 /home/garmaser/www/html/sac-prusuf/app/Controllers/Reportes.php(19): spl_autoload_call()
#10 /home/garmaser/www/html/sac-prusuf/vendor/codeigniter4/framework/system/CodeIgniter.php(802): App\Controllers\Reportes->factura()
#11 /home/garmaser/www/html/sac-prusuf/vendor/codeigniter4/framework/system/CodeIgniter.php(399): CodeIgniter\CodeIgniter->runController()
#12 /home/garmaser/www/html/sac-prusuf/vendor/codeigniter4/framework/system/CodeIgniter.php(317): CodeIgniter\CodeIgniter->handleRequest()
#13 /home/garmaser/www/html/sac-prusuf/public/index.php(37): CodeIgniter\CodeIgniter->run()
#14 {main}
CRITICAL - 2021-10-16 09:37:11 --> Class 'setasign\Fpdi\Fpdi' not found
#0 /home/garmaser/www/html/sac-prusuf/vendor/codeigniter4/framework/system/Autoloader/Autoloader.php(264): include_once()
#1 /home/garmaser/www/html/sac-prusuf/vendor/codeigniter4/framework/system/Autoloader/Autoloader.php(241): CodeIgniter\Autoloader\Autoloader->includeFile()
#2 /home/garmaser/www/html/sac-prusuf/vendor/codeigniter4/framework/system/Autoloader/Autoloader.php(219): CodeIgniter\Autoloader\Autoloader->loadInNamespace()
#3 [internal function]: CodeIgniter\Autoloader\Autoloader->loadClass()
#4 /home/garmaser/www/html/sac-prusuf/app/Libraries/reportes/Factura.php(8): spl_autoload_call()
#5 /home/garmaser/www/html/sac-prusuf/vendor/codeigniter4/framework/system/Autoloader/Autoloader.php(264): include_once('/home/garmaser/...')
#6 /home/garmaser/www/html/sac-prusuf/vendor/codeigniter4/framework/system/Autoloader/Autoloader.php(241): CodeIgniter\Autoloader\Autoloader->includeFile()
#7 /home/garmaser/www/html/sac-prusuf/vendor/codeigniter4/framework/system/Autoloader/Autoloader.php(219): CodeIgniter\Autoloader\Autoloader->loadInNamespace()
#8 [internal function]: CodeIgniter\Autoloader\Autoloader->loadClass()
#9 /home/garmaser/www/html/sac-prusuf/app/Controllers/Reportes.php(19): spl_autoload_call()
#10 /home/garmaser/www/html/sac-prusuf/vendor/codeigniter4/framework/system/CodeIgniter.php(802): App\Controllers\Reportes->factura()
#11 /home/garmaser/www/html/sac-prusuf/vendor/codeigniter4/framework/system/CodeIgniter.php(399): CodeIgniter\CodeIgniter->runController()
#12 /home/garmaser/www/html/sac-prusuf/vendor/codeigniter4/framework/system/CodeIgniter.php(317): CodeIgniter\CodeIgniter->handleRequest()
#13 /home/garmaser/www/html/sac-prusuf/public/index.php(37): CodeIgniter\CodeIgniter->run()
#14 {main}
CRITICAL - 2021-10-16 09:37:16 --> Class 'setasign\Fpdi\Fpdi' not found
#0 /home/garmaser/www/html/sac-prusuf/vendor/codeigniter4/framework/system/Autoloader/Autoloader.php(264): include_once()
#1 /home/garmaser/www/html/sac-prusuf/vendor/codeigniter4/framework/system/Autoloader/Autoloader.php(241): CodeIgniter\Autoloader\Autoloader->includeFile()
#2 /home/garmaser/www/html/sac-prusuf/vendor/codeigniter4/framework/system/Autoloader/Autoloader.php(219): CodeIgniter\Autoloader\Autoloader->loadInNamespace()
#3 [internal function]: CodeIgniter\Autoloader\Autoloader->loadClass()
#4 /home/garmaser/www/html/sac-prusuf/app/Libraries/reportes/Factura.php(8): spl_autoload_call()
#5 /home/garmaser/www/html/sac-prusuf/vendor/codeigniter4/framework/system/Autoloader/Autoloader.php(264): include_once('/home/garmaser/...')
#6 /home/garmaser/www/html/sac-prusuf/vendor/codeigniter4/framework/system/Autoloader/Autoloader.php(241): CodeIgniter\Autoloader\Autoloader->includeFile()
#7 /home/garmaser/www/html/sac-prusuf/vendor/codeigniter4/framework/system/Autoloader/Autoloader.php(219): CodeIgniter\Autoloader\Autoloader->loadInNamespace()
#8 [internal function]: CodeIgniter\Autoloader\Autoloader->loadClass()
#9 /home/garmaser/www/html/sac-prusuf/app/Controllers/Reportes.php(19): spl_autoload_call()
#10 /home/garmaser/www/html/sac-prusuf/vendor/codeigniter4/framework/system/CodeIgniter.php(802): App\Controllers\Reportes->factura()
#11 /home/garmaser/www/html/sac-prusuf/vendor/codeigniter4/framework/system/CodeIgniter.php(399): CodeIgniter\CodeIgniter->runController()
#12 /home/garmaser/www/html/sac-prusuf/vendor/codeigniter4/framework/system/CodeIgniter.php(317): CodeIgniter\CodeIgniter->handleRequest()
#13 /home/garmaser/www/html/sac-prusuf/public/index.php(37): CodeIgniter\CodeIgniter->run()
#14 {main}
CRITICAL - 2021-10-16 10:06:41 --> Class 'App\Libraries\reportes\easyTable' not found
#0 /home/garmaser/www/html/sac-prusuf/app/Controllers/Reportes.php(20): App\Libraries\reportes\Factura->reporte()
#1 /home/garmaser/www/html/sac-prusuf/vendor/codeigniter4/framework/system/CodeIgniter.php(802): App\Controllers\Reportes->factura()
#2 /home/garmaser/www/html/sac-prusuf/vendor/codeigniter4/framework/system/CodeIgniter.php(399): CodeIgniter\CodeIgniter->runController()
#3 /home/garmaser/www/html/sac-prusuf/vendor/codeigniter4/framework/system/CodeIgniter.php(317): CodeIgniter\CodeIgniter->handleRequest()
#4 /home/garmaser/www/html/sac-prusuf/public/index.php(37): CodeIgniter\CodeIgniter->run()
#5 {main}
CRITICAL - 2021-10-16 10:07:25 --> Too few arguments to function App\Libraries\reportes\Historial::reporte(), 0 passed in /home/garmaser/www/html/sac-prusuf/app/Controllers/Reportes.php on line 26 and exactly 1 expected
#0 /home/garmaser/www/html/sac-prusuf/app/Controllers/Reportes.php(26): App\Libraries\reportes\Historial->reporte()
#1 /home/garmaser/www/html/sac-prusuf/vendor/codeigniter4/framework/system/CodeIgniter.php(802): App\Controllers\Reportes->historial()
#2 /home/garmaser/www/html/sac-prusuf/vendor/codeigniter4/framework/system/CodeIgniter.php(399): CodeIgniter\CodeIgniter->runController()
#3 /home/garmaser/www/html/sac-prusuf/vendor/codeigniter4/framework/system/CodeIgniter.php(317): CodeIgniter\CodeIgniter->handleRequest()
#4 /home/garmaser/www/html/sac-prusuf/public/index.php(37): CodeIgniter\CodeIgniter->run()
#5 {main}
CRITICAL - 2021-10-16 10:07:52 --> Call to a member function find() on null
#0 /home/garmaser/www/html/sac-prusuf/app/Controllers/Reportes.php(26): App\Libraries\reportes\Historial->reporte()
#1 /home/garmaser/www/html/sac-prusuf/vendor/codeigniter4/framework/system/CodeIgniter.php(802): App\Controllers\Reportes->historial()
#2 /home/garmaser/www/html/sac-prusuf/vendor/codeigniter4/framework/system/CodeIgniter.php(399): CodeIgniter\CodeIgniter->runController()
#3 /home/garmaser/www/html/sac-prusuf/vendor/codeigniter4/framework/system/CodeIgniter.php(317): CodeIgniter\CodeIgniter->handleRequest()
#4 /home/garmaser/www/html/sac-prusuf/public/index.php(37): CodeIgniter\CodeIgniter->run()
#5 {main}
CRITICAL - 2021-10-16 10:08:22 --> Too few arguments to function App\Libraries\reportes\Contrato::reporte(), 0 passed in /home/garmaser/www/html/sac-prusuf/app/Controllers/Reportes.php on line 14 and exactly 1 expected
#0 /home/garmaser/www/html/sac-prusuf/app/Controllers/Reportes.php(14): App\Libraries\reportes\Contrato->reporte()
#1 /home/garmaser/www/html/sac-prusuf/vendor/codeigniter4/framework/system/CodeIgniter.php(802): App\Controllers\Reportes->contrato()
#2 /home/garmaser/www/html/sac-prusuf/vendor/codeigniter4/framework/system/CodeIgniter.php(399): CodeIgniter\CodeIgniter->runController()
#3 /home/garmaser/www/html/sac-prusuf/vendor/codeigniter4/framework/system/CodeIgniter.php(317): CodeIgniter\CodeIgniter->handleRequest()
#4 /home/garmaser/www/html/sac-prusuf/public/index.php(37): CodeIgniter\CodeIgniter->run()
#5 {main}
CRITICAL - 2021-10-16 10:43:43 --> Class 'FPDF' not found
#0 /home/garmaser/www/html/sac-prusuf/vendor/codeigniter4/framework/system/Autoloader/Autoloader.php(264): include_once()
#1 /home/garmaser/www/html/sac-prusuf/vendor/codeigniter4/framework/system/Autoloader/Autoloader.php(241): CodeIgniter\Autoloader\Autoloader->includeFile()
#2 /home/garmaser/www/html/sac-prusuf/vendor/codeigniter4/framework/system/Autoloader/Autoloader.php(219): CodeIgniter\Autoloader\Autoloader->loadInNamespace()
#3 [internal function]: CodeIgniter\Autoloader\Autoloader->loadClass()
#4 /home/garmaser/www/html/sac-prusuf/vendor/setasign/fpdi/src/Fpdi.php(23): spl_autoload_call()
#5 /home/garmaser/www/html/sac-prusuf/vendor/codeigniter4/framework/system/Autoloader/Autoloader.php(264): include_once('/home/garmaser/...')
#6 /home/garmaser/www/html/sac-prusuf/vendor/codeigniter4/framework/system/Autoloader/Autoloader.php(241): CodeIgniter\Autoloader\Autoloader->includeFile()
#7 /home/garmaser/www/html/sac-prusuf/vendor/codeigniter4/framework/system/Autoloader/Autoloader.php(219): CodeIgniter\Autoloader\Autoloader->loadInNamespace()
#8 [internal function]: CodeIgniter\Autoloader\Autoloader->loadClass()
#9 /home/garmaser/www/html/sac-prusuf/app/Libraries/reportes/easytable/exfpdf.php(13): spl_autoload_call()
#10 /home/garmaser/www/html/sac-prusuf/vendor/codeigniter4/framework/system/Autoloader/Autoloader.php(264): include_once('/home/garmaser/...')
#11 /home/garmaser/www/html/sac-prusuf/vendor/codeigniter4/framework/system/Autoloader/Autoloader.php(241): CodeIgniter\Autoloader\Autoloader->includeFile()
#12 /home/garmaser/www/html/sac-prusuf/vendor/codeigniter4/framework/system/Autoloader/Autoloader.php(219): CodeIgniter\Autoloader\Autoloader->loadInNamespace()
#13 [internal function]: CodeIgniter\Autoloader\Autoloader->loadClass()
#14 /home/garmaser/www/html/sac-prusuf/app/Libraries/reportes/Factura.php(8): spl_autoload_call()
#15 /home/garmaser/www/html/sac-prusuf/vendor/codeigniter4/framework/system/Autoloader/Autoloader.php(264): include_once('/home/garmaser/...')
#16 /home/garmaser/www/html/sac-prusuf/vendor/codeigniter4/framework/system/Autoloader/Autoloader.php(241): CodeIgniter\Autoloader\Autoloader->includeFile()
#17 /home/garmaser/www/html/sac-prusuf/vendor/codeigniter4/framework/system/Autoloader/Autoloader.php(219): CodeIgniter\Autoloader\Autoloader->loadInNamespace()
#18 [internal function]: CodeIgniter\Autoloader\Autoloader->loadClass()
#19 /home/garmaser/www/html/sac-prusuf/app/Controllers/Reportes.php(19): spl_autoload_call()
#20 /home/garmaser/www/html/sac-prusuf/vendor/codeigniter4/framework/system/CodeIgniter.php(802): App\Controllers\Reportes->factura()
#21 /home/garmaser/www/html/sac-prusuf/vendor/codeigniter4/framework/system/CodeIgniter.php(399): CodeIgniter\CodeIgniter->runController()
#22 /home/garmaser/www/html/sac-prusuf/vendor/codeigniter4/framework/system/CodeIgniter.php(317): CodeIgniter\CodeIgniter->handleRequest()
#23 /home/garmaser/www/html/sac-prusuf/public/index.php(37): CodeIgniter\CodeIgniter->run()
#24 {main}
CRITICAL - 2021-10-16 10:57:48 --> Class 'FPDF' not found
#0 /home/garmaser/www/html/sac-prusuf/vendor/codeigniter4/framework/system/Autoloader/Autoloader.php(264): include_once()
#1 /home/garmaser/www/html/sac-prusuf/vendor/codeigniter4/framework/system/Autoloader/Autoloader.php(241): CodeIgniter\Autoloader\Autoloader->includeFile()
#2 /home/garmaser/www/html/sac-prusuf/vendor/codeigniter4/framework/system/Autoloader/Autoloader.php(219): CodeIgniter\Autoloader\Autoloader->loadInNamespace()
#3 [internal function]: CodeIgniter\Autoloader\Autoloader->loadClass()
#4 /home/garmaser/www/html/sac-prusuf/vendor/setasign/fpdi/src/Fpdi.php(23): spl_autoload_call()
#5 /home/garmaser/www/html/sac-prusuf/vendor/codeigniter4/framework/system/Autoloader/Autoloader.php(264): include_once('/home/garmaser/...')
#6 /home/garmaser/www/html/sac-prusuf/vendor/codeigniter4/framework/system/Autoloader/Autoloader.php(241): CodeIgniter\Autoloader\Autoloader->includeFile()
#7 /home/garmaser/www/html/sac-prusuf/vendor/codeigniter4/framework/system/Autoloader/Autoloader.php(219): CodeIgniter\Autoloader\Autoloader->loadInNamespace()
#8 [internal function]: CodeIgniter\Autoloader\Autoloader->loadClass()
#9 /home/garmaser/www/html/sac-prusuf/app/Libraries/reportes/easytable/exfpdf.php(13): spl_autoload_call()
#10 /home/garmaser/www/html/sac-prusuf/vendor/codeigniter4/framework/system/Autoloader/Autoloader.php(264): include_once('/home/garmaser/...')
#11 /home/garmaser/www/html/sac-prusuf/vendor/codeigniter4/framework/system/Autoloader/Autoloader.php(241): CodeIgniter\Autoloader\Autoloader->includeFile()
#12 /home/garmaser/www/html/sac-prusuf/vendor/codeigniter4/framework/system/Autoloader/Autoloader.php(219): CodeIgniter\Autoloader\Autoloader->loadInNamespace()
#13 [internal function]: CodeIgniter\Autoloader\Autoloader->loadClass()
#14 /home/garmaser/www/html/sac-prusuf/app/Libraries/reportes/Factura.php(8): spl_autoload_call()
#15 /home/garmaser/www/html/sac-prusuf/vendor/codeigniter4/framework/system/Autoloader/Autoloader.php(264): include_once('/home/garmaser/...')
#16 /home/garmaser/www/html/sac-prusuf/vendor/codeigniter4/framework/system/Autoloader/Autoloader.php(241): CodeIgniter\Autoloader\Autoloader->includeFile()
#17 /home/garmaser/www/html/sac-prusuf/vendor/codeigniter4/framework/system/Autoloader/Autoloader.php(219): CodeIgniter\Autoloader\Autoloader->loadInNamespace()
#18 [internal function]: CodeIgniter\Autoloader\Autoloader->loadClass()
#19 /home/garmaser/www/html/sac-prusuf/app/Controllers/Reportes.php(19): spl_autoload_call()
#20 /home/garmaser/www/html/sac-prusuf/vendor/codeigniter4/framework/system/CodeIgniter.php(802): App\Controllers\Reportes->factura()
#21 /home/garmaser/www/html/sac-prusuf/vendor/codeigniter4/framework/system/CodeIgniter.php(399): CodeIgniter\CodeIgniter->runController()
#22 /home/garmaser/www/html/sac-prusuf/vendor/codeigniter4/framework/system/CodeIgniter.php(317): CodeIgniter\CodeIgniter->handleRequest()
#23 /home/garmaser/www/html/sac-prusuf/public/index.php(37): CodeIgniter\CodeIgniter->run()
#24 {main}
CRITICAL - 2021-10-16 10:57:51 --> Class 'FPDF' not found
#0 /home/garmaser/www/html/sac-prusuf/vendor/codeigniter4/framework/system/Autoloader/Autoloader.php(264): include_once()
#1 /home/garmaser/www/html/sac-prusuf/vendor/codeigniter4/framework/system/Autoloader/Autoloader.php(241): CodeIgniter\Autoloader\Autoloader->includeFile()
#2 /home/garmaser/www/html/sac-prusuf/vendor/codeigniter4/framework/system/Autoloader/Autoloader.php(219): CodeIgniter\Autoloader\Autoloader->loadInNamespace()
#3 [internal function]: CodeIgniter\Autoloader\Autoloader->loadClass()
#4 /home/garmaser/www/html/sac-prusuf/vendor/setasign/fpdi/src/Fpdi.php(23): spl_autoload_call()
#5 /home/garmaser/www/html/sac-prusuf/vendor/codeigniter4/framework/system/Autoloader/Autoloader.php(264): include_once('/home/garmaser/...')
#6 /home/garmaser/www/html/sac-prusuf/vendor/codeigniter4/framework/system/Autoloader/Autoloader.php(241): CodeIgniter\Autoloader\Autoloader->includeFile()
#7 /home/garmaser/www/html/sac-prusuf/vendor/codeigniter4/framework/system/Autoloader/Autoloader.php(219): CodeIgniter\Autoloader\Autoloader->loadInNamespace()
#8 [internal function]: CodeIgniter\Autoloader\Autoloader->loadClass()
#9 /home/garmaser/www/html/sac-prusuf/app/Libraries/reportes/easytable/exfpdf.php(13): spl_autoload_call()
#10 /home/garmaser/www/html/sac-prusuf/vendor/codeigniter4/framework/system/Autoloader/Autoloader.php(264): include_once('/home/garmaser/...')
#11 /home/garmaser/www/html/sac-prusuf/vendor/codeigniter4/framework/system/Autoloader/Autoloader.php(241): CodeIgniter\Autoloader\Autoloader->includeFile()
#12 /home/garmaser/www/html/sac-prusuf/vendor/codeigniter4/framework/system/Autoloader/Autoloader.php(219): CodeIgniter\Autoloader\Autoloader->loadInNamespace()
#13 [internal function]: CodeIgniter\Autoloader\Autoloader->loadClass()
#14 /home/garmaser/www/html/sac-prusuf/app/Libraries/reportes/Factura.php(8): spl_autoload_call()
#15 /home/garmaser/www/html/sac-prusuf/vendor/codeigniter4/framework/system/Autoloader/Autoloader.php(264): include_once('/home/garmaser/...')
#16 /home/garmaser/www/html/sac-prusuf/vendor/codeigniter4/framework/system/Autoloader/Autoloader.php(241): CodeIgniter\Autoloader\Autoloader->includeFile()
#17 /home/garmaser/www/html/sac-prusuf/vendor/codeigniter4/framework/system/Autoloader/Autoloader.php(219): CodeIgniter\Autoloader\Autoloader->loadInNamespace()
#18 [internal function]: CodeIgniter\Autoloader\Autoloader->loadClass()
#19 /home/garmaser/www/html/sac-prusuf/app/Controllers/Reportes.php(19): spl_autoload_call()
#20 /home/garmaser/www/html/sac-prusuf/vendor/codeigniter4/framework/system/CodeIgniter.php(802): App\Controllers\Reportes->factura()
#21 /home/garmaser/www/html/sac-prusuf/vendor/codeigniter4/framework/system/CodeIgniter.php(399): CodeIgniter\CodeIgniter->runController()
#22 /home/garmaser/www/html/sac-prusuf/vendor/codeigniter4/framework/system/CodeIgniter.php(317): CodeIgniter\CodeIgniter->handleRequest()
#23 /home/garmaser/www/html/sac-prusuf/public/index.php(37): CodeIgniter\CodeIgniter->run()
#24 {main}
CRITICAL - 2021-10-16 10:57:51 --> Class 'FPDF' not found
#0 /home/garmaser/www/html/sac-prusuf/vendor/codeigniter4/framework/system/Autoloader/Autoloader.php(264): include_once()
#1 /home/garmaser/www/html/sac-prusuf/vendor/codeigniter4/framework/system/Autoloader/Autoloader.php(241): CodeIgniter\Autoloader\Autoloader->includeFile()
#2 /home/garmaser/www/html/sac-prusuf/vendor/codeigniter4/framework/system/Autoloader/Autoloader.php(219): CodeIgniter\Autoloader\Autoloader->loadInNamespace()
#3 [internal function]: CodeIgniter\Autoloader\Autoloader->loadClass()
#4 /home/garmaser/www/html/sac-prusuf/vendor/setasign/fpdi/src/Fpdi.php(23): spl_autoload_call()
#5 /home/garmaser/www/html/sac-prusuf/vendor/codeigniter4/framework/system/Autoloader/Autoloader.php(264): include_once('/home/garmaser/...')
#6 /home/garmaser/www/html/sac-prusuf/vendor/codeigniter4/framework/system/Autoloader/Autoloader.php(241): CodeIgniter\Autoloader\Autoloader->includeFile()
#7 /home/garmaser/www/html/sac-prusuf/vendor/codeigniter4/framework/system/Autoloader/Autoloader.php(219): CodeIgniter\Autoloader\Autoloader->loadInNamespace()
#8 [internal function]: CodeIgniter\Autoloader\Autoloader->loadClass()
#9 /home/garmaser/www/html/sac-prusuf/app/Libraries/reportes/easytable/exfpdf.php(13): spl_autoload_call()
#10 /home/garmaser/www/html/sac-prusuf/vendor/codeigniter4/framework/system/Autoloader/Autoloader.php(264): include_once('/home/garmaser/...')
#11 /home/garmaser/www/html/sac-prusuf/vendor/codeigniter4/framework/system/Autoloader/Autoloader.php(241): CodeIgniter\Autoloader\Autoloader->includeFile()
#12 /home/garmaser/www/html/sac-prusuf/vendor/codeigniter4/framework/system/Autoloader/Autoloader.php(219): CodeIgniter\Autoloader\Autoloader->loadInNamespace()
#13 [internal function]: CodeIgniter\Autoloader\Autoloader->loadClass()
#14 /home/garmaser/www/html/sac-prusuf/app/Libraries/reportes/Factura.php(8): spl_autoload_call()
#15 /home/garmaser/www/html/sac-prusuf/vendor/codeigniter4/framework/system/Autoloader/Autoloader.php(264): include_once('/home/garmaser/...')
#16 /home/garmaser/www/html/sac-prusuf/vendor/codeigniter4/framework/system/Autoloader/Autoloader.php(241): CodeIgniter\Autoloader\Autoloader->includeFile()
#17 /home/garmaser/www/html/sac-prusuf/vendor/codeigniter4/framework/system/Autoloader/Autoloader.php(219): CodeIgniter\Autoloader\Autoloader->loadInNamespace()
#18 [internal function]: CodeIgniter\Autoloader\Autoloader->loadClass()
#19 /home/garmaser/www/html/sac-prusuf/app/Controllers/Reportes.php(19): spl_autoload_call()
#20 /home/garmaser/www/html/sac-prusuf/vendor/codeigniter4/framework/system/CodeIgniter.php(802): App\Controllers\Reportes->factura()
#21 /home/garmaser/www/html/sac-prusuf/vendor/codeigniter4/framework/system/CodeIgniter.php(399): CodeIgniter\CodeIgniter->runController()
#22 /home/garmaser/www/html/sac-prusuf/vendor/codeigniter4/framework/system/CodeIgniter.php(317): CodeIgniter\CodeIgniter->handleRequest()
#23 /home/garmaser/www/html/sac-prusuf/public/index.php(37): CodeIgniter\CodeIgniter->run()
#24 {main}
CRITICAL - 2021-10-16 10:57:52 --> Class 'FPDF' not found
#0 /home/garmaser/www/html/sac-prusuf/vendor/codeigniter4/framework/system/Autoloader/Autoloader.php(264): include_once()
#1 /home/garmaser/www/html/sac-prusuf/vendor/codeigniter4/framework/system/Autoloader/Autoloader.php(241): CodeIgniter\Autoloader\Autoloader->includeFile()
#2 /home/garmaser/www/html/sac-prusuf/vendor/codeigniter4/framework/system/Autoloader/Autoloader.php(219): CodeIgniter\Autoloader\Autoloader->loadInNamespace()
#3 [internal function]: CodeIgniter\Autoloader\Autoloader->loadClass()
#4 /home/garmaser/www/html/sac-prusuf/vendor/setasign/fpdi/src/Fpdi.php(23): spl_autoload_call()
#5 /home/garmaser/www/html/sac-prusuf/vendor/codeigniter4/framework/system/Autoloader/Autoloader.php(264): include_once('/home/garmaser/...')
#6 /home/garmaser/www/html/sac-prusuf/vendor/codeigniter4/framework/system/Autoloader/Autoloader.php(241): CodeIgniter\Autoloader\Autoloader->includeFile()
#7 /home/garmaser/www/html/sac-prusuf/vendor/codeigniter4/framework/system/Autoloader/Autoloader.php(219): CodeIgniter\Autoloader\Autoloader->loadInNamespace()
#8 [internal function]: CodeIgniter\Autoloader\Autoloader->loadClass()
#9 /home/garmaser/www/html/sac-prusuf/app/Libraries/reportes/easytable/exfpdf.php(13): spl_autoload_call()
#10 /home/garmaser/www/html/sac-prusuf/vendor/codeigniter4/framework/system/Autoloader/Autoloader.php(264): include_once('/home/garmaser/...')
#11 /home/garmaser/www/html/sac-prusuf/vendor/codeigniter4/framework/system/Autoloader/Autoloader.php(241): CodeIgniter\Autoloader\Autoloader->includeFile()
#12 /home/garmaser/www/html/sac-prusuf/vendor/codeigniter4/framework/system/Autoloader/Autoloader.php(219): CodeIgniter\Autoloader\Autoloader->loadInNamespace()
#13 [internal function]: CodeIgniter\Autoloader\Autoloader->loadClass()
#14 /home/garmaser/www/html/sac-prusuf/app/Libraries/reportes/Factura.php(8): spl_autoload_call()
#15 /home/garmaser/www/html/sac-prusuf/vendor/codeigniter4/framework/system/Autoloader/Autoloader.php(264): include_once('/home/garmaser/...')
#16 /home/garmaser/www/html/sac-prusuf/vendor/codeigniter4/framework/system/Autoloader/Autoloader.php(241): CodeIgniter\Autoloader\Autoloader->includeFile()
#17 /home/garmaser/www/html/sac-prusuf/vendor/codeigniter4/framework/system/Autoloader/Autoloader.php(219): CodeIgniter\Autoloader\Autoloader->loadInNamespace()
#18 [internal function]: CodeIgniter\Autoloader\Autoloader->loadClass()
#19 /home/garmaser/www/html/sac-prusuf/app/Controllers/Reportes.php(19): spl_autoload_call()
#20 /home/garmaser/www/html/sac-prusuf/vendor/codeigniter4/framework/system/CodeIgniter.php(802): App\Controllers\Reportes->factura()
#21 /home/garmaser/www/html/sac-prusuf/vendor/codeigniter4/framework/system/CodeIgniter.php(399): CodeIgniter\CodeIgniter->runController()
#22 /home/garmaser/www/html/sac-prusuf/vendor/codeigniter4/framework/system/CodeIgniter.php(317): CodeIgniter\CodeIgniter->handleRequest()
#23 /home/garmaser/www/html/sac-prusuf/public/index.php(37): CodeIgniter\CodeIgniter->run()
#24 {main}
CRITICAL - 2021-10-16 22:29:35 --> Undefined variable: idPostulante
#0 /home/garmaser/www/html/sac-prusuf/app/Controllers/Inscripcion.php(69): CodeIgniter\Debug\Exceptions->errorHandler()
#1 /home/garmaser/www/html/sac-prusuf/vendor/codeigniter4/framework/system/CodeIgniter.php(802): App\Controllers\Inscripcion->buscar()
#2 /home/garmaser/www/html/sac-prusuf/vendor/codeigniter4/framework/system/CodeIgniter.php(399): CodeIgniter\CodeIgniter->runController()
#3 /home/garmaser/www/html/sac-prusuf/vendor/codeigniter4/framework/system/CodeIgniter.php(317): CodeIgniter\CodeIgniter->handleRequest()
#4 /home/garmaser/www/html/sac-prusuf/public/index.php(37): CodeIgniter\CodeIgniter->run()
#5 {main}
CRITICAL - 2021-10-16 22:31:34 --> Undefined variable: idPostulante
#0 /home/garmaser/www/html/sac-prusuf/app/Controllers/Inscripcion.php(69): CodeIgniter\Debug\Exceptions->errorHandler()
#1 /home/garmaser/www/html/sac-prusuf/vendor/codeigniter4/framework/system/CodeIgniter.php(802): App\Controllers\Inscripcion->buscar()
#2 /home/garmaser/www/html/sac-prusuf/vendor/codeigniter4/framework/system/CodeIgniter.php(399): CodeIgniter\CodeIgniter->runController()
#3 /home/garmaser/www/html/sac-prusuf/vendor/codeigniter4/framework/system/CodeIgniter.php(317): CodeIgniter\CodeIgniter->handleRequest()
#4 /home/garmaser/www/html/sac-prusuf/public/index.php(37): CodeIgniter\CodeIgniter->run()
#5 {main}
CRITICAL - 2021-10-16 22:31:55 --> Undefined variable: mensaje
#0 /home/garmaser/www/html/sac-prusuf/app/Views/inscripcion/nuevo.php(47): CodeIgniter\Debug\Exceptions->errorHandler()
#1 /home/garmaser/www/html/sac-prusuf/vendor/codeigniter4/framework/system/View/View.php(214): include('/home/garmaser/...')
#2 /home/garmaser/www/html/sac-prusuf/vendor/codeigniter4/framework/system/View/View.php(217): CodeIgniter\View\View->CodeIgniter\View\{closure}()
#3 /home/garmaser/www/html/sac-prusuf/vendor/codeigniter4/framework/system/Common.php(1092): CodeIgniter\View\View->render()
#4 /home/garmaser/www/html/sac-prusuf/app/Controllers/Inscripcion.php(54): view()
#5 /home/garmaser/www/html/sac-prusuf/vendor/codeigniter4/framework/system/CodeIgniter.php(802): App\Controllers\Inscripcion->nuevo()
#6 /home/garmaser/www/html/sac-prusuf/vendor/codeigniter4/framework/system/CodeIgniter.php(399): CodeIgniter\CodeIgniter->runController()
#7 /home/garmaser/www/html/sac-prusuf/vendor/codeigniter4/framework/system/CodeIgniter.php(317): CodeIgniter\CodeIgniter->handleRequest()
#8 /home/garmaser/www/html/sac-prusuf/public/index.php(37): CodeIgniter\CodeIgniter->run()
#9 {main}
ERROR - 2021-10-16 22:38:42 --> Duplicate entry 'jhamilangelpariquenta@gmail.com' for key 'email'
CRITICAL - 2021-10-16 22:38:42 --> Duplicate entry 'jhamilangelpariquenta@gmail.com' for key 'email'
#0 /home/garmaser/www/html/sac-prusuf/vendor/codeigniter4/framework/system/Database/MySQLi/Connection.php(280): mysqli->query()
#1 /home/garmaser/www/html/sac-prusuf/vendor/codeigniter4/framework/system/Database/BaseConnection.php(663): CodeIgniter\Database\MySQLi\Connection->execute()
#2 /home/garmaser/www/html/sac-prusuf/vendor/codeigniter4/framework/system/Database/BaseConnection.php(591): CodeIgniter\Database\BaseConnection->simpleQuery()
#3 /home/garmaser/www/html/sac-prusuf/vendor/codeigniter4/framework/system/Database/BaseBuilder.php(1733): CodeIgniter\Database\BaseConnection->query()
#4 /home/garmaser/www/html/sac-prusuf/vendor/benedmunds/codeigniter-ion-auth/Models/IonAuthModel.php(848): CodeIgniter\Database\BaseBuilder->insert()
#5 /home/garmaser/www/html/sac-prusuf/vendor/benedmunds/codeigniter-ion-auth/Libraries/IonAuth.php(217): IonAuth\Models\IonAuthModel->register()
#6 /home/garmaser/www/html/sac-prusuf/app/Controllers/Inscripcion.php(182): IonAuth\Libraries\IonAuth->register()
#7 /home/garmaser/www/html/sac-prusuf/app/Controllers/Inscripcion.php(109): App\Controllers\Inscripcion->postulante_new()
#8 /home/garmaser/www/html/sac-prusuf/app/Controllers/Inscripcion.php(77): App\Controllers\Inscripcion->buscar_api()
#9 /home/garmaser/www/html/sac-prusuf/vendor/codeigniter4/framework/system/CodeIgniter.php(802): App\Controllers\Inscripcion->buscar()
#10 /home/garmaser/www/html/sac-prusuf/vendor/codeigniter4/framework/system/CodeIgniter.php(399): CodeIgniter\CodeIgniter->runController()
#11 /home/garmaser/www/html/sac-prusuf/vendor/codeigniter4/framework/system/CodeIgniter.php(317): CodeIgniter\CodeIgniter->handleRequest()
#12 /home/garmaser/www/html/sac-prusuf/public/index.php(37): CodeIgniter\CodeIgniter->run()
#13 {main}
ERROR - 2021-10-16 22:41:46 --> Duplicate entry 'jhamilangelpariquenta@gmail.com' for key 'email'
CRITICAL - 2021-10-16 22:41:46 --> Duplicate entry 'jhamilangelpariquenta@gmail.com' for key 'email'
#0 /home/garmaser/www/html/sac-prusuf/vendor/codeigniter4/framework/system/Database/MySQLi/Connection.php(280): mysqli->query()
#1 /home/garmaser/www/html/sac-prusuf/vendor/codeigniter4/framework/system/Database/BaseConnection.php(663): CodeIgniter\Database\MySQLi\Connection->execute()
#2 /home/garmaser/www/html/sac-prusuf/vendor/codeigniter4/framework/system/Database/BaseConnection.php(591): CodeIgniter\Database\BaseConnection->simpleQuery()
#3 /home/garmaser/www/html/sac-prusuf/vendor/codeigniter4/framework/system/Database/BaseBuilder.php(1733): CodeIgniter\Database\BaseConnection->query()
#4 /home/garmaser/www/html/sac-prusuf/vendor/benedmunds/codeigniter-ion-auth/Models/IonAuthModel.php(848): CodeIgniter\Database\BaseBuilder->insert()
#5 /home/garmaser/www/html/sac-prusuf/vendor/benedmunds/codeigniter-ion-auth/Libraries/IonAuth.php(217): IonAuth\Models\IonAuthModel->register()
#6 /home/garmaser/www/html/sac-prusuf/app/Controllers/Inscripcion.php(183): IonAuth\Libraries\IonAuth->register()
#7 /home/garmaser/www/html/sac-prusuf/app/Controllers/Inscripcion.php(110): App\Controllers\Inscripcion->postulante_new()
#8 /home/garmaser/www/html/sac-prusuf/app/Controllers/Inscripcion.php(78): App\Controllers\Inscripcion->buscar_api()
#9 /home/garmaser/www/html/sac-prusuf/vendor/codeigniter4/framework/system/CodeIgniter.php(802): App\Controllers\Inscripcion->buscar()
#10 /home/garmaser/www/html/sac-prusuf/vendor/codeigniter4/framework/system/CodeIgniter.php(399): CodeIgniter\CodeIgniter->runController()
#11 /home/garmaser/www/html/sac-prusuf/vendor/codeigniter4/framework/system/CodeIgniter.php(317): CodeIgniter\CodeIgniter->handleRequest()
#12 /home/garmaser/www/html/sac-prusuf/public/index.php(37): CodeIgniter\CodeIgniter->run()
#13 {main}
ERROR - 2021-10-16 22:43:36 --> Duplicate entry 'jhamilangelpariquenta@gmail.com' for key 'email'
CRITICAL - 2021-10-16 22:43:36 --> Duplicate entry 'jhamilangelpariquenta@gmail.com' for key 'email'
#0 /home/garmaser/www/html/sac-prusuf/vendor/codeigniter4/framework/system/Database/MySQLi/Connection.php(280): mysqli->query()
#1 /home/garmaser/www/html/sac-prusuf/vendor/codeigniter4/framework/system/Database/BaseConnection.php(663): CodeIgniter\Database\MySQLi\Connection->execute()
#2 /home/garmaser/www/html/sac-prusuf/vendor/codeigniter4/framework/system/Database/BaseConnection.php(591): CodeIgniter\Database\BaseConnection->simpleQuery()
#3 /home/garmaser/www/html/sac-prusuf/vendor/codeigniter4/framework/system/Database/BaseBuilder.php(1733): CodeIgniter\Database\BaseConnection->query()
#4 /home/garmaser/www/html/sac-prusuf/vendor/benedmunds/codeigniter-ion-auth/Models/IonAuthModel.php(848): CodeIgniter\Database\BaseBuilder->insert()
#5 /home/garmaser/www/html/sac-prusuf/vendor/benedmunds/codeigniter-ion-auth/Libraries/IonAuth.php(217): IonAuth\Models\IonAuthModel->register()
#6 /home/garmaser/www/html/sac-prusuf/app/Controllers/Inscripcion.php(185): IonAuth\Libraries\IonAuth->register()
#7 /home/garmaser/www/html/sac-prusuf/app/Controllers/Inscripcion.php(112): App\Controllers\Inscripcion->postulante_new()
#8 /home/garmaser/www/html/sac-prusuf/app/Controllers/Inscripcion.php(80): App\Controllers\Inscripcion->buscar_api()
#9 /home/garmaser/www/html/sac-prusuf/vendor/codeigniter4/framework/system/CodeIgniter.php(802): App\Controllers\Inscripcion->buscar()
#10 /home/garmaser/www/html/sac-prusuf/vendor/codeigniter4/framework/system/CodeIgniter.php(399): CodeIgniter\CodeIgniter->runController()
#11 /home/garmaser/www/html/sac-prusuf/vendor/codeigniter4/framework/system/CodeIgniter.php(317): CodeIgniter\CodeIgniter->handleRequest()
#12 /home/garmaser/www/html/sac-prusuf/public/index.php(37): CodeIgniter\CodeIgniter->run()
#13 {main}
CRITICAL - 2021-10-16 23:12:11 --> Undefined offset: 1
#0 /home/garmaser/www/html/sac-prusuf/app/Controllers/Inscripcion.php(69): CodeIgniter\Debug\Exceptions->errorHandler()
#1 /home/garmaser/www/html/sac-prusuf/vendor/codeigniter4/framework/system/CodeIgniter.php(802): App\Controllers\Inscripcion->buscar()
#2 /home/garmaser/www/html/sac-prusuf/vendor/codeigniter4/framework/system/CodeIgniter.php(399): CodeIgniter\CodeIgniter->runController()
#3 /home/garmaser/www/html/sac-prusuf/vendor/codeigniter4/framework/system/CodeIgniter.php(317): CodeIgniter\CodeIgniter->handleRequest()
#4 /home/garmaser/www/html/sac-prusuf/public/index.php(37): CodeIgniter\CodeIgniter->run()
#5 {main}
CRITICAL - 2021-10-16 23:22:38 --> Undefined offset: 1
#0 /home/garmaser/www/html/sac-prusuf/app/Controllers/Inscripcion.php(71): CodeIgniter\Debug\Exceptions->errorHandler()
#1 /home/garmaser/www/html/sac-prusuf/vendor/codeigniter4/framework/system/CodeIgniter.php(802): App\Controllers\Inscripcion->buscar()
#2 /home/garmaser/www/html/sac-prusuf/vendor/codeigniter4/framework/system/CodeIgniter.php(399): CodeIgniter\CodeIgniter->runController()
#3 /home/garmaser/www/html/sac-prusuf/vendor/codeigniter4/framework/system/CodeIgniter.php(317): CodeIgniter\CodeIgniter->handleRequest()
#4 /home/garmaser/www/html/sac-prusuf/public/index.php(37): CodeIgniter\CodeIgniter->run()
#5 {main}
CRITICAL - 2021-10-16 23:23:39 --> Undefined offset: 1
#0 /home/garmaser/www/html/sac-prusuf/app/Controllers/Inscripcion.php(72): CodeIgniter\Debug\Exceptions->errorHandler()
#1 /home/garmaser/www/html/sac-prusuf/vendor/codeigniter4/framework/system/CodeIgniter.php(802): App\Controllers\Inscripcion->buscar()
#2 /home/garmaser/www/html/sac-prusuf/vendor/codeigniter4/framework/system/CodeIgniter.php(399): CodeIgniter\CodeIgniter->runController()
#3 /home/garmaser/www/html/sac-prusuf/vendor/codeigniter4/framework/system/CodeIgniter.php(317): CodeIgniter\CodeIgniter->handleRequest()
#4 /home/garmaser/www/html/sac-prusuf/public/index.php(37): CodeIgniter\CodeIgniter->run()
#5 {main}
ERROR - 2021-10-16 23:35:16 --> Duplicate entry 'jhamilangelpariquenta@gmail.com' for key 'email'
CRITICAL - 2021-10-16 23:35:16 --> Duplicate entry 'jhamilangelpariquenta@gmail.com' for key 'email'
#0 /home/garmaser/www/html/sac-prusuf/vendor/codeigniter4/framework/system/Database/MySQLi/Connection.php(280): mysqli->query()
#1 /home/garmaser/www/html/sac-prusuf/vendor/codeigniter4/framework/system/Database/BaseConnection.php(663): CodeIgniter\Database\MySQLi\Connection->execute()
#2 /home/garmaser/www/html/sac-prusuf/vendor/codeigniter4/framework/system/Database/BaseConnection.php(591): CodeIgniter\Database\BaseConnection->simpleQuery()
#3 /home/garmaser/www/html/sac-prusuf/vendor/codeigniter4/framework/system/Database/BaseBuilder.php(1733): CodeIgniter\Database\BaseConnection->query()
#4 /home/garmaser/www/html/sac-prusuf/vendor/benedmunds/codeigniter-ion-auth/Models/IonAuthModel.php(848): CodeIgniter\Database\BaseBuilder->insert()
#5 /home/garmaser/www/html/sac-prusuf/vendor/benedmunds/codeigniter-ion-auth/Libraries/IonAuth.php(217): IonAuth\Models\IonAuthModel->register()
#6 /home/garmaser/www/html/sac-prusuf/app/Controllers/Inscripcion.php(207): IonAuth\Libraries\IonAuth->register()
#7 /home/garmaser/www/html/sac-prusuf/app/Controllers/Inscripcion.php(122): App\Controllers\Inscripcion->postulante_new()
#8 /home/garmaser/www/html/sac-prusuf/app/Controllers/Inscripcion.php(93): App\Controllers\Inscripcion->buscar_api()
#9 /home/garmaser/www/html/sac-prusuf/vendor/codeigniter4/framework/system/CodeIgniter.php(802): App\Controllers\Inscripcion->buscar()
#10 /home/garmaser/www/html/sac-prusuf/vendor/codeigniter4/framework/system/CodeIgniter.php(399): CodeIgniter\CodeIgniter->runController()
#11 /home/garmaser/www/html/sac-prusuf/vendor/codeigniter4/framework/system/CodeIgniter.php(317): CodeIgniter\CodeIgniter->handleRequest()
#12 /home/garmaser/www/html/sac-prusuf/public/index.php(37): CodeIgniter\CodeIgniter->run()
#13 {main}
ERROR - 2021-10-16 23:40:57 --> Duplicate entry 'jhamilangelpariquenta@gmail.com' for key 'email'
CRITICAL - 2021-10-16 23:40:57 --> Duplicate entry 'jhamilangelpariquenta@gmail.com' for key 'email'
#0 /home/garmaser/www/html/sac-prusuf/vendor/codeigniter4/framework/system/Database/MySQLi/Connection.php(280): mysqli->query()
#1 /home/garmaser/www/html/sac-prusuf/vendor/codeigniter4/framework/system/Database/BaseConnection.php(663): CodeIgniter\Database\MySQLi\Connection->execute()
#2 /home/garmaser/www/html/sac-prusuf/vendor/codeigniter4/framework/system/Database/BaseConnection.php(591): CodeIgniter\Database\BaseConnection->simpleQuery()
#3 /home/garmaser/www/html/sac-prusuf/vendor/codeigniter4/framework/system/Database/BaseBuilder.php(1733): CodeIgniter\Database\BaseConnection->query()
#4 /home/garmaser/www/html/sac-prusuf/vendor/benedmunds/codeigniter-ion-auth/Models/IonAuthModel.php(848): CodeIgniter\Database\BaseBuilder->insert()
#5 /home/garmaser/www/html/sac-prusuf/vendor/benedmunds/codeigniter-ion-auth/Libraries/IonAuth.php(217): IonAuth\Models\IonAuthModel->register()
#6 /home/garmaser/www/html/sac-prusuf/app/Controllers/Inscripcion.php(216): IonAuth\Libraries\IonAuth->register()
#7 /home/garmaser/www/html/sac-prusuf/app/Controllers/Inscripcion.php(131): App\Controllers\Inscripcion->postulante_new()
#8 /home/garmaser/www/html/sac-prusuf/app/Controllers/Inscripcion.php(94): App\Controllers\Inscripcion->buscar_api()
#9 /home/garmaser/www/html/sac-prusuf/vendor/codeigniter4/framework/system/CodeIgniter.php(802): App\Controllers\Inscripcion->buscar()
#10 /home/garmaser/www/html/sac-prusuf/vendor/codeigniter4/framework/system/CodeIgniter.php(399): CodeIgniter\CodeIgniter->runController()
#11 /home/garmaser/www/html/sac-prusuf/vendor/codeigniter4/framework/system/CodeIgniter.php(317): CodeIgniter\CodeIgniter->handleRequest()
#12 /home/garmaser/www/html/sac-prusuf/public/index.php(37): CodeIgniter\CodeIgniter->run()
#13 {main}
CRITICAL - 2021-10-16 23:52:04 --> Call to undefined function App\Controllers\buscar_local()
#0 /home/garmaser/www/html/sac-prusuf/app/Controllers/Inscripcion.php(94): App\Controllers\Inscripcion->buscar_api()
#1 /home/garmaser/www/html/sac-prusuf/vendor/codeigniter4/framework/system/CodeIgniter.php(802): App\Controllers\Inscripcion->buscar()
#2 /home/garmaser/www/html/sac-prusuf/vendor/codeigniter4/framework/system/CodeIgniter.php(399): CodeIgniter\CodeIgniter->runController()
#3 /home/garmaser/www/html/sac-prusuf/vendor/codeigniter4/framework/system/CodeIgniter.php(317): CodeIgniter\CodeIgniter->handleRequest()
#4 /home/garmaser/www/html/sac-prusuf/public/index.php(37): CodeIgniter\CodeIgniter->run()
#5 {main}
CRITICAL - 2021-10-16 23:57:01 --> Undefined variable: id_preuniversitario
#0 /home/garmaser/www/html/sac-prusuf/app/Controllers/Inscripcion.php(155): CodeIgniter\Debug\Exceptions->errorHandler()
#1 /home/garmaser/www/html/sac-prusuf/vendor/codeigniter4/framework/system/CodeIgniter.php(802): App\Controllers\Inscripcion->new()
#2 /home/garmaser/www/html/sac-prusuf/vendor/codeigniter4/framework/system/CodeIgniter.php(399): CodeIgniter\CodeIgniter->runController()
#3 /home/garmaser/www/html/sac-prusuf/vendor/codeigniter4/framework/system/CodeIgniter.php(317): CodeIgniter\CodeIgniter->handleRequest()
#4 /home/garmaser/www/html/sac-prusuf/public/index.php(37): CodeIgniter\CodeIgniter->run()
#5 {main}
ERROR - 2021-10-16 23:59:43 --> Cannot add or update a child row: a foreign key constraint fails (`sac_prusuf`.`inscripcion_preuniversitario`, CONSTRAINT `fk_inscripcion_preuniversitario_preuniversitario1` FOREIGN KEY (`id_preuniversitario`) REFERENCES `preuniversitario` (`id_preuniversita)
CRITICAL - 2021-10-16 23:59:43 --> Cannot add or update a child row: a foreign key constraint fails (`sac_prusuf`.`inscripcion_preuniversitario`, CONSTRAINT `fk_inscripcion_preuniversitario_preuniversitario1` FOREIGN KEY (`id_preuniversitario`) REFERENCES `preuniversitario` (`id_preuniversita)
#0 /home/garmaser/www/html/sac-prusuf/vendor/codeigniter4/framework/system/Database/MySQLi/Connection.php(280): mysqli->query()
#1 /home/garmaser/www/html/sac-prusuf/vendor/codeigniter4/framework/system/Database/BaseConnection.php(663): CodeIgniter\Database\MySQLi\Connection->execute()
#2 /home/garmaser/www/html/sac-prusuf/vendor/codeigniter4/framework/system/Database/BaseConnection.php(591): CodeIgniter\Database\BaseConnection->simpleQuery()
#3 /home/garmaser/www/html/sac-prusuf/vendor/codeigniter4/framework/system/Database/BaseBuilder.php(1733): CodeIgniter\Database\BaseConnection->query()
#4 /home/garmaser/www/html/sac-prusuf/vendor/codeigniter4/framework/system/Model.php(239): CodeIgniter\Database\BaseBuilder->insert()
#5 /home/garmaser/www/html/sac-prusuf/vendor/codeigniter4/framework/system/BaseModel.php(738): CodeIgniter\Model->doInsert()
#6 /home/garmaser/www/html/sac-prusuf/vendor/codeigniter4/framework/system/Model.php(620): CodeIgniter\BaseModel->insert()
#7 /home/garmaser/www/html/sac-prusuf/app/Controllers/Inscripcion.php(174): CodeIgniter\Model->insert()
#8 /home/garmaser/www/html/sac-prusuf/vendor/codeigniter4/framework/system/CodeIgniter.php(802): App\Controllers\Inscripcion->new()
#9 /home/garmaser/www/html/sac-prusuf/vendor/codeigniter4/framework/system/CodeIgniter.php(399): CodeIgniter\CodeIgniter->runController()
#10 /home/garmaser/www/html/sac-prusuf/vendor/codeigniter4/framework/system/CodeIgniter.php(317): CodeIgniter\CodeIgniter->handleRequest()
#11 /home/garmaser/www/html/sac-prusuf/public/index.php(37): CodeIgniter\CodeIgniter->run()
#12 {main}
