CRITICAL - 2022-04-22 22:13:41 --> syntax error, unexpected '{'
#0 /home/garmaser/www/html/medicina_archivo_docente/vendor/codeigniter4/framework/system/View/View.php(217): CodeIgniter\View\View->CodeIgniter\View\{closure}()
#1 /home/garmaser/www/html/medicina_archivo_docente/vendor/codeigniter4/framework/system/View/View.php(230): CodeIgniter\View\View->render()
#2 /home/garmaser/www/html/medicina_archivo_docente/vendor/codeigniter4/framework/system/Common.php(1092): CodeIgniter\View\View->render()
#3 /home/garmaser/www/html/medicina_archivo_docente/app/Controllers/Administrador.php(32): view()
#4 /home/garmaser/www/html/medicina_archivo_docente/vendor/codeigniter4/framework/system/CodeIgniter.php(802): App\Controllers\Administrador->principal()
#5 /home/garmaser/www/html/medicina_archivo_docente/vendor/codeigniter4/framework/system/CodeIgniter.php(399): CodeIgniter\CodeIgniter->runController()
#6 /home/garmaser/www/html/medicina_archivo_docente/vendor/codeigniter4/framework/system/CodeIgniter.php(317): CodeIgniter\CodeIgniter->handleRequest()
#7 /home/garmaser/www/html/medicina_archivo_docente/public/index.php(37): CodeIgniter\CodeIgniter->run()
#8 {main}
CRITICAL - 2022-04-22 22:14:36 --> syntax error, unexpected '{'
#0 /home/garmaser/www/html/medicina_archivo_docente/vendor/codeigniter4/framework/system/View/View.php(217): CodeIgniter\View\View->CodeIgniter\View\{closure}()
#1 /home/garmaser/www/html/medicina_archivo_docente/vendor/codeigniter4/framework/system/View/View.php(230): CodeIgniter\View\View->render()
#2 /home/garmaser/www/html/medicina_archivo_docente/vendor/codeigniter4/framework/system/Common.php(1092): CodeIgniter\View\View->render()
#3 /home/garmaser/www/html/medicina_archivo_docente/app/Controllers/Administrador.php(32): view()
#4 /home/garmaser/www/html/medicina_archivo_docente/vendor/codeigniter4/framework/system/CodeIgniter.php(802): App\Controllers\Administrador->principal()
#5 /home/garmaser/www/html/medicina_archivo_docente/vendor/codeigniter4/framework/system/CodeIgniter.php(399): CodeIgniter\CodeIgniter->runController()
#6 /home/garmaser/www/html/medicina_archivo_docente/vendor/codeigniter4/framework/system/CodeIgniter.php(317): CodeIgniter\CodeIgniter->handleRequest()
#7 /home/garmaser/www/html/medicina_archivo_docente/public/index.php(37): CodeIgniter\CodeIgniter->run()
#8 {main}
CRITICAL - 2022-04-22 22:15:03 --> syntax error, unexpected '{'
#0 /home/garmaser/www/html/medicina_archivo_docente/vendor/codeigniter4/framework/system/View/View.php(217): CodeIgniter\View\View->CodeIgniter\View\{closure}()
#1 /home/garmaser/www/html/medicina_archivo_docente/vendor/codeigniter4/framework/system/View/View.php(230): CodeIgniter\View\View->render()
#2 /home/garmaser/www/html/medicina_archivo_docente/vendor/codeigniter4/framework/system/Common.php(1092): CodeIgniter\View\View->render()
#3 /home/garmaser/www/html/medicina_archivo_docente/app/Controllers/ArchivoDocente/Inicio.php(22): view()
#4 /home/garmaser/www/html/medicina_archivo_docente/vendor/codeigniter4/framework/system/CodeIgniter.php(802): App\Controllers\ArchivoDocente\Inicio->principal()
#5 /home/garmaser/www/html/medicina_archivo_docente/vendor/codeigniter4/framework/system/CodeIgniter.php(399): CodeIgniter\CodeIgniter->runController()
#6 /home/garmaser/www/html/medicina_archivo_docente/vendor/codeigniter4/framework/system/CodeIgniter.php(317): CodeIgniter\CodeIgniter->handleRequest()
#7 /home/garmaser/www/html/medicina_archivo_docente/public/index.php(37): CodeIgniter\CodeIgniter->run()
#8 {main}
CRITICAL - 2022-04-22 22:15:05 --> Undefined index: menu
#0 /home/garmaser/www/html/medicina_archivo_docente/app/Controllers/BaseController_ArchivoDocente.php(71): CodeIgniter\Debug\Exceptions->errorHandler()
#1 /home/garmaser/www/html/medicina_archivo_docente/app/Controllers/ArchivoDocente/Inicio.php(43): App\Controllers\BaseController_ArchivoDocente->_output_grocerycrud()
#2 /home/garmaser/www/html/medicina_archivo_docente/vendor/codeigniter4/framework/system/CodeIgniter.php(802): App\Controllers\ArchivoDocente\Inicio->index()
#3 /home/garmaser/www/html/medicina_archivo_docente/vendor/codeigniter4/framework/system/CodeIgniter.php(399): CodeIgniter\CodeIgniter->runController()
#4 /home/garmaser/www/html/medicina_archivo_docente/vendor/codeigniter4/framework/system/CodeIgniter.php(317): CodeIgniter\CodeIgniter->handleRequest()
#5 /home/garmaser/www/html/medicina_archivo_docente/public/index.php(37): CodeIgniter\CodeIgniter->run()
#6 {main}
CRITICAL - 2022-04-22 22:15:18 --> syntax error, unexpected '{'
#0 /home/garmaser/www/html/medicina_archivo_docente/vendor/codeigniter4/framework/system/View/View.php(217): CodeIgniter\View\View->CodeIgniter\View\{closure}()
#1 /home/garmaser/www/html/medicina_archivo_docente/vendor/codeigniter4/framework/system/View/View.php(230): CodeIgniter\View\View->render()
#2 /home/garmaser/www/html/medicina_archivo_docente/vendor/codeigniter4/framework/system/Common.php(1092): CodeIgniter\View\View->render()
#3 /home/garmaser/www/html/medicina_archivo_docente/app/Controllers/Administrador.php(32): view()
#4 /home/garmaser/www/html/medicina_archivo_docente/vendor/codeigniter4/framework/system/CodeIgniter.php(802): App\Controllers\Administrador->principal()
#5 /home/garmaser/www/html/medicina_archivo_docente/vendor/codeigniter4/framework/system/CodeIgniter.php(399): CodeIgniter\CodeIgniter->runController()
#6 /home/garmaser/www/html/medicina_archivo_docente/vendor/codeigniter4/framework/system/CodeIgniter.php(317): CodeIgniter\CodeIgniter->handleRequest()
#7 /home/garmaser/www/html/medicina_archivo_docente/public/index.php(37): CodeIgniter\CodeIgniter->run()
#8 {main}
CRITICAL - 2022-04-22 22:15:53 --> Undefined variable: session
#0 /home/garmaser/www/html/medicina_archivo_docente/app/Views/layouts/admin.php(44): CodeIgniter\Debug\Exceptions->errorHandler()
#1 /home/garmaser/www/html/medicina_archivo_docente/vendor/codeigniter4/framework/system/View/View.php(214): include('/home/garmaser/...')
#2 /home/garmaser/www/html/medicina_archivo_docente/vendor/codeigniter4/framework/system/View/View.php(217): CodeIgniter\View\View->CodeIgniter\View\{closure}()
#3 /home/garmaser/www/html/medicina_archivo_docente/vendor/codeigniter4/framework/system/View/View.php(230): CodeIgniter\View\View->render()
#4 /home/garmaser/www/html/medicina_archivo_docente/vendor/codeigniter4/framework/system/Common.php(1092): CodeIgniter\View\View->render()
#5 /home/garmaser/www/html/medicina_archivo_docente/app/Controllers/Administrador.php(32): view()
#6 /home/garmaser/www/html/medicina_archivo_docente/vendor/codeigniter4/framework/system/CodeIgniter.php(802): App\Controllers\Administrador->principal()
#7 /home/garmaser/www/html/medicina_archivo_docente/vendor/codeigniter4/framework/system/CodeIgniter.php(399): CodeIgniter\CodeIgniter->runController()
#8 /home/garmaser/www/html/medicina_archivo_docente/vendor/codeigniter4/framework/system/CodeIgniter.php(317): CodeIgniter\CodeIgniter->handleRequest()
#9 /home/garmaser/www/html/medicina_archivo_docente/public/index.php(37): CodeIgniter\CodeIgniter->run()
#10 {main}
CRITICAL - 2022-04-22 22:16:03 --> Archivo inválido: layouts/menu/menu_administrador.php
#0 /home/garmaser/www/html/medicina_archivo_docente/vendor/codeigniter4/framework/system/View/View.php(198): CodeIgniter\Exceptions\FrameworkException::forInvalidFile()
#1 /home/garmaser/www/html/medicina_archivo_docente/vendor/codeigniter4/framework/system/View/View.php(432): CodeIgniter\View\View->render()
#2 /home/garmaser/www/html/medicina_archivo_docente/app/Views/layouts/admin.php(49): CodeIgniter\View\View->include()
#3 /home/garmaser/www/html/medicina_archivo_docente/vendor/codeigniter4/framework/system/View/View.php(214): include('/home/garmaser/...')
#4 /home/garmaser/www/html/medicina_archivo_docente/vendor/codeigniter4/framework/system/View/View.php(217): CodeIgniter\View\View->CodeIgniter\View\{closure}()
#5 /home/garmaser/www/html/medicina_archivo_docente/vendor/codeigniter4/framework/system/View/View.php(230): CodeIgniter\View\View->render()
#6 /home/garmaser/www/html/medicina_archivo_docente/vendor/codeigniter4/framework/system/Common.php(1092): CodeIgniter\View\View->render()
#7 /home/garmaser/www/html/medicina_archivo_docente/app/Controllers/Administrador.php(32): view()
#8 /home/garmaser/www/html/medicina_archivo_docente/vendor/codeigniter4/framework/system/CodeIgniter.php(802): App\Controllers\Administrador->principal()
#9 /home/garmaser/www/html/medicina_archivo_docente/vendor/codeigniter4/framework/system/CodeIgniter.php(399): CodeIgniter\CodeIgniter->runController()
#10 /home/garmaser/www/html/medicina_archivo_docente/vendor/codeigniter4/framework/system/CodeIgniter.php(317): CodeIgniter\CodeIgniter->handleRequest()
#11 /home/garmaser/www/html/medicina_archivo_docente/public/index.php(37): CodeIgniter\CodeIgniter->run()
#12 {main}
CRITICAL - 2022-04-22 22:17:06 --> Undefined index: menu
#0 /home/garmaser/www/html/medicina_archivo_docente/app/Controllers/BaseController_ArchivoDocente.php(71): CodeIgniter\Debug\Exceptions->errorHandler()
#1 /home/garmaser/www/html/medicina_archivo_docente/app/Controllers/ArchivoDocente/Inicio.php(43): App\Controllers\BaseController_ArchivoDocente->_output_grocerycrud()
#2 /home/garmaser/www/html/medicina_archivo_docente/vendor/codeigniter4/framework/system/CodeIgniter.php(802): App\Controllers\ArchivoDocente\Inicio->index()
#3 /home/garmaser/www/html/medicina_archivo_docente/vendor/codeigniter4/framework/system/CodeIgniter.php(399): CodeIgniter\CodeIgniter->runController()
#4 /home/garmaser/www/html/medicina_archivo_docente/vendor/codeigniter4/framework/system/CodeIgniter.php(317): CodeIgniter\CodeIgniter->handleRequest()
#5 /home/garmaser/www/html/medicina_archivo_docente/public/index.php(37): CodeIgniter\CodeIgniter->run()
#6 {main}
CRITICAL - 2022-04-22 22:20:18 --> Undefined index: menu
#0 /home/garmaser/www/html/medicina_archivo_docente/app/Controllers/Administrador.php(163): CodeIgniter\Debug\Exceptions->errorHandler()
#1 /home/garmaser/www/html/medicina_archivo_docente/app/Controllers/Administrador.php(120): App\Controllers\Administrador->_example_output()
#2 /home/garmaser/www/html/medicina_archivo_docente/vendor/codeigniter4/framework/system/CodeIgniter.php(802): App\Controllers\Administrador->universidad()
#3 /home/garmaser/www/html/medicina_archivo_docente/vendor/codeigniter4/framework/system/CodeIgniter.php(399): CodeIgniter\CodeIgniter->runController()
#4 /home/garmaser/www/html/medicina_archivo_docente/vendor/codeigniter4/framework/system/CodeIgniter.php(317): CodeIgniter\CodeIgniter->handleRequest()
#5 /home/garmaser/www/html/medicina_archivo_docente/public/index.php(37): CodeIgniter\CodeIgniter->run()
#6 {main}
CRITICAL - 2022-04-22 22:32:06 --> Undefined property: CodeIgniter\View\View::$session
#0 /home/garmaser/www/html/medicina_archivo_docente/app/Views/layouts/admin.php(43): CodeIgniter\Debug\Exceptions->errorHandler()
#1 /home/garmaser/www/html/medicina_archivo_docente/vendor/codeigniter4/framework/system/View/View.php(214): include('/home/garmaser/...')
#2 /home/garmaser/www/html/medicina_archivo_docente/vendor/codeigniter4/framework/system/View/View.php(217): CodeIgniter\View\View->CodeIgniter\View\{closure}()
#3 /home/garmaser/www/html/medicina_archivo_docente/vendor/codeigniter4/framework/system/View/View.php(230): CodeIgniter\View\View->render()
#4 /home/garmaser/www/html/medicina_archivo_docente/vendor/codeigniter4/framework/system/Common.php(1092): CodeIgniter\View\View->render()
#5 /home/garmaser/www/html/medicina_archivo_docente/app/Controllers/ArchivoDocente/Inicio.php(22): view()
#6 /home/garmaser/www/html/medicina_archivo_docente/vendor/codeigniter4/framework/system/CodeIgniter.php(802): App\Controllers\ArchivoDocente\Inicio->principal()
#7 /home/garmaser/www/html/medicina_archivo_docente/vendor/codeigniter4/framework/system/CodeIgniter.php(399): CodeIgniter\CodeIgniter->runController()
#8 /home/garmaser/www/html/medicina_archivo_docente/vendor/codeigniter4/framework/system/CodeIgniter.php(317): CodeIgniter\CodeIgniter->handleRequest()
#9 /home/garmaser/www/html/medicina_archivo_docente/public/index.php(37): CodeIgniter\CodeIgniter->run()
#10 {main}
CRITICAL - 2022-04-22 22:32:31 --> Undefined property: App\Controllers\ArchivoDocente\Kardex::$data
#0 /home/garmaser/www/html/medicina_archivo_docente/app/Controllers/ArchivoDocente/Kardex.php(24): CodeIgniter\Debug\Exceptions->errorHandler()
#1 /home/garmaser/www/html/medicina_archivo_docente/vendor/codeigniter4/framework/system/CodeIgniter.php(802): App\Controllers\ArchivoDocente\Kardex->index()
#2 /home/garmaser/www/html/medicina_archivo_docente/vendor/codeigniter4/framework/system/CodeIgniter.php(399): CodeIgniter\CodeIgniter->runController()
#3 /home/garmaser/www/html/medicina_archivo_docente/vendor/codeigniter4/framework/system/CodeIgniter.php(317): CodeIgniter\CodeIgniter->handleRequest()
#4 /home/garmaser/www/html/medicina_archivo_docente/public/index.php(37): CodeIgniter\CodeIgniter->run()
#5 {main}
CRITICAL - 2022-04-22 22:32:33 --> Undefined property: CodeIgniter\View\View::$session
#0 /home/garmaser/www/html/medicina_archivo_docente/app/Views/layouts/admin.php(43): CodeIgniter\Debug\Exceptions->errorHandler()
#1 /home/garmaser/www/html/medicina_archivo_docente/vendor/codeigniter4/framework/system/View/View.php(214): include('/home/garmaser/...')
#2 /home/garmaser/www/html/medicina_archivo_docente/vendor/codeigniter4/framework/system/View/View.php(217): CodeIgniter\View\View->CodeIgniter\View\{closure}()
#3 /home/garmaser/www/html/medicina_archivo_docente/vendor/codeigniter4/framework/system/View/View.php(230): CodeIgniter\View\View->render()
#4 /home/garmaser/www/html/medicina_archivo_docente/vendor/codeigniter4/framework/system/Common.php(1092): CodeIgniter\View\View->render()
#5 /home/garmaser/www/html/medicina_archivo_docente/app/Controllers/BaseController_ArchivoDocente.php(84): view()
#6 /home/garmaser/www/html/medicina_archivo_docente/app/Controllers/ArchivoDocente/ProduccionIntelectual.php(52): App\Controllers\BaseController_ArchivoDocente->_output_archivo()
#7 /home/garmaser/www/html/medicina_archivo_docente/vendor/codeigniter4/framework/system/CodeIgniter.php(802): App\Controllers\ArchivoDocente\ProduccionIntelectual->index()
#8 /home/garmaser/www/html/medicina_archivo_docente/vendor/codeigniter4/framework/system/CodeIgniter.php(399): CodeIgniter\CodeIgniter->runController()
#9 /home/garmaser/www/html/medicina_archivo_docente/vendor/codeigniter4/framework/system/CodeIgniter.php(317): CodeIgniter\CodeIgniter->handleRequest()
#10 /home/garmaser/www/html/medicina_archivo_docente/public/index.php(37): CodeIgniter\CodeIgniter->run()
#11 {main}
CRITICAL - 2022-04-22 22:32:35 --> Undefined property: CodeIgniter\View\View::$session
#0 /home/garmaser/www/html/medicina_archivo_docente/app/Views/layouts/admin.php(43): CodeIgniter\Debug\Exceptions->errorHandler()
#1 /home/garmaser/www/html/medicina_archivo_docente/vendor/codeigniter4/framework/system/View/View.php(214): include('/home/garmaser/...')
#2 /home/garmaser/www/html/medicina_archivo_docente/vendor/codeigniter4/framework/system/View/View.php(217): CodeIgniter\View\View->CodeIgniter\View\{closure}()
#3 /home/garmaser/www/html/medicina_archivo_docente/vendor/codeigniter4/framework/system/View/View.php(230): CodeIgniter\View\View->render()
#4 /home/garmaser/www/html/medicina_archivo_docente/vendor/codeigniter4/framework/system/Common.php(1092): CodeIgniter\View\View->render()
#5 /home/garmaser/www/html/medicina_archivo_docente/app/Controllers/BaseController_ArchivoDocente.php(84): view()
#6 /home/garmaser/www/html/medicina_archivo_docente/app/Controllers/ArchivoDocente/Titulo.php(56): App\Controllers\BaseController_ArchivoDocente->_output_archivo()
#7 /home/garmaser/www/html/medicina_archivo_docente/vendor/codeigniter4/framework/system/CodeIgniter.php(802): App\Controllers\ArchivoDocente\Titulo->index()
#8 /home/garmaser/www/html/medicina_archivo_docente/vendor/codeigniter4/framework/system/CodeIgniter.php(399): CodeIgniter\CodeIgniter->runController()
#9 /home/garmaser/www/html/medicina_archivo_docente/vendor/codeigniter4/framework/system/CodeIgniter.php(317): CodeIgniter\CodeIgniter->handleRequest()
#10 /home/garmaser/www/html/medicina_archivo_docente/public/index.php(37): CodeIgniter\CodeIgniter->run()
#11 {main}
CRITICAL - 2022-04-22 22:32:43 --> Undefined property: CodeIgniter\View\View::$session
#0 /home/garmaser/www/html/medicina_archivo_docente/app/Views/layouts/admin.php(43): CodeIgniter\Debug\Exceptions->errorHandler()
#1 /home/garmaser/www/html/medicina_archivo_docente/vendor/codeigniter4/framework/system/View/View.php(214): include('/home/garmaser/...')
#2 /home/garmaser/www/html/medicina_archivo_docente/vendor/codeigniter4/framework/system/View/View.php(217): CodeIgniter\View\View->CodeIgniter\View\{closure}()
#3 /home/garmaser/www/html/medicina_archivo_docente/vendor/codeigniter4/framework/system/View/View.php(230): CodeIgniter\View\View->render()
#4 /home/garmaser/www/html/medicina_archivo_docente/vendor/codeigniter4/framework/system/Common.php(1092): CodeIgniter\View\View->render()
#5 /home/garmaser/www/html/medicina_archivo_docente/app/Controllers/BaseController_ArchivoDocente.php(84): view()
#6 /home/garmaser/www/html/medicina_archivo_docente/app/Controllers/ArchivoDocente/ProduccionIntelectual.php(52): App\Controllers\BaseController_ArchivoDocente->_output_archivo()
#7 /home/garmaser/www/html/medicina_archivo_docente/vendor/codeigniter4/framework/system/CodeIgniter.php(802): App\Controllers\ArchivoDocente\ProduccionIntelectual->index()
#8 /home/garmaser/www/html/medicina_archivo_docente/vendor/codeigniter4/framework/system/CodeIgniter.php(399): CodeIgniter\CodeIgniter->runController()
#9 /home/garmaser/www/html/medicina_archivo_docente/vendor/codeigniter4/framework/system/CodeIgniter.php(317): CodeIgniter\CodeIgniter->handleRequest()
#10 /home/garmaser/www/html/medicina_archivo_docente/public/index.php(37): CodeIgniter\CodeIgniter->run()
#11 {main}
CRITICAL - 2022-04-22 22:32:44 --> Undefined property: CodeIgniter\View\View::$session
#0 /home/garmaser/www/html/medicina_archivo_docente/app/Views/layouts/admin.php(43): CodeIgniter\Debug\Exceptions->errorHandler()
#1 /home/garmaser/www/html/medicina_archivo_docente/vendor/codeigniter4/framework/system/View/View.php(214): include('/home/garmaser/...')
#2 /home/garmaser/www/html/medicina_archivo_docente/vendor/codeigniter4/framework/system/View/View.php(217): CodeIgniter\View\View->CodeIgniter\View\{closure}()
#3 /home/garmaser/www/html/medicina_archivo_docente/vendor/codeigniter4/framework/system/View/View.php(230): CodeIgniter\View\View->render()
#4 /home/garmaser/www/html/medicina_archivo_docente/vendor/codeigniter4/framework/system/Common.php(1092): CodeIgniter\View\View->render()
#5 /home/garmaser/www/html/medicina_archivo_docente/app/Controllers/BaseController_ArchivoDocente.php(84): view()
#6 /home/garmaser/www/html/medicina_archivo_docente/app/Controllers/ArchivoDocente/Titulo.php(56): App\Controllers\BaseController_ArchivoDocente->_output_archivo()
#7 /home/garmaser/www/html/medicina_archivo_docente/vendor/codeigniter4/framework/system/CodeIgniter.php(802): App\Controllers\ArchivoDocente\Titulo->index()
#8 /home/garmaser/www/html/medicina_archivo_docente/vendor/codeigniter4/framework/system/CodeIgniter.php(399): CodeIgniter\CodeIgniter->runController()
#9 /home/garmaser/www/html/medicina_archivo_docente/vendor/codeigniter4/framework/system/CodeIgniter.php(317): CodeIgniter\CodeIgniter->handleRequest()
#10 /home/garmaser/www/html/medicina_archivo_docente/public/index.php(37): CodeIgniter\CodeIgniter->run()
#11 {main}
CRITICAL - 2022-04-22 22:32:45 --> Undefined property: App\Controllers\ArchivoDocente\Kardex::$data
#0 /home/garmaser/www/html/medicina_archivo_docente/app/Controllers/ArchivoDocente/Kardex.php(24): CodeIgniter\Debug\Exceptions->errorHandler()
#1 /home/garmaser/www/html/medicina_archivo_docente/vendor/codeigniter4/framework/system/CodeIgniter.php(802): App\Controllers\ArchivoDocente\Kardex->index()
#2 /home/garmaser/www/html/medicina_archivo_docente/vendor/codeigniter4/framework/system/CodeIgniter.php(399): CodeIgniter\CodeIgniter->runController()
#3 /home/garmaser/www/html/medicina_archivo_docente/vendor/codeigniter4/framework/system/CodeIgniter.php(317): CodeIgniter\CodeIgniter->handleRequest()
#4 /home/garmaser/www/html/medicina_archivo_docente/public/index.php(37): CodeIgniter\CodeIgniter->run()
#5 {main}
CRITICAL - 2022-04-22 22:32:45 --> Undefined property: CodeIgniter\View\View::$session
#0 /home/garmaser/www/html/medicina_archivo_docente/app/Views/layouts/admin.php(43): CodeIgniter\Debug\Exceptions->errorHandler()
#1 /home/garmaser/www/html/medicina_archivo_docente/vendor/codeigniter4/framework/system/View/View.php(214): include('/home/garmaser/...')
#2 /home/garmaser/www/html/medicina_archivo_docente/vendor/codeigniter4/framework/system/View/View.php(217): CodeIgniter\View\View->CodeIgniter\View\{closure}()
#3 /home/garmaser/www/html/medicina_archivo_docente/vendor/codeigniter4/framework/system/View/View.php(230): CodeIgniter\View\View->render()
#4 /home/garmaser/www/html/medicina_archivo_docente/vendor/codeigniter4/framework/system/Common.php(1092): CodeIgniter\View\View->render()
#5 /home/garmaser/www/html/medicina_archivo_docente/app/Controllers/ArchivoDocente/Inicio.php(53): view()
#6 /home/garmaser/www/html/medicina_archivo_docente/vendor/codeigniter4/framework/system/CodeIgniter.php(802): App\Controllers\ArchivoDocente\Inicio->docente()
#7 /home/garmaser/www/html/medicina_archivo_docente/vendor/codeigniter4/framework/system/CodeIgniter.php(399): CodeIgniter\CodeIgniter->runController()
#8 /home/garmaser/www/html/medicina_archivo_docente/vendor/codeigniter4/framework/system/CodeIgniter.php(317): CodeIgniter\CodeIgniter->handleRequest()
#9 /home/garmaser/www/html/medicina_archivo_docente/public/index.php(37): CodeIgniter\CodeIgniter->run()
#10 {main}
CRITICAL - 2022-04-22 22:33:14 --> Undefined property: CodeIgniter\View\View::$session
#0 /home/garmaser/www/html/medicina_archivo_docente/app/Views/layouts/admin.php(43): CodeIgniter\Debug\Exceptions->errorHandler()
#1 /home/garmaser/www/html/medicina_archivo_docente/vendor/codeigniter4/framework/system/View/View.php(214): include('/home/garmaser/...')
#2 /home/garmaser/www/html/medicina_archivo_docente/vendor/codeigniter4/framework/system/View/View.php(217): CodeIgniter\View\View->CodeIgniter\View\{closure}()
#3 /home/garmaser/www/html/medicina_archivo_docente/vendor/codeigniter4/framework/system/View/View.php(230): CodeIgniter\View\View->render()
#4 /home/garmaser/www/html/medicina_archivo_docente/vendor/codeigniter4/framework/system/Common.php(1092): CodeIgniter\View\View->render()
#5 /home/garmaser/www/html/medicina_archivo_docente/app/Controllers/ArchivoDocente/Inicio.php(53): view()
#6 /home/garmaser/www/html/medicina_archivo_docente/vendor/codeigniter4/framework/system/CodeIgniter.php(802): App\Controllers\ArchivoDocente\Inicio->docente()
#7 /home/garmaser/www/html/medicina_archivo_docente/vendor/codeigniter4/framework/system/CodeIgniter.php(399): CodeIgniter\CodeIgniter->runController()
#8 /home/garmaser/www/html/medicina_archivo_docente/vendor/codeigniter4/framework/system/CodeIgniter.php(317): CodeIgniter\CodeIgniter->handleRequest()
#9 /home/garmaser/www/html/medicina_archivo_docente/public/index.php(37): CodeIgniter\CodeIgniter->run()
#10 {main}
CRITICAL - 2022-04-22 22:33:15 --> Undefined property: CodeIgniter\View\View::$session
#0 /home/garmaser/www/html/medicina_archivo_docente/app/Views/layouts/admin.php(43): CodeIgniter\Debug\Exceptions->errorHandler()
#1 /home/garmaser/www/html/medicina_archivo_docente/vendor/codeigniter4/framework/system/View/View.php(214): include('/home/garmaser/...')
#2 /home/garmaser/www/html/medicina_archivo_docente/vendor/codeigniter4/framework/system/View/View.php(217): CodeIgniter\View\View->CodeIgniter\View\{closure}()
#3 /home/garmaser/www/html/medicina_archivo_docente/vendor/codeigniter4/framework/system/View/View.php(230): CodeIgniter\View\View->render()
#4 /home/garmaser/www/html/medicina_archivo_docente/vendor/codeigniter4/framework/system/Common.php(1092): CodeIgniter\View\View->render()
#5 /home/garmaser/www/html/medicina_archivo_docente/app/Controllers/ArchivoDocente/Inicio.php(53): view()
#6 /home/garmaser/www/html/medicina_archivo_docente/vendor/codeigniter4/framework/system/CodeIgniter.php(802): App\Controllers\ArchivoDocente\Inicio->docente()
#7 /home/garmaser/www/html/medicina_archivo_docente/vendor/codeigniter4/framework/system/CodeIgniter.php(399): CodeIgniter\CodeIgniter->runController()
#8 /home/garmaser/www/html/medicina_archivo_docente/vendor/codeigniter4/framework/system/CodeIgniter.php(317): CodeIgniter\CodeIgniter->handleRequest()
#9 /home/garmaser/www/html/medicina_archivo_docente/public/index.php(37): CodeIgniter\CodeIgniter->run()
#10 {main}
CRITICAL - 2022-04-22 22:33:44 --> Undefined property: CodeIgniter\View\View::$session
#0 /home/garmaser/www/html/medicina_archivo_docente/app/Views/layouts/admin.php(43): CodeIgniter\Debug\Exceptions->errorHandler()
#1 /home/garmaser/www/html/medicina_archivo_docente/vendor/codeigniter4/framework/system/View/View.php(214): include('/home/garmaser/...')
#2 /home/garmaser/www/html/medicina_archivo_docente/vendor/codeigniter4/framework/system/View/View.php(217): CodeIgniter\View\View->CodeIgniter\View\{closure}()
#3 /home/garmaser/www/html/medicina_archivo_docente/vendor/codeigniter4/framework/system/View/View.php(230): CodeIgniter\View\View->render()
#4 /home/garmaser/www/html/medicina_archivo_docente/vendor/codeigniter4/framework/system/Common.php(1092): CodeIgniter\View\View->render()
#5 /home/garmaser/www/html/medicina_archivo_docente/app/Controllers/ArchivoDocente/Inicio.php(53): view()
#6 /home/garmaser/www/html/medicina_archivo_docente/vendor/codeigniter4/framework/system/CodeIgniter.php(802): App\Controllers\ArchivoDocente\Inicio->docente()
#7 /home/garmaser/www/html/medicina_archivo_docente/vendor/codeigniter4/framework/system/CodeIgniter.php(399): CodeIgniter\CodeIgniter->runController()
#8 /home/garmaser/www/html/medicina_archivo_docente/vendor/codeigniter4/framework/system/CodeIgniter.php(317): CodeIgniter\CodeIgniter->handleRequest()
#9 /home/garmaser/www/html/medicina_archivo_docente/public/index.php(37): CodeIgniter\CodeIgniter->run()
#10 {main}
CRITICAL - 2022-04-22 22:33:46 --> Undefined property: CodeIgniter\View\View::$session
#0 /home/garmaser/www/html/medicina_archivo_docente/app/Views/layouts/admin.php(43): CodeIgniter\Debug\Exceptions->errorHandler()
#1 /home/garmaser/www/html/medicina_archivo_docente/vendor/codeigniter4/framework/system/View/View.php(214): include('/home/garmaser/...')
#2 /home/garmaser/www/html/medicina_archivo_docente/vendor/codeigniter4/framework/system/View/View.php(217): CodeIgniter\View\View->CodeIgniter\View\{closure}()
#3 /home/garmaser/www/html/medicina_archivo_docente/vendor/codeigniter4/framework/system/View/View.php(230): CodeIgniter\View\View->render()
#4 /home/garmaser/www/html/medicina_archivo_docente/vendor/codeigniter4/framework/system/Common.php(1092): CodeIgniter\View\View->render()
#5 /home/garmaser/www/html/medicina_archivo_docente/app/Controllers/ArchivoDocente/Inicio.php(53): view()
#6 /home/garmaser/www/html/medicina_archivo_docente/vendor/codeigniter4/framework/system/CodeIgniter.php(802): App\Controllers\ArchivoDocente\Inicio->docente()
#7 /home/garmaser/www/html/medicina_archivo_docente/vendor/codeigniter4/framework/system/CodeIgniter.php(399): CodeIgniter\CodeIgniter->runController()
#8 /home/garmaser/www/html/medicina_archivo_docente/vendor/codeigniter4/framework/system/CodeIgniter.php(317): CodeIgniter\CodeIgniter->handleRequest()
#9 /home/garmaser/www/html/medicina_archivo_docente/public/index.php(37): CodeIgniter\CodeIgniter->run()
#10 {main}
CRITICAL - 2022-04-22 22:33:52 --> Undefined property: CodeIgniter\View\View::$session
#0 /home/garmaser/www/html/medicina_archivo_docente/app/Views/layouts/admin.php(43): CodeIgniter\Debug\Exceptions->errorHandler()
#1 /home/garmaser/www/html/medicina_archivo_docente/vendor/codeigniter4/framework/system/View/View.php(214): include('/home/garmaser/...')
#2 /home/garmaser/www/html/medicina_archivo_docente/vendor/codeigniter4/framework/system/View/View.php(217): CodeIgniter\View\View->CodeIgniter\View\{closure}()
#3 /home/garmaser/www/html/medicina_archivo_docente/vendor/codeigniter4/framework/system/View/View.php(230): CodeIgniter\View\View->render()
#4 /home/garmaser/www/html/medicina_archivo_docente/vendor/codeigniter4/framework/system/Common.php(1092): CodeIgniter\View\View->render()
#5 /home/garmaser/www/html/medicina_archivo_docente/app/Controllers/ArchivoDocente/Inicio.php(53): view()
#6 /home/garmaser/www/html/medicina_archivo_docente/vendor/codeigniter4/framework/system/CodeIgniter.php(802): App\Controllers\ArchivoDocente\Inicio->docente()
#7 /home/garmaser/www/html/medicina_archivo_docente/vendor/codeigniter4/framework/system/CodeIgniter.php(399): CodeIgniter\CodeIgniter->runController()
#8 /home/garmaser/www/html/medicina_archivo_docente/vendor/codeigniter4/framework/system/CodeIgniter.php(317): CodeIgniter\CodeIgniter->handleRequest()
#9 /home/garmaser/www/html/medicina_archivo_docente/public/index.php(37): CodeIgniter\CodeIgniter->run()
#10 {main}
CRITICAL - 2022-04-22 22:34:26 --> Undefined property: CodeIgniter\View\View::$session
#0 /home/garmaser/www/html/medicina_archivo_docente/app/Views/layouts/admin.php(43): CodeIgniter\Debug\Exceptions->errorHandler()
#1 /home/garmaser/www/html/medicina_archivo_docente/vendor/codeigniter4/framework/system/View/View.php(214): include('/home/garmaser/...')
#2 /home/garmaser/www/html/medicina_archivo_docente/vendor/codeigniter4/framework/system/View/View.php(217): CodeIgniter\View\View->CodeIgniter\View\{closure}()
#3 /home/garmaser/www/html/medicina_archivo_docente/vendor/codeigniter4/framework/system/View/View.php(230): CodeIgniter\View\View->render()
#4 /home/garmaser/www/html/medicina_archivo_docente/vendor/codeigniter4/framework/system/Common.php(1092): CodeIgniter\View\View->render()
#5 /home/garmaser/www/html/medicina_archivo_docente/app/Controllers/ArchivoDocente/Inicio.php(53): view()
#6 /home/garmaser/www/html/medicina_archivo_docente/vendor/codeigniter4/framework/system/CodeIgniter.php(802): App\Controllers\ArchivoDocente\Inicio->docente()
#7 /home/garmaser/www/html/medicina_archivo_docente/vendor/codeigniter4/framework/system/CodeIgniter.php(399): CodeIgniter\CodeIgniter->runController()
#8 /home/garmaser/www/html/medicina_archivo_docente/vendor/codeigniter4/framework/system/CodeIgniter.php(317): CodeIgniter\CodeIgniter->handleRequest()
#9 /home/garmaser/www/html/medicina_archivo_docente/public/index.php(37): CodeIgniter\CodeIgniter->run()
#10 {main}
CRITICAL - 2022-04-22 22:34:28 --> Undefined property: CodeIgniter\View\View::$session
#0 /home/garmaser/www/html/medicina_archivo_docente/app/Views/layouts/admin.php(43): CodeIgniter\Debug\Exceptions->errorHandler()
#1 /home/garmaser/www/html/medicina_archivo_docente/vendor/codeigniter4/framework/system/View/View.php(214): include('/home/garmaser/...')
#2 /home/garmaser/www/html/medicina_archivo_docente/vendor/codeigniter4/framework/system/View/View.php(217): CodeIgniter\View\View->CodeIgniter\View\{closure}()
#3 /home/garmaser/www/html/medicina_archivo_docente/vendor/codeigniter4/framework/system/View/View.php(230): CodeIgniter\View\View->render()
#4 /home/garmaser/www/html/medicina_archivo_docente/vendor/codeigniter4/framework/system/Common.php(1092): CodeIgniter\View\View->render()
#5 /home/garmaser/www/html/medicina_archivo_docente/app/Controllers/ArchivoDocente/Inicio.php(53): view()
#6 /home/garmaser/www/html/medicina_archivo_docente/vendor/codeigniter4/framework/system/CodeIgniter.php(802): App\Controllers\ArchivoDocente\Inicio->docente()
#7 /home/garmaser/www/html/medicina_archivo_docente/vendor/codeigniter4/framework/system/CodeIgniter.php(399): CodeIgniter\CodeIgniter->runController()
#8 /home/garmaser/www/html/medicina_archivo_docente/vendor/codeigniter4/framework/system/CodeIgniter.php(317): CodeIgniter\CodeIgniter->handleRequest()
#9 /home/garmaser/www/html/medicina_archivo_docente/public/index.php(37): CodeIgniter\CodeIgniter->run()
#10 {main}
CRITICAL - 2022-04-22 22:34:28 --> Undefined property: CodeIgniter\View\View::$session
#0 /home/garmaser/www/html/medicina_archivo_docente/app/Views/layouts/admin.php(43): CodeIgniter\Debug\Exceptions->errorHandler()
#1 /home/garmaser/www/html/medicina_archivo_docente/vendor/codeigniter4/framework/system/View/View.php(214): include('/home/garmaser/...')
#2 /home/garmaser/www/html/medicina_archivo_docente/vendor/codeigniter4/framework/system/View/View.php(217): CodeIgniter\View\View->CodeIgniter\View\{closure}()
#3 /home/garmaser/www/html/medicina_archivo_docente/vendor/codeigniter4/framework/system/View/View.php(230): CodeIgniter\View\View->render()
#4 /home/garmaser/www/html/medicina_archivo_docente/vendor/codeigniter4/framework/system/Common.php(1092): CodeIgniter\View\View->render()
#5 /home/garmaser/www/html/medicina_archivo_docente/app/Controllers/ArchivoDocente/Inicio.php(53): view()
#6 /home/garmaser/www/html/medicina_archivo_docente/vendor/codeigniter4/framework/system/CodeIgniter.php(802): App\Controllers\ArchivoDocente\Inicio->docente()
#7 /home/garmaser/www/html/medicina_archivo_docente/vendor/codeigniter4/framework/system/CodeIgniter.php(399): CodeIgniter\CodeIgniter->runController()
#8 /home/garmaser/www/html/medicina_archivo_docente/vendor/codeigniter4/framework/system/CodeIgniter.php(317): CodeIgniter\CodeIgniter->handleRequest()
#9 /home/garmaser/www/html/medicina_archivo_docente/public/index.php(37): CodeIgniter\CodeIgniter->run()
#10 {main}
CRITICAL - 2022-04-22 22:35:02 --> Undefined property: CodeIgniter\View\View::$session
#0 /home/garmaser/www/html/medicina_archivo_docente/app/Views/layouts/admin.php(43): CodeIgniter\Debug\Exceptions->errorHandler()
#1 /home/garmaser/www/html/medicina_archivo_docente/vendor/codeigniter4/framework/system/View/View.php(214): include('/home/garmaser/...')
#2 /home/garmaser/www/html/medicina_archivo_docente/vendor/codeigniter4/framework/system/View/View.php(217): CodeIgniter\View\View->CodeIgniter\View\{closure}()
#3 /home/garmaser/www/html/medicina_archivo_docente/vendor/codeigniter4/framework/system/View/View.php(230): CodeIgniter\View\View->render()
#4 /home/garmaser/www/html/medicina_archivo_docente/vendor/codeigniter4/framework/system/Common.php(1092): CodeIgniter\View\View->render()
#5 /home/garmaser/www/html/medicina_archivo_docente/app/Controllers/BaseController_ArchivoDocente.php(76): view()
#6 /home/garmaser/www/html/medicina_archivo_docente/app/Controllers/ArchivoDocente/Inicio.php(46): App\Controllers\BaseController_ArchivoDocente->_output_grocerycrud()
#7 /home/garmaser/www/html/medicina_archivo_docente/vendor/codeigniter4/framework/system/CodeIgniter.php(802): App\Controllers\ArchivoDocente\Inicio->index()
#8 /home/garmaser/www/html/medicina_archivo_docente/vendor/codeigniter4/framework/system/CodeIgniter.php(399): CodeIgniter\CodeIgniter->runController()
#9 /home/garmaser/www/html/medicina_archivo_docente/vendor/codeigniter4/framework/system/CodeIgniter.php(317): CodeIgniter\CodeIgniter->handleRequest()
#10 /home/garmaser/www/html/medicina_archivo_docente/public/index.php(37): CodeIgniter\CodeIgniter->run()
#11 {main}
CRITICAL - 2022-04-22 22:35:05 --> Undefined property: CodeIgniter\View\View::$session
#0 /home/garmaser/www/html/medicina_archivo_docente/app/Views/layouts/admin.php(43): CodeIgniter\Debug\Exceptions->errorHandler()
#1 /home/garmaser/www/html/medicina_archivo_docente/vendor/codeigniter4/framework/system/View/View.php(214): include('/home/garmaser/...')
#2 /home/garmaser/www/html/medicina_archivo_docente/vendor/codeigniter4/framework/system/View/View.php(217): CodeIgniter\View\View->CodeIgniter\View\{closure}()
#3 /home/garmaser/www/html/medicina_archivo_docente/vendor/codeigniter4/framework/system/View/View.php(230): CodeIgniter\View\View->render()
#4 /home/garmaser/www/html/medicina_archivo_docente/vendor/codeigniter4/framework/system/Common.php(1092): CodeIgniter\View\View->render()
#5 /home/garmaser/www/html/medicina_archivo_docente/app/Controllers/BaseController_ArchivoDocente.php(76): view()
#6 /home/garmaser/www/html/medicina_archivo_docente/app/Controllers/ArchivoDocente/Inicio.php(46): App\Controllers\BaseController_ArchivoDocente->_output_grocerycrud()
#7 /home/garmaser/www/html/medicina_archivo_docente/vendor/codeigniter4/framework/system/CodeIgniter.php(802): App\Controllers\ArchivoDocente\Inicio->index()
#8 /home/garmaser/www/html/medicina_archivo_docente/vendor/codeigniter4/framework/system/CodeIgniter.php(399): CodeIgniter\CodeIgniter->runController()
#9 /home/garmaser/www/html/medicina_archivo_docente/vendor/codeigniter4/framework/system/CodeIgniter.php(317): CodeIgniter\CodeIgniter->handleRequest()
#10 /home/garmaser/www/html/medicina_archivo_docente/public/index.php(37): CodeIgniter\CodeIgniter->run()
#11 {main}
CRITICAL - 2022-04-22 22:35:15 --> Undefined property: CodeIgniter\View\View::$session
#0 /home/garmaser/www/html/medicina_archivo_docente/app/Views/layouts/admin.php(43): CodeIgniter\Debug\Exceptions->errorHandler()
#1 /home/garmaser/www/html/medicina_archivo_docente/vendor/codeigniter4/framework/system/View/View.php(214): include('/home/garmaser/...')
#2 /home/garmaser/www/html/medicina_archivo_docente/vendor/codeigniter4/framework/system/View/View.php(217): CodeIgniter\View\View->CodeIgniter\View\{closure}()
#3 /home/garmaser/www/html/medicina_archivo_docente/vendor/codeigniter4/framework/system/View/View.php(230): CodeIgniter\View\View->render()
#4 /home/garmaser/www/html/medicina_archivo_docente/vendor/codeigniter4/framework/system/Common.php(1092): CodeIgniter\View\View->render()
#5 /home/garmaser/www/html/medicina_archivo_docente/app/Controllers/BaseController_ArchivoDocente.php(73): view()
#6 /home/garmaser/www/html/medicina_archivo_docente/app/Controllers/ArchivoDocente/Inicio.php(46): App\Controllers\BaseController_ArchivoDocente->_output_grocerycrud()
#7 /home/garmaser/www/html/medicina_archivo_docente/vendor/codeigniter4/framework/system/CodeIgniter.php(802): App\Controllers\ArchivoDocente\Inicio->index()
#8 /home/garmaser/www/html/medicina_archivo_docente/vendor/codeigniter4/framework/system/CodeIgniter.php(399): CodeIgniter\CodeIgniter->runController()
#9 /home/garmaser/www/html/medicina_archivo_docente/vendor/codeigniter4/framework/system/CodeIgniter.php(317): CodeIgniter\CodeIgniter->handleRequest()
#10 /home/garmaser/www/html/medicina_archivo_docente/public/index.php(37): CodeIgniter\CodeIgniter->run()
#11 {main}
CRITICAL - 2022-04-22 22:36:12 --> Undefined property: CodeIgniter\View\View::$session
#0 /home/garmaser/www/html/medicina_archivo_docente/app/Views/layouts/admin.php(43): CodeIgniter\Debug\Exceptions->errorHandler()
#1 /home/garmaser/www/html/medicina_archivo_docente/vendor/codeigniter4/framework/system/View/View.php(214): include('/home/garmaser/...')
#2 /home/garmaser/www/html/medicina_archivo_docente/vendor/codeigniter4/framework/system/View/View.php(217): CodeIgniter\View\View->CodeIgniter\View\{closure}()
#3 /home/garmaser/www/html/medicina_archivo_docente/vendor/codeigniter4/framework/system/View/View.php(230): CodeIgniter\View\View->render()
#4 /home/garmaser/www/html/medicina_archivo_docente/vendor/codeigniter4/framework/system/Common.php(1092): CodeIgniter\View\View->render()
#5 /home/garmaser/www/html/medicina_archivo_docente/app/Controllers/BaseController_ArchivoDocente.php(73): view()
#6 /home/garmaser/www/html/medicina_archivo_docente/app/Controllers/ArchivoDocente/Inicio.php(46): App\Controllers\BaseController_ArchivoDocente->_output_grocerycrud()
#7 /home/garmaser/www/html/medicina_archivo_docente/vendor/codeigniter4/framework/system/CodeIgniter.php(802): App\Controllers\ArchivoDocente\Inicio->index()
#8 /home/garmaser/www/html/medicina_archivo_docente/vendor/codeigniter4/framework/system/CodeIgniter.php(399): CodeIgniter\CodeIgniter->runController()
#9 /home/garmaser/www/html/medicina_archivo_docente/vendor/codeigniter4/framework/system/CodeIgniter.php(317): CodeIgniter\CodeIgniter->handleRequest()
#10 /home/garmaser/www/html/medicina_archivo_docente/public/index.php(37): CodeIgniter\CodeIgniter->run()
#11 {main}
CRITICAL - 2022-04-22 22:37:18 --> Undefined property: App\Controllers\Administrador::$session
#0 /home/garmaser/www/html/medicina_archivo_docente/app/Controllers/Administrador.php(29): CodeIgniter\Debug\Exceptions->errorHandler()
#1 /home/garmaser/www/html/medicina_archivo_docente/vendor/codeigniter4/framework/system/CodeIgniter.php(802): App\Controllers\Administrador->principal()
#2 /home/garmaser/www/html/medicina_archivo_docente/vendor/codeigniter4/framework/system/CodeIgniter.php(399): CodeIgniter\CodeIgniter->runController()
#3 /home/garmaser/www/html/medicina_archivo_docente/vendor/codeigniter4/framework/system/CodeIgniter.php(317): CodeIgniter\CodeIgniter->handleRequest()
#4 /home/garmaser/www/html/medicina_archivo_docente/public/index.php(37): CodeIgniter\CodeIgniter->run()
#5 {main}
CRITICAL - 2022-04-22 22:49:49 --> Cannot access protected property CodeIgniter\HTTP\IncomingRequest::$path
#0 /home/garmaser/www/html/medicina_archivo_docente/vendor/codeigniter4/framework/system/Filters/Filters.php(169): App\Filters\Auth->before()
#1 /home/garmaser/www/html/medicina_archivo_docente/vendor/codeigniter4/framework/system/CodeIgniter.php(374): CodeIgniter\Filters\Filters->run()
#2 /home/garmaser/www/html/medicina_archivo_docente/vendor/codeigniter4/framework/system/CodeIgniter.php(317): CodeIgniter\CodeIgniter->handleRequest()
#3 /home/garmaser/www/html/medicina_archivo_docente/public/index.php(37): CodeIgniter\CodeIgniter->run()
#4 {main}
CRITICAL - 2022-04-22 22:49:57 --> Call to undefined method CodeIgniter\HTTP\IncomingRequest::path()
#0 /home/garmaser/www/html/medicina_archivo_docente/vendor/codeigniter4/framework/system/Filters/Filters.php(169): App\Filters\Auth->before()
#1 /home/garmaser/www/html/medicina_archivo_docente/vendor/codeigniter4/framework/system/CodeIgniter.php(374): CodeIgniter\Filters\Filters->run()
#2 /home/garmaser/www/html/medicina_archivo_docente/vendor/codeigniter4/framework/system/CodeIgniter.php(317): CodeIgniter\CodeIgniter->handleRequest()
#3 /home/garmaser/www/html/medicina_archivo_docente/public/index.php(37): CodeIgniter\CodeIgniter->run()
#4 {main}
CRITICAL - 2022-04-22 22:50:08 --> Call to undefined method CodeIgniter\HTTP\IncomingRequest::path()
#0 /home/garmaser/www/html/medicina_archivo_docente/vendor/codeigniter4/framework/system/Filters/Filters.php(169): App\Filters\Auth->before()
#1 /home/garmaser/www/html/medicina_archivo_docente/vendor/codeigniter4/framework/system/CodeIgniter.php(374): CodeIgniter\Filters\Filters->run()
#2 /home/garmaser/www/html/medicina_archivo_docente/vendor/codeigniter4/framework/system/CodeIgniter.php(317): CodeIgniter\CodeIgniter->handleRequest()
#3 /home/garmaser/www/html/medicina_archivo_docente/public/index.php(37): CodeIgniter\CodeIgniter->run()
#4 {main}
CRITICAL - 2022-04-22 22:50:19 --> Cannot access protected property CodeIgniter\HTTP\IncomingRequest::$path
#0 /home/garmaser/www/html/medicina_archivo_docente/vendor/codeigniter4/framework/system/Filters/Filters.php(169): App\Filters\Auth->before()
#1 /home/garmaser/www/html/medicina_archivo_docente/vendor/codeigniter4/framework/system/CodeIgniter.php(374): CodeIgniter\Filters\Filters->run()
#2 /home/garmaser/www/html/medicina_archivo_docente/vendor/codeigniter4/framework/system/CodeIgniter.php(317): CodeIgniter\CodeIgniter->handleRequest()
#3 /home/garmaser/www/html/medicina_archivo_docente/public/index.php(37): CodeIgniter\CodeIgniter->run()
#4 {main}
CRITICAL - 2022-04-22 22:50:29 --> syntax error, unexpected '1' (T_LNUMBER), expecting identifier (T_STRING) or variable (T_VARIABLE) or '{' or '$'
#0 /home/garmaser/www/html/medicina_archivo_docente/vendor/codeigniter4/framework/system/Autoloader/Autoloader.php(241): CodeIgniter\Autoloader\Autoloader->includeFile()
#1 /home/garmaser/www/html/medicina_archivo_docente/vendor/codeigniter4/framework/system/Autoloader/Autoloader.php(219): CodeIgniter\Autoloader\Autoloader->loadInNamespace()
#2 [internal function]: CodeIgniter\Autoloader\Autoloader->loadClass()
#3 /home/garmaser/www/html/medicina_archivo_docente/vendor/codeigniter4/framework/system/Filters/Filters.php(162): spl_autoload_call()
#4 /home/garmaser/www/html/medicina_archivo_docente/vendor/codeigniter4/framework/system/CodeIgniter.php(374): CodeIgniter\Filters\Filters->run()
#5 /home/garmaser/www/html/medicina_archivo_docente/vendor/codeigniter4/framework/system/CodeIgniter.php(317): CodeIgniter\CodeIgniter->handleRequest()
#6 /home/garmaser/www/html/medicina_archivo_docente/public/index.php(37): CodeIgniter\CodeIgniter->run()
#7 {main}
CRITICAL - 2022-04-22 22:51:34 --> Cannot access protected property CodeIgniter\HTTP\URI::$path
#0 /home/garmaser/www/html/medicina_archivo_docente/vendor/codeigniter4/framework/system/Filters/Filters.php(169): App\Filters\Auth->before()
#1 /home/garmaser/www/html/medicina_archivo_docente/vendor/codeigniter4/framework/system/CodeIgniter.php(374): CodeIgniter\Filters\Filters->run()
#2 /home/garmaser/www/html/medicina_archivo_docente/vendor/codeigniter4/framework/system/CodeIgniter.php(317): CodeIgniter\CodeIgniter->handleRequest()
#3 /home/garmaser/www/html/medicina_archivo_docente/public/index.php(37): CodeIgniter\CodeIgniter->run()
#4 {main}
