ERROR - 2021-10-17 00:00:50 --> Cannot add or update a child row: a foreign key constraint fails (`sac_prusuf`.`inscripcion_preuniversitario`, CONSTRAINT `fk_inscripcion_preuniversitario_preuniversitario1` FOREIGN KEY (`id_preuniversitario`) REFERENCES `preuniversitario` (`id_preuniversita)
CRITICAL - 2021-10-17 00:00:50 --> Cannot add or update a child row: a foreign key constraint fails (`sac_prusuf`.`inscripcion_preuniversitario`, CONSTRAINT `fk_inscripcion_preuniversitario_preuniversitario1` FOREIGN KEY (`id_preuniversitario`) REFERENCES `preuniversitario` (`id_preuniversita)
#0 /home/garmaser/www/html/sac-prusuf/vendor/codeigniter4/framework/system/Database/MySQLi/Connection.php(280): mysqli->query()
#1 /home/garmaser/www/html/sac-prusuf/vendor/codeigniter4/framework/system/Database/BaseConnection.php(663): CodeIgniter\Database\MySQLi\Connection->execute()
#2 /home/garmaser/www/html/sac-prusuf/vendor/codeigniter4/framework/system/Database/BaseConnection.php(591): CodeIgniter\Database\BaseConnection->simpleQuery()
#3 /home/garmaser/www/html/sac-prusuf/vendor/codeigniter4/framework/system/Database/BaseBuilder.php(1733): CodeIgniter\Database\BaseConnection->query()
#4 /home/garmaser/www/html/sac-prusuf/vendor/codeigniter4/framework/system/Model.php(239): CodeIgniter\Database\BaseBuilder->insert()
#5 /home/garmaser/www/html/sac-prusuf/vendor/codeigniter4/framework/system/BaseModel.php(738): CodeIgniter\Model->doInsert()
#6 /home/garmaser/www/html/sac-prusuf/vendor/codeigniter4/framework/system/Model.php(620): CodeIgniter\BaseModel->insert()
#7 /home/garmaser/www/html/sac-prusuf/app/Controllers/Inscripcion.php(174): CodeIgniter\Model->insert()
#8 /home/garmaser/www/html/sac-prusuf/vendor/codeigniter4/framework/system/CodeIgniter.php(802): App\Controllers\Inscripcion->new()
#9 /home/garmaser/www/html/sac-prusuf/vendor/codeigniter4/framework/system/CodeIgniter.php(399): CodeIgniter\CodeIgniter->runController()
#10 /home/garmaser/www/html/sac-prusuf/vendor/codeigniter4/framework/system/CodeIgniter.php(317): CodeIgniter\CodeIgniter->handleRequest()
#11 /home/garmaser/www/html/sac-prusuf/public/index.php(37): CodeIgniter\CodeIgniter->run()
#12 {main}
CRITICAL - 2021-10-17 14:09:13 --> syntax error, unexpected ''10'' (T_CONSTANT_ENCAPSED_STRING), expecting ']'
#0 /home/garmaser/www/html/sac-prusuf/app/Controllers/Inscripcion.php(187): helper()
#1 /home/garmaser/www/html/sac-prusuf/app/Controllers/Inscripcion.php(134): App\Controllers\Inscripcion->postulante_new()
#2 /home/garmaser/www/html/sac-prusuf/app/Controllers/Inscripcion.php(94): App\Controllers\Inscripcion->buscar_api()
#3 /home/garmaser/www/html/sac-prusuf/vendor/codeigniter4/framework/system/CodeIgniter.php(802): App\Controllers\Inscripcion->buscar()
#4 /home/garmaser/www/html/sac-prusuf/vendor/codeigniter4/framework/system/CodeIgniter.php(399): CodeIgniter\CodeIgniter->runController()
#5 /home/garmaser/www/html/sac-prusuf/vendor/codeigniter4/framework/system/CodeIgniter.php(317): CodeIgniter\CodeIgniter->handleRequest()
#6 /home/garmaser/www/html/sac-prusuf/public/index.php(37): CodeIgniter\CodeIgniter->run()
#7 {main}
CRITICAL - 2021-10-17 14:09:58 --> Undefined offset: 0
#0 /home/garmaser/www/html/sac-prusuf/app/Controllers/Inscripcion.php(80): CodeIgniter\Debug\Exceptions->errorHandler()
#1 /home/garmaser/www/html/sac-prusuf/vendor/codeigniter4/framework/system/CodeIgniter.php(802): App\Controllers\Inscripcion->buscar()
#2 /home/garmaser/www/html/sac-prusuf/vendor/codeigniter4/framework/system/CodeIgniter.php(399): CodeIgniter\CodeIgniter->runController()
#3 /home/garmaser/www/html/sac-prusuf/vendor/codeigniter4/framework/system/CodeIgniter.php(317): CodeIgniter\CodeIgniter->handleRequest()
#4 /home/garmaser/www/html/sac-prusuf/public/index.php(37): CodeIgniter\CodeIgniter->run()
#5 {main}
CRITICAL - 2021-10-17 14:10:07 --> Trying to get property 'id_postulante' of non-object
#0 /home/garmaser/www/html/sac-prusuf/app/Controllers/Inscripcion.php(136): CodeIgniter\Debug\Exceptions->errorHandler()
#1 /home/garmaser/www/html/sac-prusuf/app/Controllers/Inscripcion.php(94): App\Controllers\Inscripcion->buscar_api()
#2 /home/garmaser/www/html/sac-prusuf/vendor/codeigniter4/framework/system/CodeIgniter.php(802): App\Controllers\Inscripcion->buscar()
#3 /home/garmaser/www/html/sac-prusuf/vendor/codeigniter4/framework/system/CodeIgniter.php(399): CodeIgniter\CodeIgniter->runController()
#4 /home/garmaser/www/html/sac-prusuf/vendor/codeigniter4/framework/system/CodeIgniter.php(317): CodeIgniter\CodeIgniter->handleRequest()
#5 /home/garmaser/www/html/sac-prusuf/public/index.php(37): CodeIgniter\CodeIgniter->run()
#6 {main}
CRITICAL - 2021-10-17 14:10:47 --> Trying to get property 'id_postulante' of non-object
#0 /home/garmaser/www/html/sac-prusuf/app/Controllers/Inscripcion.php(136): CodeIgniter\Debug\Exceptions->errorHandler()
#1 /home/garmaser/www/html/sac-prusuf/app/Controllers/Inscripcion.php(94): App\Controllers\Inscripcion->buscar_api()
#2 /home/garmaser/www/html/sac-prusuf/vendor/codeigniter4/framework/system/CodeIgniter.php(802): App\Controllers\Inscripcion->buscar()
#3 /home/garmaser/www/html/sac-prusuf/vendor/codeigniter4/framework/system/CodeIgniter.php(399): CodeIgniter\CodeIgniter->runController()
#4 /home/garmaser/www/html/sac-prusuf/vendor/codeigniter4/framework/system/CodeIgniter.php(317): CodeIgniter\CodeIgniter->handleRequest()
#5 /home/garmaser/www/html/sac-prusuf/public/index.php(37): CodeIgniter\CodeIgniter->run()
#6 {main}
CRITICAL - 2021-10-17 14:10:49 --> Trying to get property 'id_postulante' of non-object
#0 /home/garmaser/www/html/sac-prusuf/app/Controllers/Inscripcion.php(136): CodeIgniter\Debug\Exceptions->errorHandler()
#1 /home/garmaser/www/html/sac-prusuf/app/Controllers/Inscripcion.php(94): App\Controllers\Inscripcion->buscar_api()
#2 /home/garmaser/www/html/sac-prusuf/vendor/codeigniter4/framework/system/CodeIgniter.php(802): App\Controllers\Inscripcion->buscar()
#3 /home/garmaser/www/html/sac-prusuf/vendor/codeigniter4/framework/system/CodeIgniter.php(399): CodeIgniter\CodeIgniter->runController()
#4 /home/garmaser/www/html/sac-prusuf/vendor/codeigniter4/framework/system/CodeIgniter.php(317): CodeIgniter\CodeIgniter->handleRequest()
#5 /home/garmaser/www/html/sac-prusuf/public/index.php(37): CodeIgniter\CodeIgniter->run()
#6 {main}
CRITICAL - 2021-10-17 14:12:45 --> Trying to get property 'id_postulante' of non-object
#0 /home/garmaser/www/html/sac-prusuf/app/Controllers/Inscripcion.php(136): CodeIgniter\Debug\Exceptions->errorHandler()
#1 /home/garmaser/www/html/sac-prusuf/app/Controllers/Inscripcion.php(94): App\Controllers\Inscripcion->buscar_api()
#2 /home/garmaser/www/html/sac-prusuf/vendor/codeigniter4/framework/system/CodeIgniter.php(802): App\Controllers\Inscripcion->buscar()
#3 /home/garmaser/www/html/sac-prusuf/vendor/codeigniter4/framework/system/CodeIgniter.php(399): CodeIgniter\CodeIgniter->runController()
#4 /home/garmaser/www/html/sac-prusuf/vendor/codeigniter4/framework/system/CodeIgniter.php(317): CodeIgniter\CodeIgniter->handleRequest()
#5 /home/garmaser/www/html/sac-prusuf/public/index.php(37): CodeIgniter\CodeIgniter->run()
#6 {main}
CRITICAL - 2021-10-17 14:23:15 --> Trying to get property 'id_postulante' of non-object
#0 /home/garmaser/www/html/sac-prusuf/app/Controllers/Inscripcion.php(136): CodeIgniter\Debug\Exceptions->errorHandler()
#1 /home/garmaser/www/html/sac-prusuf/app/Controllers/Inscripcion.php(94): App\Controllers\Inscripcion->buscar_api()
#2 /home/garmaser/www/html/sac-prusuf/vendor/codeigniter4/framework/system/CodeIgniter.php(802): App\Controllers\Inscripcion->buscar()
#3 /home/garmaser/www/html/sac-prusuf/vendor/codeigniter4/framework/system/CodeIgniter.php(399): CodeIgniter\CodeIgniter->runController()
#4 /home/garmaser/www/html/sac-prusuf/vendor/codeigniter4/framework/system/CodeIgniter.php(317): CodeIgniter\CodeIgniter->handleRequest()
#5 /home/garmaser/www/html/sac-prusuf/public/index.php(37): CodeIgniter\CodeIgniter->run()
#6 {main}
CRITICAL - 2021-10-17 14:24:17 --> Trying to get property 'id_postulante' of non-object
#0 /home/garmaser/www/html/sac-prusuf/app/Controllers/Inscripcion.php(136): CodeIgniter\Debug\Exceptions->errorHandler()
#1 /home/garmaser/www/html/sac-prusuf/app/Controllers/Inscripcion.php(94): App\Controllers\Inscripcion->buscar_api()
#2 /home/garmaser/www/html/sac-prusuf/vendor/codeigniter4/framework/system/CodeIgniter.php(802): App\Controllers\Inscripcion->buscar()
#3 /home/garmaser/www/html/sac-prusuf/vendor/codeigniter4/framework/system/CodeIgniter.php(399): CodeIgniter\CodeIgniter->runController()
#4 /home/garmaser/www/html/sac-prusuf/vendor/codeigniter4/framework/system/CodeIgniter.php(317): CodeIgniter\CodeIgniter->handleRequest()
#5 /home/garmaser/www/html/sac-prusuf/public/index.php(37): CodeIgniter\CodeIgniter->run()
#6 {main}
CRITICAL - 2021-10-17 14:27:01 --> Trying to get property 'id_postulante' of non-object
#0 /home/garmaser/www/html/sac-prusuf/app/Controllers/Inscripcion.php(136): CodeIgniter\Debug\Exceptions->errorHandler()
#1 /home/garmaser/www/html/sac-prusuf/app/Controllers/Inscripcion.php(94): App\Controllers\Inscripcion->buscar_api()
#2 /home/garmaser/www/html/sac-prusuf/vendor/codeigniter4/framework/system/CodeIgniter.php(802): App\Controllers\Inscripcion->buscar()
#3 /home/garmaser/www/html/sac-prusuf/vendor/codeigniter4/framework/system/CodeIgniter.php(399): CodeIgniter\CodeIgniter->runController()
#4 /home/garmaser/www/html/sac-prusuf/vendor/codeigniter4/framework/system/CodeIgniter.php(317): CodeIgniter\CodeIgniter->handleRequest()
#5 /home/garmaser/www/html/sac-prusuf/public/index.php(37): CodeIgniter\CodeIgniter->run()
#6 {main}
CRITICAL - 2021-10-17 14:27:03 --> Trying to get property 'id_postulante' of non-object
#0 /home/garmaser/www/html/sac-prusuf/app/Controllers/Inscripcion.php(136): CodeIgniter\Debug\Exceptions->errorHandler()
#1 /home/garmaser/www/html/sac-prusuf/app/Controllers/Inscripcion.php(94): App\Controllers\Inscripcion->buscar_api()
#2 /home/garmaser/www/html/sac-prusuf/vendor/codeigniter4/framework/system/CodeIgniter.php(802): App\Controllers\Inscripcion->buscar()
#3 /home/garmaser/www/html/sac-prusuf/vendor/codeigniter4/framework/system/CodeIgniter.php(399): CodeIgniter\CodeIgniter->runController()
#4 /home/garmaser/www/html/sac-prusuf/vendor/codeigniter4/framework/system/CodeIgniter.php(317): CodeIgniter\CodeIgniter->handleRequest()
#5 /home/garmaser/www/html/sac-prusuf/public/index.php(37): CodeIgniter\CodeIgniter->run()
#6 {main}
CRITICAL - 2021-10-17 14:32:02 --> Trying to get property 'id_postulante' of non-object
#0 /home/garmaser/www/html/sac-prusuf/app/Controllers/Inscripcion.php(136): CodeIgniter\Debug\Exceptions->errorHandler()
#1 /home/garmaser/www/html/sac-prusuf/app/Controllers/Inscripcion.php(94): App\Controllers\Inscripcion->buscar_api()
#2 /home/garmaser/www/html/sac-prusuf/vendor/codeigniter4/framework/system/CodeIgniter.php(802): App\Controllers\Inscripcion->buscar()
#3 /home/garmaser/www/html/sac-prusuf/vendor/codeigniter4/framework/system/CodeIgniter.php(399): CodeIgniter\CodeIgniter->runController()
#4 /home/garmaser/www/html/sac-prusuf/vendor/codeigniter4/framework/system/CodeIgniter.php(317): CodeIgniter\CodeIgniter->handleRequest()
#5 /home/garmaser/www/html/sac-prusuf/public/index.php(37): CodeIgniter\CodeIgniter->run()
#6 {main}
CRITICAL - 2021-10-17 14:32:42 --> Trying to get property 'id_postulante' of non-object
#0 /home/garmaser/www/html/sac-prusuf/app/Controllers/Inscripcion.php(136): CodeIgniter\Debug\Exceptions->errorHandler()
#1 /home/garmaser/www/html/sac-prusuf/app/Controllers/Inscripcion.php(94): App\Controllers\Inscripcion->buscar_api()
#2 /home/garmaser/www/html/sac-prusuf/vendor/codeigniter4/framework/system/CodeIgniter.php(802): App\Controllers\Inscripcion->buscar()
#3 /home/garmaser/www/html/sac-prusuf/vendor/codeigniter4/framework/system/CodeIgniter.php(399): CodeIgniter\CodeIgniter->runController()
#4 /home/garmaser/www/html/sac-prusuf/vendor/codeigniter4/framework/system/CodeIgniter.php(317): CodeIgniter\CodeIgniter->handleRequest()
#5 /home/garmaser/www/html/sac-prusuf/public/index.php(37): CodeIgniter\CodeIgniter->run()
#6 {main}
CRITICAL - 2021-10-17 14:44:15 --> Trying to get property 'id_postulante' of non-object
#0 /home/garmaser/www/html/sac-prusuf/app/Controllers/Inscripcion.php(122): CodeIgniter\Debug\Exceptions->errorHandler()
#1 /home/garmaser/www/html/sac-prusuf/app/Controllers/Inscripcion.php(87): App\Controllers\Inscripcion->buscar_api()
#2 /home/garmaser/www/html/sac-prusuf/vendor/codeigniter4/framework/system/CodeIgniter.php(802): App\Controllers\Inscripcion->buscar()
#3 /home/garmaser/www/html/sac-prusuf/vendor/codeigniter4/framework/system/CodeIgniter.php(399): CodeIgniter\CodeIgniter->runController()
#4 /home/garmaser/www/html/sac-prusuf/vendor/codeigniter4/framework/system/CodeIgniter.php(317): CodeIgniter\CodeIgniter->handleRequest()
#5 /home/garmaser/www/html/sac-prusuf/public/index.php(37): CodeIgniter\CodeIgniter->run()
#6 {main}
CRITICAL - 2021-10-17 15:15:24 --> Trying to get property 'id_postulante' of non-object
#0 /home/garmaser/www/html/sac-prusuf/app/Controllers/Inscripcion.php(122): CodeIgniter\Debug\Exceptions->errorHandler()
#1 /home/garmaser/www/html/sac-prusuf/app/Controllers/Inscripcion.php(87): App\Controllers\Inscripcion->buscar_api()
#2 /home/garmaser/www/html/sac-prusuf/vendor/codeigniter4/framework/system/CodeIgniter.php(802): App\Controllers\Inscripcion->buscar()
#3 /home/garmaser/www/html/sac-prusuf/vendor/codeigniter4/framework/system/CodeIgniter.php(399): CodeIgniter\CodeIgniter->runController()
#4 /home/garmaser/www/html/sac-prusuf/vendor/codeigniter4/framework/system/CodeIgniter.php(317): CodeIgniter\CodeIgniter->handleRequest()
#5 /home/garmaser/www/html/sac-prusuf/public/index.php(37): CodeIgniter\CodeIgniter->run()
#6 {main}
CRITICAL - 2021-10-17 15:18:42 --> Trying to get property 'id_postulante' of non-object
#0 /home/garmaser/www/html/sac-prusuf/app/Controllers/Inscripcion.php(122): CodeIgniter\Debug\Exceptions->errorHandler()
#1 /home/garmaser/www/html/sac-prusuf/app/Controllers/Inscripcion.php(87): App\Controllers\Inscripcion->buscar_api()
#2 /home/garmaser/www/html/sac-prusuf/vendor/codeigniter4/framework/system/CodeIgniter.php(802): App\Controllers\Inscripcion->buscar()
#3 /home/garmaser/www/html/sac-prusuf/vendor/codeigniter4/framework/system/CodeIgniter.php(399): CodeIgniter\CodeIgniter->runController()
#4 /home/garmaser/www/html/sac-prusuf/vendor/codeigniter4/framework/system/CodeIgniter.php(317): CodeIgniter\CodeIgniter->handleRequest()
#5 /home/garmaser/www/html/sac-prusuf/public/index.php(37): CodeIgniter\CodeIgniter->run()
#6 {main}
CRITICAL - 2021-10-17 15:27:22 --> Trying to get property 'id_postulante' of non-object
#0 /home/garmaser/www/html/sac-prusuf/app/Controllers/Inscripcion.php(123): CodeIgniter\Debug\Exceptions->errorHandler()
#1 /home/garmaser/www/html/sac-prusuf/app/Controllers/Inscripcion.php(88): App\Controllers\Inscripcion->buscar_api()
#2 /home/garmaser/www/html/sac-prusuf/vendor/codeigniter4/framework/system/CodeIgniter.php(802): App\Controllers\Inscripcion->buscar()
#3 /home/garmaser/www/html/sac-prusuf/vendor/codeigniter4/framework/system/CodeIgniter.php(399): CodeIgniter\CodeIgniter->runController()
#4 /home/garmaser/www/html/sac-prusuf/vendor/codeigniter4/framework/system/CodeIgniter.php(317): CodeIgniter\CodeIgniter->handleRequest()
#5 /home/garmaser/www/html/sac-prusuf/public/index.php(37): CodeIgniter\CodeIgniter->run()
#6 {main}
CRITICAL - 2021-10-17 15:39:37 --> Undefined index: idPostulante
#0 /home/garmaser/www/html/sac-prusuf/app/Controllers/Inscripcion.php(89): CodeIgniter\Debug\Exceptions->errorHandler()
#1 /home/garmaser/www/html/sac-prusuf/vendor/codeigniter4/framework/system/CodeIgniter.php(802): App\Controllers\Inscripcion->buscar()
#2 /home/garmaser/www/html/sac-prusuf/vendor/codeigniter4/framework/system/CodeIgniter.php(399): CodeIgniter\CodeIgniter->runController()
#3 /home/garmaser/www/html/sac-prusuf/vendor/codeigniter4/framework/system/CodeIgniter.php(317): CodeIgniter\CodeIgniter->handleRequest()
#4 /home/garmaser/www/html/sac-prusuf/public/index.php(37): CodeIgniter\CodeIgniter->run()
#5 {main}
CRITICAL - 2021-10-17 18:51:27 --> Undefined offset: 0
#0 /home/garmaser/www/html/sac-prusuf/app/Controllers/Inscripcion.php(80): CodeIgniter\Debug\Exceptions->errorHandler()
#1 /home/garmaser/www/html/sac-prusuf/vendor/codeigniter4/framework/system/CodeIgniter.php(802): App\Controllers\Inscripcion->buscar()
#2 /home/garmaser/www/html/sac-prusuf/vendor/codeigniter4/framework/system/CodeIgniter.php(399): CodeIgniter\CodeIgniter->runController()
#3 /home/garmaser/www/html/sac-prusuf/vendor/codeigniter4/framework/system/CodeIgniter.php(317): CodeIgniter\CodeIgniter->handleRequest()
#4 /home/garmaser/www/html/sac-prusuf/public/index.php(37): CodeIgniter\CodeIgniter->run()
#5 {main}
CRITICAL - 2021-10-17 21:36:08 --> Call to undefined method App\Controllers\Inscripcion::data()
#0 /home/garmaser/www/html/sac-prusuf/vendor/codeigniter4/framework/system/CodeIgniter.php(802): App\Controllers\Inscripcion->buscar()
#1 /home/garmaser/www/html/sac-prusuf/vendor/codeigniter4/framework/system/CodeIgniter.php(399): CodeIgniter\CodeIgniter->runController()
#2 /home/garmaser/www/html/sac-prusuf/vendor/codeigniter4/framework/system/CodeIgniter.php(317): CodeIgniter\CodeIgniter->handleRequest()
#3 /home/garmaser/www/html/sac-prusuf/public/index.php(37): CodeIgniter\CodeIgniter->run()
#4 {main}
CRITICAL - 2021-10-17 22:56:07 --> syntax error, unexpected ';', expecting ']'
#0 /home/garmaser/www/html/sac-prusuf/vendor/codeigniter4/framework/system/Router/Router.php(160): CodeIgniter\Router\Router->autoRoute()
#1 /home/garmaser/www/html/sac-prusuf/vendor/codeigniter4/framework/system/CodeIgniter.php(702): CodeIgniter\Router\Router->handle()
#2 /home/garmaser/www/html/sac-prusuf/vendor/codeigniter4/framework/system/CodeIgniter.php(358): CodeIgniter\CodeIgniter->tryToRouteIt()
#3 /home/garmaser/www/html/sac-prusuf/vendor/codeigniter4/framework/system/CodeIgniter.php(317): CodeIgniter\CodeIgniter->handleRequest()
#4 /home/garmaser/www/html/sac-prusuf/public/index.php(37): CodeIgniter\CodeIgniter->run()
#5 {main}
CRITICAL - 2021-10-17 22:56:13 --> syntax error, unexpected ';', expecting ']'
#0 /home/garmaser/www/html/sac-prusuf/vendor/codeigniter4/framework/system/Router/Router.php(160): CodeIgniter\Router\Router->autoRoute()
#1 /home/garmaser/www/html/sac-prusuf/vendor/codeigniter4/framework/system/CodeIgniter.php(702): CodeIgniter\Router\Router->handle()
#2 /home/garmaser/www/html/sac-prusuf/vendor/codeigniter4/framework/system/CodeIgniter.php(358): CodeIgniter\CodeIgniter->tryToRouteIt()
#3 /home/garmaser/www/html/sac-prusuf/vendor/codeigniter4/framework/system/CodeIgniter.php(317): CodeIgniter\CodeIgniter->handleRequest()
#4 /home/garmaser/www/html/sac-prusuf/public/index.php(37): CodeIgniter\CodeIgniter->run()
#5 {main}
CRITICAL - 2021-10-17 22:56:30 --> syntax error, unexpected ';', expecting ']'
#0 /home/garmaser/www/html/sac-prusuf/vendor/codeigniter4/framework/system/Router/Router.php(160): CodeIgniter\Router\Router->autoRoute()
#1 /home/garmaser/www/html/sac-prusuf/vendor/codeigniter4/framework/system/CodeIgniter.php(702): CodeIgniter\Router\Router->handle()
#2 /home/garmaser/www/html/sac-prusuf/vendor/codeigniter4/framework/system/CodeIgniter.php(358): CodeIgniter\CodeIgniter->tryToRouteIt()
#3 /home/garmaser/www/html/sac-prusuf/vendor/codeigniter4/framework/system/CodeIgniter.php(317): CodeIgniter\CodeIgniter->handleRequest()
#4 /home/garmaser/www/html/sac-prusuf/public/index.php(37): CodeIgniter\CodeIgniter->run()
#5 {main}
CRITICAL - 2021-10-17 22:56:33 --> syntax error, unexpected ';', expecting ']'
#0 /home/garmaser/www/html/sac-prusuf/vendor/codeigniter4/framework/system/Router/Router.php(160): CodeIgniter\Router\Router->autoRoute()
#1 /home/garmaser/www/html/sac-prusuf/vendor/codeigniter4/framework/system/CodeIgniter.php(702): CodeIgniter\Router\Router->handle()
#2 /home/garmaser/www/html/sac-prusuf/vendor/codeigniter4/framework/system/CodeIgniter.php(358): CodeIgniter\CodeIgniter->tryToRouteIt()
#3 /home/garmaser/www/html/sac-prusuf/vendor/codeigniter4/framework/system/CodeIgniter.php(317): CodeIgniter\CodeIgniter->handleRequest()
#4 /home/garmaser/www/html/sac-prusuf/public/index.php(37): CodeIgniter\CodeIgniter->run()
#5 {main}
CRITICAL - 2021-10-17 22:57:26 --> Class 'App\Controllers\Historial' not found
#0 /home/garmaser/www/html/sac-prusuf/vendor/codeigniter4/framework/system/CodeIgniter.php(802): App\Controllers\Inscripcion->formulario_inscripcion()
#1 /home/garmaser/www/html/sac-prusuf/vendor/codeigniter4/framework/system/CodeIgniter.php(399): CodeIgniter\CodeIgniter->runController()
#2 /home/garmaser/www/html/sac-prusuf/vendor/codeigniter4/framework/system/CodeIgniter.php(317): CodeIgniter\CodeIgniter->handleRequest()
#3 /home/garmaser/www/html/sac-prusuf/public/index.php(37): CodeIgniter\CodeIgniter->run()
#4 {main}
